2020-03-03 23:50:07,593 [  15262]   INFO - llij.ide.plugins.PluginManager - hg4idea loaded 45 classes 
2020-03-03 23:50:07,593 [  15262]   INFO - llij.ide.plugins.PluginManager - Coverage loaded 40 classes 
2020-03-03 23:50:07,593 [  15262]   INFO - llij.ide.plugins.PluginManager - org.jetbrains.settingsRepository loaded 37 classes 
2020-03-03 23:50:07,593 [  15262]   INFO - llij.ide.plugins.PluginManager - org.jetbrains.plugins.yaml loaded 32 classes 
2020-03-03 23:50:07,593 [  15262]   INFO - llij.ide.plugins.PluginManager - AntSupport loaded 30 classes 
2020-03-03 23:50:07,593 [  15262]   INFO - llij.ide.plugins.PluginManager - org.jetbrains.plugins.github loaded 28 classes 
2020-03-03 23:50:07,593 [  15262]   INFO - llij.ide.plugins.PluginManager - org.jetbrains.plugins.javaFX loaded 25 classes 
2020-03-03 23:50:07,593 [  15262]   INFO - llij.ide.plugins.PluginManager - org.jetbrains.plugins.terminal loaded 17 classes 
2020-03-03 23:50:07,593 [  15262]   INFO - llij.ide.plugins.PluginManager - org.jetbrains.idea.eclipse loaded 11 classes 
2020-03-03 23:50:07,593 [  15262]   INFO - llij.ide.plugins.PluginManager - org.jetbrains.java.decompiler loaded 7 classes 
2020-03-03 23:50:07,593 [  15262]   INFO - llij.ide.plugins.PluginManager - JUnit loaded 7 classes 
2020-03-03 23:50:07,593 [  15262]   INFO - llij.ide.plugins.PluginManager - com.intellij.java-i18n loaded 7 classes 
2020-03-03 23:50:07,593 [  15262]   INFO - llij.ide.plugins.PluginManager - com.intellij.copyright loaded 6 classes 
2020-03-03 23:50:07,593 [  15262]   INFO - llij.ide.plugins.PluginManager - TestNG-J loaded 6 classes 
2020-03-03 23:50:07,593 [  15262]   INFO - llij.ide.plugins.PluginManager - org.intellij.intelliLang loaded 6 classes 
2020-03-03 23:50:07,593 [  15262]   INFO - llij.ide.plugins.PluginManager - com.android.tools.idea.smali loaded 5 classes 
2020-03-03 23:50:07,593 [  15262]   INFO - llij.ide.plugins.PluginManager - XSLT-Debugger loaded 4 classes 
2020-03-03 23:50:07,594 [  15263]   INFO - llij.ide.plugins.PluginManager - ByteCodeViewer loaded 2 classes 
2020-03-03 23:50:07,821 [  15490]   INFO - .diagnostic.PerformanceWatcher - Indexable file iteration took 4012ms; general responsiveness: ok; EDT responsiveness: 2/4 sluggish 
2020-03-03 23:50:07,837 [  15506]   INFO - penapi.project.DumbServiceImpl - Running dumb mode task: initial refresh 
2020-03-03 23:50:07,866 [  15535]   INFO - penapi.project.DumbServiceImpl - updateFinished 
2020-03-03 23:50:07,872 [  15541]   INFO - g.FileBasedIndexProjectHandler - Has changed files: false; project=Project '/Users/xinyuan/Documents/ANU/ANU Honours Project/Code' AST 
2020-03-03 23:50:08,026 [  15695]   INFO - j.ide.ui.OptionsTopHitProvider - 142 ms spent to cache options in project 
2020-03-03 23:50:08,026 [  15695]   INFO - tartup.impl.StartupManagerImpl - Some post-startup activities freeze UI for noticeable time. Please consider making them DumbAware to do them in background under modal progress, or just making them faster to speed up project opening. 
2020-03-03 23:50:08,026 [  15695]   INFO - tartup.impl.StartupManagerImpl - Activity run in 142ms on UI thread 
2020-03-03 23:50:08,042 [  15711]   WARN - com.intellij.util.xmlb.Binding - no accessors for class org.jetbrains.kotlin.idea.highlighter.KotlinDefaultHighlightingSettingsProvider 
2020-03-03 23:50:08,434 [  16103]   INFO - tartup.impl.StartupManagerImpl - DynamicMembersStartupActivity run in 336ms on UI thread 
2020-03-03 23:50:08,680 [  16349]   INFO - j.ide.ui.OptionsTopHitProvider - 151 ms spent on EDT to cache options in project 
2020-03-03 23:50:08,892 [  16561]   INFO - penapi.project.DumbServiceImpl - Running dumb mode task: com.android.tools.idea.res.ResourceFolderRepositoryFileCacheImpl$PruneTask@726f9a67 
2020-03-03 23:50:08,955 [  16624]   INFO - penapi.project.DumbServiceImpl - Running dumb mode task: com.android.tools.idea.res.ResourceFolderRepositoryFileCacheImpl$ManageLruProjectFilesTask@76d9a04a 
2020-03-03 23:50:09,039 [  16708]   INFO - penapi.project.DumbServiceImpl - updateFinished 
2020-03-03 23:50:09,040 [  16709]   INFO - g.FileBasedIndexProjectHandler - Has changed files: false; project=Project '/Users/xinyuan/Documents/ANU/ANU Honours Project/Code' AST 
2020-03-03 23:50:09,121 [  16790]   INFO - penapi.project.DumbServiceImpl - Running dumb mode task: com.android.tools.idea.res.ResourceFolderRegistry$PopulateCachesTask@347e765c 
2020-03-03 23:50:09,145 [  16814]   INFO - penapi.project.DumbServiceImpl - updateFinished 
2020-03-03 23:50:09,145 [  16814]   INFO - g.FileBasedIndexProjectHandler - Has changed files: false; project=Project '/Users/xinyuan/Documents/ANU/ANU Honours Project/Code' AST 
2020-03-03 23:50:09,334 [  17003]   INFO - ntellij.internal.IconsLoadTime - SVG load time: total=492.42ms, average=4.92ms, median=5.37ms; number of icons: 100 
2020-03-03 23:50:13,107 [  20776]   INFO - ellij.project.impl.ProjectImpl - 20 project components initialized in 35 ms 
2020-03-03 23:50:20,552 [  28221]   INFO - il.indexing.FileBasedIndexImpl - START INDEX SHUTDOWN 
2020-03-03 23:50:20,576 [  28245]   INFO - il.indexing.FileBasedIndexImpl - END INDEX SHUTDOWN 
2020-03-03 23:50:20,578 [  28247]   INFO - stubs.SerializationManagerImpl - START StubSerializationManager SHUTDOWN 
2020-03-03 23:50:20,578 [  28247]   INFO - stubs.SerializationManagerImpl - END StubSerializationManager SHUTDOWN 
2020-03-03 23:50:20,581 [  28250]   INFO - newvfs.persistent.PersistentFS - VFS dispose started 
2020-03-03 23:50:20,583 [  28252]   INFO - newvfs.persistent.PersistentFS - VFS dispose completed 
2020-03-03 23:50:20,583 [  28252]   INFO -        #com.intellij.idea.Main - ------------------------------------------------------ IDE SHUTDOWN ------------------------------------------------------ 
2020-03-03 23:50:20,583 [  28252]   INFO - org.jetbrains.io.BuiltInServer - web server stopped 
2020-03-04 00:04:49,482 [      0]   INFO -        #com.intellij.idea.Main - ------------------------------------------------------ IDE STARTED ------------------------------------------------------ 
2020-03-04 00:04:49,521 [     39]   INFO -        #com.intellij.idea.Main - IDE: IntelliJ IDEA (build #IC-183.6156.11, 25 Mar 2019 20:49) 
2020-03-04 00:04:49,521 [     39]   INFO -        #com.intellij.idea.Main - OS: Mac OS X (10.15.2, x86_64) 
2020-03-04 00:04:49,521 [     39]   INFO -        #com.intellij.idea.Main - JRE: 1.8.0_152-release-1343-b28 (JetBrains s.r.o) 
2020-03-04 00:04:49,521 [     39]   INFO -        #com.intellij.idea.Main - JVM: 25.152-b28 (OpenJDK 64-Bit Server VM) 
2020-03-04 00:04:49,530 [     48]   INFO -        #com.intellij.idea.Main - JVM Args: -Dapple.awt.fileDialogForDirectories=true -Dapple.laf.useScreenMenuBar=true -Didea.classpath.index.enabled=false -Didea.config.path=/Users/xinyuan/IdeaProjects/my_gradle_plugin/build/idea-sandbox/config -Didea.is.internal=true -Didea.platform.prefix=Idea -Didea.plugins.path=/Users/xinyuan/IdeaProjects/my_gradle_plugin/build/idea-sandbox/plugins -Didea.required.plugins.id=com.your.company.my_gradle_plugin -Didea.smooth.progress=false -Didea.system.path=/Users/xinyuan/IdeaProjects/my_gradle_plugin/build/idea-sandbox/system -Xms256m -Xmx512m -Dfile.encoding=UTF-8 -Duser.country=AU -Duser.language=en -Duser.variant -ea 
2020-03-04 00:04:49,530 [     48]   INFO -        #com.intellij.idea.Main - ext: /Users/xinyuan/.gradle/caches/modules-2/files-2.1/com.jetbrains/jbre/jbrex8u152b1343.28_osx_x64/jdk/Contents/Home/jre/lib/ext: [sunec.jar, nashorn.jar, cldrdata.jar, jfxrt.jar, dnsns.jar, localedata.jar, sunjce_provider.jar, meta-index, sunpkcs11.jar, jaccess.jar, zipfs.jar] 
2020-03-04 00:04:49,531 [     49]   INFO -        #com.intellij.idea.Main - ext: /System/Library/Java/Extensions: [MRJToolkit.jar] 
2020-03-04 00:04:49,531 [     49]   INFO -        #com.intellij.idea.Main - charsets: JNU=UTF-8 file=UTF-8 
2020-03-04 00:04:49,868 [    386]   INFO -        #com.intellij.idea.Main - JNA library (64-bit) loaded in 337 ms 
2020-03-04 00:04:49,901 [    419]   INFO -        #com.intellij.idea.Main - initializing environment 
2020-03-04 00:04:49,902 [    420]   INFO - .intellij.util.EnvironmentUtil - loading shell env: /bin/bash -l -i -c '/Users/xinyuan/.gradle/caches/modules-2/files-2.1/com.jetbrains.intellij.idea/ideaIC/2018.3.6/be4a083c7dca1159d340fd6dcacc4a78646acfb4/ideaIC-2018.3.6/bin/printenv.py' '/private/var/folders/7z/md356myj2w5cp6t_dc45kh180000gn/T/intellij-shell-env.1.tmp' 
2020-03-04 00:04:50,425 [    943]   INFO - .intellij.util.EnvironmentUtil - shell environment loaded (22 vars) 
2020-03-04 00:04:51,191 [   1709]   INFO -     #com.intellij.util.ui.JBUI - User scale factor: 1.0 
2020-03-04 00:04:51,582 [   2100]   INFO -     #com.intellij.util.ui.JBUI - System scale factor: 2.0 (JRE-managed HiDPI) 
2020-03-04 00:04:52,763 [   3281]   INFO - .intellij.idea.IdeaApplication - CPU cores: 8; ForkJoinPool.commonPool: java.util.concurrent.ForkJoinPool@62c7fcc1[Running, parallelism = 7, size = 0, active = 0, running = 0, steals = 0, tasks = 0, submissions = 0]; factory: com.intellij.concurrency.IdeaForkJoinWorkerThreadFactory@107847de 
2020-03-04 00:04:53,479 [   3997]   INFO - llij.ide.plugins.PluginManager - Cannot find optional descriptor duplicates-groovy.xml 
2020-03-04 00:04:53,777 [   4295]   INFO - llij.ide.plugins.PluginManager - 36 plugins initialized in 671 ms 
2020-03-04 00:04:53,777 [   4295]   INFO - llij.ide.plugins.PluginManager - Loaded bundled plugins: Android Support (10.3.1.2), Ant Support (1.0), Bytecode Viewer (0.1), CVS Integration (11), Copyright (8.1), Coverage (183.6156.11), Eclipse Integration (3.0), EditorConfig (183.6156.11), Git Integration (8.1), GitHub (183.6156.11), Gradle (183.6156.11), Groovy (9.0), I18n for Java (183.6156.11), IDEA CORE (183.6156.11), IntelliJ Configuration Script (183.6156.11), IntelliLang (8.0), JUnit (1.0), Java Bytecode Decompiler (183.6156.11), Java Stream Debugger (183.6156.11), JavaFX (1.0), Kotlin (1.3.11-release-IJ2018.3-1), Maven Integration (183.6156.11), Mercurial Integration (10.0), Plugin DevKit (1.0), Properties Support (183.6156.11), Settings Repository (183.6156.11), Smali Support (1.0), Subversion Integration (1.1), Task Management (1.0), Terminal (0.1), TestNG-J (8.0), UI Designer (183.6156.11), XPathView + XSLT Support (4), XSLT-Debugger (1.4), YAML (183.6156.11) 
2020-03-04 00:04:53,777 [   4295]   INFO - llij.ide.plugins.PluginManager - Loaded custom plugins: Plugin display name here (1.0-SNAPSHOT) 
2020-03-04 00:04:54,620 [   5138]   INFO - pi.util.registry.RegistryState - Registry values changed by user: 
2020-03-04 00:04:54,620 [   5138]   INFO - pi.util.registry.RegistryState -   java.completion.argument.hints.internal = false 
2020-03-04 00:04:54,633 [   5151]   INFO - pi.util.registry.RegistryState - Experimental features enabled for user: inline.browse.button 
2020-03-04 00:04:54,676 [   5194]   INFO - ellij.util.io.PagedFileStorage - lower=100; upper=435; buffer=10; max=435 
2020-03-04 00:04:54,721 [   5239]   INFO - pl.local.NativeFileWatcherImpl - Starting file watcher: /Users/xinyuan/.gradle/caches/modules-2/files-2.1/com.jetbrains.intellij.idea/ideaIC/2018.3.6/be4a083c7dca1159d340fd6dcacc4a78646acfb4/ideaIC-2018.3.6/bin/mac/fsnotifier 
2020-03-04 00:04:54,732 [   5250]   INFO - pl.local.NativeFileWatcherImpl - Native file watcher is operational. 
2020-03-04 00:04:55,581 [   6099]   INFO - til.net.ssl.CertificateManager - Default SSL context initialized 
2020-03-04 00:04:55,587 [   6105]   INFO - j.ide.ui.OptionsTopHitProvider - 147 ms spent to cache options in application 
2020-03-04 00:04:55,588 [   6106]   INFO - .openapi.application.Preloader - com.intellij.ide.ui.OptionsTopHitProvider$Activity took 147 ms 
2020-03-04 00:04:55,599 [   6117]   INFO - rains.ide.BuiltInServerManager - built-in server started, port 63343 
2020-03-04 00:04:55,709 [   6227]   INFO - m.intellij.ui.mac.touchbar.NST - nst library works properly, successfully created and released native touchbar object 
2020-03-04 00:04:55,735 [   6253]   INFO - gs.impl.UpdateCheckerComponent - channel: release 
2020-03-04 00:04:56,025 [   6543]   INFO - il.indexing.FileBasedIndexImpl - Index exts enumerated:247, number of extensions:49 
2020-03-04 00:04:56,034 [   6552]   INFO - il.indexing.FileBasedIndexImpl - Index scheduled:9 
2020-03-04 00:04:56,065 [   6583]   INFO - tellij.psi.stubs.StubIndexImpl - All stub exts enumerated:23, number of extensions:50 
2020-03-04 00:04:56,066 [   6584]   INFO - tellij.psi.stubs.StubIndexImpl - stub exts update scheduled:0 
2020-03-04 00:04:56,504 [   7022]   INFO - plication.impl.ApplicationImpl - 85 application components initialized in 3402ms 
2020-03-04 00:04:56,547 [   7065]   INFO - .intellij.idea.IdeaApplication - App initialization took 7874 ms 
2020-03-04 00:04:56,548 [   7066]   INFO - llij.ide.plugins.PluginManager - org.intellij.groovy loaded 368 classes 
2020-03-04 00:04:56,548 [   7066]   INFO - llij.ide.plugins.PluginManager - org.jetbrains.kotlin loaded 266 classes 
2020-03-04 00:04:56,548 [   7066]   INFO - llij.ide.plugins.PluginManager - org.jetbrains.android loaded 173 classes 
2020-03-04 00:04:56,548 [   7066]   INFO - llij.ide.plugins.PluginManager - org.jetbrains.idea.maven loaded 47 classes 
2020-03-04 00:04:56,548 [   7066]   INFO - llij.ide.plugins.PluginManager - CVS loaded 40 classes 
2020-03-04 00:04:56,548 [   7066]   INFO - llij.ide.plugins.PluginManager - com.intellij.properties loaded 33 classes 
2020-03-04 00:04:56,548 [   7066]   INFO - llij.ide.plugins.PluginManager - org.jetbrains.settingsRepository loaded 31 classes 
2020-03-04 00:04:56,548 [   7066]   INFO - llij.ide.plugins.PluginManager - XPathView loaded 20 classes 
2020-03-04 00:04:56,549 [   7067]   INFO - llij.ide.plugins.PluginManager - org.editorconfig.editorconfigjetbrains loaded 17 classes 
2020-03-04 00:04:56,549 [   7067]   INFO - llij.ide.plugins.PluginManager - com.intellij.tasks loaded 16 classes 
2020-03-04 00:04:56,549 [   7067]   INFO - llij.ide.plugins.PluginManager - Git4Idea loaded 14 classes 
2020-03-04 00:04:56,549 [   7067]   INFO - llij.ide.plugins.PluginManager - org.jetbrains.plugins.yaml loaded 14 classes 
2020-03-04 00:04:56,549 [   7067]   INFO - llij.ide.plugins.PluginManager - hg4idea loaded 13 classes 
2020-03-04 00:04:56,549 [   7067]   INFO - llij.ide.plugins.PluginManager - Subversion loaded 12 classes 
2020-03-04 00:04:56,549 [   7067]   INFO - llij.ide.plugins.PluginManager - org.jetbrains.plugins.javaFX loaded 10 classes 
2020-03-04 00:04:56,549 [   7067]   INFO - llij.ide.plugins.PluginManager - com.intellij.uiDesigner loaded 9 classes 
2020-03-04 00:04:56,549 [   7067]   INFO - llij.ide.plugins.PluginManager - DevKit loaded 7 classes 
2020-03-04 00:04:56,549 [   7067]   INFO - llij.ide.plugins.PluginManager - AntSupport loaded 6 classes 
2020-03-04 00:04:56,549 [   7067]   INFO - llij.ide.plugins.PluginManager - org.jetbrains.plugins.gradle loaded 5 classes 
2020-03-04 00:04:56,549 [   7067]   INFO - llij.ide.plugins.PluginManager - com.android.tools.idea.smali loaded 5 classes 
2020-03-04 00:04:56,549 [   7067]   INFO - llij.ide.plugins.PluginManager - org.jetbrains.plugins.github loaded 5 classes 
2020-03-04 00:04:56,549 [   7067]   INFO - llij.ide.plugins.PluginManager - org.intellij.intelliLang loaded 4 classes 
2020-03-04 00:04:56,549 [   7067]   INFO - llij.ide.plugins.PluginManager - org.jetbrains.idea.eclipse loaded 2 classes 
2020-03-04 00:04:56,549 [   7067]   INFO - llij.ide.plugins.PluginManager - com.intellij.java-i18n loaded 1 classes 
2020-03-04 00:04:56,549 [   7067]   INFO - llij.ide.plugins.PluginManager - Coverage loaded 1 classes 
2020-03-04 00:04:56,549 [   7067]   INFO - llij.ide.plugins.PluginManager - com.intellij.copyright loaded 1 classes 
2020-03-04 00:04:56,921 [   7439]   WARN - j.ui.mac.MacMainFrameDecorator - no url bundle present. 
To use platform protocol handler to open external links specify required protocols in the mac app layout section of the build file
Example: args.urlSchemes = ["your-protocol"] will handle following links: your-protocol://open?file=file&line=line 
2020-03-04 00:04:57,108 [   7626]   INFO - pl$FileIndexDataInitialization - Initialization done:1073 
2020-03-04 00:04:57,160 [   7678]   INFO - exImpl$StubIndexInitialization - Initialization done:51 
2020-03-04 00:04:58,020 [   8538]   INFO - .openapi.application.Preloader - com.intellij.openapi.actionSystem.impl.ActionPreloader took 2430 ms 
2020-03-04 00:04:58,070 [   8588]   INFO - com.intellij.ide.ui.UISettings - Loaded: fontSize=12, fontScale=1.0; restored: fontSize=12, fontScale=1.0 
2020-03-04 00:04:58,372 [   8890]   INFO - pl.projectlevelman.NewMappings - VCS Root: [] - [<Project>] 
2020-03-04 00:04:58,373 [   8891]   INFO - pl.projectlevelman.NewMappings - VCS Root: [Git] - [/Users/xinyuan/Documents/ANU/ANU Honours Project/Code] 
2020-03-04 00:04:59,055 [   9573]   INFO - ellij.project.impl.ProjectImpl - 160 project components initialized in 1673 ms 
2020-03-04 00:04:59,202 [   9720]   INFO - le.impl.ModuleManagerComponent - 1 module(s) loaded in 146 ms 
2020-03-04 00:04:59,352 [   9870]   INFO - .openapi.application.Preloader - com.intellij.ide.ui.search.SearchableOptionPreloader took 1330 ms 
2020-03-04 00:04:59,380 [   9898]   INFO - j.ide.script.IdeStartupScripts - 0 startup script(s) found 
2020-03-04 00:04:59,545 [  10063]   INFO - rojectCodeStyleSettingsManager - Initialized from default code style settings. 
2020-03-04 00:04:59,628 [  10146]   INFO - .openapi.application.Preloader - com.intellij.codeInsight.completion.CompletionPreloader took 276 ms 
2020-03-04 00:04:59,634 [  10152]   INFO - .openapi.application.Preloader - com.intellij.ide.actions.GotoClassPresentationUpdater took 5 ms 
2020-03-04 00:05:00,097 [  10615]   INFO - CompilerWorkspaceConfiguration - Available processors: 8 
2020-03-04 00:05:00,345 [  10863]   INFO - penapi.project.DumbServiceImpl - Running dumb mode task: com.intellij.util.indexing.UnindexedFilesUpdater@f33c0fe 
2020-03-04 00:05:00,363 [  10881]   INFO - ntellij.internal.IconsLoadTime - IMG load time: ide_startup=15.82ms, average=0.88ms, median=1.27ms; number of icons: 18 
2020-03-04 00:05:00,363 [  10881]   INFO - ntellij.internal.IconsLoadTime - SVG load time: ide_startup=293.85ms, average=7.73ms, median=5.21ms; number of icons: 38 
2020-03-04 00:05:00,446 [  10964]   INFO - .diagnostic.PerformanceWatcher - Pushing properties took 76ms; general responsiveness: ok; EDT responsiveness: ok 
2020-03-04 00:05:00,769 [  11287]   INFO - j.compiler.server.BuildManager - BUILDER_PROCESS [stdout]: Build process started. Classpath: /Users/xinyuan/.gradle/caches/modules-2/files-2.1/com.jetbrains.intellij.idea/ideaIC/2018.3.6/be4a083c7dca1159d340fd6dcacc4a78646acfb4/ideaIC-2018.3.6/lib/jps-launcher.jar:/Library/Java/JavaVirtualMachines/jdk1.8.0_141.jdk/Contents/Home/lib/tools.jar:/Users/xinyuan/.gradle/caches/modules-2/files-2.1/com.jetbrains.intellij.idea/ideaIC/2018.3.6/be4a083c7dca1159d340fd6dcacc4a78646acfb4/ideaIC-2018.3.6/lib/optimizedFileManager.jar 
2020-03-04 00:05:00,815 [  11333]   INFO - j.compiler.server.BuildManager - BUILDER_PROCESS [stderr]: SLF4J: Failed to load class "org.slf4j.impl.StaticLoggerBinder". 
2020-03-04 00:05:00,816 [  11334]   INFO - j.compiler.server.BuildManager - BUILDER_PROCESS [stderr]: SLF4J: Defaulting to no-operation (NOP) logger implementation 
2020-03-04 00:05:00,816 [  11334]   INFO - j.compiler.server.BuildManager - BUILDER_PROCESS [stderr]: SLF4J: See http://www.slf4j.org/codes.html#StaticLoggerBinder for further details. 
2020-03-04 00:05:02,179 [  12697]   INFO - tartup.impl.StartupManagerImpl - OpenFilesActivity run in 1811ms under project opening modal progress 
2020-03-04 00:05:02,237 [  12755]   INFO - ge.ExternalProjectsDataStorage - Loaded external projects data in 4 millis 
2020-03-04 00:05:02,288 [  12806]   INFO - .diagnostic.PerformanceWatcher - Post-startup activities under progress took 2050ms; general responsiveness: ok; EDT responsiveness: 1/2 sluggish 
2020-03-04 00:05:02,758 [  13276]   INFO - j.compiler.server.BuildManager - BUILDER_PROCESS [stdout]: Build process started. Classpath: /Users/xinyuan/.gradle/caches/modules-2/files-2.1/com.jetbrains.intellij.idea/ideaIC/2018.3.6/be4a083c7dca1159d340fd6dcacc4a78646acfb4/ideaIC-2018.3.6/lib/jps-launcher.jar:/Library/Java/JavaVirtualMachines/jdk1.8.0_141.jdk/Contents/Home/lib/tools.jar:/Users/xinyuan/.gradle/caches/modules-2/files-2.1/com.jetbrains.intellij.idea/ideaIC/2018.3.6/be4a083c7dca1159d340fd6dcacc4a78646acfb4/ideaIC-2018.3.6/lib/optimizedFileManager.jar 
2020-03-04 00:05:02,819 [  13337]   INFO - j.compiler.server.BuildManager - BUILDER_PROCESS [stderr]: SLF4J: Failed to load class "org.slf4j.impl.StaticLoggerBinder". 
2020-03-04 00:05:02,820 [  13338]   INFO - j.compiler.server.BuildManager - BUILDER_PROCESS [stderr]: SLF4J: Defaulting to no-operation (NOP) logger implementation 
2020-03-04 00:05:02,820 [  13338]   INFO - j.compiler.server.BuildManager - BUILDER_PROCESS [stderr]: SLF4J: See http://www.slf4j.org/codes.html#StaticLoggerBinder for further details. 
2020-03-04 00:05:03,736 [  14254]   INFO - j.ide.ui.OptionsTopHitProvider - 391 ms spent on EDT to cache options in application 
2020-03-04 00:05:03,863 [  14381]   INFO - tartup.impl.StartupManagerImpl - /Users/xinyuan/Documents/ANU/ANU Honours Project/Code/.idea case-sensitivity: expected=false actual=false 
2020-03-04 00:05:03,897 [  14415]   INFO -  #git4idea.commands.GitHandler - [.] git version 
2020-03-04 00:05:03,925 [  14443]   INFO -  #git4idea.commands.GitHandler - git version 2.21.0 (Apple Git-122) 
2020-03-04 00:05:03,931 [  14449]   INFO - ea.config.GitExecutableManager - Git version for /usr/bin/git : 2.21.0 
2020-03-04 00:05:04,067 [  14585]   INFO - pl.projectlevelman.NewMappings - VCS Root: [Git] - [/Users/xinyuan/Documents/ANU/ANU Honours Project/Code] 
2020-03-04 00:05:04,202 [  14720]   INFO - .diagnostic.PerformanceWatcher - Indexable file iteration took 3753ms; general responsiveness: ok; EDT responsiveness: 3/4 sluggish 
2020-03-04 00:05:04,221 [  14739]   INFO - penapi.project.DumbServiceImpl - Running dumb mode task: initial refresh 
2020-03-04 00:05:04,288 [  14806]   INFO - tor.impl.FileEditorManagerImpl - Project opening took 7008 ms 
2020-03-04 00:05:04,289 [  14807]   INFO - llij.ide.plugins.PluginManager - org.jetbrains.kotlin loaded 1578 classes 
2020-03-04 00:05:04,289 [  14807]   INFO - llij.ide.plugins.PluginManager - org.jetbrains.android loaded 1334 classes 
2020-03-04 00:05:04,289 [  14807]   INFO - llij.ide.plugins.PluginManager - org.intellij.groovy loaded 512 classes 
2020-03-04 00:05:04,289 [  14807]   INFO - llij.ide.plugins.PluginManager - org.jetbrains.idea.maven loaded 225 classes 
2020-03-04 00:05:04,289 [  14807]   INFO - llij.ide.plugins.PluginManager - com.intellij.uiDesigner loaded 212 classes 
2020-03-04 00:05:04,289 [  14807]   INFO - llij.ide.plugins.PluginManager - Git4Idea loaded 204 classes 
2020-03-04 00:05:04,289 [  14807]   INFO - llij.ide.plugins.PluginManager - org.jetbrains.debugger.streams loaded 129 classes 
2020-03-04 00:05:04,289 [  14807]   INFO - llij.ide.plugins.PluginManager - com.intellij.tasks loaded 99 classes 
2020-03-04 00:05:04,289 [  14807]   INFO - llij.ide.plugins.PluginManager - CVS loaded 79 classes 
2020-03-04 00:05:04,289 [  14807]   INFO - llij.ide.plugins.PluginManager - org.jetbrains.plugins.gradle loaded 76 classes 
2020-03-04 00:05:04,289 [  14807]   INFO - llij.ide.plugins.PluginManager - XPathView loaded 68 classes 
2020-03-04 00:05:04,289 [  14807]   INFO - llij.ide.plugins.PluginManager - org.editorconfig.editorconfigjetbrains loaded 68 classes 
2020-03-04 00:05:04,289 [  14807]   INFO - llij.ide.plugins.PluginManager - com.intellij.properties loaded 63 classes 
2020-03-04 00:05:04,289 [  14807]   INFO - llij.ide.plugins.PluginManager - Subversion loaded 60 classes 
2020-03-04 00:05:04,289 [  14807]   INFO - llij.ide.plugins.PluginManager - DevKit loaded 49 classes 
2020-03-04 00:05:04,289 [  14807]   INFO - llij.ide.plugins.PluginManager - hg4idea loaded 45 classes 
2020-03-04 00:05:04,289 [  14807]   INFO - llij.ide.plugins.PluginManager - Coverage loaded 40 classes 
2020-03-04 00:05:04,289 [  14807]   INFO - llij.ide.plugins.PluginManager - org.jetbrains.settingsRepository loaded 37 classes 
2020-03-04 00:05:04,289 [  14807]   INFO - llij.ide.plugins.PluginManager - org.jetbrains.plugins.yaml loaded 33 classes 
2020-03-04 00:05:04,289 [  14807]   INFO - llij.ide.plugins.PluginManager - AntSupport loaded 30 classes 
2020-03-04 00:05:04,289 [  14807]   INFO - llij.ide.plugins.PluginManager - org.jetbrains.plugins.github loaded 28 classes 
2020-03-04 00:05:04,289 [  14807]   INFO - llij.ide.plugins.PluginManager - org.jetbrains.plugins.javaFX loaded 25 classes 
2020-03-04 00:05:04,289 [  14807]   INFO - llij.ide.plugins.PluginManager - org.jetbrains.plugins.terminal loaded 17 classes 
2020-03-04 00:05:04,289 [  14807]   INFO - llij.ide.plugins.PluginManager - org.jetbrains.idea.eclipse loaded 11 classes 
2020-03-04 00:05:04,289 [  14807]   INFO - llij.ide.plugins.PluginManager - JUnit loaded 7 classes 
2020-03-04 00:05:04,290 [  14808]   INFO - llij.ide.plugins.PluginManager - com.intellij.java-i18n loaded 7 classes 
2020-03-04 00:05:04,290 [  14808]   INFO - llij.ide.plugins.PluginManager - org.jetbrains.java.decompiler loaded 7 classes 
2020-03-04 00:05:04,290 [  14808]   INFO - llij.ide.plugins.PluginManager - com.intellij.copyright loaded 6 classes 
2020-03-04 00:05:04,290 [  14808]   INFO - llij.ide.plugins.PluginManager - org.intellij.intelliLang loaded 6 classes 
2020-03-04 00:05:04,290 [  14808]   INFO - llij.ide.plugins.PluginManager - TestNG-J loaded 6 classes 
2020-03-04 00:05:04,290 [  14808]   INFO - llij.ide.plugins.PluginManager - com.android.tools.idea.smali loaded 5 classes 
2020-03-04 00:05:04,290 [  14808]   INFO - llij.ide.plugins.PluginManager - XSLT-Debugger loaded 4 classes 
2020-03-04 00:05:04,290 [  14808]   INFO - llij.ide.plugins.PluginManager - ByteCodeViewer loaded 2 classes 
2020-03-04 00:05:04,325 [  14843]   INFO - penapi.project.DumbServiceImpl - updateFinished 
2020-03-04 00:05:04,330 [  14848]   INFO - g.FileBasedIndexProjectHandler - Has changed files: false; project=Project '/Users/xinyuan/Documents/ANU/ANU Honours Project/Code' AST 
2020-03-04 00:05:04,431 [  14949]   INFO - j.ide.ui.OptionsTopHitProvider - 91 ms spent to cache options in project 
2020-03-04 00:05:04,440 [  14958]   WARN - com.intellij.util.xmlb.Binding - no accessors for class org.jetbrains.kotlin.idea.highlighter.KotlinDefaultHighlightingSettingsProvider 
2020-03-04 00:05:05,151 [  15669]   INFO - j.ide.ui.OptionsTopHitProvider - 152 ms spent on EDT to cache options in project 
2020-03-04 00:05:05,194 [  15712]   INFO - penapi.project.DumbServiceImpl - Running dumb mode task: com.android.tools.idea.res.ResourceFolderRepositoryFileCacheImpl$PruneTask@5ffe326d 
2020-03-04 00:05:05,255 [  15773]   INFO - ntellij.internal.IconsLoadTime - SVG load time: total=482.91ms, average=4.83ms, median=4.79ms; number of icons: 100 
2020-03-04 00:05:05,307 [  15825]   INFO - penapi.project.DumbServiceImpl - Running dumb mode task: com.android.tools.idea.res.ResourceFolderRepositoryFileCacheImpl$ManageLruProjectFilesTask@72fa748e 
2020-03-04 00:05:05,567 [  16085]   INFO - penapi.project.DumbServiceImpl - updateFinished 
2020-03-04 00:05:05,567 [  16085]   INFO - g.FileBasedIndexProjectHandler - Has changed files: false; project=Project '/Users/xinyuan/Documents/ANU/ANU Honours Project/Code' AST 
2020-03-04 00:05:05,635 [  16153]   INFO - penapi.project.DumbServiceImpl - Running dumb mode task: com.android.tools.idea.res.ResourceFolderRegistry$PopulateCachesTask@74bbcf97 
2020-03-04 00:05:05,705 [  16223]   INFO - penapi.project.DumbServiceImpl - updateFinished 
2020-03-04 00:05:05,705 [  16223]   INFO - g.FileBasedIndexProjectHandler - Has changed files: false; project=Project '/Users/xinyuan/Documents/ANU/ANU Honours Project/Code' AST 
2020-03-04 00:05:12,305 [  22823]   INFO - ellij.project.impl.ProjectImpl - 20 project components initialized in 29 ms 
2020-03-04 00:05:20,641 [  31159]   INFO - il.indexing.FileBasedIndexImpl - START INDEX SHUTDOWN 
2020-03-04 00:05:20,665 [  31183]   INFO - il.indexing.FileBasedIndexImpl - END INDEX SHUTDOWN 
2020-03-04 00:05:20,666 [  31184]   INFO - stubs.SerializationManagerImpl - START StubSerializationManager SHUTDOWN 
2020-03-04 00:05:20,667 [  31185]   INFO - stubs.SerializationManagerImpl - END StubSerializationManager SHUTDOWN 
2020-03-04 00:05:20,669 [  31187]   INFO - newvfs.persistent.PersistentFS - VFS dispose started 
2020-03-04 00:05:20,671 [  31189]   INFO - newvfs.persistent.PersistentFS - VFS dispose completed 
2020-03-04 00:05:20,671 [  31189]   INFO -        #com.intellij.idea.Main - ------------------------------------------------------ IDE SHUTDOWN ------------------------------------------------------ 
2020-03-04 00:05:20,671 [  31189]   INFO - org.jetbrains.io.BuiltInServer - web server stopped 
2020-03-04 00:08:10,954 [      0]   INFO -        #com.intellij.idea.Main - ------------------------------------------------------ IDE STARTED ------------------------------------------------------ 
2020-03-04 00:08:10,998 [     44]   INFO -        #com.intellij.idea.Main - IDE: IntelliJ IDEA (build #IC-183.6156.11, 25 Mar 2019 20:10) 
2020-03-04 00:08:10,998 [     44]   INFO -        #com.intellij.idea.Main - OS: Mac OS X (10.15.2, x86_64) 
2020-03-04 00:08:10,998 [     44]   INFO -        #com.intellij.idea.Main - JRE: 1.8.0_152-release-1343-b28 (JetBrains s.r.o) 
2020-03-04 00:08:10,998 [     44]   INFO -        #com.intellij.idea.Main - JVM: 25.152-b28 (OpenJDK 64-Bit Server VM) 
2020-03-04 00:08:11,007 [     53]   INFO -        #com.intellij.idea.Main - JVM Args: -Dapple.awt.fileDialogForDirectories=true -Dapple.laf.useScreenMenuBar=true -Didea.classpath.index.enabled=false -Didea.config.path=/Users/xinyuan/IdeaProjects/my_gradle_plugin/build/idea-sandbox/config -Didea.is.internal=true -Didea.platform.prefix=Idea -Didea.plugins.path=/Users/xinyuan/IdeaProjects/my_gradle_plugin/build/idea-sandbox/plugins -Didea.required.plugins.id=com.your.company.my_gradle_plugin -Didea.smooth.progress=false -Didea.system.path=/Users/xinyuan/IdeaProjects/my_gradle_plugin/build/idea-sandbox/system -Xms256m -Xmx512m -Dfile.encoding=UTF-8 -Duser.country=AU -Duser.language=en -Duser.variant -ea 
2020-03-04 00:08:11,007 [     53]   INFO -        #com.intellij.idea.Main - ext: /Users/xinyuan/.gradle/caches/modules-2/files-2.1/com.jetbrains/jbre/jbrex8u152b1343.28_osx_x64/jdk/Contents/Home/jre/lib/ext: [sunec.jar, nashorn.jar, cldrdata.jar, jfxrt.jar, dnsns.jar, localedata.jar, sunjce_provider.jar, meta-index, sunpkcs11.jar, jaccess.jar, zipfs.jar] 
2020-03-04 00:08:11,007 [     53]   INFO -        #com.intellij.idea.Main - ext: /System/Library/Java/Extensions: [MRJToolkit.jar] 
2020-03-04 00:08:11,007 [     53]   INFO -        #com.intellij.idea.Main - charsets: JNU=UTF-8 file=UTF-8 
2020-03-04 00:08:11,344 [    390]   INFO -        #com.intellij.idea.Main - JNA library (64-bit) loaded in 336 ms 
2020-03-04 00:08:11,376 [    422]   INFO -        #com.intellij.idea.Main - initializing environment 
2020-03-04 00:08:11,377 [    423]   INFO - .intellij.util.EnvironmentUtil - loading shell env: /bin/bash -l -i -c '/Users/xinyuan/.gradle/caches/modules-2/files-2.1/com.jetbrains.intellij.idea/ideaIC/2018.3.6/be4a083c7dca1159d340fd6dcacc4a78646acfb4/ideaIC-2018.3.6/bin/printenv.py' '/private/var/folders/7z/md356myj2w5cp6t_dc45kh180000gn/T/intellij-shell-env.1.tmp' 
2020-03-04 00:08:11,999 [   1045]   INFO - .intellij.util.EnvironmentUtil - shell environment loaded (22 vars) 
2020-03-04 00:08:12,653 [   1699]   INFO -     #com.intellij.util.ui.JBUI - User scale factor: 1.0 
2020-03-04 00:08:13,048 [   2094]   INFO -     #com.intellij.util.ui.JBUI - System scale factor: 2.0 (JRE-managed HiDPI) 
2020-03-04 00:08:14,200 [   3246]   INFO - .intellij.idea.IdeaApplication - CPU cores: 8; ForkJoinPool.commonPool: java.util.concurrent.ForkJoinPool@1b8bfb7c[Running, parallelism = 7, size = 0, active = 0, running = 0, steals = 0, tasks = 0, submissions = 0]; factory: com.intellij.concurrency.IdeaForkJoinWorkerThreadFactory@3a75d9a4 
2020-03-04 00:08:14,919 [   3965]   INFO - llij.ide.plugins.PluginManager - Cannot find optional descriptor duplicates-groovy.xml 
2020-03-04 00:08:15,222 [   4268]   INFO - llij.ide.plugins.PluginManager - 36 plugins initialized in 685 ms 
2020-03-04 00:08:15,222 [   4268]   INFO - llij.ide.plugins.PluginManager - Loaded bundled plugins: Android Support (10.3.1.2), Ant Support (1.0), Bytecode Viewer (0.1), CVS Integration (11), Copyright (8.1), Coverage (183.6156.11), Eclipse Integration (3.0), EditorConfig (183.6156.11), Git Integration (8.1), GitHub (183.6156.11), Gradle (183.6156.11), Groovy (9.0), I18n for Java (183.6156.11), IDEA CORE (183.6156.11), IntelliJ Configuration Script (183.6156.11), IntelliLang (8.0), JUnit (1.0), Java Bytecode Decompiler (183.6156.11), Java Stream Debugger (183.6156.11), JavaFX (1.0), Kotlin (1.3.11-release-IJ2018.3-1), Maven Integration (183.6156.11), Mercurial Integration (10.0), Plugin DevKit (1.0), Properties Support (183.6156.11), Settings Repository (183.6156.11), Smali Support (1.0), Subversion Integration (1.1), Task Management (1.0), Terminal (0.1), TestNG-J (8.0), UI Designer (183.6156.11), XPathView + XSLT Support (4), XSLT-Debugger (1.4), YAML (183.6156.11) 
2020-03-04 00:08:15,222 [   4268]   INFO - llij.ide.plugins.PluginManager - Loaded custom plugins: Plugin display name here (1.0-SNAPSHOT) 
2020-03-04 00:08:16,078 [   5124]   INFO - pi.util.registry.RegistryState - Registry values changed by user: 
2020-03-04 00:08:16,078 [   5124]   INFO - pi.util.registry.RegistryState -   java.completion.argument.hints.internal = false 
2020-03-04 00:08:16,093 [   5139]   INFO - pi.util.registry.RegistryState - Experimental features enabled for user: inline.browse.button 
2020-03-04 00:08:16,137 [   5183]   INFO - ellij.util.io.PagedFileStorage - lower=100; upper=435; buffer=10; max=435 
2020-03-04 00:08:16,187 [   5233]   INFO - pl.local.NativeFileWatcherImpl - Starting file watcher: /Users/xinyuan/.gradle/caches/modules-2/files-2.1/com.jetbrains.intellij.idea/ideaIC/2018.3.6/be4a083c7dca1159d340fd6dcacc4a78646acfb4/ideaIC-2018.3.6/bin/mac/fsnotifier 
2020-03-04 00:08:16,199 [   5245]   INFO - pl.local.NativeFileWatcherImpl - Native file watcher is operational. 
2020-03-04 00:08:17,026 [   6072]   INFO - til.net.ssl.CertificateManager - Default SSL context initialized 
2020-03-04 00:08:17,038 [   6084]   INFO - j.ide.ui.OptionsTopHitProvider - 151 ms spent to cache options in application 
2020-03-04 00:08:17,038 [   6084]   INFO - .openapi.application.Preloader - com.intellij.ide.ui.OptionsTopHitProvider$Activity took 150 ms 
2020-03-04 00:08:17,046 [   6092]   INFO - rains.ide.BuiltInServerManager - built-in server started, port 63343 
2020-03-04 00:08:17,163 [   6209]   INFO - m.intellij.ui.mac.touchbar.NST - nst library works properly, successfully created and released native touchbar object 
2020-03-04 00:08:17,191 [   6237]   INFO - gs.impl.UpdateCheckerComponent - channel: release 
2020-03-04 00:08:17,499 [   6545]   INFO - il.indexing.FileBasedIndexImpl - Index exts enumerated:267, number of extensions:49 
2020-03-04 00:08:17,510 [   6556]   INFO - il.indexing.FileBasedIndexImpl - Index scheduled:11 
2020-03-04 00:08:17,541 [   6587]   INFO - tellij.psi.stubs.StubIndexImpl - All stub exts enumerated:22, number of extensions:50 
2020-03-04 00:08:17,541 [   6587]   INFO - tellij.psi.stubs.StubIndexImpl - stub exts update scheduled:0 
2020-03-04 00:08:18,024 [   7070]   INFO - plication.impl.ApplicationImpl - 85 application components initialized in 3491ms 
2020-03-04 00:08:18,066 [   7112]   INFO - .intellij.idea.IdeaApplication - App initialization took 8002 ms 
2020-03-04 00:08:18,067 [   7113]   INFO - llij.ide.plugins.PluginManager - org.intellij.groovy loaded 368 classes 
2020-03-04 00:08:18,067 [   7113]   INFO - llij.ide.plugins.PluginManager - org.jetbrains.kotlin loaded 319 classes 
2020-03-04 00:08:18,067 [   7113]   INFO - llij.ide.plugins.PluginManager - org.jetbrains.android loaded 173 classes 
2020-03-04 00:08:18,067 [   7113]   INFO - llij.ide.plugins.PluginManager - org.jetbrains.idea.maven loaded 52 classes 
2020-03-04 00:08:18,068 [   7114]   INFO - llij.ide.plugins.PluginManager - CVS loaded 40 classes 
2020-03-04 00:08:18,068 [   7114]   INFO - llij.ide.plugins.PluginManager - com.intellij.properties loaded 33 classes 
2020-03-04 00:08:18,068 [   7114]   INFO - llij.ide.plugins.PluginManager - org.jetbrains.settingsRepository loaded 31 classes 
2020-03-04 00:08:18,068 [   7114]   INFO - llij.ide.plugins.PluginManager - XPathView loaded 20 classes 
2020-03-04 00:08:18,068 [   7114]   INFO - llij.ide.plugins.PluginManager - org.editorconfig.editorconfigjetbrains loaded 17 classes 
2020-03-04 00:08:18,068 [   7114]   INFO - llij.ide.plugins.PluginManager - com.intellij.tasks loaded 16 classes 
2020-03-04 00:08:18,068 [   7114]   INFO - llij.ide.plugins.PluginManager - Git4Idea loaded 16 classes 
2020-03-04 00:08:18,068 [   7114]   INFO - llij.ide.plugins.PluginManager - org.jetbrains.plugins.yaml loaded 14 classes 
2020-03-04 00:08:18,068 [   7114]   INFO - llij.ide.plugins.PluginManager - hg4idea loaded 13 classes 
2020-03-04 00:08:18,068 [   7114]   INFO - llij.ide.plugins.PluginManager - Subversion loaded 12 classes 
2020-03-04 00:08:18,068 [   7114]   INFO - llij.ide.plugins.PluginManager - org.jetbrains.plugins.javaFX loaded 10 classes 
2020-03-04 00:08:18,068 [   7114]   INFO - llij.ide.plugins.PluginManager - com.intellij.uiDesigner loaded 10 classes 
2020-03-04 00:08:18,068 [   7114]   INFO - llij.ide.plugins.PluginManager - org.jetbrains.plugins.gradle loaded 8 classes 
2020-03-04 00:08:18,068 [   7114]   INFO - llij.ide.plugins.PluginManager - DevKit loaded 7 classes 
2020-03-04 00:08:18,068 [   7114]   INFO - llij.ide.plugins.PluginManager - AntSupport loaded 6 classes 
2020-03-04 00:08:18,068 [   7114]   INFO - llij.ide.plugins.PluginManager - org.jetbrains.plugins.github loaded 5 classes 
2020-03-04 00:08:18,068 [   7114]   INFO - llij.ide.plugins.PluginManager - com.android.tools.idea.smali loaded 5 classes 
2020-03-04 00:08:18,068 [   7114]   INFO - llij.ide.plugins.PluginManager - org.intellij.intelliLang loaded 4 classes 
2020-03-04 00:08:18,068 [   7114]   INFO - llij.ide.plugins.PluginManager - org.jetbrains.idea.eclipse loaded 2 classes 
2020-03-04 00:08:18,068 [   7114]   INFO - llij.ide.plugins.PluginManager - org.jetbrains.plugins.terminal loaded 2 classes 
2020-03-04 00:08:18,068 [   7114]   INFO - llij.ide.plugins.PluginManager - com.intellij.java-i18n loaded 1 classes 
2020-03-04 00:08:18,068 [   7114]   INFO - llij.ide.plugins.PluginManager - com.intellij.copyright loaded 1 classes 
2020-03-04 00:08:18,068 [   7114]   INFO - llij.ide.plugins.PluginManager - Coverage loaded 1 classes 
2020-03-04 00:08:18,438 [   7484]   WARN - j.ui.mac.MacMainFrameDecorator - no url bundle present. 
To use platform protocol handler to open external links specify required protocols in the mac app layout section of the build file
Example: args.urlSchemes = ["your-protocol"] will handle following links: your-protocol://open?file=file&line=line 
2020-03-04 00:08:18,687 [   7733]   INFO - pl$FileIndexDataInitialization - Initialization done:1177 
2020-03-04 00:08:18,796 [   7842]   INFO - exImpl$StubIndexInitialization - Initialization done:108 
2020-03-04 00:08:19,477 [   8523]   INFO - .openapi.application.Preloader - com.intellij.openapi.actionSystem.impl.ActionPreloader took 2437 ms 
2020-03-04 00:08:19,530 [   8576]   INFO - com.intellij.ide.ui.UISettings - Loaded: fontSize=12, fontScale=1.0; restored: fontSize=12, fontScale=1.0 
2020-03-04 00:08:19,841 [   8887]   INFO - pl.projectlevelman.NewMappings - VCS Root: [] - [<Project>] 
2020-03-04 00:08:19,842 [   8888]   INFO - pl.projectlevelman.NewMappings - VCS Root: [Git] - [/Users/xinyuan/Documents/ANU/ANU Honours Project/Code] 
2020-03-04 00:08:20,570 [   9616]   INFO - ellij.project.impl.ProjectImpl - 160 project components initialized in 1685 ms 
2020-03-04 00:08:20,722 [   9768]   INFO - le.impl.ModuleManagerComponent - 1 module(s) loaded in 151 ms 
2020-03-04 00:08:20,813 [   9859]   INFO - .openapi.application.Preloader - com.intellij.ide.ui.search.SearchableOptionPreloader took 1335 ms 
2020-03-04 00:08:20,899 [   9945]   INFO - j.ide.script.IdeStartupScripts - 0 startup script(s) found 
2020-03-04 00:08:21,062 [  10108]   INFO - rojectCodeStyleSettingsManager - Initialized from default code style settings. 
2020-03-04 00:08:21,093 [  10139]   INFO - .openapi.application.Preloader - com.intellij.codeInsight.completion.CompletionPreloader took 277 ms 
2020-03-04 00:08:21,099 [  10145]   INFO - .openapi.application.Preloader - com.intellij.ide.actions.GotoClassPresentationUpdater took 6 ms 
2020-03-04 00:08:21,791 [  10837]   INFO - CompilerWorkspaceConfiguration - Available processors: 8 
2020-03-04 00:08:22,221 [  11267]   INFO - penapi.project.DumbServiceImpl - Running dumb mode task: com.intellij.util.indexing.UnindexedFilesUpdater@b49744 
2020-03-04 00:08:22,239 [  11285]   INFO - ntellij.internal.IconsLoadTime - IMG load time: ide_startup=18.82ms, average=0.99ms, median=0.85ms; number of icons: 19 
2020-03-04 00:08:22,240 [  11286]   INFO - ntellij.internal.IconsLoadTime - SVG load time: ide_startup=272.79ms, average=7.18ms, median=4.83ms; number of icons: 38 
2020-03-04 00:08:22,342 [  11388]   INFO - .diagnostic.PerformanceWatcher - Pushing properties took 92ms; general responsiveness: ok; EDT responsiveness: ok 
2020-03-04 00:08:22,756 [  11802]   INFO - j.compiler.server.BuildManager - BUILDER_PROCESS [stdout]: Build process started. Classpath: /Users/xinyuan/.gradle/caches/modules-2/files-2.1/com.jetbrains.intellij.idea/ideaIC/2018.3.6/be4a083c7dca1159d340fd6dcacc4a78646acfb4/ideaIC-2018.3.6/lib/jps-launcher.jar:/Library/Java/JavaVirtualMachines/jdk1.8.0_141.jdk/Contents/Home/lib/tools.jar:/Users/xinyuan/.gradle/caches/modules-2/files-2.1/com.jetbrains.intellij.idea/ideaIC/2018.3.6/be4a083c7dca1159d340fd6dcacc4a78646acfb4/ideaIC-2018.3.6/lib/optimizedFileManager.jar 
2020-03-04 00:08:22,820 [  11866]   INFO - j.compiler.server.BuildManager - BUILDER_PROCESS [stderr]: SLF4J: Failed to load class "org.slf4j.impl.StaticLoggerBinder". 
2020-03-04 00:08:22,820 [  11866]   INFO - j.compiler.server.BuildManager - BUILDER_PROCESS [stderr]: SLF4J: Defaulting to no-operation (NOP) logger implementation 
2020-03-04 00:08:22,821 [  11867]   INFO - j.compiler.server.BuildManager - BUILDER_PROCESS [stderr]: SLF4J: See http://www.slf4j.org/codes.html#StaticLoggerBinder for further details. 
2020-03-04 00:08:24,329 [  13375]   INFO - tartup.impl.StartupManagerImpl - OpenFilesActivity run in 2077ms under project opening modal progress 
2020-03-04 00:08:24,389 [  13435]   INFO - ge.ExternalProjectsDataStorage - Loaded external projects data in 5 millis 
2020-03-04 00:08:24,428 [  13474]   INFO - .diagnostic.PerformanceWatcher - Post-startup activities under progress took 2384ms; general responsiveness: ok; EDT responsiveness: 0/2 sluggish, 1/2 very slow 
2020-03-04 00:08:25,409 [  14455]   INFO - j.compiler.server.BuildManager - BUILDER_PROCESS [stdout]: Build process started. Classpath: /Users/xinyuan/.gradle/caches/modules-2/files-2.1/com.jetbrains.intellij.idea/ideaIC/2018.3.6/be4a083c7dca1159d340fd6dcacc4a78646acfb4/ideaIC-2018.3.6/lib/jps-launcher.jar:/Library/Java/JavaVirtualMachines/jdk1.8.0_141.jdk/Contents/Home/lib/tools.jar:/Users/xinyuan/.gradle/caches/modules-2/files-2.1/com.jetbrains.intellij.idea/ideaIC/2018.3.6/be4a083c7dca1159d340fd6dcacc4a78646acfb4/ideaIC-2018.3.6/lib/optimizedFileManager.jar 
2020-03-04 00:08:25,483 [  14529]   INFO - j.compiler.server.BuildManager - BUILDER_PROCESS [stderr]: SLF4J: Failed to load class "org.slf4j.impl.StaticLoggerBinder". 
2020-03-04 00:08:25,483 [  14529]   INFO - j.compiler.server.BuildManager - BUILDER_PROCESS [stderr]: SLF4J: Defaulting to no-operation (NOP) logger implementation 
2020-03-04 00:08:25,483 [  14529]   INFO - j.compiler.server.BuildManager - BUILDER_PROCESS [stderr]: SLF4J: See http://www.slf4j.org/codes.html#StaticLoggerBinder for further details. 
2020-03-04 00:08:27,006 [  16052]   INFO - j.ide.ui.OptionsTopHitProvider - 692 ms spent on EDT to cache options in application 
2020-03-04 00:08:27,475 [  16521]   INFO - tartup.impl.StartupManagerImpl - /Users/xinyuan/Documents/ANU/ANU Honours Project/Code/.idea case-sensitivity: expected=false actual=false 
2020-03-04 00:08:27,520 [  16566]   INFO -  #git4idea.commands.GitHandler - [.] git version 
2020-03-04 00:08:27,567 [  16613]   INFO -  #git4idea.commands.GitHandler - git version 2.21.0 (Apple Git-122) 
2020-03-04 00:08:27,573 [  16619]   INFO - ea.config.GitExecutableManager - Git version for /usr/bin/git : 2.21.0 
2020-03-04 00:08:27,779 [  16825]   INFO - pl.projectlevelman.NewMappings - VCS Root: [Git] - [/Users/xinyuan/Documents/ANU/ANU Honours Project/Code] 
2020-03-04 00:08:28,299 [  17345]   INFO - tor.impl.FileEditorManagerImpl - Project opening took 9511 ms 
2020-03-04 00:08:28,299 [  17345]   INFO - llij.ide.plugins.PluginManager - org.jetbrains.kotlin loaded 1579 classes 
2020-03-04 00:08:28,300 [  17346]   INFO - llij.ide.plugins.PluginManager - org.jetbrains.android loaded 1334 classes 
2020-03-04 00:08:28,300 [  17346]   INFO - llij.ide.plugins.PluginManager - org.intellij.groovy loaded 512 classes 
2020-03-04 00:08:28,300 [  17346]   INFO - llij.ide.plugins.PluginManager - org.jetbrains.idea.maven loaded 225 classes 
2020-03-04 00:08:28,300 [  17346]   INFO - llij.ide.plugins.PluginManager - com.intellij.uiDesigner loaded 212 classes 
2020-03-04 00:08:28,300 [  17346]   INFO - llij.ide.plugins.PluginManager - Git4Idea loaded 210 classes 
2020-03-04 00:08:28,300 [  17346]   INFO - llij.ide.plugins.PluginManager - org.jetbrains.debugger.streams loaded 129 classes 
2020-03-04 00:08:28,300 [  17346]   INFO - llij.ide.plugins.PluginManager - com.intellij.tasks loaded 99 classes 
2020-03-04 00:08:28,300 [  17346]   INFO - llij.ide.plugins.PluginManager - hg4idea loaded 84 classes 
2020-03-04 00:08:28,300 [  17346]   INFO - llij.ide.plugins.PluginManager - CVS loaded 79 classes 
2020-03-04 00:08:28,300 [  17346]   INFO - llij.ide.plugins.PluginManager - org.jetbrains.plugins.gradle loaded 76 classes 
2020-03-04 00:08:28,300 [  17346]   INFO - llij.ide.plugins.PluginManager - XPathView loaded 68 classes 
2020-03-04 00:08:28,300 [  17346]   INFO - llij.ide.plugins.PluginManager - org.editorconfig.editorconfigjetbrains loaded 68 classes 
2020-03-04 00:08:28,300 [  17346]   INFO - llij.ide.plugins.PluginManager - com.intellij.properties loaded 62 classes 
2020-03-04 00:08:28,300 [  17346]   INFO - llij.ide.plugins.PluginManager - Subversion loaded 60 classes 
2020-03-04 00:08:28,300 [  17346]   INFO - llij.ide.plugins.PluginManager - DevKit loaded 49 classes 
2020-03-04 00:08:28,300 [  17346]   INFO - llij.ide.plugins.PluginManager - Coverage loaded 40 classes 
2020-03-04 00:08:28,300 [  17346]   INFO - llij.ide.plugins.PluginManager - org.jetbrains.settingsRepository loaded 37 classes 
2020-03-04 00:08:28,300 [  17346]   INFO - llij.ide.plugins.PluginManager - org.jetbrains.plugins.yaml loaded 32 classes 
2020-03-04 00:08:28,300 [  17346]   INFO - llij.ide.plugins.PluginManager - AntSupport loaded 30 classes 
2020-03-04 00:08:28,300 [  17346]   INFO - llij.ide.plugins.PluginManager - org.jetbrains.plugins.github loaded 28 classes 
2020-03-04 00:08:28,300 [  17346]   INFO - llij.ide.plugins.PluginManager - org.jetbrains.plugins.javaFX loaded 25 classes 
2020-03-04 00:08:28,300 [  17346]   INFO - llij.ide.plugins.PluginManager - org.jetbrains.plugins.terminal loaded 17 classes 
2020-03-04 00:08:28,300 [  17346]   INFO - llij.ide.plugins.PluginManager - org.jetbrains.idea.eclipse loaded 11 classes 
2020-03-04 00:08:28,300 [  17346]   INFO - llij.ide.plugins.PluginManager - JUnit loaded 7 classes 
2020-03-04 00:08:28,300 [  17346]   INFO - llij.ide.plugins.PluginManager - com.intellij.java-i18n loaded 7 classes 
2020-03-04 00:08:28,301 [  17347]   INFO - llij.ide.plugins.PluginManager - org.jetbrains.java.decompiler loaded 7 classes 
2020-03-04 00:08:28,301 [  17347]   INFO - llij.ide.plugins.PluginManager - com.intellij.copyright loaded 6 classes 
2020-03-04 00:08:28,301 [  17347]   INFO - llij.ide.plugins.PluginManager - TestNG-J loaded 6 classes 
2020-03-04 00:08:28,301 [  17347]   INFO - llij.ide.plugins.PluginManager - org.intellij.intelliLang loaded 6 classes 
2020-03-04 00:08:28,301 [  17347]   INFO - llij.ide.plugins.PluginManager - com.android.tools.idea.smali loaded 5 classes 
2020-03-04 00:08:28,301 [  17347]   INFO - llij.ide.plugins.PluginManager - XSLT-Debugger loaded 4 classes 
2020-03-04 00:08:28,301 [  17347]   INFO - llij.ide.plugins.PluginManager - ByteCodeViewer loaded 2 classes 
2020-03-04 00:08:28,643 [  17689]   INFO - .diagnostic.PerformanceWatcher - Indexable file iteration took 6299ms; general responsiveness: ok; EDT responsiveness: 1/6 sluggish, 3/6 very slow 
2020-03-04 00:08:29,153 [  18199]   INFO - penapi.project.DumbServiceImpl - Running dumb mode task: initial refresh 
2020-03-04 00:08:29,193 [  18239]   INFO - penapi.project.DumbServiceImpl - updateFinished 
2020-03-04 00:08:29,200 [  18246]   INFO - g.FileBasedIndexProjectHandler - Has changed files: false; project=Project '/Users/xinyuan/Documents/ANU/ANU Honours Project/Code' AST 
2020-03-04 00:08:29,320 [  18366]   INFO - j.ide.ui.OptionsTopHitProvider - 108 ms spent to cache options in project 
2020-03-04 00:08:29,320 [  18366]   INFO - tartup.impl.StartupManagerImpl - Some post-startup activities freeze UI for noticeable time. Please consider making them DumbAware to do them in background under modal progress, or just making them faster to speed up project opening. 
2020-03-04 00:08:29,320 [  18366]   INFO - tartup.impl.StartupManagerImpl - Activity run in 108ms on UI thread 
2020-03-04 00:08:29,331 [  18377]   WARN - com.intellij.util.xmlb.Binding - no accessors for class org.jetbrains.kotlin.idea.highlighter.KotlinDefaultHighlightingSettingsProvider 
2020-03-04 00:08:29,777 [  18823]   INFO - j.ide.ui.OptionsTopHitProvider - 157 ms spent on EDT to cache options in project 
2020-03-04 00:08:29,817 [  18863]   INFO - penapi.project.DumbServiceImpl - Running dumb mode task: com.android.tools.idea.res.ResourceFolderRepositoryFileCacheImpl$PruneTask@6ba0787a 
2020-03-04 00:08:29,828 [  18874]   INFO - penapi.project.DumbServiceImpl - Running dumb mode task: com.android.tools.idea.res.ResourceFolderRepositoryFileCacheImpl$ManageLruProjectFilesTask@544026e1 
2020-03-04 00:08:29,899 [  18945]   INFO - penapi.project.DumbServiceImpl - updateFinished 
2020-03-04 00:08:29,900 [  18946]   INFO - g.FileBasedIndexProjectHandler - Has changed files: false; project=Project '/Users/xinyuan/Documents/ANU/ANU Honours Project/Code' AST 
2020-03-04 00:08:29,999 [  19045]   INFO - penapi.project.DumbServiceImpl - Running dumb mode task: com.android.tools.idea.res.ResourceFolderRegistry$PopulateCachesTask@3acc6d40 
2020-03-04 00:08:30,071 [  19117]   INFO - penapi.project.DumbServiceImpl - updateFinished 
2020-03-04 00:08:30,072 [  19118]   INFO - g.FileBasedIndexProjectHandler - Has changed files: false; project=Project '/Users/xinyuan/Documents/ANU/ANU Honours Project/Code' AST 
2020-03-04 00:08:31,480 [  20526]   INFO - ntellij.internal.IconsLoadTime - SVG load time: total=576.73ms, average=5.77ms, median=5.50ms; number of icons: 100 
2020-03-04 00:08:36,228 [  25274]   INFO - ellij.project.impl.ProjectImpl - 20 project components initialized in 17 ms 
2020-03-04 00:08:43,043 [  32089]   INFO - il.indexing.FileBasedIndexImpl - START INDEX SHUTDOWN 
2020-03-04 00:08:43,069 [  32115]   INFO - il.indexing.FileBasedIndexImpl - END INDEX SHUTDOWN 
2020-03-04 00:08:43,071 [  32117]   INFO - stubs.SerializationManagerImpl - START StubSerializationManager SHUTDOWN 
2020-03-04 00:08:43,071 [  32117]   INFO - stubs.SerializationManagerImpl - END StubSerializationManager SHUTDOWN 
2020-03-04 00:08:43,073 [  32119]   INFO - newvfs.persistent.PersistentFS - VFS dispose started 
2020-03-04 00:08:43,075 [  32121]   INFO - newvfs.persistent.PersistentFS - VFS dispose completed 
2020-03-04 00:08:43,075 [  32121]   INFO -        #com.intellij.idea.Main - ------------------------------------------------------ IDE SHUTDOWN ------------------------------------------------------ 
2020-03-04 00:08:43,076 [  32122]   INFO - org.jetbrains.io.BuiltInServer - web server stopped 
