{"session":"aeed8a9e05f9","build":"183.6156.11","bucket":"-1","time":1581487370632,"group":{"id":"system.os.name","version":"9"},"event":{"data":{"created":1581487370633},"id":"Mac.OS.X"}}
{"session":"aeed8a9e05f9","build":"183.6156.11","bucket":"-1","time":1581487370633,"group":{"id":"system.os.version","version":"9"},"event":{"data":{"created":1581487370642},"id":"10.15.2"}}
{"session":"aeed8a9e05f9","build":"183.6156.11","bucket":"-1","time":1581487370633,"group":{"id":"system.jvm.vendor","version":"9"},"event":{"data":{"created":1581487370652},"id":"JetBrains_s.r.o"}}
{"session":"aeed8a9e05f9","build":"183.6156.11","bucket":"-1","time":1581487370633,"group":{"id":"system.jvm.version","version":"9"},"event":{"data":{"created":1581487370653},"id":"1.8"}}
{"session":"aeed8a9e05f9","build":"183.6156.11","bucket":"-1","time":1581487370641,"group":{"id":"settings","version":"9"},"event":{"data":{"created":1581487370653,"name":"activeMruEditorOnClose","value":false},"id":"UISettings"}}
{"session":"aeed8a9e05f9","build":"183.6156.11","bucket":"-1","time":1581487370641,"group":{"id":"settings","version":"9"},"event":{"data":{"created":1581487370654,"name":"activeRightEditorOnClose","value":false},"id":"UISettings"}}
{"session":"aeed8a9e05f9","build":"183.6156.11","bucket":"-1","time":1581487370641,"group":{"id":"settings","version":"9"},"event":{"data":{"created":1581487370655,"name":"allowMergeButtons","value":true},"id":"UISettings"}}
{"session":"aeed8a9e05f9","build":"183.6156.11","bucket":"-1","time":1581487370641,"group":{"id":"settings","version":"9"},"event":{"data":{"created":1581487370655,"name":"alwaysShowWindowsButton","value":false},"id":"UISettings"}}
{"session":"aeed8a9e05f9","build":"183.6156.11","bucket":"-1","time":1581487370641,"group":{"id":"settings","version":"9"},"event":{"data":{"created":1581487370656,"name":"animateWindows","value":true},"id":"UISettings"}}
{"session":"aeed8a9e05f9","build":"183.6156.11","bucket":"-1","time":1581487370641,"group":{"id":"settings","version":"9"},"event":{"data":{"created":1581487370656,"name":"closeNonModifiedFilesFirst","value":false},"id":"UISettings"}}
{"session":"aeed8a9e05f9","build":"183.6156.11","bucket":"-1","time":1581487370641,"group":{"id":"settings","version":"9"},"event":{"data":{"created":1581487370657,"name":"closeTabButtonOnTheRight","value":true},"id":"UISettings"}}
{"session":"aeed8a9e05f9","build":"183.6156.11","bucket":"-1","time":1581487370641,"group":{"id":"settings","version":"9"},"event":{"data":{"created":1581487370657,"name":"cycleScrolling","value":true},"id":"UISettings"}}
{"session":"aeed8a9e05f9","build":"183.6156.11","bucket":"-1","time":1581487370641,"group":{"id":"settings","version":"9"},"event":{"data":{"created":1581487370658,"name":"defaultAutoScrollToSource","value":false},"id":"UISettings"}}
{"session":"aeed8a9e05f9","build":"183.6156.11","bucket":"-1","time":1581487370641,"group":{"id":"settings","version":"9"},"event":{"data":{"created":1581487370659,"name":"disableMnemonics","value":true},"id":"UISettings"}}
{"session":"aeed8a9e05f9","build":"183.6156.11","bucket":"-1","time":1581487370641,"group":{"id":"settings","version":"9"},"event":{"data":{"created":1581487370660,"name":"disableMnemonicsInControls","value":false},"id":"UISettings"}}
{"session":"aeed8a9e05f9","build":"183.6156.11","bucket":"-1","time":1581487370641,"group":{"id":"settings","version":"9"},"event":{"data":{"created":1581487370660,"name":"dndWithPressedAltOnly","value":false},"id":"UISettings"}}
{"session":"aeed8a9e05f9","build":"183.6156.11","bucket":"-1","time":1581487370641,"group":{"id":"settings","version":"9"},"event":{"data":{"created":1581487370661,"name":"enableAlphaMode","value":false},"id":"UISettings"}}
{"session":"aeed8a9e05f9","build":"183.6156.11","bucket":"-1","time":1581487370641,"group":{"id":"settings","version":"9"},"event":{"data":{"created":1581487370662,"name":"hideKnownExtensionInTabs","value":false},"id":"UISettings"}}
{"session":"aeed8a9e05f9","build":"183.6156.11","bucket":"-1","time":1581487370641,"group":{"id":"settings","version":"9"},"event":{"data":{"created":1581487370663,"name":"hideNavigationOnFocusLoss","value":true},"id":"UISettings"}}
{"session":"aeed8a9e05f9","build":"183.6156.11","bucket":"-1","time":1581487370641,"group":{"id":"settings","version":"9"},"event":{"data":{"created":1581487370664,"name":"hideTabsIfNeed","value":true},"id":"UISettings"}}
{"session":"aeed8a9e05f9","build":"183.6156.11","bucket":"-1","time":1581487370642,"group":{"id":"settings","version":"9"},"event":{"data":{"created":1581487370664,"name":"hideToolStripes","value":false},"id":"UISettings"}}
{"session":"aeed8a9e05f9","build":"183.6156.11","bucket":"-1","time":1581487370642,"group":{"id":"settings","version":"9"},"event":{"data":{"created":1581487370665,"name":"leftHorizontalSplit","value":false},"id":"UISettings"}}
{"session":"aeed8a9e05f9","build":"183.6156.11","bucket":"-1","time":1581487370642,"group":{"id":"settings","version":"9"},"event":{"data":{"created":1581487370666,"name":"markModifiedTabsWithAsterisk","value":false},"id":"UISettings"}}
{"session":"aeed8a9e05f9","build":"183.6156.11","bucket":"-1","time":1581487370642,"group":{"id":"settings","version":"9"},"event":{"data":{"created":1581487370667,"name":"mergeEqualStackTraces","value":true},"id":"UISettings"}}
{"session":"aeed8a9e05f9","build":"183.6156.11","bucket":"-1","time":1581487370642,"group":{"id":"settings","version":"9"},"event":{"data":{"created":1581487370668,"name":"moveMouseOnDefaultButton","value":false},"id":"UISettings"}}
{"session":"aeed8a9e05f9","build":"183.6156.11","bucket":"-1","time":1581487370642,"group":{"id":"settings","version":"9"},"event":{"data":{"created":1581487370668,"name":"navigateToPreview","value":false},"id":"UISettings"}}
{"session":"aeed8a9e05f9","build":"183.6156.11","bucket":"-1","time":1581487370642,"group":{"id":"settings","version":"9"},"event":{"data":{"created":1581487370669,"name":"overrideConsoleCycleBufferSize","value":false},"id":"UISettings"}}
{"session":"aeed8a9e05f9","build":"183.6156.11","bucket":"-1","time":1581487370642,"group":{"id":"settings","version":"9"},"event":{"data":{"created":1581487370670,"name":"overrideLafFonts","value":false},"id":"UISettings"}}
{"session":"aeed8a9e05f9","build":"183.6156.11","bucket":"-1","time":1581487370642,"group":{"id":"settings","version":"9"},"event":{"data":{"created":1581487370671,"name":"pinFindInPath","value":false},"id":"UISettings"}}
{"session":"aeed8a9e05f9","build":"183.6156.11","bucket":"-1","time":1581487370642,"group":{"id":"settings","version":"9"},"event":{"data":{"created":1581487370671,"name":"presentationMode","value":false},"id":"UISettings"}}
{"session":"aeed8a9e05f9","build":"183.6156.11","bucket":"-1","time":1581487370642,"group":{"id":"settings","version":"9"},"event":{"data":{"created":1581487370672,"name":"reuseNotModifiedTabs","value":false},"id":"UISettings"}}
{"session":"aeed8a9e05f9","build":"183.6156.11","bucket":"-1","time":1581487370642,"group":{"id":"settings","version":"9"},"event":{"data":{"created":1581487370672,"name":"rightHorizontalSplit","value":false},"id":"UISettings"}}
{"session":"aeed8a9e05f9","build":"183.6156.11","bucket":"-1","time":1581487370642,"group":{"id":"settings","version":"9"},"event":{"data":{"created":1581487370673,"name":"scrollTabLayoutInEditor","value":true},"id":"UISettings"}}
{"session":"aeed8a9e05f9","build":"183.6156.11","bucket":"-1","time":1581487370642,"group":{"id":"settings","version":"9"},"event":{"data":{"created":1581487370674,"name":"showCloseButton","value":true},"id":"UISettings"}}
{"session":"aeed8a9e05f9","build":"183.6156.11","bucket":"-1","time":1581487370642,"group":{"id":"settings","version":"9"},"event":{"data":{"created":1581487370675,"name":"showDirectoryForNonUniqueFilenames","value":true},"id":"UISettings"}}
{"session":"aeed8a9e05f9","build":"183.6156.11","bucket":"-1","time":1581487370642,"group":{"id":"settings","version":"9"},"event":{"data":{"created":1581487370675,"name":"showEditorToolTip","value":true},"id":"UISettings"}}
{"session":"aeed8a9e05f9","build":"183.6156.11","bucket":"-1","time":1581487370642,"group":{"id":"settings","version":"9"},"event":{"data":{"created":1581487370676,"name":"showIconInQuickNavigation","value":true},"id":"UISettings"}}
{"session":"aeed8a9e05f9","build":"183.6156.11","bucket":"-1","time":1581487370642,"group":{"id":"settings","version":"9"},"event":{"data":{"created":1581487370677,"name":"showIconsInMenus","value":true},"id":"UISettings"}}
{"session":"aeed8a9e05f9","build":"183.6156.11","bucket":"-1","time":1581487370642,"group":{"id":"settings","version":"9"},"event":{"data":{"created":1581487370677,"name":"showMainToolbar","value":false},"id":"UISettings"}}
{"session":"aeed8a9e05f9","build":"183.6156.11","bucket":"-1","time":1581487370642,"group":{"id":"settings","version":"9"},"event":{"data":{"created":1581487370678,"name":"showMemoryIndicator","value":false},"id":"UISettings"}}
{"session":"aeed8a9e05f9","build":"183.6156.11","bucket":"-1","time":1581487370642,"group":{"id":"settings","version":"9"},"event":{"data":{"created":1581487370678,"name":"showNavigationBar","value":true},"id":"UISettings"}}
{"session":"aeed8a9e05f9","build":"183.6156.11","bucket":"-1","time":1581487370642,"group":{"id":"settings","version":"9"},"event":{"data":{"created":1581487370679,"name":"showStatusBar","value":true},"id":"UISettings"}}
{"session":"aeed8a9e05f9","build":"183.6156.11","bucket":"-1","time":1581487370642,"group":{"id":"settings","version":"9"},"event":{"data":{"created":1581487370680,"name":"showTabsTooltips","value":true},"id":"UISettings"}}
{"session":"aeed8a9e05f9","build":"183.6156.11","bucket":"-1","time":1581487370642,"group":{"id":"settings","version":"9"},"event":{"data":{"created":1581487370680,"name":"showToolWindowsNumbers","value":true},"id":"UISettings"}}
{"session":"aeed8a9e05f9","build":"183.6156.11","bucket":"-1","time":1581487370642,"group":{"id":"settings","version":"9"},"event":{"data":{"created":1581487370681,"name":"smoothScrolling","value":true},"id":"UISettings"}}
{"session":"aeed8a9e05f9","build":"183.6156.11","bucket":"-1","time":1581487370642,"group":{"id":"settings","version":"9"},"event":{"data":{"created":1581487370681,"name":"sortBookmarks","value":false},"id":"UISettings"}}
{"session":"aeed8a9e05f9","build":"183.6156.11","bucket":"-1","time":1581487370642,"group":{"id":"settings","version":"9"},"event":{"data":{"created":1581487370682,"name":"sortLookupElementsLexicographically","value":false},"id":"UISettings"}}
{"session":"aeed8a9e05f9","build":"183.6156.11","bucket":"-1","time":1581487370642,"group":{"id":"settings","version":"9"},"event":{"data":{"created":1581487370682,"name":"useSmallLabelsOnTabs","value":true},"id":"UISettings"}}
{"session":"aeed8a9e05f9","build":"183.6156.11","bucket":"-1","time":1581487370642,"group":{"id":"settings","version":"9"},"event":{"data":{"created":1581487370683,"name":"wideScreenSupport","value":false},"id":"UISettings"}}
{"session":"aeed8a9e05f9","build":"183.6156.11","bucket":"-1","time":1581487371306,"group":{"id":"settings","version":"9"},"event":{"data":{"created":1581487371306,"name":"autoSaveIfInactive","value":false},"id":"GeneralSettings"}}
{"session":"aeed8a9e05f9","build":"183.6156.11","bucket":"-1","time":1581487371306,"group":{"id":"settings","version":"9"},"event":{"data":{"created":1581487371306,"name":"confirmExit","value":true},"id":"GeneralSettings"}}
{"session":"aeed8a9e05f9","build":"183.6156.11","bucket":"-1","time":1581487371306,"group":{"id":"settings","version":"9"},"event":{"data":{"created":1581487371307,"name":"reopenLastProject","value":true},"id":"GeneralSettings"}}
{"session":"aeed8a9e05f9","build":"183.6156.11","bucket":"-1","time":1581487371306,"group":{"id":"settings","version":"9"},"event":{"data":{"created":1581487371308,"name":"saveOnFrameDeactivation","value":true},"id":"GeneralSettings"}}
{"session":"aeed8a9e05f9","build":"183.6156.11","bucket":"-1","time":1581487371306,"group":{"id":"settings","version":"9"},"event":{"data":{"created":1581487371308,"name":"searchInBackground","value":false},"id":"GeneralSettings"}}
{"session":"aeed8a9e05f9","build":"183.6156.11","bucket":"-1","time":1581487371306,"group":{"id":"settings","version":"9"},"event":{"data":{"created":1581487371309,"name":"showTipsOnStartup","value":true},"id":"GeneralSettings"}}
{"session":"aeed8a9e05f9","build":"183.6156.11","bucket":"-1","time":1581487371306,"group":{"id":"settings","version":"9"},"event":{"data":{"created":1581487371309,"name":"showWelcomeScreen","value":true},"id":"GeneralSettings"}}
{"session":"aeed8a9e05f9","build":"183.6156.11","bucket":"-1","time":1581487371306,"group":{"id":"settings","version":"9"},"event":{"data":{"created":1581487371309,"name":"supportScreenReaders","value":false},"id":"GeneralSettings"}}
{"session":"aeed8a9e05f9","build":"183.6156.11","bucket":"-1","time":1581487371306,"group":{"id":"settings","version":"9"},"event":{"data":{"created":1581487371310,"name":"syncOnFrameActivation","value":true},"id":"GeneralSettings"}}
{"session":"aeed8a9e05f9","build":"183.6156.11","bucket":"-1","time":1581487371306,"group":{"id":"settings","version":"9"},"event":{"data":{"created":1581487371310,"name":"useDefaultBrowser","value":true},"id":"GeneralSettings"}}
{"session":"aeed8a9e05f9","build":"183.6156.11","bucket":"-1","time":1581487371306,"group":{"id":"settings","version":"9"},"event":{"data":{"created":1581487371311,"name":"useSafeWrite","value":true},"id":"GeneralSettings"}}
{"session":"aeed8a9e05f9","build":"183.6156.11","bucket":"-1","time":1581487373530,"group":{"id":"ui.dialogs","version":"9"},"event":{"count":1,"data":{"created":1581487373531,"type":"show"},"id":"com.intellij.openapi.progress.util.ProgressDialog$MyDialogWrapper"}}
{"session":"aeed8a9e05f9","build":"183.6156.11","bucket":"-1","time":1581487375039,"group":{"id":"ui.dialogs","version":"9"},"event":{"count":1,"data":{"code":1,"created":1581487375039,"type":"close"},"id":"com.intellij.openapi.progress.util.ProgressDialog$MyDialogWrapper"}}
{"session":"aeed8a9e05f9","build":"183.6156.11","bucket":"-1","time":1581487375070,"group":{"id":"statistics.lifecycle.project","version":"9"},"event":{"count":1,"data":{"created":1581487375070,"project":"-1867777320"},"id":"project.opened"}}
{"session":"aeed8a9e05f9","build":"183.6156.11","bucket":"-1","time":1581487375071,"group":{"id":"lifecycle","version":"9"},"event":{"count":1,"data":{"created":1581487375071},"id":"project.opened"}}
{"session":"aeed8a9e05f9","build":"183.6156.11","bucket":"-1","time":1581487375776,"group":{"id":"ui.dialogs","version":"9"},"event":{"count":1,"data":{"created":1581487375776,"type":"show"},"id":"com.intellij.openapi.progress.util.ProgressDialog$MyDialogWrapper"}}
{"session":"aeed8a9e05f9","build":"183.6156.11","bucket":"-1","time":1581487377785,"group":{"id":"statistics.lifecycle.app","version":"9"},"event":{"count":1,"data":{"created":1581487377785},"id":"ide.start"}}
{"session":"aeed8a9e05f9","build":"183.6156.11","bucket":"-1","time":1581487377785,"group":{"id":"lifecycle","version":"9"},"event":{"count":1,"data":{"created":1581487377785},"id":"app.started"}}
{"session":"aeed8a9e05f9","build":"183.6156.11","bucket":"-1","time":1581487378161,"group":{"id":"statistics.ui.tips","version":"9"},"event":{"count":1,"data":{"created":1581487378161},"id":"shown.automatically"}}
{"session":"aeed8a9e05f9","build":"183.6156.11","bucket":"-1","time":1581487378224,"group":{"id":"ui.dialogs","version":"9"},"event":{"count":1,"data":{"created":1581487378224,"type":"show"},"id":"com.intellij.ide.util.TipDialog"}}
{"session":"aeed8a9e05f9","build":"183.6156.11","bucket":"-1","time":1581487379006,"group":{"id":"ui.dialogs","version":"9"},"event":{"count":1,"data":{"code":1,"created":1581487379006,"type":"close"},"id":"com.intellij.openapi.progress.util.ProgressDialog$MyDialogWrapper"}}
{"session":"aeed8a9e05f9","build":"183.6156.11","bucket":"-1","time":1581487379103,"group":{"id":"statistics.lifecycle.project","version":"9"},"event":{"count":1,"data":{"created":1581487379103,"project":"-1867777320"},"id":"project.open.time.6"}}
{"session":"aeed8a9e05f9","build":"183.6156.11","bucket":"-1","time":1581487379103,"group":{"id":"lifecycle","version":"9"},"event":{"count":1,"data":{"created":1581487379104,"time.ms":6094},"id":"project.opening.finished"}}
{"session":"aeed8a9e05f9","build":"183.6156.11","bucket":"-1","time":1581487397635,"group":{"id":"ui.dialogs","version":"9"},"event":{"count":1,"data":{"code":1,"created":1581487397635,"type":"close"},"id":"com.intellij.ide.util.TipDialog"}}
{"session":"aeed8a9e05f9","build":"183.6156.11","bucket":"-1","time":1581487401798,"group":{"id":"statistics.lifecycle.project","version":"9"},"event":{"count":1,"data":{"created":1581487401798,"project":"-1867777320"},"id":"project.closed"}}
