{"session":"61d3653d175c","build":"183.6156.11","bucket":"-1","time":1581486297268,"group":{"id":"system.os.name","version":"9"},"event":{"data":{"created":1581486297268},"id":"Mac.OS.X"}}
{"session":"61d3653d175c","build":"183.6156.11","bucket":"-1","time":1581486297268,"group":{"id":"system.os.version","version":"9"},"event":{"data":{"created":1581486297277},"id":"10.15.2"}}
{"session":"61d3653d175c","build":"183.6156.11","bucket":"-1","time":1581486297268,"group":{"id":"system.jvm.vendor","version":"9"},"event":{"data":{"created":1581486297288},"id":"JetBrains_s.r.o"}}
{"session":"61d3653d175c","build":"183.6156.11","bucket":"-1","time":1581486297268,"group":{"id":"system.jvm.version","version":"9"},"event":{"data":{"created":1581486297289},"id":"1.8"}}
{"session":"61d3653d175c","build":"183.6156.11","bucket":"-1","time":1581486297276,"group":{"id":"settings","version":"9"},"event":{"data":{"created":1581486297289,"name":"activeMruEditorOnClose","value":false},"id":"UISettings"}}
{"session":"61d3653d175c","build":"183.6156.11","bucket":"-1","time":1581486297276,"group":{"id":"settings","version":"9"},"event":{"data":{"created":1581486297290,"name":"activeRightEditorOnClose","value":false},"id":"UISettings"}}
{"session":"61d3653d175c","build":"183.6156.11","bucket":"-1","time":1581486297276,"group":{"id":"settings","version":"9"},"event":{"data":{"created":1581486297290,"name":"allowMergeButtons","value":true},"id":"UISettings"}}
{"session":"61d3653d175c","build":"183.6156.11","bucket":"-1","time":1581486297276,"group":{"id":"settings","version":"9"},"event":{"data":{"created":1581486297291,"name":"alwaysShowWindowsButton","value":false},"id":"UISettings"}}
{"session":"61d3653d175c","build":"183.6156.11","bucket":"-1","time":1581486297276,"group":{"id":"settings","version":"9"},"event":{"data":{"created":1581486297292,"name":"animateWindows","value":true},"id":"UISettings"}}
{"session":"61d3653d175c","build":"183.6156.11","bucket":"-1","time":1581486297276,"group":{"id":"settings","version":"9"},"event":{"data":{"created":1581486297292,"name":"closeNonModifiedFilesFirst","value":false},"id":"UISettings"}}
{"session":"61d3653d175c","build":"183.6156.11","bucket":"-1","time":1581486297276,"group":{"id":"settings","version":"9"},"event":{"data":{"created":1581486297293,"name":"closeTabButtonOnTheRight","value":true},"id":"UISettings"}}
{"session":"61d3653d175c","build":"183.6156.11","bucket":"-1","time":1581486297276,"group":{"id":"settings","version":"9"},"event":{"data":{"created":1581486297293,"name":"cycleScrolling","value":true},"id":"UISettings"}}
{"session":"61d3653d175c","build":"183.6156.11","bucket":"-1","time":1581486297276,"group":{"id":"settings","version":"9"},"event":{"data":{"created":1581486297294,"name":"defaultAutoScrollToSource","value":false},"id":"UISettings"}}
{"session":"61d3653d175c","build":"183.6156.11","bucket":"-1","time":1581486297276,"group":{"id":"settings","version":"9"},"event":{"data":{"created":1581486297294,"name":"disableMnemonics","value":true},"id":"UISettings"}}
{"session":"61d3653d175c","build":"183.6156.11","bucket":"-1","time":1581486297276,"group":{"id":"settings","version":"9"},"event":{"data":{"created":1581486297295,"name":"disableMnemonicsInControls","value":false},"id":"UISettings"}}
{"session":"61d3653d175c","build":"183.6156.11","bucket":"-1","time":1581486297276,"group":{"id":"settings","version":"9"},"event":{"data":{"created":1581486297295,"name":"dndWithPressedAltOnly","value":false},"id":"UISettings"}}
{"session":"61d3653d175c","build":"183.6156.11","bucket":"-1","time":1581486297276,"group":{"id":"settings","version":"9"},"event":{"data":{"created":1581486297296,"name":"enableAlphaMode","value":false},"id":"UISettings"}}
{"session":"61d3653d175c","build":"183.6156.11","bucket":"-1","time":1581486297276,"group":{"id":"settings","version":"9"},"event":{"data":{"created":1581486297296,"name":"hideKnownExtensionInTabs","value":false},"id":"UISettings"}}
{"session":"61d3653d175c","build":"183.6156.11","bucket":"-1","time":1581486297276,"group":{"id":"settings","version":"9"},"event":{"data":{"created":1581486297297,"name":"hideNavigationOnFocusLoss","value":true},"id":"UISettings"}}
{"session":"61d3653d175c","build":"183.6156.11","bucket":"-1","time":1581486297276,"group":{"id":"settings","version":"9"},"event":{"data":{"created":1581486297297,"name":"hideTabsIfNeed","value":true},"id":"UISettings"}}
{"session":"61d3653d175c","build":"183.6156.11","bucket":"-1","time":1581486297276,"group":{"id":"settings","version":"9"},"event":{"data":{"created":1581486297298,"name":"hideToolStripes","value":false},"id":"UISettings"}}
{"session":"61d3653d175c","build":"183.6156.11","bucket":"-1","time":1581486297276,"group":{"id":"settings","version":"9"},"event":{"data":{"created":1581486297298,"name":"leftHorizontalSplit","value":false},"id":"UISettings"}}
{"session":"61d3653d175c","build":"183.6156.11","bucket":"-1","time":1581486297276,"group":{"id":"settings","version":"9"},"event":{"data":{"created":1581486297299,"name":"markModifiedTabsWithAsterisk","value":false},"id":"UISettings"}}
{"session":"61d3653d175c","build":"183.6156.11","bucket":"-1","time":1581486297276,"group":{"id":"settings","version":"9"},"event":{"data":{"created":1581486297299,"name":"mergeEqualStackTraces","value":true},"id":"UISettings"}}
{"session":"61d3653d175c","build":"183.6156.11","bucket":"-1","time":1581486297276,"group":{"id":"settings","version":"9"},"event":{"data":{"created":1581486297300,"name":"moveMouseOnDefaultButton","value":false},"id":"UISettings"}}
{"session":"61d3653d175c","build":"183.6156.11","bucket":"-1","time":1581486297276,"group":{"id":"settings","version":"9"},"event":{"data":{"created":1581486297300,"name":"navigateToPreview","value":false},"id":"UISettings"}}
{"session":"61d3653d175c","build":"183.6156.11","bucket":"-1","time":1581486297276,"group":{"id":"settings","version":"9"},"event":{"data":{"created":1581486297301,"name":"overrideConsoleCycleBufferSize","value":false},"id":"UISettings"}}
{"session":"61d3653d175c","build":"183.6156.11","bucket":"-1","time":1581486297276,"group":{"id":"settings","version":"9"},"event":{"data":{"created":1581486297301,"name":"overrideLafFonts","value":false},"id":"UISettings"}}
{"session":"61d3653d175c","build":"183.6156.11","bucket":"-1","time":1581486297276,"group":{"id":"settings","version":"9"},"event":{"data":{"created":1581486297302,"name":"pinFindInPath","value":false},"id":"UISettings"}}
{"session":"61d3653d175c","build":"183.6156.11","bucket":"-1","time":1581486297276,"group":{"id":"settings","version":"9"},"event":{"data":{"created":1581486297302,"name":"presentationMode","value":false},"id":"UISettings"}}
{"session":"61d3653d175c","build":"183.6156.11","bucket":"-1","time":1581486297276,"group":{"id":"settings","version":"9"},"event":{"data":{"created":1581486297302,"name":"reuseNotModifiedTabs","value":false},"id":"UISettings"}}
{"session":"61d3653d175c","build":"183.6156.11","bucket":"-1","time":1581486297276,"group":{"id":"settings","version":"9"},"event":{"data":{"created":1581486297303,"name":"rightHorizontalSplit","value":false},"id":"UISettings"}}
{"session":"61d3653d175c","build":"183.6156.11","bucket":"-1","time":1581486297276,"group":{"id":"settings","version":"9"},"event":{"data":{"created":1581486297303,"name":"scrollTabLayoutInEditor","value":true},"id":"UISettings"}}
{"session":"61d3653d175c","build":"183.6156.11","bucket":"-1","time":1581486297276,"group":{"id":"settings","version":"9"},"event":{"data":{"created":1581486297304,"name":"showCloseButton","value":true},"id":"UISettings"}}
{"session":"61d3653d175c","build":"183.6156.11","bucket":"-1","time":1581486297276,"group":{"id":"settings","version":"9"},"event":{"data":{"created":1581486297304,"name":"showDirectoryForNonUniqueFilenames","value":true},"id":"UISettings"}}
{"session":"61d3653d175c","build":"183.6156.11","bucket":"-1","time":1581486297276,"group":{"id":"settings","version":"9"},"event":{"data":{"created":1581486297305,"name":"showEditorToolTip","value":true},"id":"UISettings"}}
{"session":"61d3653d175c","build":"183.6156.11","bucket":"-1","time":1581486297276,"group":{"id":"settings","version":"9"},"event":{"data":{"created":1581486297305,"name":"showIconInQuickNavigation","value":true},"id":"UISettings"}}
{"session":"61d3653d175c","build":"183.6156.11","bucket":"-1","time":1581486297276,"group":{"id":"settings","version":"9"},"event":{"data":{"created":1581486297306,"name":"showIconsInMenus","value":true},"id":"UISettings"}}
{"session":"61d3653d175c","build":"183.6156.11","bucket":"-1","time":1581486297276,"group":{"id":"settings","version":"9"},"event":{"data":{"created":1581486297306,"name":"showMainToolbar","value":false},"id":"UISettings"}}
{"session":"61d3653d175c","build":"183.6156.11","bucket":"-1","time":1581486297276,"group":{"id":"settings","version":"9"},"event":{"data":{"created":1581486297307,"name":"showMemoryIndicator","value":false},"id":"UISettings"}}
{"session":"61d3653d175c","build":"183.6156.11","bucket":"-1","time":1581486297276,"group":{"id":"settings","version":"9"},"event":{"data":{"created":1581486297307,"name":"showNavigationBar","value":true},"id":"UISettings"}}
{"session":"61d3653d175c","build":"183.6156.11","bucket":"-1","time":1581486297276,"group":{"id":"settings","version":"9"},"event":{"data":{"created":1581486297308,"name":"showStatusBar","value":true},"id":"UISettings"}}
{"session":"61d3653d175c","build":"183.6156.11","bucket":"-1","time":1581486297276,"group":{"id":"settings","version":"9"},"event":{"data":{"created":1581486297308,"name":"showTabsTooltips","value":true},"id":"UISettings"}}
{"session":"61d3653d175c","build":"183.6156.11","bucket":"-1","time":1581486297276,"group":{"id":"settings","version":"9"},"event":{"data":{"created":1581486297309,"name":"showToolWindowsNumbers","value":true},"id":"UISettings"}}
{"session":"61d3653d175c","build":"183.6156.11","bucket":"-1","time":1581486297276,"group":{"id":"settings","version":"9"},"event":{"data":{"created":1581486297309,"name":"smoothScrolling","value":true},"id":"UISettings"}}
{"session":"61d3653d175c","build":"183.6156.11","bucket":"-1","time":1581486297276,"group":{"id":"settings","version":"9"},"event":{"data":{"created":1581486297309,"name":"sortBookmarks","value":false},"id":"UISettings"}}
{"session":"61d3653d175c","build":"183.6156.11","bucket":"-1","time":1581486297276,"group":{"id":"settings","version":"9"},"event":{"data":{"created":1581486297310,"name":"sortLookupElementsLexicographically","value":false},"id":"UISettings"}}
{"session":"61d3653d175c","build":"183.6156.11","bucket":"-1","time":1581486297276,"group":{"id":"settings","version":"9"},"event":{"data":{"created":1581486297310,"name":"useSmallLabelsOnTabs","value":true},"id":"UISettings"}}
{"session":"61d3653d175c","build":"183.6156.11","bucket":"-1","time":1581486297276,"group":{"id":"settings","version":"9"},"event":{"data":{"created":1581486297310,"name":"wideScreenSupport","value":false},"id":"UISettings"}}
{"session":"61d3653d175c","build":"183.6156.11","bucket":"-1","time":1581486297989,"group":{"id":"settings","version":"9"},"event":{"data":{"created":1581486297989,"name":"autoSaveIfInactive","value":false},"id":"GeneralSettings"}}
{"session":"61d3653d175c","build":"183.6156.11","bucket":"-1","time":1581486297989,"group":{"id":"settings","version":"9"},"event":{"data":{"created":1581486297990,"name":"confirmExit","value":true},"id":"GeneralSettings"}}
{"session":"61d3653d175c","build":"183.6156.11","bucket":"-1","time":1581486297989,"group":{"id":"settings","version":"9"},"event":{"data":{"created":1581486297990,"name":"reopenLastProject","value":true},"id":"GeneralSettings"}}
{"session":"61d3653d175c","build":"183.6156.11","bucket":"-1","time":1581486297989,"group":{"id":"settings","version":"9"},"event":{"data":{"created":1581486297990,"name":"saveOnFrameDeactivation","value":true},"id":"GeneralSettings"}}
{"session":"61d3653d175c","build":"183.6156.11","bucket":"-1","time":1581486297989,"group":{"id":"settings","version":"9"},"event":{"data":{"created":1581486297991,"name":"searchInBackground","value":false},"id":"GeneralSettings"}}
{"session":"61d3653d175c","build":"183.6156.11","bucket":"-1","time":1581486297989,"group":{"id":"settings","version":"9"},"event":{"data":{"created":1581486297991,"name":"showTipsOnStartup","value":true},"id":"GeneralSettings"}}
{"session":"61d3653d175c","build":"183.6156.11","bucket":"-1","time":1581486297989,"group":{"id":"settings","version":"9"},"event":{"data":{"created":1581486297991,"name":"showWelcomeScreen","value":true},"id":"GeneralSettings"}}
{"session":"61d3653d175c","build":"183.6156.11","bucket":"-1","time":1581486297989,"group":{"id":"settings","version":"9"},"event":{"data":{"created":1581486297992,"name":"supportScreenReaders","value":false},"id":"GeneralSettings"}}
{"session":"61d3653d175c","build":"183.6156.11","bucket":"-1","time":1581486297989,"group":{"id":"settings","version":"9"},"event":{"data":{"created":1581486297992,"name":"syncOnFrameActivation","value":true},"id":"GeneralSettings"}}
{"session":"61d3653d175c","build":"183.6156.11","bucket":"-1","time":1581486297989,"group":{"id":"settings","version":"9"},"event":{"data":{"created":1581486297992,"name":"useDefaultBrowser","value":true},"id":"GeneralSettings"}}
{"session":"61d3653d175c","build":"183.6156.11","bucket":"-1","time":1581486297989,"group":{"id":"settings","version":"9"},"event":{"data":{"created":1581486297992,"name":"useSafeWrite","value":true},"id":"GeneralSettings"}}
{"session":"61d3653d175c","build":"183.6156.11","bucket":"-1","time":1581486300168,"group":{"id":"ui.dialogs","version":"9"},"event":{"count":1,"data":{"created":1581486300168,"type":"show"},"id":"com.intellij.openapi.progress.util.ProgressDialog$MyDialogWrapper"}}
{"session":"61d3653d175c","build":"183.6156.11","bucket":"-1","time":1581486301597,"group":{"id":"ui.dialogs","version":"9"},"event":{"count":1,"data":{"code":1,"created":1581486301597,"type":"close"},"id":"com.intellij.openapi.progress.util.ProgressDialog$MyDialogWrapper"}}
{"session":"61d3653d175c","build":"183.6156.11","bucket":"-1","time":1581486301625,"group":{"id":"statistics.lifecycle.project","version":"9"},"event":{"count":1,"data":{"created":1581486301625,"project":"-1867777320"},"id":"project.opened"}}
{"session":"61d3653d175c","build":"183.6156.11","bucket":"-1","time":1581486301627,"group":{"id":"lifecycle","version":"9"},"event":{"count":1,"data":{"created":1581486301627},"id":"project.opened"}}
{"session":"61d3653d175c","build":"183.6156.11","bucket":"-1","time":1581486302325,"group":{"id":"ui.dialogs","version":"9"},"event":{"count":1,"data":{"created":1581486302325,"type":"show"},"id":"com.intellij.openapi.progress.util.ProgressDialog$MyDialogWrapper"}}
{"session":"61d3653d175c","build":"183.6156.11","bucket":"-1","time":1581486304247,"group":{"id":"statistics.lifecycle.app","version":"9"},"event":{"count":1,"data":{"created":1581486304247},"id":"ide.start"}}
{"session":"61d3653d175c","build":"183.6156.11","bucket":"-1","time":1581486304247,"group":{"id":"lifecycle","version":"9"},"event":{"count":1,"data":{"created":1581486304248},"id":"app.started"}}
{"session":"61d3653d175c","build":"183.6156.11","bucket":"-1","time":1581486304627,"group":{"id":"statistics.ui.tips","version":"9"},"event":{"count":1,"data":{"created":1581486304627},"id":"shown.automatically"}}
{"session":"61d3653d175c","build":"183.6156.11","bucket":"-1","time":1581486304691,"group":{"id":"ui.dialogs","version":"9"},"event":{"count":1,"data":{"created":1581486304691,"type":"show"},"id":"com.intellij.ide.util.TipDialog"}}
{"session":"61d3653d175c","build":"183.6156.11","bucket":"-1","time":1581486305383,"group":{"id":"ui.dialogs","version":"9"},"event":{"count":1,"data":{"code":1,"created":1581486305383,"type":"close"},"id":"com.intellij.openapi.progress.util.ProgressDialog$MyDialogWrapper"}}
{"session":"61d3653d175c","build":"183.6156.11","bucket":"-1","time":1581486305438,"group":{"id":"statistics.lifecycle.project","version":"9"},"event":{"count":1,"data":{"created":1581486305438,"project":"-1867777320"},"id":"project.open.time.5"}}
{"session":"61d3653d175c","build":"183.6156.11","bucket":"-1","time":1581486305439,"group":{"id":"lifecycle","version":"9"},"event":{"count":1,"data":{"created":1581486305439,"time.ms":5832},"id":"project.opening.finished"}}
