{"session":"9dfba1fb819a","build":"183.6156.11","bucket":"-1","time":1581486936961,"group":{"id":"system.os.name","version":"9"},"event":{"data":{"created":1581486936962},"id":"Mac.OS.X"}}
{"session":"9dfba1fb819a","build":"183.6156.11","bucket":"-1","time":1581486936962,"group":{"id":"system.os.version","version":"9"},"event":{"data":{"created":1581486936970},"id":"10.15.2"}}
{"session":"9dfba1fb819a","build":"183.6156.11","bucket":"-1","time":1581486936962,"group":{"id":"system.jvm.vendor","version":"9"},"event":{"data":{"created":1581486936981},"id":"JetBrains_s.r.o"}}
{"session":"9dfba1fb819a","build":"183.6156.11","bucket":"-1","time":1581486936962,"group":{"id":"system.jvm.version","version":"9"},"event":{"data":{"created":1581486936982},"id":"1.8"}}
{"session":"9dfba1fb819a","build":"183.6156.11","bucket":"-1","time":1581486936970,"group":{"id":"settings","version":"9"},"event":{"data":{"created":1581486936983,"name":"activeMruEditorOnClose","value":false},"id":"UISettings"}}
{"session":"9dfba1fb819a","build":"183.6156.11","bucket":"-1","time":1581486936970,"group":{"id":"settings","version":"9"},"event":{"data":{"created":1581486936984,"name":"activeRightEditorOnClose","value":false},"id":"UISettings"}}
{"session":"9dfba1fb819a","build":"183.6156.11","bucket":"-1","time":1581486936970,"group":{"id":"settings","version":"9"},"event":{"data":{"created":1581486936985,"name":"allowMergeButtons","value":true},"id":"UISettings"}}
{"session":"9dfba1fb819a","build":"183.6156.11","bucket":"-1","time":1581486936970,"group":{"id":"settings","version":"9"},"event":{"data":{"created":1581486936986,"name":"alwaysShowWindowsButton","value":false},"id":"UISettings"}}
{"session":"9dfba1fb819a","build":"183.6156.11","bucket":"-1","time":1581486936970,"group":{"id":"settings","version":"9"},"event":{"data":{"created":1581486936986,"name":"animateWindows","value":true},"id":"UISettings"}}
{"session":"9dfba1fb819a","build":"183.6156.11","bucket":"-1","time":1581486936970,"group":{"id":"settings","version":"9"},"event":{"data":{"created":1581486936987,"name":"closeNonModifiedFilesFirst","value":false},"id":"UISettings"}}
{"session":"9dfba1fb819a","build":"183.6156.11","bucket":"-1","time":1581486936970,"group":{"id":"settings","version":"9"},"event":{"data":{"created":1581486936987,"name":"closeTabButtonOnTheRight","value":true},"id":"UISettings"}}
{"session":"9dfba1fb819a","build":"183.6156.11","bucket":"-1","time":1581486936970,"group":{"id":"settings","version":"9"},"event":{"data":{"created":1581486936988,"name":"cycleScrolling","value":true},"id":"UISettings"}}
{"session":"9dfba1fb819a","build":"183.6156.11","bucket":"-1","time":1581486936970,"group":{"id":"settings","version":"9"},"event":{"data":{"created":1581486936988,"name":"defaultAutoScrollToSource","value":false},"id":"UISettings"}}
{"session":"9dfba1fb819a","build":"183.6156.11","bucket":"-1","time":1581486936970,"group":{"id":"settings","version":"9"},"event":{"data":{"created":1581486936989,"name":"disableMnemonics","value":true},"id":"UISettings"}}
{"session":"9dfba1fb819a","build":"183.6156.11","bucket":"-1","time":1581486936970,"group":{"id":"settings","version":"9"},"event":{"data":{"created":1581486936989,"name":"disableMnemonicsInControls","value":false},"id":"UISettings"}}
{"session":"9dfba1fb819a","build":"183.6156.11","bucket":"-1","time":1581486936970,"group":{"id":"settings","version":"9"},"event":{"data":{"created":1581486936990,"name":"dndWithPressedAltOnly","value":false},"id":"UISettings"}}
{"session":"9dfba1fb819a","build":"183.6156.11","bucket":"-1","time":1581486936970,"group":{"id":"settings","version":"9"},"event":{"data":{"created":1581486936991,"name":"enableAlphaMode","value":false},"id":"UISettings"}}
{"session":"9dfba1fb819a","build":"183.6156.11","bucket":"-1","time":1581486936970,"group":{"id":"settings","version":"9"},"event":{"data":{"created":1581486936992,"name":"hideKnownExtensionInTabs","value":false},"id":"UISettings"}}
{"session":"9dfba1fb819a","build":"183.6156.11","bucket":"-1","time":1581486936970,"group":{"id":"settings","version":"9"},"event":{"data":{"created":1581486936993,"name":"hideNavigationOnFocusLoss","value":true},"id":"UISettings"}}
{"session":"9dfba1fb819a","build":"183.6156.11","bucket":"-1","time":1581486936970,"group":{"id":"settings","version":"9"},"event":{"data":{"created":1581486936994,"name":"hideTabsIfNeed","value":true},"id":"UISettings"}}
{"session":"9dfba1fb819a","build":"183.6156.11","bucket":"-1","time":1581486936970,"group":{"id":"settings","version":"9"},"event":{"data":{"created":1581486936995,"name":"hideToolStripes","value":false},"id":"UISettings"}}
{"session":"9dfba1fb819a","build":"183.6156.11","bucket":"-1","time":1581486936970,"group":{"id":"settings","version":"9"},"event":{"data":{"created":1581486936995,"name":"leftHorizontalSplit","value":false},"id":"UISettings"}}
{"session":"9dfba1fb819a","build":"183.6156.11","bucket":"-1","time":1581486936970,"group":{"id":"settings","version":"9"},"event":{"data":{"created":1581486936996,"name":"markModifiedTabsWithAsterisk","value":false},"id":"UISettings"}}
{"session":"9dfba1fb819a","build":"183.6156.11","bucket":"-1","time":1581486936970,"group":{"id":"settings","version":"9"},"event":{"data":{"created":1581486936997,"name":"mergeEqualStackTraces","value":true},"id":"UISettings"}}
{"session":"9dfba1fb819a","build":"183.6156.11","bucket":"-1","time":1581486936970,"group":{"id":"settings","version":"9"},"event":{"data":{"created":1581486936997,"name":"moveMouseOnDefaultButton","value":false},"id":"UISettings"}}
{"session":"9dfba1fb819a","build":"183.6156.11","bucket":"-1","time":1581486936970,"group":{"id":"settings","version":"9"},"event":{"data":{"created":1581486936998,"name":"navigateToPreview","value":false},"id":"UISettings"}}
{"session":"9dfba1fb819a","build":"183.6156.11","bucket":"-1","time":1581486936970,"group":{"id":"settings","version":"9"},"event":{"data":{"created":1581486936998,"name":"overrideConsoleCycleBufferSize","value":false},"id":"UISettings"}}
{"session":"9dfba1fb819a","build":"183.6156.11","bucket":"-1","time":1581486936970,"group":{"id":"settings","version":"9"},"event":{"data":{"created":1581486936999,"name":"overrideLafFonts","value":false},"id":"UISettings"}}
{"session":"9dfba1fb819a","build":"183.6156.11","bucket":"-1","time":1581486936970,"group":{"id":"settings","version":"9"},"event":{"data":{"created":1581486936999,"name":"pinFindInPath","value":false},"id":"UISettings"}}
{"session":"9dfba1fb819a","build":"183.6156.11","bucket":"-1","time":1581486936970,"group":{"id":"settings","version":"9"},"event":{"data":{"created":1581486937000,"name":"presentationMode","value":false},"id":"UISettings"}}
{"session":"9dfba1fb819a","build":"183.6156.11","bucket":"-1","time":1581486936970,"group":{"id":"settings","version":"9"},"event":{"data":{"created":1581486937001,"name":"reuseNotModifiedTabs","value":false},"id":"UISettings"}}
{"session":"9dfba1fb819a","build":"183.6156.11","bucket":"-1","time":1581486936970,"group":{"id":"settings","version":"9"},"event":{"data":{"created":1581486937001,"name":"rightHorizontalSplit","value":false},"id":"UISettings"}}
{"session":"9dfba1fb819a","build":"183.6156.11","bucket":"-1","time":1581486936970,"group":{"id":"settings","version":"9"},"event":{"data":{"created":1581486937002,"name":"scrollTabLayoutInEditor","value":true},"id":"UISettings"}}
{"session":"9dfba1fb819a","build":"183.6156.11","bucket":"-1","time":1581486936970,"group":{"id":"settings","version":"9"},"event":{"data":{"created":1581486937002,"name":"showCloseButton","value":true},"id":"UISettings"}}
{"session":"9dfba1fb819a","build":"183.6156.11","bucket":"-1","time":1581486936970,"group":{"id":"settings","version":"9"},"event":{"data":{"created":1581486937003,"name":"showDirectoryForNonUniqueFilenames","value":true},"id":"UISettings"}}
{"session":"9dfba1fb819a","build":"183.6156.11","bucket":"-1","time":1581486936970,"group":{"id":"settings","version":"9"},"event":{"data":{"created":1581486937003,"name":"showEditorToolTip","value":true},"id":"UISettings"}}
{"session":"9dfba1fb819a","build":"183.6156.11","bucket":"-1","time":1581486936970,"group":{"id":"settings","version":"9"},"event":{"data":{"created":1581486937004,"name":"showIconInQuickNavigation","value":true},"id":"UISettings"}}
{"session":"9dfba1fb819a","build":"183.6156.11","bucket":"-1","time":1581486936971,"group":{"id":"settings","version":"9"},"event":{"data":{"created":1581486937004,"name":"showIconsInMenus","value":true},"id":"UISettings"}}
{"session":"9dfba1fb819a","build":"183.6156.11","bucket":"-1","time":1581486936971,"group":{"id":"settings","version":"9"},"event":{"data":{"created":1581486937004,"name":"showMainToolbar","value":false},"id":"UISettings"}}
{"session":"9dfba1fb819a","build":"183.6156.11","bucket":"-1","time":1581486936971,"group":{"id":"settings","version":"9"},"event":{"data":{"created":1581486937005,"name":"showMemoryIndicator","value":false},"id":"UISettings"}}
{"session":"9dfba1fb819a","build":"183.6156.11","bucket":"-1","time":1581486936971,"group":{"id":"settings","version":"9"},"event":{"data":{"created":1581486937005,"name":"showNavigationBar","value":true},"id":"UISettings"}}
{"session":"9dfba1fb819a","build":"183.6156.11","bucket":"-1","time":1581486936971,"group":{"id":"settings","version":"9"},"event":{"data":{"created":1581486937006,"name":"showStatusBar","value":true},"id":"UISettings"}}
{"session":"9dfba1fb819a","build":"183.6156.11","bucket":"-1","time":1581486936971,"group":{"id":"settings","version":"9"},"event":{"data":{"created":1581486937006,"name":"showTabsTooltips","value":true},"id":"UISettings"}}
{"session":"9dfba1fb819a","build":"183.6156.11","bucket":"-1","time":1581486936971,"group":{"id":"settings","version":"9"},"event":{"data":{"created":1581486937006,"name":"showToolWindowsNumbers","value":true},"id":"UISettings"}}
{"session":"9dfba1fb819a","build":"183.6156.11","bucket":"-1","time":1581486936971,"group":{"id":"settings","version":"9"},"event":{"data":{"created":1581486937007,"name":"smoothScrolling","value":true},"id":"UISettings"}}
{"session":"9dfba1fb819a","build":"183.6156.11","bucket":"-1","time":1581486936971,"group":{"id":"settings","version":"9"},"event":{"data":{"created":1581486937008,"name":"sortBookmarks","value":false},"id":"UISettings"}}
{"session":"9dfba1fb819a","build":"183.6156.11","bucket":"-1","time":1581486936971,"group":{"id":"settings","version":"9"},"event":{"data":{"created":1581486937008,"name":"sortLookupElementsLexicographically","value":false},"id":"UISettings"}}
{"session":"9dfba1fb819a","build":"183.6156.11","bucket":"-1","time":1581486936971,"group":{"id":"settings","version":"9"},"event":{"data":{"created":1581486937008,"name":"useSmallLabelsOnTabs","value":true},"id":"UISettings"}}
{"session":"9dfba1fb819a","build":"183.6156.11","bucket":"-1","time":1581486936971,"group":{"id":"settings","version":"9"},"event":{"data":{"created":1581486937009,"name":"wideScreenSupport","value":false},"id":"UISettings"}}
{"session":"9dfba1fb819a","build":"183.6156.11","bucket":"-1","time":1581486937745,"group":{"id":"settings","version":"9"},"event":{"data":{"created":1581486937745,"name":"autoSaveIfInactive","value":false},"id":"GeneralSettings"}}
{"session":"9dfba1fb819a","build":"183.6156.11","bucket":"-1","time":1581486937745,"group":{"id":"settings","version":"9"},"event":{"data":{"created":1581486937745,"name":"confirmExit","value":true},"id":"GeneralSettings"}}
{"session":"9dfba1fb819a","build":"183.6156.11","bucket":"-1","time":1581486937745,"group":{"id":"settings","version":"9"},"event":{"data":{"created":1581486937746,"name":"reopenLastProject","value":true},"id":"GeneralSettings"}}
{"session":"9dfba1fb819a","build":"183.6156.11","bucket":"-1","time":1581486937745,"group":{"id":"settings","version":"9"},"event":{"data":{"created":1581486937746,"name":"saveOnFrameDeactivation","value":true},"id":"GeneralSettings"}}
{"session":"9dfba1fb819a","build":"183.6156.11","bucket":"-1","time":1581486937745,"group":{"id":"settings","version":"9"},"event":{"data":{"created":1581486937747,"name":"searchInBackground","value":false},"id":"GeneralSettings"}}
{"session":"9dfba1fb819a","build":"183.6156.11","bucket":"-1","time":1581486937745,"group":{"id":"settings","version":"9"},"event":{"data":{"created":1581486937747,"name":"showTipsOnStartup","value":true},"id":"GeneralSettings"}}
{"session":"9dfba1fb819a","build":"183.6156.11","bucket":"-1","time":1581486937745,"group":{"id":"settings","version":"9"},"event":{"data":{"created":1581486937748,"name":"showWelcomeScreen","value":true},"id":"GeneralSettings"}}
{"session":"9dfba1fb819a","build":"183.6156.11","bucket":"-1","time":1581486937745,"group":{"id":"settings","version":"9"},"event":{"data":{"created":1581486937748,"name":"supportScreenReaders","value":false},"id":"GeneralSettings"}}
{"session":"9dfba1fb819a","build":"183.6156.11","bucket":"-1","time":1581486937745,"group":{"id":"settings","version":"9"},"event":{"data":{"created":1581486937749,"name":"syncOnFrameActivation","value":true},"id":"GeneralSettings"}}
{"session":"9dfba1fb819a","build":"183.6156.11","bucket":"-1","time":1581486937745,"group":{"id":"settings","version":"9"},"event":{"data":{"created":1581486937749,"name":"useDefaultBrowser","value":true},"id":"GeneralSettings"}}
{"session":"9dfba1fb819a","build":"183.6156.11","bucket":"-1","time":1581486937745,"group":{"id":"settings","version":"9"},"event":{"data":{"created":1581486937749,"name":"useSafeWrite","value":true},"id":"GeneralSettings"}}
{"session":"9dfba1fb819a","build":"183.6156.11","bucket":"-1","time":1581486939997,"group":{"id":"ui.dialogs","version":"9"},"event":{"count":1,"data":{"created":1581486939998,"type":"show"},"id":"com.intellij.openapi.progress.util.ProgressDialog$MyDialogWrapper"}}
{"session":"9dfba1fb819a","build":"183.6156.11","bucket":"-1","time":1581486941611,"group":{"id":"ui.dialogs","version":"9"},"event":{"count":1,"data":{"code":1,"created":1581486941611,"type":"close"},"id":"com.intellij.openapi.progress.util.ProgressDialog$MyDialogWrapper"}}
{"session":"9dfba1fb819a","build":"183.6156.11","bucket":"-1","time":1581486941647,"group":{"id":"statistics.lifecycle.project","version":"9"},"event":{"count":1,"data":{"created":1581486941647,"project":"-1867777320"},"id":"project.opened"}}
{"session":"9dfba1fb819a","build":"183.6156.11","bucket":"-1","time":1581486941649,"group":{"id":"lifecycle","version":"9"},"event":{"count":1,"data":{"created":1581486941649},"id":"project.opened"}}
{"session":"9dfba1fb819a","build":"183.6156.11","bucket":"-1","time":1581486942502,"group":{"id":"ui.dialogs","version":"9"},"event":{"count":1,"data":{"created":1581486942502,"type":"show"},"id":"com.intellij.openapi.progress.util.ProgressDialog$MyDialogWrapper"}}
{"session":"9dfba1fb819a","build":"183.6156.11","bucket":"-1","time":1581486944722,"group":{"id":"statistics.lifecycle.app","version":"9"},"event":{"count":1,"data":{"created":1581486944722},"id":"ide.start"}}
{"session":"9dfba1fb819a","build":"183.6156.11","bucket":"-1","time":1581486944722,"group":{"id":"lifecycle","version":"9"},"event":{"count":1,"data":{"created":1581486944722},"id":"app.started"}}
{"session":"9dfba1fb819a","build":"183.6156.11","bucket":"-1","time":1581486945133,"group":{"id":"statistics.ui.tips","version":"9"},"event":{"count":1,"data":{"created":1581486945133},"id":"shown.automatically"}}
{"session":"9dfba1fb819a","build":"183.6156.11","bucket":"-1","time":1581486945200,"group":{"id":"ui.dialogs","version":"9"},"event":{"count":1,"data":{"created":1581486945200,"type":"show"},"id":"com.intellij.ide.util.TipDialog"}}
{"session":"9dfba1fb819a","build":"183.6156.11","bucket":"-1","time":1581486946002,"group":{"id":"ui.dialogs","version":"9"},"event":{"count":1,"data":{"code":1,"created":1581486946002,"type":"close"},"id":"com.intellij.openapi.progress.util.ProgressDialog$MyDialogWrapper"}}
{"session":"9dfba1fb819a","build":"183.6156.11","bucket":"-1","time":1581486946014,"group":{"id":"statistics.lifecycle.project","version":"9"},"event":{"count":1,"data":{"created":1581486946014,"project":"-1867777320"},"id":"project.open.time.6"}}
{"session":"9dfba1fb819a","build":"183.6156.11","bucket":"-1","time":1581486946015,"group":{"id":"lifecycle","version":"9"},"event":{"count":1,"data":{"created":1581486946015,"time.ms":6618},"id":"project.opening.finished"}}
{"session":"9dfba1fb819a","build":"183.6156.11","bucket":"-1","time":1581486947445,"group":{"id":"ui.dialogs","version":"9"},"event":{"count":1,"data":{"code":1,"created":1581486947446,"type":"close"},"id":"com.intellij.ide.util.TipDialog"}}
{"session":"9dfba1fb819a","build":"183.6156.11","bucket":"-1","time":1581486981940,"group":{"id":"statistics.lifecycle.project","version":"9"},"event":{"count":1,"data":{"created":1581486981940,"project":"-1867777320"},"id":"project.closed"}}
