{"session":"1ae80fa920ac","build":"183.6156.11","bucket":"-1","time":1581482775945,"group":{"id":"system.os.name","version":"9"},"event":{"data":{"created":1581482775946},"id":"Mac.OS.X"}}
{"session":"1ae80fa920ac","build":"183.6156.11","bucket":"-1","time":1581482775945,"group":{"id":"system.os.version","version":"9"},"event":{"data":{"created":1581482775953},"id":"10.15.2"}}
{"session":"1ae80fa920ac","build":"183.6156.11","bucket":"-1","time":1581482775945,"group":{"id":"system.jvm.vendor","version":"9"},"event":{"data":{"created":1581482775965},"id":"JetBrains_s.r.o"}}
{"session":"1ae80fa920ac","build":"183.6156.11","bucket":"-1","time":1581482775945,"group":{"id":"system.jvm.version","version":"9"},"event":{"data":{"created":1581482775966},"id":"1.8"}}
{"session":"1ae80fa920ac","build":"183.6156.11","bucket":"-1","time":1581482775952,"group":{"id":"settings","version":"9"},"event":{"data":{"created":1581482775966,"name":"activeMruEditorOnClose","value":false},"id":"UISettings"}}
{"session":"1ae80fa920ac","build":"183.6156.11","bucket":"-1","time":1581482775952,"group":{"id":"settings","version":"9"},"event":{"data":{"created":1581482775967,"name":"activeRightEditorOnClose","value":false},"id":"UISettings"}}
{"session":"1ae80fa920ac","build":"183.6156.11","bucket":"-1","time":1581482775952,"group":{"id":"settings","version":"9"},"event":{"data":{"created":1581482775967,"name":"allowMergeButtons","value":true},"id":"UISettings"}}
{"session":"1ae80fa920ac","build":"183.6156.11","bucket":"-1","time":1581482775952,"group":{"id":"settings","version":"9"},"event":{"data":{"created":1581482775968,"name":"alwaysShowWindowsButton","value":false},"id":"UISettings"}}
{"session":"1ae80fa920ac","build":"183.6156.11","bucket":"-1","time":1581482775952,"group":{"id":"settings","version":"9"},"event":{"data":{"created":1581482775969,"name":"animateWindows","value":true},"id":"UISettings"}}
{"session":"1ae80fa920ac","build":"183.6156.11","bucket":"-1","time":1581482775952,"group":{"id":"settings","version":"9"},"event":{"data":{"created":1581482775970,"name":"closeNonModifiedFilesFirst","value":false},"id":"UISettings"}}
{"session":"1ae80fa920ac","build":"183.6156.11","bucket":"-1","time":1581482775952,"group":{"id":"settings","version":"9"},"event":{"data":{"created":1581482775971,"name":"closeTabButtonOnTheRight","value":true},"id":"UISettings"}}
{"session":"1ae80fa920ac","build":"183.6156.11","bucket":"-1","time":1581482775952,"group":{"id":"settings","version":"9"},"event":{"data":{"created":1581482775971,"name":"cycleScrolling","value":true},"id":"UISettings"}}
{"session":"1ae80fa920ac","build":"183.6156.11","bucket":"-1","time":1581482775952,"group":{"id":"settings","version":"9"},"event":{"data":{"created":1581482775972,"name":"defaultAutoScrollToSource","value":false},"id":"UISettings"}}
{"session":"1ae80fa920ac","build":"183.6156.11","bucket":"-1","time":1581482775952,"group":{"id":"settings","version":"9"},"event":{"data":{"created":1581482775973,"name":"disableMnemonics","value":true},"id":"UISettings"}}
{"session":"1ae80fa920ac","build":"183.6156.11","bucket":"-1","time":1581482775952,"group":{"id":"settings","version":"9"},"event":{"data":{"created":1581482775973,"name":"disableMnemonicsInControls","value":false},"id":"UISettings"}}
{"session":"1ae80fa920ac","build":"183.6156.11","bucket":"-1","time":1581482775952,"group":{"id":"settings","version":"9"},"event":{"data":{"created":1581482775974,"name":"dndWithPressedAltOnly","value":false},"id":"UISettings"}}
{"session":"1ae80fa920ac","build":"183.6156.11","bucket":"-1","time":1581482775952,"group":{"id":"settings","version":"9"},"event":{"data":{"created":1581482775975,"name":"enableAlphaMode","value":false},"id":"UISettings"}}
{"session":"1ae80fa920ac","build":"183.6156.11","bucket":"-1","time":1581482775952,"group":{"id":"settings","version":"9"},"event":{"data":{"created":1581482775976,"name":"hideKnownExtensionInTabs","value":false},"id":"UISettings"}}
{"session":"1ae80fa920ac","build":"183.6156.11","bucket":"-1","time":1581482775952,"group":{"id":"settings","version":"9"},"event":{"data":{"created":1581482775976,"name":"hideNavigationOnFocusLoss","value":true},"id":"UISettings"}}
{"session":"1ae80fa920ac","build":"183.6156.11","bucket":"-1","time":1581482775952,"group":{"id":"settings","version":"9"},"event":{"data":{"created":1581482775977,"name":"hideTabsIfNeed","value":true},"id":"UISettings"}}
{"session":"1ae80fa920ac","build":"183.6156.11","bucket":"-1","time":1581482775952,"group":{"id":"settings","version":"9"},"event":{"data":{"created":1581482775978,"name":"hideToolStripes","value":false},"id":"UISettings"}}
{"session":"1ae80fa920ac","build":"183.6156.11","bucket":"-1","time":1581482775952,"group":{"id":"settings","version":"9"},"event":{"data":{"created":1581482775979,"name":"leftHorizontalSplit","value":false},"id":"UISettings"}}
{"session":"1ae80fa920ac","build":"183.6156.11","bucket":"-1","time":1581482775952,"group":{"id":"settings","version":"9"},"event":{"data":{"created":1581482775980,"name":"markModifiedTabsWithAsterisk","value":false},"id":"UISettings"}}
{"session":"1ae80fa920ac","build":"183.6156.11","bucket":"-1","time":1581482775952,"group":{"id":"settings","version":"9"},"event":{"data":{"created":1581482775980,"name":"mergeEqualStackTraces","value":true},"id":"UISettings"}}
{"session":"1ae80fa920ac","build":"183.6156.11","bucket":"-1","time":1581482775952,"group":{"id":"settings","version":"9"},"event":{"data":{"created":1581482775981,"name":"moveMouseOnDefaultButton","value":false},"id":"UISettings"}}
{"session":"1ae80fa920ac","build":"183.6156.11","bucket":"-1","time":1581482775952,"group":{"id":"settings","version":"9"},"event":{"data":{"created":1581482775982,"name":"navigateToPreview","value":false},"id":"UISettings"}}
{"session":"1ae80fa920ac","build":"183.6156.11","bucket":"-1","time":1581482775952,"group":{"id":"settings","version":"9"},"event":{"data":{"created":1581482775982,"name":"overrideConsoleCycleBufferSize","value":false},"id":"UISettings"}}
{"session":"1ae80fa920ac","build":"183.6156.11","bucket":"-1","time":1581482775952,"group":{"id":"settings","version":"9"},"event":{"data":{"created":1581482775983,"name":"overrideLafFonts","value":false},"id":"UISettings"}}
{"session":"1ae80fa920ac","build":"183.6156.11","bucket":"-1","time":1581482775952,"group":{"id":"settings","version":"9"},"event":{"data":{"created":1581482775983,"name":"pinFindInPath","value":false},"id":"UISettings"}}
{"session":"1ae80fa920ac","build":"183.6156.11","bucket":"-1","time":1581482775952,"group":{"id":"settings","version":"9"},"event":{"data":{"created":1581482775983,"name":"presentationMode","value":false},"id":"UISettings"}}
{"session":"1ae80fa920ac","build":"183.6156.11","bucket":"-1","time":1581482775952,"group":{"id":"settings","version":"9"},"event":{"data":{"created":1581482775984,"name":"reuseNotModifiedTabs","value":false},"id":"UISettings"}}
{"session":"1ae80fa920ac","build":"183.6156.11","bucket":"-1","time":1581482775952,"group":{"id":"settings","version":"9"},"event":{"data":{"created":1581482775985,"name":"rightHorizontalSplit","value":false},"id":"UISettings"}}
{"session":"1ae80fa920ac","build":"183.6156.11","bucket":"-1","time":1581482775952,"group":{"id":"settings","version":"9"},"event":{"data":{"created":1581482775986,"name":"scrollTabLayoutInEditor","value":true},"id":"UISettings"}}
{"session":"1ae80fa920ac","build":"183.6156.11","bucket":"-1","time":1581482775952,"group":{"id":"settings","version":"9"},"event":{"data":{"created":1581482775986,"name":"showCloseButton","value":true},"id":"UISettings"}}
{"session":"1ae80fa920ac","build":"183.6156.11","bucket":"-1","time":1581482775952,"group":{"id":"settings","version":"9"},"event":{"data":{"created":1581482775987,"name":"showDirectoryForNonUniqueFilenames","value":true},"id":"UISettings"}}
{"session":"1ae80fa920ac","build":"183.6156.11","bucket":"-1","time":1581482775953,"group":{"id":"settings","version":"9"},"event":{"data":{"created":1581482775987,"name":"showEditorToolTip","value":true},"id":"UISettings"}}
{"session":"1ae80fa920ac","build":"183.6156.11","bucket":"-1","time":1581482775953,"group":{"id":"settings","version":"9"},"event":{"data":{"created":1581482775988,"name":"showIconInQuickNavigation","value":true},"id":"UISettings"}}
{"session":"1ae80fa920ac","build":"183.6156.11","bucket":"-1","time":1581482775953,"group":{"id":"settings","version":"9"},"event":{"data":{"created":1581482775988,"name":"showIconsInMenus","value":true},"id":"UISettings"}}
{"session":"1ae80fa920ac","build":"183.6156.11","bucket":"-1","time":1581482775953,"group":{"id":"settings","version":"9"},"event":{"data":{"created":1581482775988,"name":"showMainToolbar","value":false},"id":"UISettings"}}
{"session":"1ae80fa920ac","build":"183.6156.11","bucket":"-1","time":1581482775953,"group":{"id":"settings","version":"9"},"event":{"data":{"created":1581482775989,"name":"showMemoryIndicator","value":false},"id":"UISettings"}}
{"session":"1ae80fa920ac","build":"183.6156.11","bucket":"-1","time":1581482775953,"group":{"id":"settings","version":"9"},"event":{"data":{"created":1581482775989,"name":"showNavigationBar","value":true},"id":"UISettings"}}
{"session":"1ae80fa920ac","build":"183.6156.11","bucket":"-1","time":1581482775953,"group":{"id":"settings","version":"9"},"event":{"data":{"created":1581482775990,"name":"showStatusBar","value":true},"id":"UISettings"}}
{"session":"1ae80fa920ac","build":"183.6156.11","bucket":"-1","time":1581482775953,"group":{"id":"settings","version":"9"},"event":{"data":{"created":1581482775990,"name":"showTabsTooltips","value":true},"id":"UISettings"}}
{"session":"1ae80fa920ac","build":"183.6156.11","bucket":"-1","time":1581482775953,"group":{"id":"settings","version":"9"},"event":{"data":{"created":1581482775991,"name":"showToolWindowsNumbers","value":true},"id":"UISettings"}}
{"session":"1ae80fa920ac","build":"183.6156.11","bucket":"-1","time":1581482775953,"group":{"id":"settings","version":"9"},"event":{"data":{"created":1581482775991,"name":"smoothScrolling","value":true},"id":"UISettings"}}
{"session":"1ae80fa920ac","build":"183.6156.11","bucket":"-1","time":1581482775953,"group":{"id":"settings","version":"9"},"event":{"data":{"created":1581482775992,"name":"sortBookmarks","value":false},"id":"UISettings"}}
{"session":"1ae80fa920ac","build":"183.6156.11","bucket":"-1","time":1581482775953,"group":{"id":"settings","version":"9"},"event":{"data":{"created":1581482775992,"name":"sortLookupElementsLexicographically","value":false},"id":"UISettings"}}
{"session":"1ae80fa920ac","build":"183.6156.11","bucket":"-1","time":1581482775953,"group":{"id":"settings","version":"9"},"event":{"data":{"created":1581482775993,"name":"useSmallLabelsOnTabs","value":true},"id":"UISettings"}}
{"session":"1ae80fa920ac","build":"183.6156.11","bucket":"-1","time":1581482775953,"group":{"id":"settings","version":"9"},"event":{"data":{"created":1581482775993,"name":"wideScreenSupport","value":false},"id":"UISettings"}}
{"session":"1ae80fa920ac","build":"183.6156.11","bucket":"-1","time":1581482776635,"group":{"id":"settings","version":"9"},"event":{"data":{"created":1581482776635,"name":"autoSaveIfInactive","value":false},"id":"GeneralSettings"}}
{"session":"1ae80fa920ac","build":"183.6156.11","bucket":"-1","time":1581482776635,"group":{"id":"settings","version":"9"},"event":{"data":{"created":1581482776635,"name":"confirmExit","value":true},"id":"GeneralSettings"}}
{"session":"1ae80fa920ac","build":"183.6156.11","bucket":"-1","time":1581482776635,"group":{"id":"settings","version":"9"},"event":{"data":{"created":1581482776636,"name":"reopenLastProject","value":true},"id":"GeneralSettings"}}
{"session":"1ae80fa920ac","build":"183.6156.11","bucket":"-1","time":1581482776635,"group":{"id":"settings","version":"9"},"event":{"data":{"created":1581482776636,"name":"saveOnFrameDeactivation","value":true},"id":"GeneralSettings"}}
{"session":"1ae80fa920ac","build":"183.6156.11","bucket":"-1","time":1581482776635,"group":{"id":"settings","version":"9"},"event":{"data":{"created":1581482776637,"name":"searchInBackground","value":false},"id":"GeneralSettings"}}
{"session":"1ae80fa920ac","build":"183.6156.11","bucket":"-1","time":1581482776635,"group":{"id":"settings","version":"9"},"event":{"data":{"created":1581482776637,"name":"showTipsOnStartup","value":true},"id":"GeneralSettings"}}
{"session":"1ae80fa920ac","build":"183.6156.11","bucket":"-1","time":1581482776635,"group":{"id":"settings","version":"9"},"event":{"data":{"created":1581482776638,"name":"showWelcomeScreen","value":true},"id":"GeneralSettings"}}
{"session":"1ae80fa920ac","build":"183.6156.11","bucket":"-1","time":1581482776635,"group":{"id":"settings","version":"9"},"event":{"data":{"created":1581482776638,"name":"supportScreenReaders","value":false},"id":"GeneralSettings"}}
{"session":"1ae80fa920ac","build":"183.6156.11","bucket":"-1","time":1581482776635,"group":{"id":"settings","version":"9"},"event":{"data":{"created":1581482776638,"name":"syncOnFrameActivation","value":true},"id":"GeneralSettings"}}
{"session":"1ae80fa920ac","build":"183.6156.11","bucket":"-1","time":1581482776635,"group":{"id":"settings","version":"9"},"event":{"data":{"created":1581482776639,"name":"useDefaultBrowser","value":true},"id":"GeneralSettings"}}
{"session":"1ae80fa920ac","build":"183.6156.11","bucket":"-1","time":1581482776635,"group":{"id":"settings","version":"9"},"event":{"data":{"created":1581482776639,"name":"useSafeWrite","value":true},"id":"GeneralSettings"}}
{"session":"1ae80fa920ac","build":"183.6156.11","bucket":"-1","time":1581482778803,"group":{"id":"ui.dialogs","version":"9"},"event":{"count":1,"data":{"created":1581482778803,"type":"show"},"id":"com.intellij.openapi.progress.util.ProgressDialog$MyDialogWrapper"}}
{"session":"1ae80fa920ac","build":"183.6156.11","bucket":"-1","time":1581482780408,"group":{"id":"ui.dialogs","version":"9"},"event":{"count":1,"data":{"code":1,"created":1581482780408,"type":"close"},"id":"com.intellij.openapi.progress.util.ProgressDialog$MyDialogWrapper"}}
{"session":"1ae80fa920ac","build":"183.6156.11","bucket":"-1","time":1581482780438,"group":{"id":"statistics.lifecycle.project","version":"9"},"event":{"count":1,"data":{"created":1581482780438,"project":"-1867777320"},"id":"project.opened"}}
{"session":"1ae80fa920ac","build":"183.6156.11","bucket":"-1","time":1581482780439,"group":{"id":"lifecycle","version":"9"},"event":{"count":1,"data":{"created":1581482780439},"id":"project.opened"}}
{"session":"1ae80fa920ac","build":"183.6156.11","bucket":"-1","time":1581482781155,"group":{"id":"ui.dialogs","version":"9"},"event":{"count":1,"data":{"created":1581482781155,"type":"show"},"id":"com.intellij.openapi.progress.util.ProgressDialog$MyDialogWrapper"}}
{"session":"1ae80fa920ac","build":"183.6156.11","bucket":"-1","time":1581482783197,"group":{"id":"statistics.lifecycle.app","version":"9"},"event":{"count":1,"data":{"created":1581482783197},"id":"ide.start"}}
{"session":"1ae80fa920ac","build":"183.6156.11","bucket":"-1","time":1581482783197,"group":{"id":"lifecycle","version":"9"},"event":{"count":1,"data":{"created":1581482783197},"id":"app.started"}}
{"session":"1ae80fa920ac","build":"183.6156.11","bucket":"-1","time":1581482783519,"group":{"id":"statistics.ui.tips","version":"9"},"event":{"count":1,"data":{"created":1581482783519},"id":"shown.automatically"}}
{"session":"1ae80fa920ac","build":"183.6156.11","bucket":"-1","time":1581482783557,"group":{"id":"ui.dialogs","version":"9"},"event":{"count":1,"data":{"created":1581482783557,"type":"show"},"id":"com.intellij.ide.util.TipDialog"}}
{"session":"1ae80fa920ac","build":"183.6156.11","bucket":"-1","time":1581482784291,"group":{"id":"ui.dialogs","version":"9"},"event":{"count":1,"data":{"code":1,"created":1581482784291,"type":"close"},"id":"com.intellij.openapi.progress.util.ProgressDialog$MyDialogWrapper"}}
{"session":"1ae80fa920ac","build":"183.6156.11","bucket":"-1","time":1581482784396,"group":{"id":"statistics.lifecycle.project","version":"9"},"event":{"count":1,"data":{"created":1581482784396,"project":"-1867777320"},"id":"project.open.time.6"}}
{"session":"1ae80fa920ac","build":"183.6156.11","bucket":"-1","time":1581482784396,"group":{"id":"lifecycle","version":"9"},"event":{"count":1,"data":{"created":1581482784396,"time.ms":6105},"id":"project.opening.finished"}}
{"session":"1ae80fa920ac","build":"183.6156.11","bucket":"-1","time":1581482785284,"group":{"id":"ui.dialogs","version":"9"},"event":{"count":1,"data":{"code":1,"created":1581482785284,"type":"close"},"id":"com.intellij.ide.util.TipDialog"}}
{"session":"1ae80fa920ac","build":"183.6156.11","bucket":"-1","time":1581482898579,"group":{"id":"statistics.lifecycle.project","version":"9"},"event":{"count":1,"data":{"created":1581482898579,"project":"-1867777320"},"id":"project.closed"}}
