{"session":"2230dcadc6b1","build":"183.6156.11","bucket":"-1","time":1581485280654,"group":{"id":"system.os.name","version":"9"},"event":{"data":{"created":1581485280655},"id":"Mac.OS.X"}}
{"session":"2230dcadc6b1","build":"183.6156.11","bucket":"-1","time":1581485280655,"group":{"id":"system.os.version","version":"9"},"event":{"data":{"created":1581485280663},"id":"10.15.2"}}
{"session":"2230dcadc6b1","build":"183.6156.11","bucket":"-1","time":1581485280655,"group":{"id":"system.jvm.vendor","version":"9"},"event":{"data":{"created":1581485280674},"id":"JetBrains_s.r.o"}}
{"session":"2230dcadc6b1","build":"183.6156.11","bucket":"-1","time":1581485280655,"group":{"id":"system.jvm.version","version":"9"},"event":{"data":{"created":1581485280675},"id":"1.8"}}
{"session":"2230dcadc6b1","build":"183.6156.11","bucket":"-1","time":1581485280663,"group":{"id":"settings","version":"9"},"event":{"data":{"created":1581485280676,"name":"activeMruEditorOnClose","value":false},"id":"UISettings"}}
{"session":"2230dcadc6b1","build":"183.6156.11","bucket":"-1","time":1581485280663,"group":{"id":"settings","version":"9"},"event":{"data":{"created":1581485280677,"name":"activeRightEditorOnClose","value":false},"id":"UISettings"}}
{"session":"2230dcadc6b1","build":"183.6156.11","bucket":"-1","time":1581485280663,"group":{"id":"settings","version":"9"},"event":{"data":{"created":1581485280678,"name":"allowMergeButtons","value":true},"id":"UISettings"}}
{"session":"2230dcadc6b1","build":"183.6156.11","bucket":"-1","time":1581485280663,"group":{"id":"settings","version":"9"},"event":{"data":{"created":1581485280679,"name":"alwaysShowWindowsButton","value":false},"id":"UISettings"}}
{"session":"2230dcadc6b1","build":"183.6156.11","bucket":"-1","time":1581485280663,"group":{"id":"settings","version":"9"},"event":{"data":{"created":1581485280680,"name":"animateWindows","value":true},"id":"UISettings"}}
{"session":"2230dcadc6b1","build":"183.6156.11","bucket":"-1","time":1581485280663,"group":{"id":"settings","version":"9"},"event":{"data":{"created":1581485280681,"name":"closeNonModifiedFilesFirst","value":false},"id":"UISettings"}}
{"session":"2230dcadc6b1","build":"183.6156.11","bucket":"-1","time":1581485280663,"group":{"id":"settings","version":"9"},"event":{"data":{"created":1581485280682,"name":"closeTabButtonOnTheRight","value":true},"id":"UISettings"}}
{"session":"2230dcadc6b1","build":"183.6156.11","bucket":"-1","time":1581485280663,"group":{"id":"settings","version":"9"},"event":{"data":{"created":1581485280683,"name":"cycleScrolling","value":true},"id":"UISettings"}}
{"session":"2230dcadc6b1","build":"183.6156.11","bucket":"-1","time":1581485280663,"group":{"id":"settings","version":"9"},"event":{"data":{"created":1581485280683,"name":"defaultAutoScrollToSource","value":false},"id":"UISettings"}}
{"session":"2230dcadc6b1","build":"183.6156.11","bucket":"-1","time":1581485280663,"group":{"id":"settings","version":"9"},"event":{"data":{"created":1581485280684,"name":"disableMnemonics","value":true},"id":"UISettings"}}
{"session":"2230dcadc6b1","build":"183.6156.11","bucket":"-1","time":1581485280663,"group":{"id":"settings","version":"9"},"event":{"data":{"created":1581485280684,"name":"disableMnemonicsInControls","value":false},"id":"UISettings"}}
{"session":"2230dcadc6b1","build":"183.6156.11","bucket":"-1","time":1581485280663,"group":{"id":"settings","version":"9"},"event":{"data":{"created":1581485280685,"name":"dndWithPressedAltOnly","value":false},"id":"UISettings"}}
{"session":"2230dcadc6b1","build":"183.6156.11","bucket":"-1","time":1581485280663,"group":{"id":"settings","version":"9"},"event":{"data":{"created":1581485280685,"name":"enableAlphaMode","value":false},"id":"UISettings"}}
{"session":"2230dcadc6b1","build":"183.6156.11","bucket":"-1","time":1581485280663,"group":{"id":"settings","version":"9"},"event":{"data":{"created":1581485280686,"name":"hideKnownExtensionInTabs","value":false},"id":"UISettings"}}
{"session":"2230dcadc6b1","build":"183.6156.11","bucket":"-1","time":1581485280663,"group":{"id":"settings","version":"9"},"event":{"data":{"created":1581485280686,"name":"hideNavigationOnFocusLoss","value":true},"id":"UISettings"}}
{"session":"2230dcadc6b1","build":"183.6156.11","bucket":"-1","time":1581485280663,"group":{"id":"settings","version":"9"},"event":{"data":{"created":1581485280687,"name":"hideTabsIfNeed","value":true},"id":"UISettings"}}
{"session":"2230dcadc6b1","build":"183.6156.11","bucket":"-1","time":1581485280663,"group":{"id":"settings","version":"9"},"event":{"data":{"created":1581485280687,"name":"hideToolStripes","value":false},"id":"UISettings"}}
{"session":"2230dcadc6b1","build":"183.6156.11","bucket":"-1","time":1581485280663,"group":{"id":"settings","version":"9"},"event":{"data":{"created":1581485280688,"name":"leftHorizontalSplit","value":false},"id":"UISettings"}}
{"session":"2230dcadc6b1","build":"183.6156.11","bucket":"-1","time":1581485280663,"group":{"id":"settings","version":"9"},"event":{"data":{"created":1581485280688,"name":"markModifiedTabsWithAsterisk","value":false},"id":"UISettings"}}
{"session":"2230dcadc6b1","build":"183.6156.11","bucket":"-1","time":1581485280663,"group":{"id":"settings","version":"9"},"event":{"data":{"created":1581485280689,"name":"mergeEqualStackTraces","value":true},"id":"UISettings"}}
{"session":"2230dcadc6b1","build":"183.6156.11","bucket":"-1","time":1581485280663,"group":{"id":"settings","version":"9"},"event":{"data":{"created":1581485280689,"name":"moveMouseOnDefaultButton","value":false},"id":"UISettings"}}
{"session":"2230dcadc6b1","build":"183.6156.11","bucket":"-1","time":1581485280663,"group":{"id":"settings","version":"9"},"event":{"data":{"created":1581485280690,"name":"navigateToPreview","value":false},"id":"UISettings"}}
{"session":"2230dcadc6b1","build":"183.6156.11","bucket":"-1","time":1581485280663,"group":{"id":"settings","version":"9"},"event":{"data":{"created":1581485280690,"name":"overrideConsoleCycleBufferSize","value":false},"id":"UISettings"}}
{"session":"2230dcadc6b1","build":"183.6156.11","bucket":"-1","time":1581485280663,"group":{"id":"settings","version":"9"},"event":{"data":{"created":1581485280691,"name":"overrideLafFonts","value":false},"id":"UISettings"}}
{"session":"2230dcadc6b1","build":"183.6156.11","bucket":"-1","time":1581485280663,"group":{"id":"settings","version":"9"},"event":{"data":{"created":1581485280691,"name":"pinFindInPath","value":false},"id":"UISettings"}}
{"session":"2230dcadc6b1","build":"183.6156.11","bucket":"-1","time":1581485280663,"group":{"id":"settings","version":"9"},"event":{"data":{"created":1581485280692,"name":"presentationMode","value":false},"id":"UISettings"}}
{"session":"2230dcadc6b1","build":"183.6156.11","bucket":"-1","time":1581485280663,"group":{"id":"settings","version":"9"},"event":{"data":{"created":1581485280692,"name":"reuseNotModifiedTabs","value":false},"id":"UISettings"}}
{"session":"2230dcadc6b1","build":"183.6156.11","bucket":"-1","time":1581485280663,"group":{"id":"settings","version":"9"},"event":{"data":{"created":1581485280692,"name":"rightHorizontalSplit","value":false},"id":"UISettings"}}
{"session":"2230dcadc6b1","build":"183.6156.11","bucket":"-1","time":1581485280663,"group":{"id":"settings","version":"9"},"event":{"data":{"created":1581485280693,"name":"scrollTabLayoutInEditor","value":true},"id":"UISettings"}}
{"session":"2230dcadc6b1","build":"183.6156.11","bucket":"-1","time":1581485280663,"group":{"id":"settings","version":"9"},"event":{"data":{"created":1581485280693,"name":"showCloseButton","value":true},"id":"UISettings"}}
{"session":"2230dcadc6b1","build":"183.6156.11","bucket":"-1","time":1581485280663,"group":{"id":"settings","version":"9"},"event":{"data":{"created":1581485280694,"name":"showDirectoryForNonUniqueFilenames","value":true},"id":"UISettings"}}
{"session":"2230dcadc6b1","build":"183.6156.11","bucket":"-1","time":1581485280663,"group":{"id":"settings","version":"9"},"event":{"data":{"created":1581485280694,"name":"showEditorToolTip","value":true},"id":"UISettings"}}
{"session":"2230dcadc6b1","build":"183.6156.11","bucket":"-1","time":1581485280663,"group":{"id":"settings","version":"9"},"event":{"data":{"created":1581485280694,"name":"showIconInQuickNavigation","value":true},"id":"UISettings"}}
{"session":"2230dcadc6b1","build":"183.6156.11","bucket":"-1","time":1581485280663,"group":{"id":"settings","version":"9"},"event":{"data":{"created":1581485280695,"name":"showIconsInMenus","value":true},"id":"UISettings"}}
{"session":"2230dcadc6b1","build":"183.6156.11","bucket":"-1","time":1581485280663,"group":{"id":"settings","version":"9"},"event":{"data":{"created":1581485280695,"name":"showMainToolbar","value":false},"id":"UISettings"}}
{"session":"2230dcadc6b1","build":"183.6156.11","bucket":"-1","time":1581485280663,"group":{"id":"settings","version":"9"},"event":{"data":{"created":1581485280696,"name":"showMemoryIndicator","value":false},"id":"UISettings"}}
{"session":"2230dcadc6b1","build":"183.6156.11","bucket":"-1","time":1581485280663,"group":{"id":"settings","version":"9"},"event":{"data":{"created":1581485280696,"name":"showNavigationBar","value":true},"id":"UISettings"}}
{"session":"2230dcadc6b1","build":"183.6156.11","bucket":"-1","time":1581485280663,"group":{"id":"settings","version":"9"},"event":{"data":{"created":1581485280697,"name":"showStatusBar","value":true},"id":"UISettings"}}
{"session":"2230dcadc6b1","build":"183.6156.11","bucket":"-1","time":1581485280663,"group":{"id":"settings","version":"9"},"event":{"data":{"created":1581485280697,"name":"showTabsTooltips","value":true},"id":"UISettings"}}
{"session":"2230dcadc6b1","build":"183.6156.11","bucket":"-1","time":1581485280663,"group":{"id":"settings","version":"9"},"event":{"data":{"created":1581485280697,"name":"showToolWindowsNumbers","value":true},"id":"UISettings"}}
{"session":"2230dcadc6b1","build":"183.6156.11","bucket":"-1","time":1581485280663,"group":{"id":"settings","version":"9"},"event":{"data":{"created":1581485280698,"name":"smoothScrolling","value":true},"id":"UISettings"}}
{"session":"2230dcadc6b1","build":"183.6156.11","bucket":"-1","time":1581485280663,"group":{"id":"settings","version":"9"},"event":{"data":{"created":1581485280698,"name":"sortBookmarks","value":false},"id":"UISettings"}}
{"session":"2230dcadc6b1","build":"183.6156.11","bucket":"-1","time":1581485280663,"group":{"id":"settings","version":"9"},"event":{"data":{"created":1581485280698,"name":"sortLookupElementsLexicographically","value":false},"id":"UISettings"}}
{"session":"2230dcadc6b1","build":"183.6156.11","bucket":"-1","time":1581485280663,"group":{"id":"settings","version":"9"},"event":{"data":{"created":1581485280699,"name":"useSmallLabelsOnTabs","value":true},"id":"UISettings"}}
{"session":"2230dcadc6b1","build":"183.6156.11","bucket":"-1","time":1581485280663,"group":{"id":"settings","version":"9"},"event":{"data":{"created":1581485280699,"name":"wideScreenSupport","value":false},"id":"UISettings"}}
{"session":"2230dcadc6b1","build":"183.6156.11","bucket":"-1","time":1581485281318,"group":{"id":"settings","version":"9"},"event":{"data":{"created":1581485281318,"name":"autoSaveIfInactive","value":false},"id":"GeneralSettings"}}
{"session":"2230dcadc6b1","build":"183.6156.11","bucket":"-1","time":1581485281318,"group":{"id":"settings","version":"9"},"event":{"data":{"created":1581485281319,"name":"confirmExit","value":true},"id":"GeneralSettings"}}
{"session":"2230dcadc6b1","build":"183.6156.11","bucket":"-1","time":1581485281318,"group":{"id":"settings","version":"9"},"event":{"data":{"created":1581485281319,"name":"reopenLastProject","value":true},"id":"GeneralSettings"}}
{"session":"2230dcadc6b1","build":"183.6156.11","bucket":"-1","time":1581485281318,"group":{"id":"settings","version":"9"},"event":{"data":{"created":1581485281319,"name":"saveOnFrameDeactivation","value":true},"id":"GeneralSettings"}}
{"session":"2230dcadc6b1","build":"183.6156.11","bucket":"-1","time":1581485281318,"group":{"id":"settings","version":"9"},"event":{"data":{"created":1581485281320,"name":"searchInBackground","value":false},"id":"GeneralSettings"}}
{"session":"2230dcadc6b1","build":"183.6156.11","bucket":"-1","time":1581485281318,"group":{"id":"settings","version":"9"},"event":{"data":{"created":1581485281321,"name":"showTipsOnStartup","value":true},"id":"GeneralSettings"}}
{"session":"2230dcadc6b1","build":"183.6156.11","bucket":"-1","time":1581485281318,"group":{"id":"settings","version":"9"},"event":{"data":{"created":1581485281321,"name":"showWelcomeScreen","value":true},"id":"GeneralSettings"}}
{"session":"2230dcadc6b1","build":"183.6156.11","bucket":"-1","time":1581485281318,"group":{"id":"settings","version":"9"},"event":{"data":{"created":1581485281321,"name":"supportScreenReaders","value":false},"id":"GeneralSettings"}}
{"session":"2230dcadc6b1","build":"183.6156.11","bucket":"-1","time":1581485281318,"group":{"id":"settings","version":"9"},"event":{"data":{"created":1581485281322,"name":"syncOnFrameActivation","value":true},"id":"GeneralSettings"}}
{"session":"2230dcadc6b1","build":"183.6156.11","bucket":"-1","time":1581485281318,"group":{"id":"settings","version":"9"},"event":{"data":{"created":1581485281322,"name":"useDefaultBrowser","value":true},"id":"GeneralSettings"}}
{"session":"2230dcadc6b1","build":"183.6156.11","bucket":"-1","time":1581485281318,"group":{"id":"settings","version":"9"},"event":{"data":{"created":1581485281323,"name":"useSafeWrite","value":true},"id":"GeneralSettings"}}
{"session":"2230dcadc6b1","build":"183.6156.11","bucket":"-1","time":1581485283563,"group":{"id":"ui.dialogs","version":"9"},"event":{"count":1,"data":{"created":1581485283563,"type":"show"},"id":"com.intellij.openapi.progress.util.ProgressDialog$MyDialogWrapper"}}
{"session":"2230dcadc6b1","build":"183.6156.11","bucket":"-1","time":1581485285126,"group":{"id":"ui.dialogs","version":"9"},"event":{"count":1,"data":{"code":1,"created":1581485285126,"type":"close"},"id":"com.intellij.openapi.progress.util.ProgressDialog$MyDialogWrapper"}}
{"session":"2230dcadc6b1","build":"183.6156.11","bucket":"-1","time":1581485285157,"group":{"id":"statistics.lifecycle.project","version":"9"},"event":{"count":1,"data":{"created":1581485285157,"project":"-1867777320"},"id":"project.opened"}}
{"session":"2230dcadc6b1","build":"183.6156.11","bucket":"-1","time":1581485285159,"group":{"id":"lifecycle","version":"9"},"event":{"count":1,"data":{"created":1581485285159},"id":"project.opened"}}
{"session":"2230dcadc6b1","build":"183.6156.11","bucket":"-1","time":1581485285897,"group":{"id":"ui.dialogs","version":"9"},"event":{"count":1,"data":{"created":1581485285897,"type":"show"},"id":"com.intellij.openapi.progress.util.ProgressDialog$MyDialogWrapper"}}
{"session":"2230dcadc6b1","build":"183.6156.11","bucket":"-1","time":1581485287955,"group":{"id":"statistics.lifecycle.app","version":"9"},"event":{"count":1,"data":{"created":1581485287955},"id":"ide.start"}}
{"session":"2230dcadc6b1","build":"183.6156.11","bucket":"-1","time":1581485287955,"group":{"id":"lifecycle","version":"9"},"event":{"count":1,"data":{"created":1581485287955},"id":"app.started"}}
{"session":"2230dcadc6b1","build":"183.6156.11","bucket":"-1","time":1581485288282,"group":{"id":"statistics.ui.tips","version":"9"},"event":{"count":1,"data":{"created":1581485288282},"id":"shown.automatically"}}
{"session":"2230dcadc6b1","build":"183.6156.11","bucket":"-1","time":1581485288344,"group":{"id":"ui.dialogs","version":"9"},"event":{"count":1,"data":{"created":1581485288344,"type":"show"},"id":"com.intellij.ide.util.TipDialog"}}
{"session":"2230dcadc6b1","build":"183.6156.11","bucket":"-1","time":1581485289207,"group":{"id":"ui.dialogs","version":"9"},"event":{"count":1,"data":{"code":1,"created":1581485289207,"type":"close"},"id":"com.intellij.openapi.progress.util.ProgressDialog$MyDialogWrapper"}}
{"session":"2230dcadc6b1","build":"183.6156.11","bucket":"-1","time":1581485289268,"group":{"id":"statistics.lifecycle.project","version":"9"},"event":{"count":1,"data":{"created":1581485289268,"project":"-1867777320"},"id":"project.open.time.6"}}
{"session":"2230dcadc6b1","build":"183.6156.11","bucket":"-1","time":1581485289268,"group":{"id":"lifecycle","version":"9"},"event":{"count":1,"data":{"created":1581485289269,"time.ms":6361},"id":"project.opening.finished"}}
{"session":"2230dcadc6b1","build":"183.6156.11","bucket":"-1","time":1581485290311,"group":{"id":"ui.dialogs","version":"9"},"event":{"count":1,"data":{"code":1,"created":1581485290311,"type":"close"},"id":"com.intellij.ide.util.TipDialog"}}
{"session":"2230dcadc6b1","build":"183.6156.11","bucket":"-1","time":1581485319638,"group":{"id":"statistics.lifecycle.project","version":"9"},"event":{"count":1,"data":{"created":1581485319638,"project":"-1867777320"},"id":"project.closed"}}
