{"session":"62fbb5b93706","build":"183.6156.11","bucket":"-1","time":1578410469506,"group":{"id":"system.os.name","version":"9"},"event":{"data":{"created":1578410469506},"id":"Mac.OS.X"}}
{"session":"62fbb5b93706","build":"183.6156.11","bucket":"-1","time":1578410469506,"group":{"id":"system.os.version","version":"9"},"event":{"data":{"created":1578410469515},"id":"10.15.2"}}
{"session":"62fbb5b93706","build":"183.6156.11","bucket":"-1","time":1578410469506,"group":{"id":"system.jvm.vendor","version":"9"},"event":{"data":{"created":1578410469526},"id":"JetBrains_s.r.o"}}
{"session":"62fbb5b93706","build":"183.6156.11","bucket":"-1","time":1578410469506,"group":{"id":"system.jvm.version","version":"9"},"event":{"data":{"created":1578410469527},"id":"1.8"}}
{"session":"62fbb5b93706","build":"183.6156.11","bucket":"-1","time":1578410469514,"group":{"id":"settings","version":"9"},"event":{"data":{"created":1578410469527,"name":"activeMruEditorOnClose","value":false},"id":"UISettings"}}
{"session":"62fbb5b93706","build":"183.6156.11","bucket":"-1","time":1578410469514,"group":{"id":"settings","version":"9"},"event":{"data":{"created":1578410469527,"name":"activeRightEditorOnClose","value":false},"id":"UISettings"}}
{"session":"62fbb5b93706","build":"183.6156.11","bucket":"-1","time":1578410469514,"group":{"id":"settings","version":"9"},"event":{"data":{"created":1578410469528,"name":"allowMergeButtons","value":true},"id":"UISettings"}}
{"session":"62fbb5b93706","build":"183.6156.11","bucket":"-1","time":1578410469514,"group":{"id":"settings","version":"9"},"event":{"data":{"created":1578410469528,"name":"alwaysShowWindowsButton","value":false},"id":"UISettings"}}
{"session":"62fbb5b93706","build":"183.6156.11","bucket":"-1","time":1578410469514,"group":{"id":"settings","version":"9"},"event":{"data":{"created":1578410469529,"name":"animateWindows","value":true},"id":"UISettings"}}
{"session":"62fbb5b93706","build":"183.6156.11","bucket":"-1","time":1578410469514,"group":{"id":"settings","version":"9"},"event":{"data":{"created":1578410469529,"name":"closeNonModifiedFilesFirst","value":false},"id":"UISettings"}}
{"session":"62fbb5b93706","build":"183.6156.11","bucket":"-1","time":1578410469514,"group":{"id":"settings","version":"9"},"event":{"data":{"created":1578410469530,"name":"closeTabButtonOnTheRight","value":true},"id":"UISettings"}}
{"session":"62fbb5b93706","build":"183.6156.11","bucket":"-1","time":1578410469514,"group":{"id":"settings","version":"9"},"event":{"data":{"created":1578410469530,"name":"cycleScrolling","value":true},"id":"UISettings"}}
{"session":"62fbb5b93706","build":"183.6156.11","bucket":"-1","time":1578410469514,"group":{"id":"settings","version":"9"},"event":{"data":{"created":1578410469531,"name":"defaultAutoScrollToSource","value":false},"id":"UISettings"}}
{"session":"62fbb5b93706","build":"183.6156.11","bucket":"-1","time":1578410469514,"group":{"id":"settings","version":"9"},"event":{"data":{"created":1578410469531,"name":"disableMnemonics","value":true},"id":"UISettings"}}
{"session":"62fbb5b93706","build":"183.6156.11","bucket":"-1","time":1578410469514,"group":{"id":"settings","version":"9"},"event":{"data":{"created":1578410469531,"name":"disableMnemonicsInControls","value":false},"id":"UISettings"}}
{"session":"62fbb5b93706","build":"183.6156.11","bucket":"-1","time":1578410469514,"group":{"id":"settings","version":"9"},"event":{"data":{"created":1578410469532,"name":"dndWithPressedAltOnly","value":false},"id":"UISettings"}}
{"session":"62fbb5b93706","build":"183.6156.11","bucket":"-1","time":1578410469514,"group":{"id":"settings","version":"9"},"event":{"data":{"created":1578410469532,"name":"enableAlphaMode","value":false},"id":"UISettings"}}
{"session":"62fbb5b93706","build":"183.6156.11","bucket":"-1","time":1578410469514,"group":{"id":"settings","version":"9"},"event":{"data":{"created":1578410469533,"name":"hideKnownExtensionInTabs","value":false},"id":"UISettings"}}
{"session":"62fbb5b93706","build":"183.6156.11","bucket":"-1","time":1578410469514,"group":{"id":"settings","version":"9"},"event":{"data":{"created":1578410469533,"name":"hideNavigationOnFocusLoss","value":true},"id":"UISettings"}}
{"session":"62fbb5b93706","build":"183.6156.11","bucket":"-1","time":1578410469514,"group":{"id":"settings","version":"9"},"event":{"data":{"created":1578410469534,"name":"hideTabsIfNeed","value":true},"id":"UISettings"}}
{"session":"62fbb5b93706","build":"183.6156.11","bucket":"-1","time":1578410469514,"group":{"id":"settings","version":"9"},"event":{"data":{"created":1578410469534,"name":"hideToolStripes","value":false},"id":"UISettings"}}
{"session":"62fbb5b93706","build":"183.6156.11","bucket":"-1","time":1578410469514,"group":{"id":"settings","version":"9"},"event":{"data":{"created":1578410469535,"name":"leftHorizontalSplit","value":false},"id":"UISettings"}}
{"session":"62fbb5b93706","build":"183.6156.11","bucket":"-1","time":1578410469514,"group":{"id":"settings","version":"9"},"event":{"data":{"created":1578410469535,"name":"markModifiedTabsWithAsterisk","value":false},"id":"UISettings"}}
{"session":"62fbb5b93706","build":"183.6156.11","bucket":"-1","time":1578410469514,"group":{"id":"settings","version":"9"},"event":{"data":{"created":1578410469536,"name":"mergeEqualStackTraces","value":true},"id":"UISettings"}}
{"session":"62fbb5b93706","build":"183.6156.11","bucket":"-1","time":1578410469514,"group":{"id":"settings","version":"9"},"event":{"data":{"created":1578410469536,"name":"moveMouseOnDefaultButton","value":false},"id":"UISettings"}}
{"session":"62fbb5b93706","build":"183.6156.11","bucket":"-1","time":1578410469514,"group":{"id":"settings","version":"9"},"event":{"data":{"created":1578410469537,"name":"navigateToPreview","value":false},"id":"UISettings"}}
{"session":"62fbb5b93706","build":"183.6156.11","bucket":"-1","time":1578410469514,"group":{"id":"settings","version":"9"},"event":{"data":{"created":1578410469538,"name":"overrideConsoleCycleBufferSize","value":false},"id":"UISettings"}}
{"session":"62fbb5b93706","build":"183.6156.11","bucket":"-1","time":1578410469514,"group":{"id":"settings","version":"9"},"event":{"data":{"created":1578410469538,"name":"overrideLafFonts","value":false},"id":"UISettings"}}
{"session":"62fbb5b93706","build":"183.6156.11","bucket":"-1","time":1578410469514,"group":{"id":"settings","version":"9"},"event":{"data":{"created":1578410469539,"name":"pinFindInPath","value":false},"id":"UISettings"}}
{"session":"62fbb5b93706","build":"183.6156.11","bucket":"-1","time":1578410469514,"group":{"id":"settings","version":"9"},"event":{"data":{"created":1578410469539,"name":"presentationMode","value":false},"id":"UISettings"}}
{"session":"62fbb5b93706","build":"183.6156.11","bucket":"-1","time":1578410469514,"group":{"id":"settings","version":"9"},"event":{"data":{"created":1578410469540,"name":"reuseNotModifiedTabs","value":false},"id":"UISettings"}}
{"session":"62fbb5b93706","build":"183.6156.11","bucket":"-1","time":1578410469514,"group":{"id":"settings","version":"9"},"event":{"data":{"created":1578410469541,"name":"rightHorizontalSplit","value":false},"id":"UISettings"}}
{"session":"62fbb5b93706","build":"183.6156.11","bucket":"-1","time":1578410469514,"group":{"id":"settings","version":"9"},"event":{"data":{"created":1578410469541,"name":"scrollTabLayoutInEditor","value":true},"id":"UISettings"}}
{"session":"62fbb5b93706","build":"183.6156.11","bucket":"-1","time":1578410469514,"group":{"id":"settings","version":"9"},"event":{"data":{"created":1578410469542,"name":"showCloseButton","value":true},"id":"UISettings"}}
{"session":"62fbb5b93706","build":"183.6156.11","bucket":"-1","time":1578410469514,"group":{"id":"settings","version":"9"},"event":{"data":{"created":1578410469542,"name":"showDirectoryForNonUniqueFilenames","value":true},"id":"UISettings"}}
{"session":"62fbb5b93706","build":"183.6156.11","bucket":"-1","time":1578410469514,"group":{"id":"settings","version":"9"},"event":{"data":{"created":1578410469543,"name":"showEditorToolTip","value":true},"id":"UISettings"}}
{"session":"62fbb5b93706","build":"183.6156.11","bucket":"-1","time":1578410469514,"group":{"id":"settings","version":"9"},"event":{"data":{"created":1578410469543,"name":"showIconInQuickNavigation","value":true},"id":"UISettings"}}
{"session":"62fbb5b93706","build":"183.6156.11","bucket":"-1","time":1578410469514,"group":{"id":"settings","version":"9"},"event":{"data":{"created":1578410469544,"name":"showIconsInMenus","value":true},"id":"UISettings"}}
{"session":"62fbb5b93706","build":"183.6156.11","bucket":"-1","time":1578410469514,"group":{"id":"settings","version":"9"},"event":{"data":{"created":1578410469544,"name":"showMainToolbar","value":false},"id":"UISettings"}}
{"session":"62fbb5b93706","build":"183.6156.11","bucket":"-1","time":1578410469514,"group":{"id":"settings","version":"9"},"event":{"data":{"created":1578410469545,"name":"showMemoryIndicator","value":false},"id":"UISettings"}}
{"session":"62fbb5b93706","build":"183.6156.11","bucket":"-1","time":1578410469514,"group":{"id":"settings","version":"9"},"event":{"data":{"created":1578410469545,"name":"showNavigationBar","value":true},"id":"UISettings"}}
{"session":"62fbb5b93706","build":"183.6156.11","bucket":"-1","time":1578410469514,"group":{"id":"settings","version":"9"},"event":{"data":{"created":1578410469546,"name":"showStatusBar","value":true},"id":"UISettings"}}
{"session":"62fbb5b93706","build":"183.6156.11","bucket":"-1","time":1578410469514,"group":{"id":"settings","version":"9"},"event":{"data":{"created":1578410469546,"name":"showTabsTooltips","value":true},"id":"UISettings"}}
{"session":"62fbb5b93706","build":"183.6156.11","bucket":"-1","time":1578410469514,"group":{"id":"settings","version":"9"},"event":{"data":{"created":1578410469546,"name":"showToolWindowsNumbers","value":true},"id":"UISettings"}}
{"session":"62fbb5b93706","build":"183.6156.11","bucket":"-1","time":1578410469514,"group":{"id":"settings","version":"9"},"event":{"data":{"created":1578410469547,"name":"smoothScrolling","value":true},"id":"UISettings"}}
{"session":"62fbb5b93706","build":"183.6156.11","bucket":"-1","time":1578410469514,"group":{"id":"settings","version":"9"},"event":{"data":{"created":1578410469547,"name":"sortBookmarks","value":false},"id":"UISettings"}}
{"session":"62fbb5b93706","build":"183.6156.11","bucket":"-1","time":1578410469514,"group":{"id":"settings","version":"9"},"event":{"data":{"created":1578410469548,"name":"sortLookupElementsLexicographically","value":false},"id":"UISettings"}}
{"session":"62fbb5b93706","build":"183.6156.11","bucket":"-1","time":1578410469514,"group":{"id":"settings","version":"9"},"event":{"data":{"created":1578410469548,"name":"useSmallLabelsOnTabs","value":true},"id":"UISettings"}}
{"session":"62fbb5b93706","build":"183.6156.11","bucket":"-1","time":1578410469514,"group":{"id":"settings","version":"9"},"event":{"data":{"created":1578410469549,"name":"wideScreenSupport","value":false},"id":"UISettings"}}
{"session":"62fbb5b93706","build":"183.6156.11","bucket":"-1","time":1578410470305,"group":{"id":"settings","version":"9"},"event":{"data":{"created":1578410470305,"name":"autoSaveIfInactive","value":false},"id":"GeneralSettings"}}
{"session":"62fbb5b93706","build":"183.6156.11","bucket":"-1","time":1578410470305,"group":{"id":"settings","version":"9"},"event":{"data":{"created":1578410470306,"name":"confirmExit","value":true},"id":"GeneralSettings"}}
{"session":"62fbb5b93706","build":"183.6156.11","bucket":"-1","time":1578410470305,"group":{"id":"settings","version":"9"},"event":{"data":{"created":1578410470306,"name":"reopenLastProject","value":true},"id":"GeneralSettings"}}
{"session":"62fbb5b93706","build":"183.6156.11","bucket":"-1","time":1578410470305,"group":{"id":"settings","version":"9"},"event":{"data":{"created":1578410470307,"name":"saveOnFrameDeactivation","value":true},"id":"GeneralSettings"}}
{"session":"62fbb5b93706","build":"183.6156.11","bucket":"-1","time":1578410470305,"group":{"id":"settings","version":"9"},"event":{"data":{"created":1578410470307,"name":"searchInBackground","value":false},"id":"GeneralSettings"}}
{"session":"62fbb5b93706","build":"183.6156.11","bucket":"-1","time":1578410470305,"group":{"id":"settings","version":"9"},"event":{"data":{"created":1578410470307,"name":"showTipsOnStartup","value":true},"id":"GeneralSettings"}}
{"session":"62fbb5b93706","build":"183.6156.11","bucket":"-1","time":1578410470305,"group":{"id":"settings","version":"9"},"event":{"data":{"created":1578410470308,"name":"showWelcomeScreen","value":true},"id":"GeneralSettings"}}
{"session":"62fbb5b93706","build":"183.6156.11","bucket":"-1","time":1578410470305,"group":{"id":"settings","version":"9"},"event":{"data":{"created":1578410470308,"name":"supportScreenReaders","value":false},"id":"GeneralSettings"}}
{"session":"62fbb5b93706","build":"183.6156.11","bucket":"-1","time":1578410470305,"group":{"id":"settings","version":"9"},"event":{"data":{"created":1578410470308,"name":"syncOnFrameActivation","value":true},"id":"GeneralSettings"}}
{"session":"62fbb5b93706","build":"183.6156.11","bucket":"-1","time":1578410470305,"group":{"id":"settings","version":"9"},"event":{"data":{"created":1578410470308,"name":"useDefaultBrowser","value":true},"id":"GeneralSettings"}}
{"session":"62fbb5b93706","build":"183.6156.11","bucket":"-1","time":1578410470305,"group":{"id":"settings","version":"9"},"event":{"data":{"created":1578410470309,"name":"useSafeWrite","value":true},"id":"GeneralSettings"}}
{"session":"62fbb5b93706","build":"183.6156.11","bucket":"-1","time":1578410472558,"group":{"id":"ui.dialogs","version":"9"},"event":{"count":1,"data":{"created":1578410472558,"type":"show"},"id":"com.intellij.openapi.progress.util.ProgressDialog$MyDialogWrapper"}}
{"session":"62fbb5b93706","build":"183.6156.11","bucket":"-1","time":1578410474192,"group":{"id":"ui.dialogs","version":"9"},"event":{"count":1,"data":{"code":1,"created":1578410474192,"type":"close"},"id":"com.intellij.openapi.progress.util.ProgressDialog$MyDialogWrapper"}}
{"session":"62fbb5b93706","build":"183.6156.11","bucket":"-1","time":1578410474220,"group":{"id":"statistics.lifecycle.project","version":"9"},"event":{"count":1,"data":{"created":1578410474220,"project":"478683548"},"id":"project.opened"}}
{"session":"62fbb5b93706","build":"183.6156.11","bucket":"-1","time":1578410474221,"group":{"id":"lifecycle","version":"9"},"event":{"count":1,"data":{"created":1578410474221},"id":"project.opened"}}
{"session":"62fbb5b93706","build":"183.6156.11","bucket":"-1","time":1578410474970,"group":{"id":"ui.dialogs","version":"9"},"event":{"count":1,"data":{"created":1578410474970,"type":"show"},"id":"com.intellij.openapi.progress.util.ProgressDialog$MyDialogWrapper"}}
{"session":"62fbb5b93706","build":"183.6156.11","bucket":"-1","time":1578410476008,"group":{"id":"toolwindow.v2","version":"9"},"event":{"count":1,"data":{"created":1578410476008,"data_1":"Mac"},"id":"Project_by_Activation"}}
{"session":"62fbb5b93706","build":"183.6156.11","bucket":"-1","time":1578410476339,"group":{"id":"statistics.lifecycle.app","version":"9"},"event":{"count":1,"data":{"created":1578410476339},"id":"ide.start"}}
{"session":"62fbb5b93706","build":"183.6156.11","bucket":"-1","time":1578410476339,"group":{"id":"lifecycle","version":"9"},"event":{"count":1,"data":{"created":1578410476340},"id":"app.started"}}
{"session":"62fbb5b93706","build":"183.6156.11","bucket":"-1","time":1578410476649,"group":{"id":"statistics.ui.tips","version":"9"},"event":{"count":1,"data":{"created":1578410476649},"id":"shown.automatically"}}
{"session":"62fbb5b93706","build":"183.6156.11","bucket":"-1","time":1578410476711,"group":{"id":"ui.dialogs","version":"9"},"event":{"count":1,"data":{"created":1578410476711,"type":"show"},"id":"com.intellij.ide.util.TipDialog"}}
{"session":"62fbb5b93706","build":"183.6156.11","bucket":"-1","time":1578410477501,"group":{"id":"ui.dialogs","version":"9"},"event":{"count":1,"data":{"code":1,"created":1578410477501,"type":"close"},"id":"com.intellij.openapi.progress.util.ProgressDialog$MyDialogWrapper"}}
{"session":"62fbb5b93706","build":"183.6156.11","bucket":"-1","time":1578410477856,"group":{"id":"statistics.lifecycle.project","version":"9"},"event":{"count":1,"data":{"created":1578410477856,"project":"478683548"},"id":"project.open.time.5"}}
{"session":"62fbb5b93706","build":"183.6156.11","bucket":"-1","time":1578410477856,"group":{"id":"lifecycle","version":"9"},"event":{"count":1,"data":{"created":1578410477856,"time.ms":5872},"id":"project.opening.finished"}}
{"session":"62fbb5b93706","build":"183.6156.11","bucket":"-1","time":1578410478653,"group":{"id":"ui.dialogs","version":"9"},"event":{"count":1,"data":{"code":1,"created":1578410478653,"type":"close"},"id":"com.intellij.ide.util.TipDialog"}}
{"session":"62fbb5b93706","build":"183.6156.11","bucket":"-1","time":1578410490459,"group":{"id":"actions.v2","version":"9"},"event":{"count":1,"data":{"context_menu":true,"created":1578410490459,"place":"ProjectViewPopup","data_1":"Mac"},"id":"NewClass"}}
{"session":"62fbb5b93706","build":"183.6156.11","bucket":"-1","time":1578410490474,"group":{"id":"ui.dialogs","version":"9"},"event":{"count":1,"data":{"created":1578410490474,"type":"show"},"id":"com.intellij.ide.actions.CreateFileFromTemplateDialog"}}
{"session":"62fbb5b93706","build":"183.6156.11","bucket":"-1","time":1578410493097,"group":{"id":"actions.v2","version":"9"},"event":{"count":1,"data":{"context_menu":false,"created":1578410493097,"data_1":"Mac"},"id":"DialogOkAction_?"}}
{"session":"62fbb5b93706","build":"183.6156.11","bucket":"-1","time":1578410493498,"group":{"id":"ui.dialogs","version":"9"},"event":{"count":1,"data":{"code":0,"created":1578410493498,"type":"close"},"id":"com.intellij.ide.fileTemplates.ui.CreateFromTemplateDialog"}}
{"session":"62fbb5b93706","build":"183.6156.11","bucket":"-1","time":1578410493505,"group":{"id":"ui.dialogs","version":"9"},"event":{"count":1,"data":{"code":0,"created":1578410493505,"type":"close"},"id":"com.intellij.ide.actions.CreateFileFromTemplateDialog"}}
{"session":"62fbb5b93706","build":"183.6156.11","bucket":"-1","time":1578410493908,"group":{"id":"statistics.file.types.open","version":"9"},"event":{"count":1,"data":{"created":1578410493908,"project":"478683548"},"id":"JAVA"}}
{"session":"62fbb5b93706","build":"183.6156.11","bucket":"-1","time":1578410502448,"group":{"id":"statistics.actions.main.menu.v2","version":"9"},"event":{"count":1,"data":{"created":1578410502448,"data_1":"Mac"},"id":"File_->_Close_Project"}}
{"session":"62fbb5b93706","build":"183.6156.11","bucket":"-1","time":1578410502448,"group":{"id":"actions.v2","version":"9"},"event":{"count":1,"data":{"context_menu":true,"created":1578410502448,"place":"MainMenu","data_1":"Mac"},"id":"CloseProject"}}
{"session":"62fbb5b93706","build":"183.6156.11","bucket":"-1","time":1578410502462,"group":{"id":"statistics.lifecycle.project","version":"9"},"event":{"count":1,"data":{"created":1578410502462,"project":"478683548"},"id":"project.closed"}}
{"session":"62fbb5b93706","build":"183.6156.11","bucket":"-1","time":1578410502854,"group":{"id":"lifecycle","version":"9"},"event":{"count":1,"data":{"created":1578410502854},"id":"project.closed"}}
{"session":"62fbb5b93706","build":"183.6156.11","bucket":"-1","time":1578410505199,"group":{"id":"actions.v2","version":"9"},"event":{"count":1,"data":{"context_menu":false,"created":1578410505199,"data_1":"Mac"},"id":"WelcomeScreen.OpenProject"}}
{"session":"62fbb5b93706","build":"183.6156.11","bucket":"-1","time":1578410513145,"group":{"id":"statistics.lifecycle.project","version":"9"},"event":{"count":1,"data":{"created":1578410513145,"project":"-1867777320"},"id":"project.opened"}}
{"session":"62fbb5b93706","build":"183.6156.11","bucket":"-1","time":1578410513145,"group":{"id":"lifecycle","version":"9"},"event":{"count":1,"data":{"created":1578410513145},"id":"project.opened"}}
{"session":"62fbb5b93706","build":"183.6156.11","bucket":"-1","time":1578410513605,"group":{"id":"ui.dialogs","version":"9"},"event":{"count":1,"data":{"created":1578410513605,"type":"show"},"id":"com.intellij.openapi.progress.util.ProgressDialog$MyDialogWrapper"}}
{"session":"62fbb5b93706","build":"183.6156.11","bucket":"-1","time":1578410513878,"group":{"id":"ui.dialogs","version":"9"},"event":{"count":1,"data":{"code":1,"created":1578410513878,"type":"close"},"id":"com.intellij.openapi.progress.util.ProgressDialog$MyDialogWrapper"}}
{"session":"62fbb5b93706","build":"183.6156.11","bucket":"-1","time":1578410514263,"group":{"id":"statistics.lifecycle.project","version":"9"},"event":{"count":1,"data":{"created":1578410514263,"project":"-1867777320"},"id":"project.open.time.1"}}
{"session":"62fbb5b93706","build":"183.6156.11","bucket":"-1","time":1578410514263,"group":{"id":"lifecycle","version":"9"},"event":{"count":1,"data":{"created":1578410514263,"time.ms":1243},"id":"project.opening.finished"}}
{"session":"62fbb5b93706","build":"183.6156.11","bucket":"-1","time":1578410543247,"group":{"id":"statistics.actions.intentions","version":"9"},"event":{"count":1,"data":{"created":1578410543247,"data_1":"Mac"},"id":"JAVA_codeInspection.magicConstant.MagicConstantInspection$2"}}
{"session":"62fbb5b93706","build":"183.6156.11","bucket":"-1","time":1578410544855,"group":{"id":"statistics.file.types.edit","version":"9"},"event":{"count":1,"data":{"created":1578410544855,"project":"-1867777320"},"id":"JAVA"}}
{"session":"62fbb5b93706","build":"183.6156.11","bucket":"-1","time":1578410546028,"group":{"id":"actions.v2","version":"9"},"event":{"count":1,"data":{"context_menu":false,"created":1578410546028,"data_1":"Mac","input_event":"Backspace"},"id":"EditorBackSpace"}}
{"session":"62fbb5b93706","build":"183.6156.11","bucket":"-1","time":1578410554766,"group":{"id":"actions.v2","version":"9"},"event":{"count":1,"data":{"context_menu":false,"created":1578410554766,"data_1":"Mac","input_event":"Unknown"},"id":"CompileDirty"}}
{"session":"62fbb5b93706","build":"183.6156.11","bucket":"-1","time":1578410556209,"group":{"id":"actions.v2","version":"9"},"event":{"count":1,"data":{"context_menu":false,"created":1578410556209,"data_1":"Mac","input_event":"Unknown"},"id":"Back"}}
{"session":"62fbb5b93706","build":"183.6156.11","bucket":"-1","time":1578410556209,"group":{"id":"statistics.vcs.back.forward.trigger","version":"9"},"event":{"count":1,"data":{"created":1578410556209},"id":"editor"}}
{"session":"62fbb5b93706","build":"183.6156.11","bucket":"-1","time":1578410597440,"group":{"id":"statistics.actions.intentions","version":"9"},"event":{"count":1,"data":{"created":1578410597440,"data_1":"Mac"},"id":"JAVA_NOT_LISTED"}}
{"session":"62fbb5b93706","build":"183.6156.11","bucket":"-1","time":1578410606493,"group":{"id":"actions.v2","version":"9"},"event":{"count":1,"data":{"context_menu":false,"created":1578410606493,"data_1":"Mac","input_event":"Enter"},"id":"EditorEnter"}}
{"session":"62fbb5b93706","build":"183.6156.11","bucket":"-1","time":1578410606494,"group":{"id":"statistics.file.types.edit","version":"9"},"event":{"count":1,"data":{"created":1578410606494,"project":"-1867777320"},"id":"JAVA"}}
{"session":"62fbb5b93706","build":"183.6156.11","bucket":"-1","time":1578410606664,"group":{"id":"actions.v2","version":"9"},"event":{"count":2,"data":{"context_menu":false,"last":1578410606867,"created":1578410606664,"data_1":"Mac","input_event":"Enter"},"id":"EditorEnter"}}
{"session":"62fbb5b93706","build":"183.6156.11","bucket":"-1","time":1578411289982,"group":{"id":"statistics.actions.main.menu.v2","version":"9"},"event":{"count":1,"data":{"created":1578411289982,"data_1":"Mac"},"id":"File_->_Close_Project"}}
{"session":"62fbb5b93706","build":"183.6156.11","bucket":"-1","time":1578411289982,"group":{"id":"actions.v2","version":"9"},"event":{"count":1,"data":{"context_menu":true,"created":1578411289987,"place":"MainMenu","data_1":"Mac"},"id":"CloseProject"}}
{"session":"62fbb5b93706","build":"183.6156.11","bucket":"-1","time":1578411289982,"group":{"id":"statistics.lifecycle.project","version":"9"},"event":{"count":1,"data":{"created":1578411289988,"project":"-1867777320"},"id":"project.closed"}}
{"session":"62fbb5b93706","build":"183.6156.11","bucket":"-1","time":1578411290014,"group":{"id":"lifecycle","version":"9"},"event":{"count":1,"data":{"created":1578411290014},"id":"project.closed"}}
{"session":"62fbb5b93706","build":"183.6156.11","bucket":"-1","time":1578411291830,"group":{"id":"statistics.lifecycle.app","version":"9"},"event":{"count":1,"data":{"created":1578411291830},"id":"ide.close"}}
{"session":"62fbb5b93706","build":"183.6156.11","bucket":"-1","time":1578411291830,"group":{"id":"lifecycle","version":"9"},"event":{"count":1,"data":{"restart":false,"created":1578411291830},"id":"app.closed"}}
