{"session":"8dc3b27b1b7a","build":"183.6156.11","bucket":"-1","time":1581484874037,"group":{"id":"system.os.name","version":"9"},"event":{"data":{"created":1581484874038},"id":"Mac.OS.X"}}
{"session":"8dc3b27b1b7a","build":"183.6156.11","bucket":"-1","time":1581484874038,"group":{"id":"system.os.version","version":"9"},"event":{"data":{"created":1581484874045},"id":"10.15.2"}}
{"session":"8dc3b27b1b7a","build":"183.6156.11","bucket":"-1","time":1581484874038,"group":{"id":"system.jvm.vendor","version":"9"},"event":{"data":{"created":1581484874056},"id":"JetBrains_s.r.o"}}
{"session":"8dc3b27b1b7a","build":"183.6156.11","bucket":"-1","time":1581484874038,"group":{"id":"system.jvm.version","version":"9"},"event":{"data":{"created":1581484874057},"id":"1.8"}}
{"session":"8dc3b27b1b7a","build":"183.6156.11","bucket":"-1","time":1581484874045,"group":{"id":"settings","version":"9"},"event":{"data":{"created":1581484874057,"name":"activeMruEditorOnClose","value":false},"id":"UISettings"}}
{"session":"8dc3b27b1b7a","build":"183.6156.11","bucket":"-1","time":1581484874045,"group":{"id":"settings","version":"9"},"event":{"data":{"created":1581484874058,"name":"activeRightEditorOnClose","value":false},"id":"UISettings"}}
{"session":"8dc3b27b1b7a","build":"183.6156.11","bucket":"-1","time":1581484874045,"group":{"id":"settings","version":"9"},"event":{"data":{"created":1581484874059,"name":"allowMergeButtons","value":true},"id":"UISettings"}}
{"session":"8dc3b27b1b7a","build":"183.6156.11","bucket":"-1","time":1581484874045,"group":{"id":"settings","version":"9"},"event":{"data":{"created":1581484874059,"name":"alwaysShowWindowsButton","value":false},"id":"UISettings"}}
{"session":"8dc3b27b1b7a","build":"183.6156.11","bucket":"-1","time":1581484874045,"group":{"id":"settings","version":"9"},"event":{"data":{"created":1581484874060,"name":"animateWindows","value":true},"id":"UISettings"}}
{"session":"8dc3b27b1b7a","build":"183.6156.11","bucket":"-1","time":1581484874045,"group":{"id":"settings","version":"9"},"event":{"data":{"created":1581484874061,"name":"closeNonModifiedFilesFirst","value":false},"id":"UISettings"}}
{"session":"8dc3b27b1b7a","build":"183.6156.11","bucket":"-1","time":1581484874045,"group":{"id":"settings","version":"9"},"event":{"data":{"created":1581484874062,"name":"closeTabButtonOnTheRight","value":true},"id":"UISettings"}}
{"session":"8dc3b27b1b7a","build":"183.6156.11","bucket":"-1","time":1581484874045,"group":{"id":"settings","version":"9"},"event":{"data":{"created":1581484874062,"name":"cycleScrolling","value":true},"id":"UISettings"}}
{"session":"8dc3b27b1b7a","build":"183.6156.11","bucket":"-1","time":1581484874045,"group":{"id":"settings","version":"9"},"event":{"data":{"created":1581484874063,"name":"defaultAutoScrollToSource","value":false},"id":"UISettings"}}
{"session":"8dc3b27b1b7a","build":"183.6156.11","bucket":"-1","time":1581484874045,"group":{"id":"settings","version":"9"},"event":{"data":{"created":1581484874064,"name":"disableMnemonics","value":true},"id":"UISettings"}}
{"session":"8dc3b27b1b7a","build":"183.6156.11","bucket":"-1","time":1581484874045,"group":{"id":"settings","version":"9"},"event":{"data":{"created":1581484874064,"name":"disableMnemonicsInControls","value":false},"id":"UISettings"}}
{"session":"8dc3b27b1b7a","build":"183.6156.11","bucket":"-1","time":1581484874045,"group":{"id":"settings","version":"9"},"event":{"data":{"created":1581484874064,"name":"dndWithPressedAltOnly","value":false},"id":"UISettings"}}
{"session":"8dc3b27b1b7a","build":"183.6156.11","bucket":"-1","time":1581484874045,"group":{"id":"settings","version":"9"},"event":{"data":{"created":1581484874065,"name":"enableAlphaMode","value":false},"id":"UISettings"}}
{"session":"8dc3b27b1b7a","build":"183.6156.11","bucket":"-1","time":1581484874045,"group":{"id":"settings","version":"9"},"event":{"data":{"created":1581484874065,"name":"hideKnownExtensionInTabs","value":false},"id":"UISettings"}}
{"session":"8dc3b27b1b7a","build":"183.6156.11","bucket":"-1","time":1581484874045,"group":{"id":"settings","version":"9"},"event":{"data":{"created":1581484874066,"name":"hideNavigationOnFocusLoss","value":true},"id":"UISettings"}}
{"session":"8dc3b27b1b7a","build":"183.6156.11","bucket":"-1","time":1581484874045,"group":{"id":"settings","version":"9"},"event":{"data":{"created":1581484874066,"name":"hideTabsIfNeed","value":true},"id":"UISettings"}}
{"session":"8dc3b27b1b7a","build":"183.6156.11","bucket":"-1","time":1581484874045,"group":{"id":"settings","version":"9"},"event":{"data":{"created":1581484874067,"name":"hideToolStripes","value":false},"id":"UISettings"}}
{"session":"8dc3b27b1b7a","build":"183.6156.11","bucket":"-1","time":1581484874045,"group":{"id":"settings","version":"9"},"event":{"data":{"created":1581484874068,"name":"leftHorizontalSplit","value":false},"id":"UISettings"}}
{"session":"8dc3b27b1b7a","build":"183.6156.11","bucket":"-1","time":1581484874045,"group":{"id":"settings","version":"9"},"event":{"data":{"created":1581484874068,"name":"markModifiedTabsWithAsterisk","value":false},"id":"UISettings"}}
{"session":"8dc3b27b1b7a","build":"183.6156.11","bucket":"-1","time":1581484874045,"group":{"id":"settings","version":"9"},"event":{"data":{"created":1581484874069,"name":"mergeEqualStackTraces","value":true},"id":"UISettings"}}
{"session":"8dc3b27b1b7a","build":"183.6156.11","bucket":"-1","time":1581484874045,"group":{"id":"settings","version":"9"},"event":{"data":{"created":1581484874069,"name":"moveMouseOnDefaultButton","value":false},"id":"UISettings"}}
{"session":"8dc3b27b1b7a","build":"183.6156.11","bucket":"-1","time":1581484874045,"group":{"id":"settings","version":"9"},"event":{"data":{"created":1581484874069,"name":"navigateToPreview","value":false},"id":"UISettings"}}
{"session":"8dc3b27b1b7a","build":"183.6156.11","bucket":"-1","time":1581484874046,"group":{"id":"settings","version":"9"},"event":{"data":{"created":1581484874070,"name":"overrideConsoleCycleBufferSize","value":false},"id":"UISettings"}}
{"session":"8dc3b27b1b7a","build":"183.6156.11","bucket":"-1","time":1581484874046,"group":{"id":"settings","version":"9"},"event":{"data":{"created":1581484874071,"name":"overrideLafFonts","value":false},"id":"UISettings"}}
{"session":"8dc3b27b1b7a","build":"183.6156.11","bucket":"-1","time":1581484874046,"group":{"id":"settings","version":"9"},"event":{"data":{"created":1581484874071,"name":"pinFindInPath","value":false},"id":"UISettings"}}
{"session":"8dc3b27b1b7a","build":"183.6156.11","bucket":"-1","time":1581484874046,"group":{"id":"settings","version":"9"},"event":{"data":{"created":1581484874072,"name":"presentationMode","value":false},"id":"UISettings"}}
{"session":"8dc3b27b1b7a","build":"183.6156.11","bucket":"-1","time":1581484874046,"group":{"id":"settings","version":"9"},"event":{"data":{"created":1581484874072,"name":"reuseNotModifiedTabs","value":false},"id":"UISettings"}}
{"session":"8dc3b27b1b7a","build":"183.6156.11","bucket":"-1","time":1581484874046,"group":{"id":"settings","version":"9"},"event":{"data":{"created":1581484874072,"name":"rightHorizontalSplit","value":false},"id":"UISettings"}}
{"session":"8dc3b27b1b7a","build":"183.6156.11","bucket":"-1","time":1581484874046,"group":{"id":"settings","version":"9"},"event":{"data":{"created":1581484874073,"name":"scrollTabLayoutInEditor","value":true},"id":"UISettings"}}
{"session":"8dc3b27b1b7a","build":"183.6156.11","bucket":"-1","time":1581484874046,"group":{"id":"settings","version":"9"},"event":{"data":{"created":1581484874073,"name":"showCloseButton","value":true},"id":"UISettings"}}
{"session":"8dc3b27b1b7a","build":"183.6156.11","bucket":"-1","time":1581484874046,"group":{"id":"settings","version":"9"},"event":{"data":{"created":1581484874074,"name":"showDirectoryForNonUniqueFilenames","value":true},"id":"UISettings"}}
{"session":"8dc3b27b1b7a","build":"183.6156.11","bucket":"-1","time":1581484874046,"group":{"id":"settings","version":"9"},"event":{"data":{"created":1581484874074,"name":"showEditorToolTip","value":true},"id":"UISettings"}}
{"session":"8dc3b27b1b7a","build":"183.6156.11","bucket":"-1","time":1581484874046,"group":{"id":"settings","version":"9"},"event":{"data":{"created":1581484874074,"name":"showIconInQuickNavigation","value":true},"id":"UISettings"}}
{"session":"8dc3b27b1b7a","build":"183.6156.11","bucket":"-1","time":1581484874046,"group":{"id":"settings","version":"9"},"event":{"data":{"created":1581484874075,"name":"showIconsInMenus","value":true},"id":"UISettings"}}
{"session":"8dc3b27b1b7a","build":"183.6156.11","bucket":"-1","time":1581484874046,"group":{"id":"settings","version":"9"},"event":{"data":{"created":1581484874075,"name":"showMainToolbar","value":false},"id":"UISettings"}}
{"session":"8dc3b27b1b7a","build":"183.6156.11","bucket":"-1","time":1581484874046,"group":{"id":"settings","version":"9"},"event":{"data":{"created":1581484874075,"name":"showMemoryIndicator","value":false},"id":"UISettings"}}
{"session":"8dc3b27b1b7a","build":"183.6156.11","bucket":"-1","time":1581484874046,"group":{"id":"settings","version":"9"},"event":{"data":{"created":1581484874076,"name":"showNavigationBar","value":true},"id":"UISettings"}}
{"session":"8dc3b27b1b7a","build":"183.6156.11","bucket":"-1","time":1581484874046,"group":{"id":"settings","version":"9"},"event":{"data":{"created":1581484874076,"name":"showStatusBar","value":true},"id":"UISettings"}}
{"session":"8dc3b27b1b7a","build":"183.6156.11","bucket":"-1","time":1581484874046,"group":{"id":"settings","version":"9"},"event":{"data":{"created":1581484874077,"name":"showTabsTooltips","value":true},"id":"UISettings"}}
{"session":"8dc3b27b1b7a","build":"183.6156.11","bucket":"-1","time":1581484874046,"group":{"id":"settings","version":"9"},"event":{"data":{"created":1581484874077,"name":"showToolWindowsNumbers","value":true},"id":"UISettings"}}
{"session":"8dc3b27b1b7a","build":"183.6156.11","bucket":"-1","time":1581484874046,"group":{"id":"settings","version":"9"},"event":{"data":{"created":1581484874078,"name":"smoothScrolling","value":true},"id":"UISettings"}}
{"session":"8dc3b27b1b7a","build":"183.6156.11","bucket":"-1","time":1581484874046,"group":{"id":"settings","version":"9"},"event":{"data":{"created":1581484874078,"name":"sortBookmarks","value":false},"id":"UISettings"}}
{"session":"8dc3b27b1b7a","build":"183.6156.11","bucket":"-1","time":1581484874046,"group":{"id":"settings","version":"9"},"event":{"data":{"created":1581484874078,"name":"sortLookupElementsLexicographically","value":false},"id":"UISettings"}}
{"session":"8dc3b27b1b7a","build":"183.6156.11","bucket":"-1","time":1581484874046,"group":{"id":"settings","version":"9"},"event":{"data":{"created":1581484874079,"name":"useSmallLabelsOnTabs","value":true},"id":"UISettings"}}
{"session":"8dc3b27b1b7a","build":"183.6156.11","bucket":"-1","time":1581484874046,"group":{"id":"settings","version":"9"},"event":{"data":{"created":1581484874079,"name":"wideScreenSupport","value":false},"id":"UISettings"}}
{"session":"8dc3b27b1b7a","build":"183.6156.11","bucket":"-1","time":1581484874839,"group":{"id":"settings","version":"9"},"event":{"data":{"created":1581484874839,"name":"autoSaveIfInactive","value":false},"id":"GeneralSettings"}}
{"session":"8dc3b27b1b7a","build":"183.6156.11","bucket":"-1","time":1581484874839,"group":{"id":"settings","version":"9"},"event":{"data":{"created":1581484874839,"name":"confirmExit","value":true},"id":"GeneralSettings"}}
{"session":"8dc3b27b1b7a","build":"183.6156.11","bucket":"-1","time":1581484874839,"group":{"id":"settings","version":"9"},"event":{"data":{"created":1581484874840,"name":"reopenLastProject","value":true},"id":"GeneralSettings"}}
{"session":"8dc3b27b1b7a","build":"183.6156.11","bucket":"-1","time":1581484874839,"group":{"id":"settings","version":"9"},"event":{"data":{"created":1581484874840,"name":"saveOnFrameDeactivation","value":true},"id":"GeneralSettings"}}
{"session":"8dc3b27b1b7a","build":"183.6156.11","bucket":"-1","time":1581484874839,"group":{"id":"settings","version":"9"},"event":{"data":{"created":1581484874841,"name":"searchInBackground","value":false},"id":"GeneralSettings"}}
{"session":"8dc3b27b1b7a","build":"183.6156.11","bucket":"-1","time":1581484874839,"group":{"id":"settings","version":"9"},"event":{"data":{"created":1581484874841,"name":"showTipsOnStartup","value":true},"id":"GeneralSettings"}}
{"session":"8dc3b27b1b7a","build":"183.6156.11","bucket":"-1","time":1581484874839,"group":{"id":"settings","version":"9"},"event":{"data":{"created":1581484874841,"name":"showWelcomeScreen","value":true},"id":"GeneralSettings"}}
{"session":"8dc3b27b1b7a","build":"183.6156.11","bucket":"-1","time":1581484874839,"group":{"id":"settings","version":"9"},"event":{"data":{"created":1581484874842,"name":"supportScreenReaders","value":false},"id":"GeneralSettings"}}
{"session":"8dc3b27b1b7a","build":"183.6156.11","bucket":"-1","time":1581484874839,"group":{"id":"settings","version":"9"},"event":{"data":{"created":1581484874842,"name":"syncOnFrameActivation","value":true},"id":"GeneralSettings"}}
{"session":"8dc3b27b1b7a","build":"183.6156.11","bucket":"-1","time":1581484874839,"group":{"id":"settings","version":"9"},"event":{"data":{"created":1581484874842,"name":"useDefaultBrowser","value":true},"id":"GeneralSettings"}}
{"session":"8dc3b27b1b7a","build":"183.6156.11","bucket":"-1","time":1581484874839,"group":{"id":"settings","version":"9"},"event":{"data":{"created":1581484874842,"name":"useSafeWrite","value":true},"id":"GeneralSettings"}}
{"session":"8dc3b27b1b7a","build":"183.6156.11","bucket":"-1","time":1581484876962,"group":{"id":"ui.dialogs","version":"9"},"event":{"count":1,"data":{"created":1581484876962,"type":"show"},"id":"com.intellij.openapi.progress.util.ProgressDialog$MyDialogWrapper"}}
{"session":"8dc3b27b1b7a","build":"183.6156.11","bucket":"-1","time":1581484878700,"group":{"id":"ui.dialogs","version":"9"},"event":{"count":1,"data":{"code":1,"created":1581484878700,"type":"close"},"id":"com.intellij.openapi.progress.util.ProgressDialog$MyDialogWrapper"}}
{"session":"8dc3b27b1b7a","build":"183.6156.11","bucket":"-1","time":1581484878737,"group":{"id":"statistics.lifecycle.project","version":"9"},"event":{"count":1,"data":{"created":1581484878737,"project":"-1867777320"},"id":"project.opened"}}
{"session":"8dc3b27b1b7a","build":"183.6156.11","bucket":"-1","time":1581484878739,"group":{"id":"lifecycle","version":"9"},"event":{"count":1,"data":{"created":1581484878739},"id":"project.opened"}}
{"session":"8dc3b27b1b7a","build":"183.6156.11","bucket":"-1","time":1581484879550,"group":{"id":"ui.dialogs","version":"9"},"event":{"count":1,"data":{"created":1581484879550,"type":"show"},"id":"com.intellij.openapi.progress.util.ProgressDialog$MyDialogWrapper"}}
{"session":"8dc3b27b1b7a","build":"183.6156.11","bucket":"-1","time":1581484881496,"group":{"id":"statistics.lifecycle.app","version":"9"},"event":{"count":1,"data":{"created":1581484881496},"id":"ide.start"}}
{"session":"8dc3b27b1b7a","build":"183.6156.11","bucket":"-1","time":1581484881496,"group":{"id":"lifecycle","version":"9"},"event":{"count":1,"data":{"created":1581484881496},"id":"app.started"}}
{"session":"8dc3b27b1b7a","build":"183.6156.11","bucket":"-1","time":1581484881845,"group":{"id":"statistics.ui.tips","version":"9"},"event":{"count":1,"data":{"created":1581484881845},"id":"shown.automatically"}}
{"session":"8dc3b27b1b7a","build":"183.6156.11","bucket":"-1","time":1581484881901,"group":{"id":"ui.dialogs","version":"9"},"event":{"count":1,"data":{"created":1581484881901,"type":"show"},"id":"com.intellij.ide.util.TipDialog"}}
{"session":"8dc3b27b1b7a","build":"183.6156.11","bucket":"-1","time":1581484882615,"group":{"id":"ui.dialogs","version":"9"},"event":{"count":1,"data":{"code":1,"created":1581484882615,"type":"close"},"id":"com.intellij.openapi.progress.util.ProgressDialog$MyDialogWrapper"}}
{"session":"8dc3b27b1b7a","build":"183.6156.11","bucket":"-1","time":1581484882624,"group":{"id":"statistics.lifecycle.project","version":"9"},"event":{"count":1,"data":{"created":1581484882624,"project":"-1867777320"},"id":"project.open.time.6"}}
{"session":"8dc3b27b1b7a","build":"183.6156.11","bucket":"-1","time":1581484882624,"group":{"id":"lifecycle","version":"9"},"event":{"count":1,"data":{"created":1581484882624,"time.ms":6172},"id":"project.opening.finished"}}
