{"session":"cdc34fb462c9","build":"183.6156.11","bucket":"-1","time":1581487413402,"group":{"id":"system.os.name","version":"9"},"event":{"data":{"created":1581487413402},"id":"Mac.OS.X"}}
{"session":"cdc34fb462c9","build":"183.6156.11","bucket":"-1","time":1581487413402,"group":{"id":"system.os.version","version":"9"},"event":{"data":{"created":1581487413410},"id":"10.15.2"}}
{"session":"cdc34fb462c9","build":"183.6156.11","bucket":"-1","time":1581487413402,"group":{"id":"system.jvm.vendor","version":"9"},"event":{"data":{"created":1581487413420},"id":"JetBrains_s.r.o"}}
{"session":"cdc34fb462c9","build":"183.6156.11","bucket":"-1","time":1581487413402,"group":{"id":"system.jvm.version","version":"9"},"event":{"data":{"created":1581487413421},"id":"1.8"}}
{"session":"cdc34fb462c9","build":"183.6156.11","bucket":"-1","time":1581487413409,"group":{"id":"settings","version":"9"},"event":{"data":{"created":1581487413422,"name":"activeMruEditorOnClose","value":false},"id":"UISettings"}}
{"session":"cdc34fb462c9","build":"183.6156.11","bucket":"-1","time":1581487413409,"group":{"id":"settings","version":"9"},"event":{"data":{"created":1581487413422,"name":"activeRightEditorOnClose","value":false},"id":"UISettings"}}
{"session":"cdc34fb462c9","build":"183.6156.11","bucket":"-1","time":1581487413409,"group":{"id":"settings","version":"9"},"event":{"data":{"created":1581487413423,"name":"allowMergeButtons","value":true},"id":"UISettings"}}
{"session":"cdc34fb462c9","build":"183.6156.11","bucket":"-1","time":1581487413409,"group":{"id":"settings","version":"9"},"event":{"data":{"created":1581487413424,"name":"alwaysShowWindowsButton","value":false},"id":"UISettings"}}
{"session":"cdc34fb462c9","build":"183.6156.11","bucket":"-1","time":1581487413409,"group":{"id":"settings","version":"9"},"event":{"data":{"created":1581487413424,"name":"animateWindows","value":true},"id":"UISettings"}}
{"session":"cdc34fb462c9","build":"183.6156.11","bucket":"-1","time":1581487413409,"group":{"id":"settings","version":"9"},"event":{"data":{"created":1581487413424,"name":"closeNonModifiedFilesFirst","value":false},"id":"UISettings"}}
{"session":"cdc34fb462c9","build":"183.6156.11","bucket":"-1","time":1581487413409,"group":{"id":"settings","version":"9"},"event":{"data":{"created":1581487413425,"name":"closeTabButtonOnTheRight","value":true},"id":"UISettings"}}
{"session":"cdc34fb462c9","build":"183.6156.11","bucket":"-1","time":1581487413409,"group":{"id":"settings","version":"9"},"event":{"data":{"created":1581487413425,"name":"cycleScrolling","value":true},"id":"UISettings"}}
{"session":"cdc34fb462c9","build":"183.6156.11","bucket":"-1","time":1581487413409,"group":{"id":"settings","version":"9"},"event":{"data":{"created":1581487413426,"name":"defaultAutoScrollToSource","value":false},"id":"UISettings"}}
{"session":"cdc34fb462c9","build":"183.6156.11","bucket":"-1","time":1581487413410,"group":{"id":"settings","version":"9"},"event":{"data":{"created":1581487413426,"name":"disableMnemonics","value":true},"id":"UISettings"}}
{"session":"cdc34fb462c9","build":"183.6156.11","bucket":"-1","time":1581487413410,"group":{"id":"settings","version":"9"},"event":{"data":{"created":1581487413427,"name":"disableMnemonicsInControls","value":false},"id":"UISettings"}}
{"session":"cdc34fb462c9","build":"183.6156.11","bucket":"-1","time":1581487413410,"group":{"id":"settings","version":"9"},"event":{"data":{"created":1581487413427,"name":"dndWithPressedAltOnly","value":false},"id":"UISettings"}}
{"session":"cdc34fb462c9","build":"183.6156.11","bucket":"-1","time":1581487413410,"group":{"id":"settings","version":"9"},"event":{"data":{"created":1581487413428,"name":"enableAlphaMode","value":false},"id":"UISettings"}}
{"session":"cdc34fb462c9","build":"183.6156.11","bucket":"-1","time":1581487413410,"group":{"id":"settings","version":"9"},"event":{"data":{"created":1581487413428,"name":"hideKnownExtensionInTabs","value":false},"id":"UISettings"}}
{"session":"cdc34fb462c9","build":"183.6156.11","bucket":"-1","time":1581487413410,"group":{"id":"settings","version":"9"},"event":{"data":{"created":1581487413428,"name":"hideNavigationOnFocusLoss","value":true},"id":"UISettings"}}
{"session":"cdc34fb462c9","build":"183.6156.11","bucket":"-1","time":1581487413410,"group":{"id":"settings","version":"9"},"event":{"data":{"created":1581487413429,"name":"hideTabsIfNeed","value":true},"id":"UISettings"}}
{"session":"cdc34fb462c9","build":"183.6156.11","bucket":"-1","time":1581487413410,"group":{"id":"settings","version":"9"},"event":{"data":{"created":1581487413429,"name":"hideToolStripes","value":false},"id":"UISettings"}}
{"session":"cdc34fb462c9","build":"183.6156.11","bucket":"-1","time":1581487413410,"group":{"id":"settings","version":"9"},"event":{"data":{"created":1581487413430,"name":"leftHorizontalSplit","value":false},"id":"UISettings"}}
{"session":"cdc34fb462c9","build":"183.6156.11","bucket":"-1","time":1581487413410,"group":{"id":"settings","version":"9"},"event":{"data":{"created":1581487413430,"name":"markModifiedTabsWithAsterisk","value":false},"id":"UISettings"}}
{"session":"cdc34fb462c9","build":"183.6156.11","bucket":"-1","time":1581487413410,"group":{"id":"settings","version":"9"},"event":{"data":{"created":1581487413431,"name":"mergeEqualStackTraces","value":true},"id":"UISettings"}}
{"session":"cdc34fb462c9","build":"183.6156.11","bucket":"-1","time":1581487413410,"group":{"id":"settings","version":"9"},"event":{"data":{"created":1581487413431,"name":"moveMouseOnDefaultButton","value":false},"id":"UISettings"}}
{"session":"cdc34fb462c9","build":"183.6156.11","bucket":"-1","time":1581487413410,"group":{"id":"settings","version":"9"},"event":{"data":{"created":1581487413431,"name":"navigateToPreview","value":false},"id":"UISettings"}}
{"session":"cdc34fb462c9","build":"183.6156.11","bucket":"-1","time":1581487413410,"group":{"id":"settings","version":"9"},"event":{"data":{"created":1581487413432,"name":"overrideConsoleCycleBufferSize","value":false},"id":"UISettings"}}
{"session":"cdc34fb462c9","build":"183.6156.11","bucket":"-1","time":1581487413410,"group":{"id":"settings","version":"9"},"event":{"data":{"created":1581487413432,"name":"overrideLafFonts","value":false},"id":"UISettings"}}
{"session":"cdc34fb462c9","build":"183.6156.11","bucket":"-1","time":1581487413410,"group":{"id":"settings","version":"9"},"event":{"data":{"created":1581487413433,"name":"pinFindInPath","value":false},"id":"UISettings"}}
{"session":"cdc34fb462c9","build":"183.6156.11","bucket":"-1","time":1581487413410,"group":{"id":"settings","version":"9"},"event":{"data":{"created":1581487413433,"name":"presentationMode","value":false},"id":"UISettings"}}
{"session":"cdc34fb462c9","build":"183.6156.11","bucket":"-1","time":1581487413410,"group":{"id":"settings","version":"9"},"event":{"data":{"created":1581487413434,"name":"reuseNotModifiedTabs","value":false},"id":"UISettings"}}
{"session":"cdc34fb462c9","build":"183.6156.11","bucket":"-1","time":1581487413410,"group":{"id":"settings","version":"9"},"event":{"data":{"created":1581487413434,"name":"rightHorizontalSplit","value":false},"id":"UISettings"}}
{"session":"cdc34fb462c9","build":"183.6156.11","bucket":"-1","time":1581487413410,"group":{"id":"settings","version":"9"},"event":{"data":{"created":1581487413435,"name":"scrollTabLayoutInEditor","value":true},"id":"UISettings"}}
{"session":"cdc34fb462c9","build":"183.6156.11","bucket":"-1","time":1581487413410,"group":{"id":"settings","version":"9"},"event":{"data":{"created":1581487413435,"name":"showCloseButton","value":true},"id":"UISettings"}}
{"session":"cdc34fb462c9","build":"183.6156.11","bucket":"-1","time":1581487413410,"group":{"id":"settings","version":"9"},"event":{"data":{"created":1581487413436,"name":"showDirectoryForNonUniqueFilenames","value":true},"id":"UISettings"}}
{"session":"cdc34fb462c9","build":"183.6156.11","bucket":"-1","time":1581487413410,"group":{"id":"settings","version":"9"},"event":{"data":{"created":1581487413436,"name":"showEditorToolTip","value":true},"id":"UISettings"}}
{"session":"cdc34fb462c9","build":"183.6156.11","bucket":"-1","time":1581487413410,"group":{"id":"settings","version":"9"},"event":{"data":{"created":1581487413437,"name":"showIconInQuickNavigation","value":true},"id":"UISettings"}}
{"session":"cdc34fb462c9","build":"183.6156.11","bucket":"-1","time":1581487413410,"group":{"id":"settings","version":"9"},"event":{"data":{"created":1581487413437,"name":"showIconsInMenus","value":true},"id":"UISettings"}}
{"session":"cdc34fb462c9","build":"183.6156.11","bucket":"-1","time":1581487413410,"group":{"id":"settings","version":"9"},"event":{"data":{"created":1581487413438,"name":"showMainToolbar","value":false},"id":"UISettings"}}
{"session":"cdc34fb462c9","build":"183.6156.11","bucket":"-1","time":1581487413410,"group":{"id":"settings","version":"9"},"event":{"data":{"created":1581487413438,"name":"showMemoryIndicator","value":false},"id":"UISettings"}}
{"session":"cdc34fb462c9","build":"183.6156.11","bucket":"-1","time":1581487413410,"group":{"id":"settings","version":"9"},"event":{"data":{"created":1581487413439,"name":"showNavigationBar","value":true},"id":"UISettings"}}
{"session":"cdc34fb462c9","build":"183.6156.11","bucket":"-1","time":1581487413410,"group":{"id":"settings","version":"9"},"event":{"data":{"created":1581487413439,"name":"showStatusBar","value":true},"id":"UISettings"}}
{"session":"cdc34fb462c9","build":"183.6156.11","bucket":"-1","time":1581487413410,"group":{"id":"settings","version":"9"},"event":{"data":{"created":1581487413440,"name":"showTabsTooltips","value":true},"id":"UISettings"}}
{"session":"cdc34fb462c9","build":"183.6156.11","bucket":"-1","time":1581487413410,"group":{"id":"settings","version":"9"},"event":{"data":{"created":1581487413440,"name":"showToolWindowsNumbers","value":true},"id":"UISettings"}}
{"session":"cdc34fb462c9","build":"183.6156.11","bucket":"-1","time":1581487413410,"group":{"id":"settings","version":"9"},"event":{"data":{"created":1581487413441,"name":"smoothScrolling","value":true},"id":"UISettings"}}
{"session":"cdc34fb462c9","build":"183.6156.11","bucket":"-1","time":1581487413410,"group":{"id":"settings","version":"9"},"event":{"data":{"created":1581487413441,"name":"sortBookmarks","value":false},"id":"UISettings"}}
{"session":"cdc34fb462c9","build":"183.6156.11","bucket":"-1","time":1581487413410,"group":{"id":"settings","version":"9"},"event":{"data":{"created":1581487413441,"name":"sortLookupElementsLexicographically","value":false},"id":"UISettings"}}
{"session":"cdc34fb462c9","build":"183.6156.11","bucket":"-1","time":1581487413410,"group":{"id":"settings","version":"9"},"event":{"data":{"created":1581487413442,"name":"useSmallLabelsOnTabs","value":true},"id":"UISettings"}}
{"session":"cdc34fb462c9","build":"183.6156.11","bucket":"-1","time":1581487413410,"group":{"id":"settings","version":"9"},"event":{"data":{"created":1581487413442,"name":"wideScreenSupport","value":false},"id":"UISettings"}}
{"session":"cdc34fb462c9","build":"183.6156.11","bucket":"-1","time":1581487414118,"group":{"id":"settings","version":"9"},"event":{"data":{"created":1581487414118,"name":"autoSaveIfInactive","value":false},"id":"GeneralSettings"}}
{"session":"cdc34fb462c9","build":"183.6156.11","bucket":"-1","time":1581487414118,"group":{"id":"settings","version":"9"},"event":{"data":{"created":1581487414119,"name":"confirmExit","value":true},"id":"GeneralSettings"}}
{"session":"cdc34fb462c9","build":"183.6156.11","bucket":"-1","time":1581487414118,"group":{"id":"settings","version":"9"},"event":{"data":{"created":1581487414119,"name":"reopenLastProject","value":true},"id":"GeneralSettings"}}
{"session":"cdc34fb462c9","build":"183.6156.11","bucket":"-1","time":1581487414118,"group":{"id":"settings","version":"9"},"event":{"data":{"created":1581487414119,"name":"saveOnFrameDeactivation","value":true},"id":"GeneralSettings"}}
{"session":"cdc34fb462c9","build":"183.6156.11","bucket":"-1","time":1581487414118,"group":{"id":"settings","version":"9"},"event":{"data":{"created":1581487414120,"name":"searchInBackground","value":false},"id":"GeneralSettings"}}
{"session":"cdc34fb462c9","build":"183.6156.11","bucket":"-1","time":1581487414118,"group":{"id":"settings","version":"9"},"event":{"data":{"created":1581487414120,"name":"showTipsOnStartup","value":true},"id":"GeneralSettings"}}
{"session":"cdc34fb462c9","build":"183.6156.11","bucket":"-1","time":1581487414118,"group":{"id":"settings","version":"9"},"event":{"data":{"created":1581487414120,"name":"showWelcomeScreen","value":true},"id":"GeneralSettings"}}
{"session":"cdc34fb462c9","build":"183.6156.11","bucket":"-1","time":1581487414118,"group":{"id":"settings","version":"9"},"event":{"data":{"created":1581487414121,"name":"supportScreenReaders","value":false},"id":"GeneralSettings"}}
{"session":"cdc34fb462c9","build":"183.6156.11","bucket":"-1","time":1581487414118,"group":{"id":"settings","version":"9"},"event":{"data":{"created":1581487414121,"name":"syncOnFrameActivation","value":true},"id":"GeneralSettings"}}
{"session":"cdc34fb462c9","build":"183.6156.11","bucket":"-1","time":1581487414118,"group":{"id":"settings","version":"9"},"event":{"data":{"created":1581487414121,"name":"useDefaultBrowser","value":true},"id":"GeneralSettings"}}
{"session":"cdc34fb462c9","build":"183.6156.11","bucket":"-1","time":1581487414118,"group":{"id":"settings","version":"9"},"event":{"data":{"created":1581487414122,"name":"useSafeWrite","value":true},"id":"GeneralSettings"}}
{"session":"cdc34fb462c9","build":"183.6156.11","bucket":"-1","time":1581487416094,"group":{"id":"ui.dialogs","version":"9"},"event":{"count":1,"data":{"created":1581487416094,"type":"show"},"id":"com.intellij.openapi.progress.util.ProgressDialog$MyDialogWrapper"}}
{"session":"cdc34fb462c9","build":"183.6156.11","bucket":"-1","time":1581487417565,"group":{"id":"ui.dialogs","version":"9"},"event":{"count":1,"data":{"code":1,"created":1581487417566,"type":"close"},"id":"com.intellij.openapi.progress.util.ProgressDialog$MyDialogWrapper"}}
{"session":"cdc34fb462c9","build":"183.6156.11","bucket":"-1","time":1581487417599,"group":{"id":"statistics.lifecycle.project","version":"9"},"event":{"count":1,"data":{"created":1581487417599,"project":"-1867777320"},"id":"project.opened"}}
{"session":"cdc34fb462c9","build":"183.6156.11","bucket":"-1","time":1581487417601,"group":{"id":"lifecycle","version":"9"},"event":{"count":1,"data":{"created":1581487417601},"id":"project.opened"}}
{"session":"cdc34fb462c9","build":"183.6156.11","bucket":"-1","time":1581487418339,"group":{"id":"ui.dialogs","version":"9"},"event":{"count":1,"data":{"created":1581487418339,"type":"show"},"id":"com.intellij.openapi.progress.util.ProgressDialog$MyDialogWrapper"}}
{"session":"cdc34fb462c9","build":"183.6156.11","bucket":"-1","time":1581487420371,"group":{"id":"statistics.lifecycle.app","version":"9"},"event":{"count":1,"data":{"created":1581487420371},"id":"ide.start"}}
{"session":"cdc34fb462c9","build":"183.6156.11","bucket":"-1","time":1581487420371,"group":{"id":"lifecycle","version":"9"},"event":{"count":1,"data":{"created":1581487420372},"id":"app.started"}}
{"session":"cdc34fb462c9","build":"183.6156.11","bucket":"-1","time":1581487420786,"group":{"id":"statistics.ui.tips","version":"9"},"event":{"count":1,"data":{"created":1581487420786},"id":"shown.automatically"}}
{"session":"cdc34fb462c9","build":"183.6156.11","bucket":"-1","time":1581487420847,"group":{"id":"ui.dialogs","version":"9"},"event":{"count":1,"data":{"created":1581487420847,"type":"show"},"id":"com.intellij.ide.util.TipDialog"}}
{"session":"cdc34fb462c9","build":"183.6156.11","bucket":"-1","time":1581487421652,"group":{"id":"ui.dialogs","version":"9"},"event":{"count":1,"data":{"code":1,"created":1581487421652,"type":"close"},"id":"com.intellij.openapi.progress.util.ProgressDialog$MyDialogWrapper"}}
{"session":"cdc34fb462c9","build":"183.6156.11","bucket":"-1","time":1581487421745,"group":{"id":"statistics.lifecycle.project","version":"9"},"event":{"count":1,"data":{"created":1581487421746,"project":"-1867777320"},"id":"project.open.time.6"}}
{"session":"cdc34fb462c9","build":"183.6156.11","bucket":"-1","time":1581487421746,"group":{"id":"lifecycle","version":"9"},"event":{"count":1,"data":{"created":1581487421746,"time.ms":6222},"id":"project.opening.finished"}}
