{"session":"3459c8f4869b","build":"183.6156.11","bucket":"-1","time":1581488238577,"group":{"id":"system.os.name","version":"9"},"event":{"data":{"created":1581488238578},"id":"Mac.OS.X"}}
{"session":"3459c8f4869b","build":"183.6156.11","bucket":"-1","time":1581488238577,"group":{"id":"system.os.version","version":"9"},"event":{"data":{"created":1581488238588},"id":"10.15.2"}}
{"session":"3459c8f4869b","build":"183.6156.11","bucket":"-1","time":1581488238578,"group":{"id":"system.jvm.vendor","version":"9"},"event":{"data":{"created":1581488238600},"id":"JetBrains_s.r.o"}}
{"session":"3459c8f4869b","build":"183.6156.11","bucket":"-1","time":1581488238578,"group":{"id":"system.jvm.version","version":"9"},"event":{"data":{"created":1581488238602},"id":"1.8"}}
{"session":"3459c8f4869b","build":"183.6156.11","bucket":"-1","time":1581488238587,"group":{"id":"settings","version":"9"},"event":{"data":{"created":1581488238602,"name":"activeMruEditorOnClose","value":false},"id":"UISettings"}}
{"session":"3459c8f4869b","build":"183.6156.11","bucket":"-1","time":1581488238587,"group":{"id":"settings","version":"9"},"event":{"data":{"created":1581488238603,"name":"activeRightEditorOnClose","value":false},"id":"UISettings"}}
{"session":"3459c8f4869b","build":"183.6156.11","bucket":"-1","time":1581488238587,"group":{"id":"settings","version":"9"},"event":{"data":{"created":1581488238604,"name":"allowMergeButtons","value":true},"id":"UISettings"}}
{"session":"3459c8f4869b","build":"183.6156.11","bucket":"-1","time":1581488238587,"group":{"id":"settings","version":"9"},"event":{"data":{"created":1581488238605,"name":"alwaysShowWindowsButton","value":false},"id":"UISettings"}}
{"session":"3459c8f4869b","build":"183.6156.11","bucket":"-1","time":1581488238587,"group":{"id":"settings","version":"9"},"event":{"data":{"created":1581488238606,"name":"animateWindows","value":true},"id":"UISettings"}}
{"session":"3459c8f4869b","build":"183.6156.11","bucket":"-1","time":1581488238587,"group":{"id":"settings","version":"9"},"event":{"data":{"created":1581488238606,"name":"closeNonModifiedFilesFirst","value":false},"id":"UISettings"}}
{"session":"3459c8f4869b","build":"183.6156.11","bucket":"-1","time":1581488238587,"group":{"id":"settings","version":"9"},"event":{"data":{"created":1581488238607,"name":"closeTabButtonOnTheRight","value":true},"id":"UISettings"}}
{"session":"3459c8f4869b","build":"183.6156.11","bucket":"-1","time":1581488238587,"group":{"id":"settings","version":"9"},"event":{"data":{"created":1581488238608,"name":"cycleScrolling","value":true},"id":"UISettings"}}
{"session":"3459c8f4869b","build":"183.6156.11","bucket":"-1","time":1581488238587,"group":{"id":"settings","version":"9"},"event":{"data":{"created":1581488238609,"name":"defaultAutoScrollToSource","value":false},"id":"UISettings"}}
{"session":"3459c8f4869b","build":"183.6156.11","bucket":"-1","time":1581488238588,"group":{"id":"settings","version":"9"},"event":{"data":{"created":1581488238609,"name":"disableMnemonics","value":true},"id":"UISettings"}}
{"session":"3459c8f4869b","build":"183.6156.11","bucket":"-1","time":1581488238588,"group":{"id":"settings","version":"9"},"event":{"data":{"created":1581488238610,"name":"disableMnemonicsInControls","value":false},"id":"UISettings"}}
{"session":"3459c8f4869b","build":"183.6156.11","bucket":"-1","time":1581488238588,"group":{"id":"settings","version":"9"},"event":{"data":{"created":1581488238611,"name":"dndWithPressedAltOnly","value":false},"id":"UISettings"}}
{"session":"3459c8f4869b","build":"183.6156.11","bucket":"-1","time":1581488238588,"group":{"id":"settings","version":"9"},"event":{"data":{"created":1581488238611,"name":"enableAlphaMode","value":false},"id":"UISettings"}}
{"session":"3459c8f4869b","build":"183.6156.11","bucket":"-1","time":1581488238588,"group":{"id":"settings","version":"9"},"event":{"data":{"created":1581488238612,"name":"hideKnownExtensionInTabs","value":false},"id":"UISettings"}}
{"session":"3459c8f4869b","build":"183.6156.11","bucket":"-1","time":1581488238588,"group":{"id":"settings","version":"9"},"event":{"data":{"created":1581488238613,"name":"hideNavigationOnFocusLoss","value":true},"id":"UISettings"}}
{"session":"3459c8f4869b","build":"183.6156.11","bucket":"-1","time":1581488238588,"group":{"id":"settings","version":"9"},"event":{"data":{"created":1581488238614,"name":"hideTabsIfNeed","value":true},"id":"UISettings"}}
{"session":"3459c8f4869b","build":"183.6156.11","bucket":"-1","time":1581488238588,"group":{"id":"settings","version":"9"},"event":{"data":{"created":1581488238614,"name":"hideToolStripes","value":false},"id":"UISettings"}}
{"session":"3459c8f4869b","build":"183.6156.11","bucket":"-1","time":1581488238588,"group":{"id":"settings","version":"9"},"event":{"data":{"created":1581488238615,"name":"leftHorizontalSplit","value":false},"id":"UISettings"}}
{"session":"3459c8f4869b","build":"183.6156.11","bucket":"-1","time":1581488238588,"group":{"id":"settings","version":"9"},"event":{"data":{"created":1581488238616,"name":"markModifiedTabsWithAsterisk","value":false},"id":"UISettings"}}
{"session":"3459c8f4869b","build":"183.6156.11","bucket":"-1","time":1581488238588,"group":{"id":"settings","version":"9"},"event":{"data":{"created":1581488238616,"name":"mergeEqualStackTraces","value":true},"id":"UISettings"}}
{"session":"3459c8f4869b","build":"183.6156.11","bucket":"-1","time":1581488238588,"group":{"id":"settings","version":"9"},"event":{"data":{"created":1581488238617,"name":"moveMouseOnDefaultButton","value":false},"id":"UISettings"}}
{"session":"3459c8f4869b","build":"183.6156.11","bucket":"-1","time":1581488238588,"group":{"id":"settings","version":"9"},"event":{"data":{"created":1581488238618,"name":"navigateToPreview","value":false},"id":"UISettings"}}
{"session":"3459c8f4869b","build":"183.6156.11","bucket":"-1","time":1581488238588,"group":{"id":"settings","version":"9"},"event":{"data":{"created":1581488238618,"name":"overrideConsoleCycleBufferSize","value":false},"id":"UISettings"}}
{"session":"3459c8f4869b","build":"183.6156.11","bucket":"-1","time":1581488238588,"group":{"id":"settings","version":"9"},"event":{"data":{"created":1581488238619,"name":"overrideLafFonts","value":false},"id":"UISettings"}}
{"session":"3459c8f4869b","build":"183.6156.11","bucket":"-1","time":1581488238588,"group":{"id":"settings","version":"9"},"event":{"data":{"created":1581488238619,"name":"pinFindInPath","value":false},"id":"UISettings"}}
{"session":"3459c8f4869b","build":"183.6156.11","bucket":"-1","time":1581488238588,"group":{"id":"settings","version":"9"},"event":{"data":{"created":1581488238620,"name":"presentationMode","value":false},"id":"UISettings"}}
{"session":"3459c8f4869b","build":"183.6156.11","bucket":"-1","time":1581488238588,"group":{"id":"settings","version":"9"},"event":{"data":{"created":1581488238621,"name":"reuseNotModifiedTabs","value":false},"id":"UISettings"}}
{"session":"3459c8f4869b","build":"183.6156.11","bucket":"-1","time":1581488238588,"group":{"id":"settings","version":"9"},"event":{"data":{"created":1581488238621,"name":"rightHorizontalSplit","value":false},"id":"UISettings"}}
{"session":"3459c8f4869b","build":"183.6156.11","bucket":"-1","time":1581488238588,"group":{"id":"settings","version":"9"},"event":{"data":{"created":1581488238622,"name":"scrollTabLayoutInEditor","value":true},"id":"UISettings"}}
{"session":"3459c8f4869b","build":"183.6156.11","bucket":"-1","time":1581488238588,"group":{"id":"settings","version":"9"},"event":{"data":{"created":1581488238622,"name":"showCloseButton","value":true},"id":"UISettings"}}
{"session":"3459c8f4869b","build":"183.6156.11","bucket":"-1","time":1581488238588,"group":{"id":"settings","version":"9"},"event":{"data":{"created":1581488238623,"name":"showDirectoryForNonUniqueFilenames","value":true},"id":"UISettings"}}
{"session":"3459c8f4869b","build":"183.6156.11","bucket":"-1","time":1581488238588,"group":{"id":"settings","version":"9"},"event":{"data":{"created":1581488238623,"name":"showEditorToolTip","value":true},"id":"UISettings"}}
{"session":"3459c8f4869b","build":"183.6156.11","bucket":"-1","time":1581488238588,"group":{"id":"settings","version":"9"},"event":{"data":{"created":1581488238624,"name":"showIconInQuickNavigation","value":true},"id":"UISettings"}}
{"session":"3459c8f4869b","build":"183.6156.11","bucket":"-1","time":1581488238588,"group":{"id":"settings","version":"9"},"event":{"data":{"created":1581488238624,"name":"showIconsInMenus","value":true},"id":"UISettings"}}
{"session":"3459c8f4869b","build":"183.6156.11","bucket":"-1","time":1581488238588,"group":{"id":"settings","version":"9"},"event":{"data":{"created":1581488238625,"name":"showMainToolbar","value":false},"id":"UISettings"}}
{"session":"3459c8f4869b","build":"183.6156.11","bucket":"-1","time":1581488238588,"group":{"id":"settings","version":"9"},"event":{"data":{"created":1581488238626,"name":"showMemoryIndicator","value":false},"id":"UISettings"}}
{"session":"3459c8f4869b","build":"183.6156.11","bucket":"-1","time":1581488238588,"group":{"id":"settings","version":"9"},"event":{"data":{"created":1581488238626,"name":"showNavigationBar","value":true},"id":"UISettings"}}
{"session":"3459c8f4869b","build":"183.6156.11","bucket":"-1","time":1581488238588,"group":{"id":"settings","version":"9"},"event":{"data":{"created":1581488238627,"name":"showStatusBar","value":true},"id":"UISettings"}}
{"session":"3459c8f4869b","build":"183.6156.11","bucket":"-1","time":1581488238588,"group":{"id":"settings","version":"9"},"event":{"data":{"created":1581488238628,"name":"showTabsTooltips","value":true},"id":"UISettings"}}
{"session":"3459c8f4869b","build":"183.6156.11","bucket":"-1","time":1581488238588,"group":{"id":"settings","version":"9"},"event":{"data":{"created":1581488238628,"name":"showToolWindowsNumbers","value":true},"id":"UISettings"}}
{"session":"3459c8f4869b","build":"183.6156.11","bucket":"-1","time":1581488238588,"group":{"id":"settings","version":"9"},"event":{"data":{"created":1581488238628,"name":"smoothScrolling","value":true},"id":"UISettings"}}
{"session":"3459c8f4869b","build":"183.6156.11","bucket":"-1","time":1581488238588,"group":{"id":"settings","version":"9"},"event":{"data":{"created":1581488238629,"name":"sortBookmarks","value":false},"id":"UISettings"}}
{"session":"3459c8f4869b","build":"183.6156.11","bucket":"-1","time":1581488238588,"group":{"id":"settings","version":"9"},"event":{"data":{"created":1581488238629,"name":"sortLookupElementsLexicographically","value":false},"id":"UISettings"}}
{"session":"3459c8f4869b","build":"183.6156.11","bucket":"-1","time":1581488238588,"group":{"id":"settings","version":"9"},"event":{"data":{"created":1581488238630,"name":"useSmallLabelsOnTabs","value":true},"id":"UISettings"}}
{"session":"3459c8f4869b","build":"183.6156.11","bucket":"-1","time":1581488238588,"group":{"id":"settings","version":"9"},"event":{"data":{"created":1581488238630,"name":"wideScreenSupport","value":false},"id":"UISettings"}}
{"session":"3459c8f4869b","build":"183.6156.11","bucket":"-1","time":1581488239339,"group":{"id":"settings","version":"9"},"event":{"data":{"created":1581488239339,"name":"autoSaveIfInactive","value":false},"id":"GeneralSettings"}}
{"session":"3459c8f4869b","build":"183.6156.11","bucket":"-1","time":1581488239339,"group":{"id":"settings","version":"9"},"event":{"data":{"created":1581488239340,"name":"confirmExit","value":true},"id":"GeneralSettings"}}
{"session":"3459c8f4869b","build":"183.6156.11","bucket":"-1","time":1581488239339,"group":{"id":"settings","version":"9"},"event":{"data":{"created":1581488239340,"name":"reopenLastProject","value":true},"id":"GeneralSettings"}}
{"session":"3459c8f4869b","build":"183.6156.11","bucket":"-1","time":1581488239339,"group":{"id":"settings","version":"9"},"event":{"data":{"created":1581488239340,"name":"saveOnFrameDeactivation","value":true},"id":"GeneralSettings"}}
{"session":"3459c8f4869b","build":"183.6156.11","bucket":"-1","time":1581488239339,"group":{"id":"settings","version":"9"},"event":{"data":{"created":1581488239341,"name":"searchInBackground","value":false},"id":"GeneralSettings"}}
{"session":"3459c8f4869b","build":"183.6156.11","bucket":"-1","time":1581488239339,"group":{"id":"settings","version":"9"},"event":{"data":{"created":1581488239341,"name":"showTipsOnStartup","value":true},"id":"GeneralSettings"}}
{"session":"3459c8f4869b","build":"183.6156.11","bucket":"-1","time":1581488239339,"group":{"id":"settings","version":"9"},"event":{"data":{"created":1581488239341,"name":"showWelcomeScreen","value":true},"id":"GeneralSettings"}}
{"session":"3459c8f4869b","build":"183.6156.11","bucket":"-1","time":1581488239339,"group":{"id":"settings","version":"9"},"event":{"data":{"created":1581488239342,"name":"supportScreenReaders","value":false},"id":"GeneralSettings"}}
{"session":"3459c8f4869b","build":"183.6156.11","bucket":"-1","time":1581488239339,"group":{"id":"settings","version":"9"},"event":{"data":{"created":1581488239342,"name":"syncOnFrameActivation","value":true},"id":"GeneralSettings"}}
{"session":"3459c8f4869b","build":"183.6156.11","bucket":"-1","time":1581488239339,"group":{"id":"settings","version":"9"},"event":{"data":{"created":1581488239342,"name":"useDefaultBrowser","value":true},"id":"GeneralSettings"}}
{"session":"3459c8f4869b","build":"183.6156.11","bucket":"-1","time":1581488239339,"group":{"id":"settings","version":"9"},"event":{"data":{"created":1581488239342,"name":"useSafeWrite","value":true},"id":"GeneralSettings"}}
{"session":"3459c8f4869b","build":"183.6156.11","bucket":"-1","time":1581488241660,"group":{"id":"ui.dialogs","version":"9"},"event":{"count":1,"data":{"created":1581488241660,"type":"show"},"id":"com.intellij.openapi.progress.util.ProgressDialog$MyDialogWrapper"}}
{"session":"3459c8f4869b","build":"183.6156.11","bucket":"-1","time":1581488243198,"group":{"id":"ui.dialogs","version":"9"},"event":{"count":1,"data":{"code":1,"created":1581488243198,"type":"close"},"id":"com.intellij.openapi.progress.util.ProgressDialog$MyDialogWrapper"}}
{"session":"3459c8f4869b","build":"183.6156.11","bucket":"-1","time":1581488243226,"group":{"id":"statistics.lifecycle.project","version":"9"},"event":{"count":1,"data":{"created":1581488243226,"project":"-1867777320"},"id":"project.opened"}}
{"session":"3459c8f4869b","build":"183.6156.11","bucket":"-1","time":1581488243227,"group":{"id":"lifecycle","version":"9"},"event":{"count":1,"data":{"created":1581488243227},"id":"project.opened"}}
{"session":"3459c8f4869b","build":"183.6156.11","bucket":"-1","time":1581488244040,"group":{"id":"ui.dialogs","version":"9"},"event":{"count":1,"data":{"created":1581488244040,"type":"show"},"id":"com.intellij.openapi.progress.util.ProgressDialog$MyDialogWrapper"}}
{"session":"3459c8f4869b","build":"183.6156.11","bucket":"-1","time":1581488245998,"group":{"id":"statistics.lifecycle.app","version":"9"},"event":{"count":1,"data":{"created":1581488245998},"id":"ide.start"}}
{"session":"3459c8f4869b","build":"183.6156.11","bucket":"-1","time":1581488245998,"group":{"id":"lifecycle","version":"9"},"event":{"count":1,"data":{"created":1581488245998},"id":"app.started"}}
{"session":"3459c8f4869b","build":"183.6156.11","bucket":"-1","time":1581488246461,"group":{"id":"statistics.ui.tips","version":"9"},"event":{"count":1,"data":{"created":1581488246461},"id":"shown.automatically"}}
{"session":"3459c8f4869b","build":"183.6156.11","bucket":"-1","time":1581488246495,"group":{"id":"ui.dialogs","version":"9"},"event":{"count":1,"data":{"created":1581488246495,"type":"show"},"id":"com.intellij.ide.util.TipDialog"}}
{"session":"3459c8f4869b","build":"183.6156.11","bucket":"-1","time":1581488247159,"group":{"id":"ui.dialogs","version":"9"},"event":{"count":1,"data":{"code":1,"created":1581488247159,"type":"close"},"id":"com.intellij.openapi.progress.util.ProgressDialog$MyDialogWrapper"}}
{"session":"3459c8f4869b","build":"183.6156.11","bucket":"-1","time":1581488247271,"group":{"id":"statistics.lifecycle.project","version":"9"},"event":{"count":1,"data":{"created":1581488247271,"project":"-1867777320"},"id":"project.open.time.6"}}
{"session":"3459c8f4869b","build":"183.6156.11","bucket":"-1","time":1581488247271,"group":{"id":"lifecycle","version":"9"},"event":{"count":1,"data":{"created":1581488247271,"time.ms":6150},"id":"project.opening.finished"}}
{"session":"3459c8f4869b","build":"183.6156.11","bucket":"-1","time":1581488264027,"group":{"id":"ui.dialogs","version":"9"},"event":{"count":1,"data":{"code":1,"created":1581488264027,"type":"close"},"id":"com.intellij.ide.util.TipDialog"}}
{"session":"3459c8f4869b","build":"183.6156.11","bucket":"-1","time":1581488423596,"group":{"id":"toolwindow.v2","version":"9"},"event":{"count":1,"data":{"created":1581488423597,"data_1":"Mac"},"id":"Project_by_Activation"}}
{"session":"3459c8f4869b","build":"183.6156.11","bucket":"-1","time":1581488425966,"group":{"id":"statistics.lifecycle.project","version":"9"},"event":{"count":1,"data":{"created":1581488425966,"project":"-1867777320"},"id":"project.closed"}}
