{"session":"a3922e910a83","build":"183.6156.11","bucket":"-1","time":1581480875734,"group":{"id":"system.os.name","version":"9"},"event":{"data":{"created":1581480875734},"id":"Mac.OS.X"}}
{"session":"a3922e910a83","build":"183.6156.11","bucket":"-1","time":1581480875734,"group":{"id":"system.os.version","version":"9"},"event":{"data":{"created":1581480875745},"id":"10.15.2"}}
{"session":"a3922e910a83","build":"183.6156.11","bucket":"-1","time":1581480875734,"group":{"id":"system.jvm.vendor","version":"9"},"event":{"data":{"created":1581480875755},"id":"JetBrains_s.r.o"}}
{"session":"a3922e910a83","build":"183.6156.11","bucket":"-1","time":1581480875734,"group":{"id":"system.jvm.version","version":"9"},"event":{"data":{"created":1581480875756},"id":"1.8"}}
{"session":"a3922e910a83","build":"183.6156.11","bucket":"-1","time":1581480875744,"group":{"id":"settings","version":"9"},"event":{"data":{"created":1581480875757,"name":"activeMruEditorOnClose","value":false},"id":"UISettings"}}
{"session":"a3922e910a83","build":"183.6156.11","bucket":"-1","time":1581480875744,"group":{"id":"settings","version":"9"},"event":{"data":{"created":1581480875758,"name":"activeRightEditorOnClose","value":false},"id":"UISettings"}}
{"session":"a3922e910a83","build":"183.6156.11","bucket":"-1","time":1581480875744,"group":{"id":"settings","version":"9"},"event":{"data":{"created":1581480875758,"name":"allowMergeButtons","value":true},"id":"UISettings"}}
{"session":"a3922e910a83","build":"183.6156.11","bucket":"-1","time":1581480875744,"group":{"id":"settings","version":"9"},"event":{"data":{"created":1581480875759,"name":"alwaysShowWindowsButton","value":false},"id":"UISettings"}}
{"session":"a3922e910a83","build":"183.6156.11","bucket":"-1","time":1581480875744,"group":{"id":"settings","version":"9"},"event":{"data":{"created":1581480875759,"name":"animateWindows","value":true},"id":"UISettings"}}
{"session":"a3922e910a83","build":"183.6156.11","bucket":"-1","time":1581480875744,"group":{"id":"settings","version":"9"},"event":{"data":{"created":1581480875760,"name":"closeNonModifiedFilesFirst","value":false},"id":"UISettings"}}
{"session":"a3922e910a83","build":"183.6156.11","bucket":"-1","time":1581480875744,"group":{"id":"settings","version":"9"},"event":{"data":{"created":1581480875760,"name":"closeTabButtonOnTheRight","value":true},"id":"UISettings"}}
{"session":"a3922e910a83","build":"183.6156.11","bucket":"-1","time":1581480875744,"group":{"id":"settings","version":"9"},"event":{"data":{"created":1581480875761,"name":"cycleScrolling","value":true},"id":"UISettings"}}
{"session":"a3922e910a83","build":"183.6156.11","bucket":"-1","time":1581480875744,"group":{"id":"settings","version":"9"},"event":{"data":{"created":1581480875761,"name":"defaultAutoScrollToSource","value":false},"id":"UISettings"}}
{"session":"a3922e910a83","build":"183.6156.11","bucket":"-1","time":1581480875744,"group":{"id":"settings","version":"9"},"event":{"data":{"created":1581480875762,"name":"disableMnemonics","value":true},"id":"UISettings"}}
{"session":"a3922e910a83","build":"183.6156.11","bucket":"-1","time":1581480875744,"group":{"id":"settings","version":"9"},"event":{"data":{"created":1581480875763,"name":"disableMnemonicsInControls","value":false},"id":"UISettings"}}
{"session":"a3922e910a83","build":"183.6156.11","bucket":"-1","time":1581480875744,"group":{"id":"settings","version":"9"},"event":{"data":{"created":1581480875763,"name":"dndWithPressedAltOnly","value":false},"id":"UISettings"}}
{"session":"a3922e910a83","build":"183.6156.11","bucket":"-1","time":1581480875744,"group":{"id":"settings","version":"9"},"event":{"data":{"created":1581480875764,"name":"enableAlphaMode","value":false},"id":"UISettings"}}
{"session":"a3922e910a83","build":"183.6156.11","bucket":"-1","time":1581480875744,"group":{"id":"settings","version":"9"},"event":{"data":{"created":1581480875765,"name":"hideKnownExtensionInTabs","value":false},"id":"UISettings"}}
{"session":"a3922e910a83","build":"183.6156.11","bucket":"-1","time":1581480875744,"group":{"id":"settings","version":"9"},"event":{"data":{"created":1581480875765,"name":"hideNavigationOnFocusLoss","value":true},"id":"UISettings"}}
{"session":"a3922e910a83","build":"183.6156.11","bucket":"-1","time":1581480875744,"group":{"id":"settings","version":"9"},"event":{"data":{"created":1581480875766,"name":"hideTabsIfNeed","value":true},"id":"UISettings"}}
{"session":"a3922e910a83","build":"183.6156.11","bucket":"-1","time":1581480875744,"group":{"id":"settings","version":"9"},"event":{"data":{"created":1581480875767,"name":"hideToolStripes","value":false},"id":"UISettings"}}
{"session":"a3922e910a83","build":"183.6156.11","bucket":"-1","time":1581480875744,"group":{"id":"settings","version":"9"},"event":{"data":{"created":1581480875767,"name":"leftHorizontalSplit","value":false},"id":"UISettings"}}
{"session":"a3922e910a83","build":"183.6156.11","bucket":"-1","time":1581480875744,"group":{"id":"settings","version":"9"},"event":{"data":{"created":1581480875767,"name":"markModifiedTabsWithAsterisk","value":false},"id":"UISettings"}}
{"session":"a3922e910a83","build":"183.6156.11","bucket":"-1","time":1581480875744,"group":{"id":"settings","version":"9"},"event":{"data":{"created":1581480875768,"name":"mergeEqualStackTraces","value":true},"id":"UISettings"}}
{"session":"a3922e910a83","build":"183.6156.11","bucket":"-1","time":1581480875744,"group":{"id":"settings","version":"9"},"event":{"data":{"created":1581480875768,"name":"moveMouseOnDefaultButton","value":false},"id":"UISettings"}}
{"session":"a3922e910a83","build":"183.6156.11","bucket":"-1","time":1581480875744,"group":{"id":"settings","version":"9"},"event":{"data":{"created":1581480875769,"name":"navigateToPreview","value":false},"id":"UISettings"}}
{"session":"a3922e910a83","build":"183.6156.11","bucket":"-1","time":1581480875744,"group":{"id":"settings","version":"9"},"event":{"data":{"created":1581480875769,"name":"overrideConsoleCycleBufferSize","value":false},"id":"UISettings"}}
{"session":"a3922e910a83","build":"183.6156.11","bucket":"-1","time":1581480875744,"group":{"id":"settings","version":"9"},"event":{"data":{"created":1581480875770,"name":"overrideLafFonts","value":false},"id":"UISettings"}}
{"session":"a3922e910a83","build":"183.6156.11","bucket":"-1","time":1581480875744,"group":{"id":"settings","version":"9"},"event":{"data":{"created":1581480875770,"name":"pinFindInPath","value":false},"id":"UISettings"}}
{"session":"a3922e910a83","build":"183.6156.11","bucket":"-1","time":1581480875744,"group":{"id":"settings","version":"9"},"event":{"data":{"created":1581480875770,"name":"presentationMode","value":false},"id":"UISettings"}}
{"session":"a3922e910a83","build":"183.6156.11","bucket":"-1","time":1581480875744,"group":{"id":"settings","version":"9"},"event":{"data":{"created":1581480875771,"name":"reuseNotModifiedTabs","value":false},"id":"UISettings"}}
{"session":"a3922e910a83","build":"183.6156.11","bucket":"-1","time":1581480875744,"group":{"id":"settings","version":"9"},"event":{"data":{"created":1581480875772,"name":"rightHorizontalSplit","value":false},"id":"UISettings"}}
{"session":"a3922e910a83","build":"183.6156.11","bucket":"-1","time":1581480875744,"group":{"id":"settings","version":"9"},"event":{"data":{"created":1581480875772,"name":"scrollTabLayoutInEditor","value":true},"id":"UISettings"}}
{"session":"a3922e910a83","build":"183.6156.11","bucket":"-1","time":1581480875744,"group":{"id":"settings","version":"9"},"event":{"data":{"created":1581480875772,"name":"showCloseButton","value":true},"id":"UISettings"}}
{"session":"a3922e910a83","build":"183.6156.11","bucket":"-1","time":1581480875744,"group":{"id":"settings","version":"9"},"event":{"data":{"created":1581480875773,"name":"showDirectoryForNonUniqueFilenames","value":true},"id":"UISettings"}}
{"session":"a3922e910a83","build":"183.6156.11","bucket":"-1","time":1581480875744,"group":{"id":"settings","version":"9"},"event":{"data":{"created":1581480875773,"name":"showEditorToolTip","value":true},"id":"UISettings"}}
{"session":"a3922e910a83","build":"183.6156.11","bucket":"-1","time":1581480875744,"group":{"id":"settings","version":"9"},"event":{"data":{"created":1581480875773,"name":"showIconInQuickNavigation","value":true},"id":"UISettings"}}
{"session":"a3922e910a83","build":"183.6156.11","bucket":"-1","time":1581480875744,"group":{"id":"settings","version":"9"},"event":{"data":{"created":1581480875774,"name":"showIconsInMenus","value":true},"id":"UISettings"}}
{"session":"a3922e910a83","build":"183.6156.11","bucket":"-1","time":1581480875744,"group":{"id":"settings","version":"9"},"event":{"data":{"created":1581480875775,"name":"showMainToolbar","value":false},"id":"UISettings"}}
{"session":"a3922e910a83","build":"183.6156.11","bucket":"-1","time":1581480875744,"group":{"id":"settings","version":"9"},"event":{"data":{"created":1581480875775,"name":"showMemoryIndicator","value":false},"id":"UISettings"}}
{"session":"a3922e910a83","build":"183.6156.11","bucket":"-1","time":1581480875744,"group":{"id":"settings","version":"9"},"event":{"data":{"created":1581480875775,"name":"showNavigationBar","value":true},"id":"UISettings"}}
{"session":"a3922e910a83","build":"183.6156.11","bucket":"-1","time":1581480875744,"group":{"id":"settings","version":"9"},"event":{"data":{"created":1581480875776,"name":"showStatusBar","value":true},"id":"UISettings"}}
{"session":"a3922e910a83","build":"183.6156.11","bucket":"-1","time":1581480875744,"group":{"id":"settings","version":"9"},"event":{"data":{"created":1581480875777,"name":"showTabsTooltips","value":true},"id":"UISettings"}}
{"session":"a3922e910a83","build":"183.6156.11","bucket":"-1","time":1581480875744,"group":{"id":"settings","version":"9"},"event":{"data":{"created":1581480875777,"name":"showToolWindowsNumbers","value":true},"id":"UISettings"}}
{"session":"a3922e910a83","build":"183.6156.11","bucket":"-1","time":1581480875744,"group":{"id":"settings","version":"9"},"event":{"data":{"created":1581480875777,"name":"smoothScrolling","value":true},"id":"UISettings"}}
{"session":"a3922e910a83","build":"183.6156.11","bucket":"-1","time":1581480875744,"group":{"id":"settings","version":"9"},"event":{"data":{"created":1581480875778,"name":"sortBookmarks","value":false},"id":"UISettings"}}
{"session":"a3922e910a83","build":"183.6156.11","bucket":"-1","time":1581480875744,"group":{"id":"settings","version":"9"},"event":{"data":{"created":1581480875778,"name":"sortLookupElementsLexicographically","value":false},"id":"UISettings"}}
{"session":"a3922e910a83","build":"183.6156.11","bucket":"-1","time":1581480875744,"group":{"id":"settings","version":"9"},"event":{"data":{"created":1581480875778,"name":"useSmallLabelsOnTabs","value":true},"id":"UISettings"}}
{"session":"a3922e910a83","build":"183.6156.11","bucket":"-1","time":1581480875744,"group":{"id":"settings","version":"9"},"event":{"data":{"created":1581480875778,"name":"wideScreenSupport","value":false},"id":"UISettings"}}
{"session":"a3922e910a83","build":"183.6156.11","bucket":"-1","time":1581480876546,"group":{"id":"settings","version":"9"},"event":{"data":{"created":1581480876546,"name":"autoSaveIfInactive","value":false},"id":"GeneralSettings"}}
{"session":"a3922e910a83","build":"183.6156.11","bucket":"-1","time":1581480876546,"group":{"id":"settings","version":"9"},"event":{"data":{"created":1581480876546,"name":"confirmExit","value":true},"id":"GeneralSettings"}}
{"session":"a3922e910a83","build":"183.6156.11","bucket":"-1","time":1581480876546,"group":{"id":"settings","version":"9"},"event":{"data":{"created":1581480876547,"name":"reopenLastProject","value":true},"id":"GeneralSettings"}}
{"session":"a3922e910a83","build":"183.6156.11","bucket":"-1","time":1581480876546,"group":{"id":"settings","version":"9"},"event":{"data":{"created":1581480876547,"name":"saveOnFrameDeactivation","value":true},"id":"GeneralSettings"}}
{"session":"a3922e910a83","build":"183.6156.11","bucket":"-1","time":1581480876546,"group":{"id":"settings","version":"9"},"event":{"data":{"created":1581480876547,"name":"searchInBackground","value":false},"id":"GeneralSettings"}}
{"session":"a3922e910a83","build":"183.6156.11","bucket":"-1","time":1581480876546,"group":{"id":"settings","version":"9"},"event":{"data":{"created":1581480876548,"name":"showTipsOnStartup","value":true},"id":"GeneralSettings"}}
{"session":"a3922e910a83","build":"183.6156.11","bucket":"-1","time":1581480876546,"group":{"id":"settings","version":"9"},"event":{"data":{"created":1581480876548,"name":"showWelcomeScreen","value":true},"id":"GeneralSettings"}}
{"session":"a3922e910a83","build":"183.6156.11","bucket":"-1","time":1581480876546,"group":{"id":"settings","version":"9"},"event":{"data":{"created":1581480876548,"name":"supportScreenReaders","value":false},"id":"GeneralSettings"}}
{"session":"a3922e910a83","build":"183.6156.11","bucket":"-1","time":1581480876546,"group":{"id":"settings","version":"9"},"event":{"data":{"created":1581480876548,"name":"syncOnFrameActivation","value":true},"id":"GeneralSettings"}}
{"session":"a3922e910a83","build":"183.6156.11","bucket":"-1","time":1581480876546,"group":{"id":"settings","version":"9"},"event":{"data":{"created":1581480876549,"name":"useDefaultBrowser","value":true},"id":"GeneralSettings"}}
{"session":"a3922e910a83","build":"183.6156.11","bucket":"-1","time":1581480876546,"group":{"id":"settings","version":"9"},"event":{"data":{"created":1581480876549,"name":"useSafeWrite","value":true},"id":"GeneralSettings"}}
{"session":"a3922e910a83","build":"183.6156.11","bucket":"-1","time":1581480878991,"group":{"id":"ui.dialogs","version":"9"},"event":{"count":1,"data":{"created":1581480878991,"type":"show"},"id":"com.intellij.openapi.progress.util.ProgressDialog$MyDialogWrapper"}}
{"session":"a3922e910a83","build":"183.6156.11","bucket":"-1","time":1581480880737,"group":{"id":"ui.dialogs","version":"9"},"event":{"count":1,"data":{"code":1,"created":1581480880737,"type":"close"},"id":"com.intellij.openapi.progress.util.ProgressDialog$MyDialogWrapper"}}
{"session":"a3922e910a83","build":"183.6156.11","bucket":"-1","time":1581480880770,"group":{"id":"statistics.lifecycle.project","version":"9"},"event":{"count":1,"data":{"created":1581480880770,"project":"478683548"},"id":"project.opened"}}
{"session":"a3922e910a83","build":"183.6156.11","bucket":"-1","time":1581480880771,"group":{"id":"lifecycle","version":"9"},"event":{"count":1,"data":{"created":1581480880772},"id":"project.opened"}}
{"session":"a3922e910a83","build":"183.6156.11","bucket":"-1","time":1581480881543,"group":{"id":"ui.dialogs","version":"9"},"event":{"count":1,"data":{"created":1581480881543,"type":"show"},"id":"com.intellij.openapi.progress.util.ProgressDialog$MyDialogWrapper"}}
{"session":"a3922e910a83","build":"183.6156.11","bucket":"-1","time":1581480883387,"group":{"id":"toolwindow.v2","version":"9"},"event":{"count":1,"data":{"created":1581480883387,"data_1":"Mac"},"id":"Project_by_Activation"}}
{"session":"a3922e910a83","build":"183.6156.11","bucket":"-1","time":1581480883827,"group":{"id":"statistics.lifecycle.app","version":"9"},"event":{"count":1,"data":{"created":1581480883827},"id":"ide.start"}}
{"session":"a3922e910a83","build":"183.6156.11","bucket":"-1","time":1581480883827,"group":{"id":"lifecycle","version":"9"},"event":{"count":1,"data":{"created":1581480883827},"id":"app.started"}}
{"session":"a3922e910a83","build":"183.6156.11","bucket":"-1","time":1581480884278,"group":{"id":"statistics.ui.tips","version":"9"},"event":{"count":1,"data":{"created":1581480884278},"id":"shown.automatically"}}
{"session":"a3922e910a83","build":"183.6156.11","bucket":"-1","time":1581480884317,"group":{"id":"ui.dialogs","version":"9"},"event":{"count":1,"data":{"created":1581480884317,"type":"show"},"id":"com.intellij.ide.util.TipDialog"}}
{"session":"a3922e910a83","build":"183.6156.11","bucket":"-1","time":1581480885298,"group":{"id":"ui.dialogs","version":"9"},"event":{"count":1,"data":{"code":1,"created":1581480885298,"type":"close"},"id":"com.intellij.openapi.progress.util.ProgressDialog$MyDialogWrapper"}}
{"session":"a3922e910a83","build":"183.6156.11","bucket":"-1","time":1581480885343,"group":{"id":"statistics.lifecycle.project","version":"9"},"event":{"count":1,"data":{"created":1581480885343,"project":"478683548"},"id":"project.open.time.6"}}
{"session":"a3922e910a83","build":"183.6156.11","bucket":"-1","time":1581480885343,"group":{"id":"lifecycle","version":"9"},"event":{"count":1,"data":{"created":1581480885343,"time.ms":6969},"id":"project.opening.finished"}}
{"session":"a3922e910a83","build":"183.6156.11","bucket":"-1","time":1581480887874,"group":{"id":"ui.dialogs","version":"9"},"event":{"count":1,"data":{"code":1,"created":1581480887875,"type":"close"},"id":"com.intellij.ide.util.TipDialog"}}
{"session":"a3922e910a83","build":"183.6156.11","bucket":"-1","time":1581480890617,"group":{"id":"statistics.lifecycle.project","version":"9"},"event":{"count":1,"data":{"created":1581480890617,"project":"478683548"},"id":"project.closed"}}
