{"session":"b39723693d2d","build":"183.6156.11","bucket":"-1","time":1581486058078,"group":{"id":"system.os.name","version":"9"},"event":{"data":{"created":1581486058079},"id":"Mac.OS.X"}}
{"session":"b39723693d2d","build":"183.6156.11","bucket":"-1","time":1581486058079,"group":{"id":"system.os.version","version":"9"},"event":{"data":{"created":1581486058089},"id":"10.15.2"}}
{"session":"b39723693d2d","build":"183.6156.11","bucket":"-1","time":1581486058079,"group":{"id":"system.jvm.vendor","version":"9"},"event":{"data":{"created":1581486058099},"id":"JetBrains_s.r.o"}}
{"session":"b39723693d2d","build":"183.6156.11","bucket":"-1","time":1581486058079,"group":{"id":"system.jvm.version","version":"9"},"event":{"data":{"created":1581486058100},"id":"1.8"}}
{"session":"b39723693d2d","build":"183.6156.11","bucket":"-1","time":1581486058087,"group":{"id":"settings","version":"9"},"event":{"data":{"created":1581486058101,"name":"activeMruEditorOnClose","value":false},"id":"UISettings"}}
{"session":"b39723693d2d","build":"183.6156.11","bucket":"-1","time":1581486058087,"group":{"id":"settings","version":"9"},"event":{"data":{"created":1581486058101,"name":"activeRightEditorOnClose","value":false},"id":"UISettings"}}
{"session":"b39723693d2d","build":"183.6156.11","bucket":"-1","time":1581486058087,"group":{"id":"settings","version":"9"},"event":{"data":{"created":1581486058102,"name":"allowMergeButtons","value":true},"id":"UISettings"}}
{"session":"b39723693d2d","build":"183.6156.11","bucket":"-1","time":1581486058087,"group":{"id":"settings","version":"9"},"event":{"data":{"created":1581486058102,"name":"alwaysShowWindowsButton","value":false},"id":"UISettings"}}
{"session":"b39723693d2d","build":"183.6156.11","bucket":"-1","time":1581486058087,"group":{"id":"settings","version":"9"},"event":{"data":{"created":1581486058103,"name":"animateWindows","value":true},"id":"UISettings"}}
{"session":"b39723693d2d","build":"183.6156.11","bucket":"-1","time":1581486058087,"group":{"id":"settings","version":"9"},"event":{"data":{"created":1581486058103,"name":"closeNonModifiedFilesFirst","value":false},"id":"UISettings"}}
{"session":"b39723693d2d","build":"183.6156.11","bucket":"-1","time":1581486058087,"group":{"id":"settings","version":"9"},"event":{"data":{"created":1581486058104,"name":"closeTabButtonOnTheRight","value":true},"id":"UISettings"}}
{"session":"b39723693d2d","build":"183.6156.11","bucket":"-1","time":1581486058087,"group":{"id":"settings","version":"9"},"event":{"data":{"created":1581486058105,"name":"cycleScrolling","value":true},"id":"UISettings"}}
{"session":"b39723693d2d","build":"183.6156.11","bucket":"-1","time":1581486058087,"group":{"id":"settings","version":"9"},"event":{"data":{"created":1581486058105,"name":"defaultAutoScrollToSource","value":false},"id":"UISettings"}}
{"session":"b39723693d2d","build":"183.6156.11","bucket":"-1","time":1581486058087,"group":{"id":"settings","version":"9"},"event":{"data":{"created":1581486058106,"name":"disableMnemonics","value":true},"id":"UISettings"}}
{"session":"b39723693d2d","build":"183.6156.11","bucket":"-1","time":1581486058087,"group":{"id":"settings","version":"9"},"event":{"data":{"created":1581486058107,"name":"disableMnemonicsInControls","value":false},"id":"UISettings"}}
{"session":"b39723693d2d","build":"183.6156.11","bucket":"-1","time":1581486058087,"group":{"id":"settings","version":"9"},"event":{"data":{"created":1581486058107,"name":"dndWithPressedAltOnly","value":false},"id":"UISettings"}}
{"session":"b39723693d2d","build":"183.6156.11","bucket":"-1","time":1581486058087,"group":{"id":"settings","version":"9"},"event":{"data":{"created":1581486058108,"name":"enableAlphaMode","value":false},"id":"UISettings"}}
{"session":"b39723693d2d","build":"183.6156.11","bucket":"-1","time":1581486058087,"group":{"id":"settings","version":"9"},"event":{"data":{"created":1581486058108,"name":"hideKnownExtensionInTabs","value":false},"id":"UISettings"}}
{"session":"b39723693d2d","build":"183.6156.11","bucket":"-1","time":1581486058087,"group":{"id":"settings","version":"9"},"event":{"data":{"created":1581486058109,"name":"hideNavigationOnFocusLoss","value":true},"id":"UISettings"}}
{"session":"b39723693d2d","build":"183.6156.11","bucket":"-1","time":1581486058087,"group":{"id":"settings","version":"9"},"event":{"data":{"created":1581486058109,"name":"hideTabsIfNeed","value":true},"id":"UISettings"}}
{"session":"b39723693d2d","build":"183.6156.11","bucket":"-1","time":1581486058087,"group":{"id":"settings","version":"9"},"event":{"data":{"created":1581486058110,"name":"hideToolStripes","value":false},"id":"UISettings"}}
{"session":"b39723693d2d","build":"183.6156.11","bucket":"-1","time":1581486058087,"group":{"id":"settings","version":"9"},"event":{"data":{"created":1581486058110,"name":"leftHorizontalSplit","value":false},"id":"UISettings"}}
{"session":"b39723693d2d","build":"183.6156.11","bucket":"-1","time":1581486058087,"group":{"id":"settings","version":"9"},"event":{"data":{"created":1581486058111,"name":"markModifiedTabsWithAsterisk","value":false},"id":"UISettings"}}
{"session":"b39723693d2d","build":"183.6156.11","bucket":"-1","time":1581486058087,"group":{"id":"settings","version":"9"},"event":{"data":{"created":1581486058111,"name":"mergeEqualStackTraces","value":true},"id":"UISettings"}}
{"session":"b39723693d2d","build":"183.6156.11","bucket":"-1","time":1581486058087,"group":{"id":"settings","version":"9"},"event":{"data":{"created":1581486058112,"name":"moveMouseOnDefaultButton","value":false},"id":"UISettings"}}
{"session":"b39723693d2d","build":"183.6156.11","bucket":"-1","time":1581486058087,"group":{"id":"settings","version":"9"},"event":{"data":{"created":1581486058112,"name":"navigateToPreview","value":false},"id":"UISettings"}}
{"session":"b39723693d2d","build":"183.6156.11","bucket":"-1","time":1581486058087,"group":{"id":"settings","version":"9"},"event":{"data":{"created":1581486058113,"name":"overrideConsoleCycleBufferSize","value":false},"id":"UISettings"}}
{"session":"b39723693d2d","build":"183.6156.11","bucket":"-1","time":1581486058087,"group":{"id":"settings","version":"9"},"event":{"data":{"created":1581486058113,"name":"overrideLafFonts","value":false},"id":"UISettings"}}
{"session":"b39723693d2d","build":"183.6156.11","bucket":"-1","time":1581486058087,"group":{"id":"settings","version":"9"},"event":{"data":{"created":1581486058114,"name":"pinFindInPath","value":false},"id":"UISettings"}}
{"session":"b39723693d2d","build":"183.6156.11","bucket":"-1","time":1581486058087,"group":{"id":"settings","version":"9"},"event":{"data":{"created":1581486058114,"name":"presentationMode","value":false},"id":"UISettings"}}
{"session":"b39723693d2d","build":"183.6156.11","bucket":"-1","time":1581486058087,"group":{"id":"settings","version":"9"},"event":{"data":{"created":1581486058114,"name":"reuseNotModifiedTabs","value":false},"id":"UISettings"}}
{"session":"b39723693d2d","build":"183.6156.11","bucket":"-1","time":1581486058087,"group":{"id":"settings","version":"9"},"event":{"data":{"created":1581486058115,"name":"rightHorizontalSplit","value":false},"id":"UISettings"}}
{"session":"b39723693d2d","build":"183.6156.11","bucket":"-1","time":1581486058087,"group":{"id":"settings","version":"9"},"event":{"data":{"created":1581486058115,"name":"scrollTabLayoutInEditor","value":true},"id":"UISettings"}}
{"session":"b39723693d2d","build":"183.6156.11","bucket":"-1","time":1581486058087,"group":{"id":"settings","version":"9"},"event":{"data":{"created":1581486058115,"name":"showCloseButton","value":true},"id":"UISettings"}}
{"session":"b39723693d2d","build":"183.6156.11","bucket":"-1","time":1581486058087,"group":{"id":"settings","version":"9"},"event":{"data":{"created":1581486058116,"name":"showDirectoryForNonUniqueFilenames","value":true},"id":"UISettings"}}
{"session":"b39723693d2d","build":"183.6156.11","bucket":"-1","time":1581486058087,"group":{"id":"settings","version":"9"},"event":{"data":{"created":1581486058116,"name":"showEditorToolTip","value":true},"id":"UISettings"}}
{"session":"b39723693d2d","build":"183.6156.11","bucket":"-1","time":1581486058087,"group":{"id":"settings","version":"9"},"event":{"data":{"created":1581486058117,"name":"showIconInQuickNavigation","value":true},"id":"UISettings"}}
{"session":"b39723693d2d","build":"183.6156.11","bucket":"-1","time":1581486058087,"group":{"id":"settings","version":"9"},"event":{"data":{"created":1581486058117,"name":"showIconsInMenus","value":true},"id":"UISettings"}}
{"session":"b39723693d2d","build":"183.6156.11","bucket":"-1","time":1581486058087,"group":{"id":"settings","version":"9"},"event":{"data":{"created":1581486058117,"name":"showMainToolbar","value":false},"id":"UISettings"}}
{"session":"b39723693d2d","build":"183.6156.11","bucket":"-1","time":1581486058087,"group":{"id":"settings","version":"9"},"event":{"data":{"created":1581486058118,"name":"showMemoryIndicator","value":false},"id":"UISettings"}}
{"session":"b39723693d2d","build":"183.6156.11","bucket":"-1","time":1581486058087,"group":{"id":"settings","version":"9"},"event":{"data":{"created":1581486058118,"name":"showNavigationBar","value":true},"id":"UISettings"}}
{"session":"b39723693d2d","build":"183.6156.11","bucket":"-1","time":1581486058087,"group":{"id":"settings","version":"9"},"event":{"data":{"created":1581486058118,"name":"showStatusBar","value":true},"id":"UISettings"}}
{"session":"b39723693d2d","build":"183.6156.11","bucket":"-1","time":1581486058087,"group":{"id":"settings","version":"9"},"event":{"data":{"created":1581486058119,"name":"showTabsTooltips","value":true},"id":"UISettings"}}
{"session":"b39723693d2d","build":"183.6156.11","bucket":"-1","time":1581486058087,"group":{"id":"settings","version":"9"},"event":{"data":{"created":1581486058119,"name":"showToolWindowsNumbers","value":true},"id":"UISettings"}}
{"session":"b39723693d2d","build":"183.6156.11","bucket":"-1","time":1581486058087,"group":{"id":"settings","version":"9"},"event":{"data":{"created":1581486058119,"name":"smoothScrolling","value":true},"id":"UISettings"}}
{"session":"b39723693d2d","build":"183.6156.11","bucket":"-1","time":1581486058087,"group":{"id":"settings","version":"9"},"event":{"data":{"created":1581486058119,"name":"sortBookmarks","value":false},"id":"UISettings"}}
{"session":"b39723693d2d","build":"183.6156.11","bucket":"-1","time":1581486058087,"group":{"id":"settings","version":"9"},"event":{"data":{"created":1581486058120,"name":"sortLookupElementsLexicographically","value":false},"id":"UISettings"}}
{"session":"b39723693d2d","build":"183.6156.11","bucket":"-1","time":1581486058087,"group":{"id":"settings","version":"9"},"event":{"data":{"created":1581486058120,"name":"useSmallLabelsOnTabs","value":true},"id":"UISettings"}}
{"session":"b39723693d2d","build":"183.6156.11","bucket":"-1","time":1581486058087,"group":{"id":"settings","version":"9"},"event":{"data":{"created":1581486058120,"name":"wideScreenSupport","value":false},"id":"UISettings"}}
{"session":"b39723693d2d","build":"183.6156.11","bucket":"-1","time":1581486058808,"group":{"id":"settings","version":"9"},"event":{"data":{"created":1581486058808,"name":"autoSaveIfInactive","value":false},"id":"GeneralSettings"}}
{"session":"b39723693d2d","build":"183.6156.11","bucket":"-1","time":1581486058808,"group":{"id":"settings","version":"9"},"event":{"data":{"created":1581486058808,"name":"confirmExit","value":true},"id":"GeneralSettings"}}
{"session":"b39723693d2d","build":"183.6156.11","bucket":"-1","time":1581486058808,"group":{"id":"settings","version":"9"},"event":{"data":{"created":1581486058809,"name":"reopenLastProject","value":true},"id":"GeneralSettings"}}
{"session":"b39723693d2d","build":"183.6156.11","bucket":"-1","time":1581486058808,"group":{"id":"settings","version":"9"},"event":{"data":{"created":1581486058809,"name":"saveOnFrameDeactivation","value":true},"id":"GeneralSettings"}}
{"session":"b39723693d2d","build":"183.6156.11","bucket":"-1","time":1581486058808,"group":{"id":"settings","version":"9"},"event":{"data":{"created":1581486058809,"name":"searchInBackground","value":false},"id":"GeneralSettings"}}
{"session":"b39723693d2d","build":"183.6156.11","bucket":"-1","time":1581486058808,"group":{"id":"settings","version":"9"},"event":{"data":{"created":1581486058810,"name":"showTipsOnStartup","value":true},"id":"GeneralSettings"}}
{"session":"b39723693d2d","build":"183.6156.11","bucket":"-1","time":1581486058808,"group":{"id":"settings","version":"9"},"event":{"data":{"created":1581486058810,"name":"showWelcomeScreen","value":true},"id":"GeneralSettings"}}
{"session":"b39723693d2d","build":"183.6156.11","bucket":"-1","time":1581486058808,"group":{"id":"settings","version":"9"},"event":{"data":{"created":1581486058810,"name":"supportScreenReaders","value":false},"id":"GeneralSettings"}}
{"session":"b39723693d2d","build":"183.6156.11","bucket":"-1","time":1581486058808,"group":{"id":"settings","version":"9"},"event":{"data":{"created":1581486058810,"name":"syncOnFrameActivation","value":true},"id":"GeneralSettings"}}
{"session":"b39723693d2d","build":"183.6156.11","bucket":"-1","time":1581486058808,"group":{"id":"settings","version":"9"},"event":{"data":{"created":1581486058811,"name":"useDefaultBrowser","value":true},"id":"GeneralSettings"}}
{"session":"b39723693d2d","build":"183.6156.11","bucket":"-1","time":1581486058808,"group":{"id":"settings","version":"9"},"event":{"data":{"created":1581486058811,"name":"useSafeWrite","value":true},"id":"GeneralSettings"}}
{"session":"b39723693d2d","build":"183.6156.11","bucket":"-1","time":1581486061071,"group":{"id":"ui.dialogs","version":"9"},"event":{"count":1,"data":{"created":1581486061071,"type":"show"},"id":"com.intellij.openapi.progress.util.ProgressDialog$MyDialogWrapper"}}
{"session":"b39723693d2d","build":"183.6156.11","bucket":"-1","time":1581486062618,"group":{"id":"ui.dialogs","version":"9"},"event":{"count":1,"data":{"code":1,"created":1581486062618,"type":"close"},"id":"com.intellij.openapi.progress.util.ProgressDialog$MyDialogWrapper"}}
{"session":"b39723693d2d","build":"183.6156.11","bucket":"-1","time":1581486062650,"group":{"id":"statistics.lifecycle.project","version":"9"},"event":{"count":1,"data":{"created":1581486062650,"project":"-1867777320"},"id":"project.opened"}}
{"session":"b39723693d2d","build":"183.6156.11","bucket":"-1","time":1581486062651,"group":{"id":"lifecycle","version":"9"},"event":{"count":1,"data":{"created":1581486062651},"id":"project.opened"}}
{"session":"b39723693d2d","build":"183.6156.11","bucket":"-1","time":1581486063404,"group":{"id":"ui.dialogs","version":"9"},"event":{"count":1,"data":{"created":1581486063405,"type":"show"},"id":"com.intellij.openapi.progress.util.ProgressDialog$MyDialogWrapper"}}
{"session":"b39723693d2d","build":"183.6156.11","bucket":"-1","time":1581486065501,"group":{"id":"statistics.lifecycle.app","version":"9"},"event":{"count":1,"data":{"created":1581486065501},"id":"ide.start"}}
{"session":"b39723693d2d","build":"183.6156.11","bucket":"-1","time":1581486065501,"group":{"id":"lifecycle","version":"9"},"event":{"count":1,"data":{"created":1581486065502},"id":"app.started"}}
{"session":"b39723693d2d","build":"183.6156.11","bucket":"-1","time":1581486065920,"group":{"id":"statistics.ui.tips","version":"9"},"event":{"count":1,"data":{"created":1581486065920},"id":"shown.automatically"}}
{"session":"b39723693d2d","build":"183.6156.11","bucket":"-1","time":1581486065955,"group":{"id":"ui.dialogs","version":"9"},"event":{"count":1,"data":{"created":1581486065956,"type":"show"},"id":"com.intellij.ide.util.TipDialog"}}
{"session":"b39723693d2d","build":"183.6156.11","bucket":"-1","time":1581486066757,"group":{"id":"ui.dialogs","version":"9"},"event":{"count":1,"data":{"code":1,"created":1581486066757,"type":"close"},"id":"com.intellij.openapi.progress.util.ProgressDialog$MyDialogWrapper"}}
{"session":"b39723693d2d","build":"183.6156.11","bucket":"-1","time":1581486066803,"group":{"id":"statistics.lifecycle.project","version":"9"},"event":{"count":1,"data":{"created":1581486066803,"project":"-1867777320"},"id":"project.open.time.6"}}
{"session":"b39723693d2d","build":"183.6156.11","bucket":"-1","time":1581486066804,"group":{"id":"lifecycle","version":"9"},"event":{"count":1,"data":{"created":1581486066804,"time.ms":6257},"id":"project.opening.finished"}}
{"session":"b39723693d2d","build":"183.6156.11","bucket":"-1","time":1581486075061,"group":{"id":"ui.dialogs","version":"9"},"event":{"count":1,"data":{"code":1,"created":1581486075061,"type":"close"},"id":"com.intellij.ide.util.TipDialog"}}
{"session":"b39723693d2d","build":"183.6156.11","bucket":"-1","time":1581486091791,"group":{"id":"statistics.lifecycle.project","version":"9"},"event":{"count":1,"data":{"created":1581486091791,"project":"-1867777320"},"id":"project.closed"}}
