{"session":"61d4f2eec3c7","build":"183.6156.11","bucket":"-1","time":1581487733370,"group":{"id":"system.os.name","version":"9"},"event":{"data":{"created":1581487733370},"id":"Mac.OS.X"}}
{"session":"61d4f2eec3c7","build":"183.6156.11","bucket":"-1","time":1581487733370,"group":{"id":"system.os.version","version":"9"},"event":{"data":{"created":1581487733380},"id":"10.15.2"}}
{"session":"61d4f2eec3c7","build":"183.6156.11","bucket":"-1","time":1581487733370,"group":{"id":"system.jvm.vendor","version":"9"},"event":{"data":{"created":1581487733391},"id":"JetBrains_s.r.o"}}
{"session":"61d4f2eec3c7","build":"183.6156.11","bucket":"-1","time":1581487733370,"group":{"id":"system.jvm.version","version":"9"},"event":{"data":{"created":1581487733392},"id":"1.8"}}
{"session":"61d4f2eec3c7","build":"183.6156.11","bucket":"-1","time":1581487733379,"group":{"id":"settings","version":"9"},"event":{"data":{"created":1581487733392,"name":"activeMruEditorOnClose","value":false},"id":"UISettings"}}
{"session":"61d4f2eec3c7","build":"183.6156.11","bucket":"-1","time":1581487733379,"group":{"id":"settings","version":"9"},"event":{"data":{"created":1581487733392,"name":"activeRightEditorOnClose","value":false},"id":"UISettings"}}
{"session":"61d4f2eec3c7","build":"183.6156.11","bucket":"-1","time":1581487733379,"group":{"id":"settings","version":"9"},"event":{"data":{"created":1581487733393,"name":"allowMergeButtons","value":true},"id":"UISettings"}}
{"session":"61d4f2eec3c7","build":"183.6156.11","bucket":"-1","time":1581487733379,"group":{"id":"settings","version":"9"},"event":{"data":{"created":1581487733394,"name":"alwaysShowWindowsButton","value":false},"id":"UISettings"}}
{"session":"61d4f2eec3c7","build":"183.6156.11","bucket":"-1","time":1581487733379,"group":{"id":"settings","version":"9"},"event":{"data":{"created":1581487733394,"name":"animateWindows","value":true},"id":"UISettings"}}
{"session":"61d4f2eec3c7","build":"183.6156.11","bucket":"-1","time":1581487733379,"group":{"id":"settings","version":"9"},"event":{"data":{"created":1581487733395,"name":"closeNonModifiedFilesFirst","value":false},"id":"UISettings"}}
{"session":"61d4f2eec3c7","build":"183.6156.11","bucket":"-1","time":1581487733379,"group":{"id":"settings","version":"9"},"event":{"data":{"created":1581487733395,"name":"closeTabButtonOnTheRight","value":true},"id":"UISettings"}}
{"session":"61d4f2eec3c7","build":"183.6156.11","bucket":"-1","time":1581487733379,"group":{"id":"settings","version":"9"},"event":{"data":{"created":1581487733396,"name":"cycleScrolling","value":true},"id":"UISettings"}}
{"session":"61d4f2eec3c7","build":"183.6156.11","bucket":"-1","time":1581487733379,"group":{"id":"settings","version":"9"},"event":{"data":{"created":1581487733397,"name":"defaultAutoScrollToSource","value":false},"id":"UISettings"}}
{"session":"61d4f2eec3c7","build":"183.6156.11","bucket":"-1","time":1581487733379,"group":{"id":"settings","version":"9"},"event":{"data":{"created":1581487733397,"name":"disableMnemonics","value":true},"id":"UISettings"}}
{"session":"61d4f2eec3c7","build":"183.6156.11","bucket":"-1","time":1581487733379,"group":{"id":"settings","version":"9"},"event":{"data":{"created":1581487733398,"name":"disableMnemonicsInControls","value":false},"id":"UISettings"}}
{"session":"61d4f2eec3c7","build":"183.6156.11","bucket":"-1","time":1581487733379,"group":{"id":"settings","version":"9"},"event":{"data":{"created":1581487733399,"name":"dndWithPressedAltOnly","value":false},"id":"UISettings"}}
{"session":"61d4f2eec3c7","build":"183.6156.11","bucket":"-1","time":1581487733379,"group":{"id":"settings","version":"9"},"event":{"data":{"created":1581487733399,"name":"enableAlphaMode","value":false},"id":"UISettings"}}
{"session":"61d4f2eec3c7","build":"183.6156.11","bucket":"-1","time":1581487733379,"group":{"id":"settings","version":"9"},"event":{"data":{"created":1581487733400,"name":"hideKnownExtensionInTabs","value":false},"id":"UISettings"}}
{"session":"61d4f2eec3c7","build":"183.6156.11","bucket":"-1","time":1581487733379,"group":{"id":"settings","version":"9"},"event":{"data":{"created":1581487733400,"name":"hideNavigationOnFocusLoss","value":true},"id":"UISettings"}}
{"session":"61d4f2eec3c7","build":"183.6156.11","bucket":"-1","time":1581487733379,"group":{"id":"settings","version":"9"},"event":{"data":{"created":1581487733401,"name":"hideTabsIfNeed","value":true},"id":"UISettings"}}
{"session":"61d4f2eec3c7","build":"183.6156.11","bucket":"-1","time":1581487733379,"group":{"id":"settings","version":"9"},"event":{"data":{"created":1581487733402,"name":"hideToolStripes","value":false},"id":"UISettings"}}
{"session":"61d4f2eec3c7","build":"183.6156.11","bucket":"-1","time":1581487733379,"group":{"id":"settings","version":"9"},"event":{"data":{"created":1581487733402,"name":"leftHorizontalSplit","value":false},"id":"UISettings"}}
{"session":"61d4f2eec3c7","build":"183.6156.11","bucket":"-1","time":1581487733379,"group":{"id":"settings","version":"9"},"event":{"data":{"created":1581487733403,"name":"markModifiedTabsWithAsterisk","value":false},"id":"UISettings"}}
{"session":"61d4f2eec3c7","build":"183.6156.11","bucket":"-1","time":1581487733379,"group":{"id":"settings","version":"9"},"event":{"data":{"created":1581487733404,"name":"mergeEqualStackTraces","value":true},"id":"UISettings"}}
{"session":"61d4f2eec3c7","build":"183.6156.11","bucket":"-1","time":1581487733379,"group":{"id":"settings","version":"9"},"event":{"data":{"created":1581487733404,"name":"moveMouseOnDefaultButton","value":false},"id":"UISettings"}}
{"session":"61d4f2eec3c7","build":"183.6156.11","bucket":"-1","time":1581487733379,"group":{"id":"settings","version":"9"},"event":{"data":{"created":1581487733405,"name":"navigateToPreview","value":false},"id":"UISettings"}}
{"session":"61d4f2eec3c7","build":"183.6156.11","bucket":"-1","time":1581487733379,"group":{"id":"settings","version":"9"},"event":{"data":{"created":1581487733405,"name":"overrideConsoleCycleBufferSize","value":false},"id":"UISettings"}}
{"session":"61d4f2eec3c7","build":"183.6156.11","bucket":"-1","time":1581487733379,"group":{"id":"settings","version":"9"},"event":{"data":{"created":1581487733405,"name":"overrideLafFonts","value":false},"id":"UISettings"}}
{"session":"61d4f2eec3c7","build":"183.6156.11","bucket":"-1","time":1581487733379,"group":{"id":"settings","version":"9"},"event":{"data":{"created":1581487733406,"name":"pinFindInPath","value":false},"id":"UISettings"}}
{"session":"61d4f2eec3c7","build":"183.6156.11","bucket":"-1","time":1581487733379,"group":{"id":"settings","version":"9"},"event":{"data":{"created":1581487733406,"name":"presentationMode","value":false},"id":"UISettings"}}
{"session":"61d4f2eec3c7","build":"183.6156.11","bucket":"-1","time":1581487733379,"group":{"id":"settings","version":"9"},"event":{"data":{"created":1581487733406,"name":"reuseNotModifiedTabs","value":false},"id":"UISettings"}}
{"session":"61d4f2eec3c7","build":"183.6156.11","bucket":"-1","time":1581487733379,"group":{"id":"settings","version":"9"},"event":{"data":{"created":1581487733407,"name":"rightHorizontalSplit","value":false},"id":"UISettings"}}
{"session":"61d4f2eec3c7","build":"183.6156.11","bucket":"-1","time":1581487733379,"group":{"id":"settings","version":"9"},"event":{"data":{"created":1581487733407,"name":"scrollTabLayoutInEditor","value":true},"id":"UISettings"}}
{"session":"61d4f2eec3c7","build":"183.6156.11","bucket":"-1","time":1581487733379,"group":{"id":"settings","version":"9"},"event":{"data":{"created":1581487733407,"name":"showCloseButton","value":true},"id":"UISettings"}}
{"session":"61d4f2eec3c7","build":"183.6156.11","bucket":"-1","time":1581487733379,"group":{"id":"settings","version":"9"},"event":{"data":{"created":1581487733408,"name":"showDirectoryForNonUniqueFilenames","value":true},"id":"UISettings"}}
{"session":"61d4f2eec3c7","build":"183.6156.11","bucket":"-1","time":1581487733379,"group":{"id":"settings","version":"9"},"event":{"data":{"created":1581487733408,"name":"showEditorToolTip","value":true},"id":"UISettings"}}
{"session":"61d4f2eec3c7","build":"183.6156.11","bucket":"-1","time":1581487733379,"group":{"id":"settings","version":"9"},"event":{"data":{"created":1581487733409,"name":"showIconInQuickNavigation","value":true},"id":"UISettings"}}
{"session":"61d4f2eec3c7","build":"183.6156.11","bucket":"-1","time":1581487733379,"group":{"id":"settings","version":"9"},"event":{"data":{"created":1581487733409,"name":"showIconsInMenus","value":true},"id":"UISettings"}}
{"session":"61d4f2eec3c7","build":"183.6156.11","bucket":"-1","time":1581487733379,"group":{"id":"settings","version":"9"},"event":{"data":{"created":1581487733410,"name":"showMainToolbar","value":false},"id":"UISettings"}}
{"session":"61d4f2eec3c7","build":"183.6156.11","bucket":"-1","time":1581487733379,"group":{"id":"settings","version":"9"},"event":{"data":{"created":1581487733410,"name":"showMemoryIndicator","value":false},"id":"UISettings"}}
{"session":"61d4f2eec3c7","build":"183.6156.11","bucket":"-1","time":1581487733379,"group":{"id":"settings","version":"9"},"event":{"data":{"created":1581487733410,"name":"showNavigationBar","value":true},"id":"UISettings"}}
{"session":"61d4f2eec3c7","build":"183.6156.11","bucket":"-1","time":1581487733379,"group":{"id":"settings","version":"9"},"event":{"data":{"created":1581487733411,"name":"showStatusBar","value":true},"id":"UISettings"}}
{"session":"61d4f2eec3c7","build":"183.6156.11","bucket":"-1","time":1581487733379,"group":{"id":"settings","version":"9"},"event":{"data":{"created":1581487733411,"name":"showTabsTooltips","value":true},"id":"UISettings"}}
{"session":"61d4f2eec3c7","build":"183.6156.11","bucket":"-1","time":1581487733379,"group":{"id":"settings","version":"9"},"event":{"data":{"created":1581487733411,"name":"showToolWindowsNumbers","value":true},"id":"UISettings"}}
{"session":"61d4f2eec3c7","build":"183.6156.11","bucket":"-1","time":1581487733379,"group":{"id":"settings","version":"9"},"event":{"data":{"created":1581487733411,"name":"smoothScrolling","value":true},"id":"UISettings"}}
{"session":"61d4f2eec3c7","build":"183.6156.11","bucket":"-1","time":1581487733379,"group":{"id":"settings","version":"9"},"event":{"data":{"created":1581487733412,"name":"sortBookmarks","value":false},"id":"UISettings"}}
{"session":"61d4f2eec3c7","build":"183.6156.11","bucket":"-1","time":1581487733379,"group":{"id":"settings","version":"9"},"event":{"data":{"created":1581487733412,"name":"sortLookupElementsLexicographically","value":false},"id":"UISettings"}}
{"session":"61d4f2eec3c7","build":"183.6156.11","bucket":"-1","time":1581487733379,"group":{"id":"settings","version":"9"},"event":{"data":{"created":1581487733412,"name":"useSmallLabelsOnTabs","value":true},"id":"UISettings"}}
{"session":"61d4f2eec3c7","build":"183.6156.11","bucket":"-1","time":1581487733379,"group":{"id":"settings","version":"9"},"event":{"data":{"created":1581487733412,"name":"wideScreenSupport","value":false},"id":"UISettings"}}
{"session":"61d4f2eec3c7","build":"183.6156.11","bucket":"-1","time":1581487734050,"group":{"id":"settings","version":"9"},"event":{"data":{"created":1581487734050,"name":"autoSaveIfInactive","value":false},"id":"GeneralSettings"}}
{"session":"61d4f2eec3c7","build":"183.6156.11","bucket":"-1","time":1581487734050,"group":{"id":"settings","version":"9"},"event":{"data":{"created":1581487734051,"name":"confirmExit","value":true},"id":"GeneralSettings"}}
{"session":"61d4f2eec3c7","build":"183.6156.11","bucket":"-1","time":1581487734050,"group":{"id":"settings","version":"9"},"event":{"data":{"created":1581487734051,"name":"reopenLastProject","value":true},"id":"GeneralSettings"}}
{"session":"61d4f2eec3c7","build":"183.6156.11","bucket":"-1","time":1581487734050,"group":{"id":"settings","version":"9"},"event":{"data":{"created":1581487734051,"name":"saveOnFrameDeactivation","value":true},"id":"GeneralSettings"}}
{"session":"61d4f2eec3c7","build":"183.6156.11","bucket":"-1","time":1581487734050,"group":{"id":"settings","version":"9"},"event":{"data":{"created":1581487734052,"name":"searchInBackground","value":false},"id":"GeneralSettings"}}
{"session":"61d4f2eec3c7","build":"183.6156.11","bucket":"-1","time":1581487734050,"group":{"id":"settings","version":"9"},"event":{"data":{"created":1581487734052,"name":"showTipsOnStartup","value":true},"id":"GeneralSettings"}}
{"session":"61d4f2eec3c7","build":"183.6156.11","bucket":"-1","time":1581487734050,"group":{"id":"settings","version":"9"},"event":{"data":{"created":1581487734052,"name":"showWelcomeScreen","value":true},"id":"GeneralSettings"}}
{"session":"61d4f2eec3c7","build":"183.6156.11","bucket":"-1","time":1581487734050,"group":{"id":"settings","version":"9"},"event":{"data":{"created":1581487734052,"name":"supportScreenReaders","value":false},"id":"GeneralSettings"}}
{"session":"61d4f2eec3c7","build":"183.6156.11","bucket":"-1","time":1581487734050,"group":{"id":"settings","version":"9"},"event":{"data":{"created":1581487734053,"name":"syncOnFrameActivation","value":true},"id":"GeneralSettings"}}
{"session":"61d4f2eec3c7","build":"183.6156.11","bucket":"-1","time":1581487734050,"group":{"id":"settings","version":"9"},"event":{"data":{"created":1581487734053,"name":"useDefaultBrowser","value":true},"id":"GeneralSettings"}}
{"session":"61d4f2eec3c7","build":"183.6156.11","bucket":"-1","time":1581487734050,"group":{"id":"settings","version":"9"},"event":{"data":{"created":1581487734053,"name":"useSafeWrite","value":true},"id":"GeneralSettings"}}
{"session":"61d4f2eec3c7","build":"183.6156.11","bucket":"-1","time":1581487736276,"group":{"id":"ui.dialogs","version":"9"},"event":{"count":1,"data":{"created":1581487736276,"type":"show"},"id":"com.intellij.openapi.progress.util.ProgressDialog$MyDialogWrapper"}}
{"session":"61d4f2eec3c7","build":"183.6156.11","bucket":"-1","time":1581487737781,"group":{"id":"ui.dialogs","version":"9"},"event":{"count":1,"data":{"code":1,"created":1581487737781,"type":"close"},"id":"com.intellij.openapi.progress.util.ProgressDialog$MyDialogWrapper"}}
{"session":"61d4f2eec3c7","build":"183.6156.11","bucket":"-1","time":1581487737811,"group":{"id":"statistics.lifecycle.project","version":"9"},"event":{"count":1,"data":{"created":1581487737811,"project":"-1867777320"},"id":"project.opened"}}
{"session":"61d4f2eec3c7","build":"183.6156.11","bucket":"-1","time":1581487737813,"group":{"id":"lifecycle","version":"9"},"event":{"count":1,"data":{"created":1581487737813},"id":"project.opened"}}
{"session":"61d4f2eec3c7","build":"183.6156.11","bucket":"-1","time":1581487738566,"group":{"id":"ui.dialogs","version":"9"},"event":{"count":1,"data":{"created":1581487738566,"type":"show"},"id":"com.intellij.openapi.progress.util.ProgressDialog$MyDialogWrapper"}}
{"session":"61d4f2eec3c7","build":"183.6156.11","bucket":"-1","time":1581487740572,"group":{"id":"statistics.lifecycle.app","version":"9"},"event":{"count":1,"data":{"created":1581487740572},"id":"ide.start"}}
{"session":"61d4f2eec3c7","build":"183.6156.11","bucket":"-1","time":1581487740572,"group":{"id":"lifecycle","version":"9"},"event":{"count":1,"data":{"created":1581487740572},"id":"app.started"}}
{"session":"61d4f2eec3c7","build":"183.6156.11","bucket":"-1","time":1581487740984,"group":{"id":"statistics.ui.tips","version":"9"},"event":{"count":1,"data":{"created":1581487740984},"id":"shown.automatically"}}
{"session":"61d4f2eec3c7","build":"183.6156.11","bucket":"-1","time":1581487741018,"group":{"id":"ui.dialogs","version":"9"},"event":{"count":1,"data":{"created":1581487741018,"type":"show"},"id":"com.intellij.ide.util.TipDialog"}}
{"session":"61d4f2eec3c7","build":"183.6156.11","bucket":"-1","time":1581487741869,"group":{"id":"ui.dialogs","version":"9"},"event":{"count":1,"data":{"code":1,"created":1581487741869,"type":"close"},"id":"com.intellij.openapi.progress.util.ProgressDialog$MyDialogWrapper"}}
{"session":"61d4f2eec3c7","build":"183.6156.11","bucket":"-1","time":1581487741953,"group":{"id":"statistics.lifecycle.project","version":"9"},"event":{"count":1,"data":{"created":1581487741953,"project":"-1867777320"},"id":"project.open.time.6"}}
{"session":"61d4f2eec3c7","build":"183.6156.11","bucket":"-1","time":1581487741953,"group":{"id":"lifecycle","version":"9"},"event":{"count":1,"data":{"created":1581487741953,"time.ms":6232},"id":"project.opening.finished"}}
{"session":"61d4f2eec3c7","build":"183.6156.11","bucket":"-1","time":1581487743310,"group":{"id":"ui.dialogs","version":"9"},"event":{"count":1,"data":{"code":1,"created":1581487743311,"type":"close"},"id":"com.intellij.ide.util.TipDialog"}}
{"session":"61d4f2eec3c7","build":"183.6156.11","bucket":"-1","time":1581487946880,"group":{"id":"statistics.lifecycle.project","version":"9"},"event":{"count":1,"data":{"created":1581487946880,"project":"-1867777320"},"id":"project.closed"}}
