{"session":"13d6e4d2038c","build":"183.6156.11","bucket":"-1","time":1581487169120,"group":{"id":"system.os.name","version":"9"},"event":{"data":{"created":1581487169120},"id":"Mac.OS.X"}}
{"session":"13d6e4d2038c","build":"183.6156.11","bucket":"-1","time":1581487169120,"group":{"id":"system.os.version","version":"9"},"event":{"data":{"created":1581487169131},"id":"10.15.2"}}
{"session":"13d6e4d2038c","build":"183.6156.11","bucket":"-1","time":1581487169120,"group":{"id":"system.jvm.vendor","version":"9"},"event":{"data":{"created":1581487169141},"id":"JetBrains_s.r.o"}}
{"session":"13d6e4d2038c","build":"183.6156.11","bucket":"-1","time":1581487169120,"group":{"id":"system.jvm.version","version":"9"},"event":{"data":{"created":1581487169143},"id":"1.8"}}
{"session":"13d6e4d2038c","build":"183.6156.11","bucket":"-1","time":1581487169130,"group":{"id":"settings","version":"9"},"event":{"data":{"created":1581487169143,"name":"activeMruEditorOnClose","value":false},"id":"UISettings"}}
{"session":"13d6e4d2038c","build":"183.6156.11","bucket":"-1","time":1581487169130,"group":{"id":"settings","version":"9"},"event":{"data":{"created":1581487169144,"name":"activeRightEditorOnClose","value":false},"id":"UISettings"}}
{"session":"13d6e4d2038c","build":"183.6156.11","bucket":"-1","time":1581487169130,"group":{"id":"settings","version":"9"},"event":{"data":{"created":1581487169145,"name":"allowMergeButtons","value":true},"id":"UISettings"}}
{"session":"13d6e4d2038c","build":"183.6156.11","bucket":"-1","time":1581487169130,"group":{"id":"settings","version":"9"},"event":{"data":{"created":1581487169146,"name":"alwaysShowWindowsButton","value":false},"id":"UISettings"}}
{"session":"13d6e4d2038c","build":"183.6156.11","bucket":"-1","time":1581487169130,"group":{"id":"settings","version":"9"},"event":{"data":{"created":1581487169146,"name":"animateWindows","value":true},"id":"UISettings"}}
{"session":"13d6e4d2038c","build":"183.6156.11","bucket":"-1","time":1581487169130,"group":{"id":"settings","version":"9"},"event":{"data":{"created":1581487169147,"name":"closeNonModifiedFilesFirst","value":false},"id":"UISettings"}}
{"session":"13d6e4d2038c","build":"183.6156.11","bucket":"-1","time":1581487169130,"group":{"id":"settings","version":"9"},"event":{"data":{"created":1581487169147,"name":"closeTabButtonOnTheRight","value":true},"id":"UISettings"}}
{"session":"13d6e4d2038c","build":"183.6156.11","bucket":"-1","time":1581487169130,"group":{"id":"settings","version":"9"},"event":{"data":{"created":1581487169148,"name":"cycleScrolling","value":true},"id":"UISettings"}}
{"session":"13d6e4d2038c","build":"183.6156.11","bucket":"-1","time":1581487169130,"group":{"id":"settings","version":"9"},"event":{"data":{"created":1581487169148,"name":"defaultAutoScrollToSource","value":false},"id":"UISettings"}}
{"session":"13d6e4d2038c","build":"183.6156.11","bucket":"-1","time":1581487169130,"group":{"id":"settings","version":"9"},"event":{"data":{"created":1581487169149,"name":"disableMnemonics","value":true},"id":"UISettings"}}
{"session":"13d6e4d2038c","build":"183.6156.11","bucket":"-1","time":1581487169130,"group":{"id":"settings","version":"9"},"event":{"data":{"created":1581487169149,"name":"disableMnemonicsInControls","value":false},"id":"UISettings"}}
{"session":"13d6e4d2038c","build":"183.6156.11","bucket":"-1","time":1581487169130,"group":{"id":"settings","version":"9"},"event":{"data":{"created":1581487169150,"name":"dndWithPressedAltOnly","value":false},"id":"UISettings"}}
{"session":"13d6e4d2038c","build":"183.6156.11","bucket":"-1","time":1581487169130,"group":{"id":"settings","version":"9"},"event":{"data":{"created":1581487169150,"name":"enableAlphaMode","value":false},"id":"UISettings"}}
{"session":"13d6e4d2038c","build":"183.6156.11","bucket":"-1","time":1581487169130,"group":{"id":"settings","version":"9"},"event":{"data":{"created":1581487169151,"name":"hideKnownExtensionInTabs","value":false},"id":"UISettings"}}
{"session":"13d6e4d2038c","build":"183.6156.11","bucket":"-1","time":1581487169130,"group":{"id":"settings","version":"9"},"event":{"data":{"created":1581487169151,"name":"hideNavigationOnFocusLoss","value":true},"id":"UISettings"}}
{"session":"13d6e4d2038c","build":"183.6156.11","bucket":"-1","time":1581487169130,"group":{"id":"settings","version":"9"},"event":{"data":{"created":1581487169152,"name":"hideTabsIfNeed","value":true},"id":"UISettings"}}
{"session":"13d6e4d2038c","build":"183.6156.11","bucket":"-1","time":1581487169130,"group":{"id":"settings","version":"9"},"event":{"data":{"created":1581487169152,"name":"hideToolStripes","value":false},"id":"UISettings"}}
{"session":"13d6e4d2038c","build":"183.6156.11","bucket":"-1","time":1581487169130,"group":{"id":"settings","version":"9"},"event":{"data":{"created":1581487169153,"name":"leftHorizontalSplit","value":false},"id":"UISettings"}}
{"session":"13d6e4d2038c","build":"183.6156.11","bucket":"-1","time":1581487169130,"group":{"id":"settings","version":"9"},"event":{"data":{"created":1581487169153,"name":"markModifiedTabsWithAsterisk","value":false},"id":"UISettings"}}
{"session":"13d6e4d2038c","build":"183.6156.11","bucket":"-1","time":1581487169130,"group":{"id":"settings","version":"9"},"event":{"data":{"created":1581487169154,"name":"mergeEqualStackTraces","value":true},"id":"UISettings"}}
{"session":"13d6e4d2038c","build":"183.6156.11","bucket":"-1","time":1581487169130,"group":{"id":"settings","version":"9"},"event":{"data":{"created":1581487169154,"name":"moveMouseOnDefaultButton","value":false},"id":"UISettings"}}
{"session":"13d6e4d2038c","build":"183.6156.11","bucket":"-1","time":1581487169131,"group":{"id":"settings","version":"9"},"event":{"data":{"created":1581487169155,"name":"navigateToPreview","value":false},"id":"UISettings"}}
{"session":"13d6e4d2038c","build":"183.6156.11","bucket":"-1","time":1581487169131,"group":{"id":"settings","version":"9"},"event":{"data":{"created":1581487169155,"name":"overrideConsoleCycleBufferSize","value":false},"id":"UISettings"}}
{"session":"13d6e4d2038c","build":"183.6156.11","bucket":"-1","time":1581487169131,"group":{"id":"settings","version":"9"},"event":{"data":{"created":1581487169156,"name":"overrideLafFonts","value":false},"id":"UISettings"}}
{"session":"13d6e4d2038c","build":"183.6156.11","bucket":"-1","time":1581487169131,"group":{"id":"settings","version":"9"},"event":{"data":{"created":1581487169156,"name":"pinFindInPath","value":false},"id":"UISettings"}}
{"session":"13d6e4d2038c","build":"183.6156.11","bucket":"-1","time":1581487169131,"group":{"id":"settings","version":"9"},"event":{"data":{"created":1581487169157,"name":"presentationMode","value":false},"id":"UISettings"}}
{"session":"13d6e4d2038c","build":"183.6156.11","bucket":"-1","time":1581487169131,"group":{"id":"settings","version":"9"},"event":{"data":{"created":1581487169157,"name":"reuseNotModifiedTabs","value":false},"id":"UISettings"}}
{"session":"13d6e4d2038c","build":"183.6156.11","bucket":"-1","time":1581487169131,"group":{"id":"settings","version":"9"},"event":{"data":{"created":1581487169158,"name":"rightHorizontalSplit","value":false},"id":"UISettings"}}
{"session":"13d6e4d2038c","build":"183.6156.11","bucket":"-1","time":1581487169131,"group":{"id":"settings","version":"9"},"event":{"data":{"created":1581487169158,"name":"scrollTabLayoutInEditor","value":true},"id":"UISettings"}}
{"session":"13d6e4d2038c","build":"183.6156.11","bucket":"-1","time":1581487169131,"group":{"id":"settings","version":"9"},"event":{"data":{"created":1581487169159,"name":"showCloseButton","value":true},"id":"UISettings"}}
{"session":"13d6e4d2038c","build":"183.6156.11","bucket":"-1","time":1581487169131,"group":{"id":"settings","version":"9"},"event":{"data":{"created":1581487169159,"name":"showDirectoryForNonUniqueFilenames","value":true},"id":"UISettings"}}
{"session":"13d6e4d2038c","build":"183.6156.11","bucket":"-1","time":1581487169131,"group":{"id":"settings","version":"9"},"event":{"data":{"created":1581487169160,"name":"showEditorToolTip","value":true},"id":"UISettings"}}
{"session":"13d6e4d2038c","build":"183.6156.11","bucket":"-1","time":1581487169131,"group":{"id":"settings","version":"9"},"event":{"data":{"created":1581487169160,"name":"showIconInQuickNavigation","value":true},"id":"UISettings"}}
{"session":"13d6e4d2038c","build":"183.6156.11","bucket":"-1","time":1581487169131,"group":{"id":"settings","version":"9"},"event":{"data":{"created":1581487169161,"name":"showIconsInMenus","value":true},"id":"UISettings"}}
{"session":"13d6e4d2038c","build":"183.6156.11","bucket":"-1","time":1581487169131,"group":{"id":"settings","version":"9"},"event":{"data":{"created":1581487169162,"name":"showMainToolbar","value":false},"id":"UISettings"}}
{"session":"13d6e4d2038c","build":"183.6156.11","bucket":"-1","time":1581487169131,"group":{"id":"settings","version":"9"},"event":{"data":{"created":1581487169162,"name":"showMemoryIndicator","value":false},"id":"UISettings"}}
{"session":"13d6e4d2038c","build":"183.6156.11","bucket":"-1","time":1581487169131,"group":{"id":"settings","version":"9"},"event":{"data":{"created":1581487169163,"name":"showNavigationBar","value":true},"id":"UISettings"}}
{"session":"13d6e4d2038c","build":"183.6156.11","bucket":"-1","time":1581487169131,"group":{"id":"settings","version":"9"},"event":{"data":{"created":1581487169163,"name":"showStatusBar","value":true},"id":"UISettings"}}
{"session":"13d6e4d2038c","build":"183.6156.11","bucket":"-1","time":1581487169131,"group":{"id":"settings","version":"9"},"event":{"data":{"created":1581487169164,"name":"showTabsTooltips","value":true},"id":"UISettings"}}
{"session":"13d6e4d2038c","build":"183.6156.11","bucket":"-1","time":1581487169131,"group":{"id":"settings","version":"9"},"event":{"data":{"created":1581487169164,"name":"showToolWindowsNumbers","value":true},"id":"UISettings"}}
{"session":"13d6e4d2038c","build":"183.6156.11","bucket":"-1","time":1581487169131,"group":{"id":"settings","version":"9"},"event":{"data":{"created":1581487169165,"name":"smoothScrolling","value":true},"id":"UISettings"}}
{"session":"13d6e4d2038c","build":"183.6156.11","bucket":"-1","time":1581487169131,"group":{"id":"settings","version":"9"},"event":{"data":{"created":1581487169165,"name":"sortBookmarks","value":false},"id":"UISettings"}}
{"session":"13d6e4d2038c","build":"183.6156.11","bucket":"-1","time":1581487169131,"group":{"id":"settings","version":"9"},"event":{"data":{"created":1581487169166,"name":"sortLookupElementsLexicographically","value":false},"id":"UISettings"}}
{"session":"13d6e4d2038c","build":"183.6156.11","bucket":"-1","time":1581487169131,"group":{"id":"settings","version":"9"},"event":{"data":{"created":1581487169166,"name":"useSmallLabelsOnTabs","value":true},"id":"UISettings"}}
{"session":"13d6e4d2038c","build":"183.6156.11","bucket":"-1","time":1581487169131,"group":{"id":"settings","version":"9"},"event":{"data":{"created":1581487169166,"name":"wideScreenSupport","value":false},"id":"UISettings"}}
{"session":"13d6e4d2038c","build":"183.6156.11","bucket":"-1","time":1581487169839,"group":{"id":"settings","version":"9"},"event":{"data":{"created":1581487169839,"name":"autoSaveIfInactive","value":false},"id":"GeneralSettings"}}
{"session":"13d6e4d2038c","build":"183.6156.11","bucket":"-1","time":1581487169839,"group":{"id":"settings","version":"9"},"event":{"data":{"created":1581487169840,"name":"confirmExit","value":true},"id":"GeneralSettings"}}
{"session":"13d6e4d2038c","build":"183.6156.11","bucket":"-1","time":1581487169839,"group":{"id":"settings","version":"9"},"event":{"data":{"created":1581487169840,"name":"reopenLastProject","value":true},"id":"GeneralSettings"}}
{"session":"13d6e4d2038c","build":"183.6156.11","bucket":"-1","time":1581487169839,"group":{"id":"settings","version":"9"},"event":{"data":{"created":1581487169840,"name":"saveOnFrameDeactivation","value":true},"id":"GeneralSettings"}}
{"session":"13d6e4d2038c","build":"183.6156.11","bucket":"-1","time":1581487169839,"group":{"id":"settings","version":"9"},"event":{"data":{"created":1581487169841,"name":"searchInBackground","value":false},"id":"GeneralSettings"}}
{"session":"13d6e4d2038c","build":"183.6156.11","bucket":"-1","time":1581487169839,"group":{"id":"settings","version":"9"},"event":{"data":{"created":1581487169841,"name":"showTipsOnStartup","value":true},"id":"GeneralSettings"}}
{"session":"13d6e4d2038c","build":"183.6156.11","bucket":"-1","time":1581487169839,"group":{"id":"settings","version":"9"},"event":{"data":{"created":1581487169841,"name":"showWelcomeScreen","value":true},"id":"GeneralSettings"}}
{"session":"13d6e4d2038c","build":"183.6156.11","bucket":"-1","time":1581487169839,"group":{"id":"settings","version":"9"},"event":{"data":{"created":1581487169842,"name":"supportScreenReaders","value":false},"id":"GeneralSettings"}}
{"session":"13d6e4d2038c","build":"183.6156.11","bucket":"-1","time":1581487169839,"group":{"id":"settings","version":"9"},"event":{"data":{"created":1581487169842,"name":"syncOnFrameActivation","value":true},"id":"GeneralSettings"}}
{"session":"13d6e4d2038c","build":"183.6156.11","bucket":"-1","time":1581487169839,"group":{"id":"settings","version":"9"},"event":{"data":{"created":1581487169842,"name":"useDefaultBrowser","value":true},"id":"GeneralSettings"}}
{"session":"13d6e4d2038c","build":"183.6156.11","bucket":"-1","time":1581487169839,"group":{"id":"settings","version":"9"},"event":{"data":{"created":1581487169843,"name":"useSafeWrite","value":true},"id":"GeneralSettings"}}
{"session":"13d6e4d2038c","build":"183.6156.11","bucket":"-1","time":1581487171999,"group":{"id":"ui.dialogs","version":"9"},"event":{"count":1,"data":{"created":1581487171999,"type":"show"},"id":"com.intellij.openapi.progress.util.ProgressDialog$MyDialogWrapper"}}
{"session":"13d6e4d2038c","build":"183.6156.11","bucket":"-1","time":1581487173521,"group":{"id":"ui.dialogs","version":"9"},"event":{"count":1,"data":{"code":1,"created":1581487173521,"type":"close"},"id":"com.intellij.openapi.progress.util.ProgressDialog$MyDialogWrapper"}}
{"session":"13d6e4d2038c","build":"183.6156.11","bucket":"-1","time":1581487173551,"group":{"id":"statistics.lifecycle.project","version":"9"},"event":{"count":1,"data":{"created":1581487173551,"project":"-1867777320"},"id":"project.opened"}}
{"session":"13d6e4d2038c","build":"183.6156.11","bucket":"-1","time":1581487173553,"group":{"id":"lifecycle","version":"9"},"event":{"count":1,"data":{"created":1581487173553},"id":"project.opened"}}
{"session":"13d6e4d2038c","build":"183.6156.11","bucket":"-1","time":1581487174363,"group":{"id":"ui.dialogs","version":"9"},"event":{"count":1,"data":{"created":1581487174363,"type":"show"},"id":"com.intellij.openapi.progress.util.ProgressDialog$MyDialogWrapper"}}
{"session":"13d6e4d2038c","build":"183.6156.11","bucket":"-1","time":1581487176307,"group":{"id":"statistics.lifecycle.app","version":"9"},"event":{"count":1,"data":{"created":1581487176307},"id":"ide.start"}}
{"session":"13d6e4d2038c","build":"183.6156.11","bucket":"-1","time":1581487176307,"group":{"id":"lifecycle","version":"9"},"event":{"count":1,"data":{"created":1581487176307},"id":"app.started"}}
{"session":"13d6e4d2038c","build":"183.6156.11","bucket":"-1","time":1581487176733,"group":{"id":"statistics.ui.tips","version":"9"},"event":{"count":1,"data":{"created":1581487176733},"id":"shown.automatically"}}
{"session":"13d6e4d2038c","build":"183.6156.11","bucket":"-1","time":1581487176768,"group":{"id":"ui.dialogs","version":"9"},"event":{"count":1,"data":{"created":1581487176768,"type":"show"},"id":"com.intellij.ide.util.TipDialog"}}
{"session":"13d6e4d2038c","build":"183.6156.11","bucket":"-1","time":1581487177383,"group":{"id":"ui.dialogs","version":"9"},"event":{"count":1,"data":{"code":1,"created":1581487177383,"type":"close"},"id":"com.intellij.openapi.progress.util.ProgressDialog$MyDialogWrapper"}}
{"session":"13d6e4d2038c","build":"183.6156.11","bucket":"-1","time":1581487177447,"group":{"id":"statistics.lifecycle.project","version":"9"},"event":{"count":1,"data":{"created":1581487177447,"project":"-1867777320"},"id":"project.open.time.6"}}
{"session":"13d6e4d2038c","build":"183.6156.11","bucket":"-1","time":1581487177447,"group":{"id":"lifecycle","version":"9"},"event":{"count":1,"data":{"created":1581487177447,"time.ms":6032},"id":"project.opening.finished"}}
