{"session":"486b45d5452e","build":"183.6156.11","bucket":"-1","time":1581486372869,"group":{"id":"system.os.name","version":"9"},"event":{"data":{"created":1581486372869},"id":"Mac.OS.X"}}
{"session":"486b45d5452e","build":"183.6156.11","bucket":"-1","time":1581486372869,"group":{"id":"system.os.version","version":"9"},"event":{"data":{"created":1581486372878},"id":"10.15.2"}}
{"session":"486b45d5452e","build":"183.6156.11","bucket":"-1","time":1581486372869,"group":{"id":"system.jvm.vendor","version":"9"},"event":{"data":{"created":1581486372888},"id":"JetBrains_s.r.o"}}
{"session":"486b45d5452e","build":"183.6156.11","bucket":"-1","time":1581486372869,"group":{"id":"system.jvm.version","version":"9"},"event":{"data":{"created":1581486372889},"id":"1.8"}}
{"session":"486b45d5452e","build":"183.6156.11","bucket":"-1","time":1581486372877,"group":{"id":"settings","version":"9"},"event":{"data":{"created":1581486372890,"name":"activeMruEditorOnClose","value":false},"id":"UISettings"}}
{"session":"486b45d5452e","build":"183.6156.11","bucket":"-1","time":1581486372877,"group":{"id":"settings","version":"9"},"event":{"data":{"created":1581486372890,"name":"activeRightEditorOnClose","value":false},"id":"UISettings"}}
{"session":"486b45d5452e","build":"183.6156.11","bucket":"-1","time":1581486372877,"group":{"id":"settings","version":"9"},"event":{"data":{"created":1581486372890,"name":"allowMergeButtons","value":true},"id":"UISettings"}}
{"session":"486b45d5452e","build":"183.6156.11","bucket":"-1","time":1581486372877,"group":{"id":"settings","version":"9"},"event":{"data":{"created":1581486372891,"name":"alwaysShowWindowsButton","value":false},"id":"UISettings"}}
{"session":"486b45d5452e","build":"183.6156.11","bucket":"-1","time":1581486372877,"group":{"id":"settings","version":"9"},"event":{"data":{"created":1581486372892,"name":"animateWindows","value":true},"id":"UISettings"}}
{"session":"486b45d5452e","build":"183.6156.11","bucket":"-1","time":1581486372877,"group":{"id":"settings","version":"9"},"event":{"data":{"created":1581486372893,"name":"closeNonModifiedFilesFirst","value":false},"id":"UISettings"}}
{"session":"486b45d5452e","build":"183.6156.11","bucket":"-1","time":1581486372877,"group":{"id":"settings","version":"9"},"event":{"data":{"created":1581486372893,"name":"closeTabButtonOnTheRight","value":true},"id":"UISettings"}}
{"session":"486b45d5452e","build":"183.6156.11","bucket":"-1","time":1581486372877,"group":{"id":"settings","version":"9"},"event":{"data":{"created":1581486372894,"name":"cycleScrolling","value":true},"id":"UISettings"}}
{"session":"486b45d5452e","build":"183.6156.11","bucket":"-1","time":1581486372877,"group":{"id":"settings","version":"9"},"event":{"data":{"created":1581486372895,"name":"defaultAutoScrollToSource","value":false},"id":"UISettings"}}
{"session":"486b45d5452e","build":"183.6156.11","bucket":"-1","time":1581486372877,"group":{"id":"settings","version":"9"},"event":{"data":{"created":1581486372896,"name":"disableMnemonics","value":true},"id":"UISettings"}}
{"session":"486b45d5452e","build":"183.6156.11","bucket":"-1","time":1581486372877,"group":{"id":"settings","version":"9"},"event":{"data":{"created":1581486372896,"name":"disableMnemonicsInControls","value":false},"id":"UISettings"}}
{"session":"486b45d5452e","build":"183.6156.11","bucket":"-1","time":1581486372877,"group":{"id":"settings","version":"9"},"event":{"data":{"created":1581486372897,"name":"dndWithPressedAltOnly","value":false},"id":"UISettings"}}
{"session":"486b45d5452e","build":"183.6156.11","bucket":"-1","time":1581486372877,"group":{"id":"settings","version":"9"},"event":{"data":{"created":1581486372898,"name":"enableAlphaMode","value":false},"id":"UISettings"}}
{"session":"486b45d5452e","build":"183.6156.11","bucket":"-1","time":1581486372877,"group":{"id":"settings","version":"9"},"event":{"data":{"created":1581486372898,"name":"hideKnownExtensionInTabs","value":false},"id":"UISettings"}}
{"session":"486b45d5452e","build":"183.6156.11","bucket":"-1","time":1581486372877,"group":{"id":"settings","version":"9"},"event":{"data":{"created":1581486372898,"name":"hideNavigationOnFocusLoss","value":true},"id":"UISettings"}}
{"session":"486b45d5452e","build":"183.6156.11","bucket":"-1","time":1581486372877,"group":{"id":"settings","version":"9"},"event":{"data":{"created":1581486372899,"name":"hideTabsIfNeed","value":true},"id":"UISettings"}}
{"session":"486b45d5452e","build":"183.6156.11","bucket":"-1","time":1581486372877,"group":{"id":"settings","version":"9"},"event":{"data":{"created":1581486372900,"name":"hideToolStripes","value":false},"id":"UISettings"}}
{"session":"486b45d5452e","build":"183.6156.11","bucket":"-1","time":1581486372877,"group":{"id":"settings","version":"9"},"event":{"data":{"created":1581486372900,"name":"leftHorizontalSplit","value":false},"id":"UISettings"}}
{"session":"486b45d5452e","build":"183.6156.11","bucket":"-1","time":1581486372877,"group":{"id":"settings","version":"9"},"event":{"data":{"created":1581486372901,"name":"markModifiedTabsWithAsterisk","value":false},"id":"UISettings"}}
{"session":"486b45d5452e","build":"183.6156.11","bucket":"-1","time":1581486372877,"group":{"id":"settings","version":"9"},"event":{"data":{"created":1581486372902,"name":"mergeEqualStackTraces","value":true},"id":"UISettings"}}
{"session":"486b45d5452e","build":"183.6156.11","bucket":"-1","time":1581486372877,"group":{"id":"settings","version":"9"},"event":{"data":{"created":1581486372902,"name":"moveMouseOnDefaultButton","value":false},"id":"UISettings"}}
{"session":"486b45d5452e","build":"183.6156.11","bucket":"-1","time":1581486372877,"group":{"id":"settings","version":"9"},"event":{"data":{"created":1581486372903,"name":"navigateToPreview","value":false},"id":"UISettings"}}
{"session":"486b45d5452e","build":"183.6156.11","bucket":"-1","time":1581486372877,"group":{"id":"settings","version":"9"},"event":{"data":{"created":1581486372903,"name":"overrideConsoleCycleBufferSize","value":false},"id":"UISettings"}}
{"session":"486b45d5452e","build":"183.6156.11","bucket":"-1","time":1581486372877,"group":{"id":"settings","version":"9"},"event":{"data":{"created":1581486372904,"name":"overrideLafFonts","value":false},"id":"UISettings"}}
{"session":"486b45d5452e","build":"183.6156.11","bucket":"-1","time":1581486372877,"group":{"id":"settings","version":"9"},"event":{"data":{"created":1581486372904,"name":"pinFindInPath","value":false},"id":"UISettings"}}
{"session":"486b45d5452e","build":"183.6156.11","bucket":"-1","time":1581486372877,"group":{"id":"settings","version":"9"},"event":{"data":{"created":1581486372905,"name":"presentationMode","value":false},"id":"UISettings"}}
{"session":"486b45d5452e","build":"183.6156.11","bucket":"-1","time":1581486372877,"group":{"id":"settings","version":"9"},"event":{"data":{"created":1581486372905,"name":"reuseNotModifiedTabs","value":false},"id":"UISettings"}}
{"session":"486b45d5452e","build":"183.6156.11","bucket":"-1","time":1581486372877,"group":{"id":"settings","version":"9"},"event":{"data":{"created":1581486372906,"name":"rightHorizontalSplit","value":false},"id":"UISettings"}}
{"session":"486b45d5452e","build":"183.6156.11","bucket":"-1","time":1581486372877,"group":{"id":"settings","version":"9"},"event":{"data":{"created":1581486372906,"name":"scrollTabLayoutInEditor","value":true},"id":"UISettings"}}
{"session":"486b45d5452e","build":"183.6156.11","bucket":"-1","time":1581486372877,"group":{"id":"settings","version":"9"},"event":{"data":{"created":1581486372906,"name":"showCloseButton","value":true},"id":"UISettings"}}
{"session":"486b45d5452e","build":"183.6156.11","bucket":"-1","time":1581486372877,"group":{"id":"settings","version":"9"},"event":{"data":{"created":1581486372907,"name":"showDirectoryForNonUniqueFilenames","value":true},"id":"UISettings"}}
{"session":"486b45d5452e","build":"183.6156.11","bucket":"-1","time":1581486372877,"group":{"id":"settings","version":"9"},"event":{"data":{"created":1581486372907,"name":"showEditorToolTip","value":true},"id":"UISettings"}}
{"session":"486b45d5452e","build":"183.6156.11","bucket":"-1","time":1581486372877,"group":{"id":"settings","version":"9"},"event":{"data":{"created":1581486372907,"name":"showIconInQuickNavigation","value":true},"id":"UISettings"}}
{"session":"486b45d5452e","build":"183.6156.11","bucket":"-1","time":1581486372877,"group":{"id":"settings","version":"9"},"event":{"data":{"created":1581486372908,"name":"showIconsInMenus","value":true},"id":"UISettings"}}
{"session":"486b45d5452e","build":"183.6156.11","bucket":"-1","time":1581486372877,"group":{"id":"settings","version":"9"},"event":{"data":{"created":1581486372908,"name":"showMainToolbar","value":false},"id":"UISettings"}}
{"session":"486b45d5452e","build":"183.6156.11","bucket":"-1","time":1581486372877,"group":{"id":"settings","version":"9"},"event":{"data":{"created":1581486372908,"name":"showMemoryIndicator","value":false},"id":"UISettings"}}
{"session":"486b45d5452e","build":"183.6156.11","bucket":"-1","time":1581486372877,"group":{"id":"settings","version":"9"},"event":{"data":{"created":1581486372909,"name":"showNavigationBar","value":true},"id":"UISettings"}}
{"session":"486b45d5452e","build":"183.6156.11","bucket":"-1","time":1581486372877,"group":{"id":"settings","version":"9"},"event":{"data":{"created":1581486372909,"name":"showStatusBar","value":true},"id":"UISettings"}}
{"session":"486b45d5452e","build":"183.6156.11","bucket":"-1","time":1581486372877,"group":{"id":"settings","version":"9"},"event":{"data":{"created":1581486372909,"name":"showTabsTooltips","value":true},"id":"UISettings"}}
{"session":"486b45d5452e","build":"183.6156.11","bucket":"-1","time":1581486372877,"group":{"id":"settings","version":"9"},"event":{"data":{"created":1581486372910,"name":"showToolWindowsNumbers","value":true},"id":"UISettings"}}
{"session":"486b45d5452e","build":"183.6156.11","bucket":"-1","time":1581486372877,"group":{"id":"settings","version":"9"},"event":{"data":{"created":1581486372910,"name":"smoothScrolling","value":true},"id":"UISettings"}}
{"session":"486b45d5452e","build":"183.6156.11","bucket":"-1","time":1581486372877,"group":{"id":"settings","version":"9"},"event":{"data":{"created":1581486372911,"name":"sortBookmarks","value":false},"id":"UISettings"}}
{"session":"486b45d5452e","build":"183.6156.11","bucket":"-1","time":1581486372877,"group":{"id":"settings","version":"9"},"event":{"data":{"created":1581486372911,"name":"sortLookupElementsLexicographically","value":false},"id":"UISettings"}}
{"session":"486b45d5452e","build":"183.6156.11","bucket":"-1","time":1581486372877,"group":{"id":"settings","version":"9"},"event":{"data":{"created":1581486372911,"name":"useSmallLabelsOnTabs","value":true},"id":"UISettings"}}
{"session":"486b45d5452e","build":"183.6156.11","bucket":"-1","time":1581486372877,"group":{"id":"settings","version":"9"},"event":{"data":{"created":1581486372912,"name":"wideScreenSupport","value":false},"id":"UISettings"}}
{"session":"486b45d5452e","build":"183.6156.11","bucket":"-1","time":1581486373550,"group":{"id":"settings","version":"9"},"event":{"data":{"created":1581486373550,"name":"autoSaveIfInactive","value":false},"id":"GeneralSettings"}}
{"session":"486b45d5452e","build":"183.6156.11","bucket":"-1","time":1581486373550,"group":{"id":"settings","version":"9"},"event":{"data":{"created":1581486373551,"name":"confirmExit","value":true},"id":"GeneralSettings"}}
{"session":"486b45d5452e","build":"183.6156.11","bucket":"-1","time":1581486373550,"group":{"id":"settings","version":"9"},"event":{"data":{"created":1581486373551,"name":"reopenLastProject","value":true},"id":"GeneralSettings"}}
{"session":"486b45d5452e","build":"183.6156.11","bucket":"-1","time":1581486373550,"group":{"id":"settings","version":"9"},"event":{"data":{"created":1581486373551,"name":"saveOnFrameDeactivation","value":true},"id":"GeneralSettings"}}
{"session":"486b45d5452e","build":"183.6156.11","bucket":"-1","time":1581486373550,"group":{"id":"settings","version":"9"},"event":{"data":{"created":1581486373552,"name":"searchInBackground","value":false},"id":"GeneralSettings"}}
{"session":"486b45d5452e","build":"183.6156.11","bucket":"-1","time":1581486373550,"group":{"id":"settings","version":"9"},"event":{"data":{"created":1581486373552,"name":"showTipsOnStartup","value":true},"id":"GeneralSettings"}}
{"session":"486b45d5452e","build":"183.6156.11","bucket":"-1","time":1581486373550,"group":{"id":"settings","version":"9"},"event":{"data":{"created":1581486373552,"name":"showWelcomeScreen","value":true},"id":"GeneralSettings"}}
{"session":"486b45d5452e","build":"183.6156.11","bucket":"-1","time":1581486373550,"group":{"id":"settings","version":"9"},"event":{"data":{"created":1581486373553,"name":"supportScreenReaders","value":false},"id":"GeneralSettings"}}
{"session":"486b45d5452e","build":"183.6156.11","bucket":"-1","time":1581486373550,"group":{"id":"settings","version":"9"},"event":{"data":{"created":1581486373553,"name":"syncOnFrameActivation","value":true},"id":"GeneralSettings"}}
{"session":"486b45d5452e","build":"183.6156.11","bucket":"-1","time":1581486373550,"group":{"id":"settings","version":"9"},"event":{"data":{"created":1581486373553,"name":"useDefaultBrowser","value":true},"id":"GeneralSettings"}}
{"session":"486b45d5452e","build":"183.6156.11","bucket":"-1","time":1581486373550,"group":{"id":"settings","version":"9"},"event":{"data":{"created":1581486373553,"name":"useSafeWrite","value":true},"id":"GeneralSettings"}}
{"session":"486b45d5452e","build":"183.6156.11","bucket":"-1","time":1581486375782,"group":{"id":"ui.dialogs","version":"9"},"event":{"count":1,"data":{"created":1581486375782,"type":"show"},"id":"com.intellij.openapi.progress.util.ProgressDialog$MyDialogWrapper"}}
{"session":"486b45d5452e","build":"183.6156.11","bucket":"-1","time":1581486377349,"group":{"id":"ui.dialogs","version":"9"},"event":{"count":1,"data":{"code":1,"created":1581486377349,"type":"close"},"id":"com.intellij.openapi.progress.util.ProgressDialog$MyDialogWrapper"}}
{"session":"486b45d5452e","build":"183.6156.11","bucket":"-1","time":1581486377377,"group":{"id":"statistics.lifecycle.project","version":"9"},"event":{"count":1,"data":{"created":1581486377377,"project":"-1867777320"},"id":"project.opened"}}
{"session":"486b45d5452e","build":"183.6156.11","bucket":"-1","time":1581486377379,"group":{"id":"lifecycle","version":"9"},"event":{"count":1,"data":{"created":1581486377379},"id":"project.opened"}}
{"session":"486b45d5452e","build":"183.6156.11","bucket":"-1","time":1581486378119,"group":{"id":"ui.dialogs","version":"9"},"event":{"count":1,"data":{"created":1581486378119,"type":"show"},"id":"com.intellij.openapi.progress.util.ProgressDialog$MyDialogWrapper"}}
{"session":"486b45d5452e","build":"183.6156.11","bucket":"-1","time":1581486380191,"group":{"id":"statistics.lifecycle.app","version":"9"},"event":{"count":1,"data":{"created":1581486380191},"id":"ide.start"}}
{"session":"486b45d5452e","build":"183.6156.11","bucket":"-1","time":1581486380191,"group":{"id":"lifecycle","version":"9"},"event":{"count":1,"data":{"created":1581486380191},"id":"app.started"}}
{"session":"486b45d5452e","build":"183.6156.11","bucket":"-1","time":1581486380562,"group":{"id":"statistics.ui.tips","version":"9"},"event":{"count":1,"data":{"created":1581486380562},"id":"shown.automatically"}}
{"session":"486b45d5452e","build":"183.6156.11","bucket":"-1","time":1581486380637,"group":{"id":"ui.dialogs","version":"9"},"event":{"count":1,"data":{"created":1581486380637,"type":"show"},"id":"com.intellij.ide.util.TipDialog"}}
{"session":"486b45d5452e","build":"183.6156.11","bucket":"-1","time":1581486381473,"group":{"id":"ui.dialogs","version":"9"},"event":{"count":1,"data":{"code":1,"created":1581486381473,"type":"close"},"id":"com.intellij.openapi.progress.util.ProgressDialog$MyDialogWrapper"}}
{"session":"486b45d5452e","build":"183.6156.11","bucket":"-1","time":1581486381484,"group":{"id":"statistics.lifecycle.project","version":"9"},"event":{"count":1,"data":{"created":1581486381484,"project":"-1867777320"},"id":"project.open.time.6"}}
{"session":"486b45d5452e","build":"183.6156.11","bucket":"-1","time":1581486381484,"group":{"id":"lifecycle","version":"9"},"event":{"count":1,"data":{"created":1581486381484,"time.ms":6252},"id":"project.opening.finished"}}
