{"session":"0761c1fc88ea","build":"183.6156.11","bucket":"-1","time":1581486154687,"group":{"id":"system.os.name","version":"9"},"event":{"data":{"created":1581486154687},"id":"Mac.OS.X"}}
{"session":"0761c1fc88ea","build":"183.6156.11","bucket":"-1","time":1581486154687,"group":{"id":"system.os.version","version":"9"},"event":{"data":{"created":1581486154695},"id":"10.15.2"}}
{"session":"0761c1fc88ea","build":"183.6156.11","bucket":"-1","time":1581486154687,"group":{"id":"system.jvm.vendor","version":"9"},"event":{"data":{"created":1581486154705},"id":"JetBrains_s.r.o"}}
{"session":"0761c1fc88ea","build":"183.6156.11","bucket":"-1","time":1581486154687,"group":{"id":"system.jvm.version","version":"9"},"event":{"data":{"created":1581486154706},"id":"1.8"}}
{"session":"0761c1fc88ea","build":"183.6156.11","bucket":"-1","time":1581486154694,"group":{"id":"settings","version":"9"},"event":{"data":{"created":1581486154706,"name":"activeMruEditorOnClose","value":false},"id":"UISettings"}}
{"session":"0761c1fc88ea","build":"183.6156.11","bucket":"-1","time":1581486154694,"group":{"id":"settings","version":"9"},"event":{"data":{"created":1581486154707,"name":"activeRightEditorOnClose","value":false},"id":"UISettings"}}
{"session":"0761c1fc88ea","build":"183.6156.11","bucket":"-1","time":1581486154694,"group":{"id":"settings","version":"9"},"event":{"data":{"created":1581486154707,"name":"allowMergeButtons","value":true},"id":"UISettings"}}
{"session":"0761c1fc88ea","build":"183.6156.11","bucket":"-1","time":1581486154694,"group":{"id":"settings","version":"9"},"event":{"data":{"created":1581486154708,"name":"alwaysShowWindowsButton","value":false},"id":"UISettings"}}
{"session":"0761c1fc88ea","build":"183.6156.11","bucket":"-1","time":1581486154694,"group":{"id":"settings","version":"9"},"event":{"data":{"created":1581486154709,"name":"animateWindows","value":true},"id":"UISettings"}}
{"session":"0761c1fc88ea","build":"183.6156.11","bucket":"-1","time":1581486154694,"group":{"id":"settings","version":"9"},"event":{"data":{"created":1581486154710,"name":"closeNonModifiedFilesFirst","value":false},"id":"UISettings"}}
{"session":"0761c1fc88ea","build":"183.6156.11","bucket":"-1","time":1581486154694,"group":{"id":"settings","version":"9"},"event":{"data":{"created":1581486154710,"name":"closeTabButtonOnTheRight","value":true},"id":"UISettings"}}
{"session":"0761c1fc88ea","build":"183.6156.11","bucket":"-1","time":1581486154694,"group":{"id":"settings","version":"9"},"event":{"data":{"created":1581486154711,"name":"cycleScrolling","value":true},"id":"UISettings"}}
{"session":"0761c1fc88ea","build":"183.6156.11","bucket":"-1","time":1581486154694,"group":{"id":"settings","version":"9"},"event":{"data":{"created":1581486154712,"name":"defaultAutoScrollToSource","value":false},"id":"UISettings"}}
{"session":"0761c1fc88ea","build":"183.6156.11","bucket":"-1","time":1581486154694,"group":{"id":"settings","version":"9"},"event":{"data":{"created":1581486154712,"name":"disableMnemonics","value":true},"id":"UISettings"}}
{"session":"0761c1fc88ea","build":"183.6156.11","bucket":"-1","time":1581486154694,"group":{"id":"settings","version":"9"},"event":{"data":{"created":1581486154713,"name":"disableMnemonicsInControls","value":false},"id":"UISettings"}}
{"session":"0761c1fc88ea","build":"183.6156.11","bucket":"-1","time":1581486154695,"group":{"id":"settings","version":"9"},"event":{"data":{"created":1581486154714,"name":"dndWithPressedAltOnly","value":false},"id":"UISettings"}}
{"session":"0761c1fc88ea","build":"183.6156.11","bucket":"-1","time":1581486154695,"group":{"id":"settings","version":"9"},"event":{"data":{"created":1581486154714,"name":"enableAlphaMode","value":false},"id":"UISettings"}}
{"session":"0761c1fc88ea","build":"183.6156.11","bucket":"-1","time":1581486154695,"group":{"id":"settings","version":"9"},"event":{"data":{"created":1581486154715,"name":"hideKnownExtensionInTabs","value":false},"id":"UISettings"}}
{"session":"0761c1fc88ea","build":"183.6156.11","bucket":"-1","time":1581486154695,"group":{"id":"settings","version":"9"},"event":{"data":{"created":1581486154715,"name":"hideNavigationOnFocusLoss","value":true},"id":"UISettings"}}
{"session":"0761c1fc88ea","build":"183.6156.11","bucket":"-1","time":1581486154695,"group":{"id":"settings","version":"9"},"event":{"data":{"created":1581486154716,"name":"hideTabsIfNeed","value":true},"id":"UISettings"}}
{"session":"0761c1fc88ea","build":"183.6156.11","bucket":"-1","time":1581486154695,"group":{"id":"settings","version":"9"},"event":{"data":{"created":1581486154717,"name":"hideToolStripes","value":false},"id":"UISettings"}}
{"session":"0761c1fc88ea","build":"183.6156.11","bucket":"-1","time":1581486154695,"group":{"id":"settings","version":"9"},"event":{"data":{"created":1581486154718,"name":"leftHorizontalSplit","value":false},"id":"UISettings"}}
{"session":"0761c1fc88ea","build":"183.6156.11","bucket":"-1","time":1581486154695,"group":{"id":"settings","version":"9"},"event":{"data":{"created":1581486154718,"name":"markModifiedTabsWithAsterisk","value":false},"id":"UISettings"}}
{"session":"0761c1fc88ea","build":"183.6156.11","bucket":"-1","time":1581486154695,"group":{"id":"settings","version":"9"},"event":{"data":{"created":1581486154719,"name":"mergeEqualStackTraces","value":true},"id":"UISettings"}}
{"session":"0761c1fc88ea","build":"183.6156.11","bucket":"-1","time":1581486154695,"group":{"id":"settings","version":"9"},"event":{"data":{"created":1581486154719,"name":"moveMouseOnDefaultButton","value":false},"id":"UISettings"}}
{"session":"0761c1fc88ea","build":"183.6156.11","bucket":"-1","time":1581486154695,"group":{"id":"settings","version":"9"},"event":{"data":{"created":1581486154719,"name":"navigateToPreview","value":false},"id":"UISettings"}}
{"session":"0761c1fc88ea","build":"183.6156.11","bucket":"-1","time":1581486154695,"group":{"id":"settings","version":"9"},"event":{"data":{"created":1581486154720,"name":"overrideConsoleCycleBufferSize","value":false},"id":"UISettings"}}
{"session":"0761c1fc88ea","build":"183.6156.11","bucket":"-1","time":1581486154695,"group":{"id":"settings","version":"9"},"event":{"data":{"created":1581486154720,"name":"overrideLafFonts","value":false},"id":"UISettings"}}
{"session":"0761c1fc88ea","build":"183.6156.11","bucket":"-1","time":1581486154695,"group":{"id":"settings","version":"9"},"event":{"data":{"created":1581486154721,"name":"pinFindInPath","value":false},"id":"UISettings"}}
{"session":"0761c1fc88ea","build":"183.6156.11","bucket":"-1","time":1581486154695,"group":{"id":"settings","version":"9"},"event":{"data":{"created":1581486154721,"name":"presentationMode","value":false},"id":"UISettings"}}
{"session":"0761c1fc88ea","build":"183.6156.11","bucket":"-1","time":1581486154695,"group":{"id":"settings","version":"9"},"event":{"data":{"created":1581486154722,"name":"reuseNotModifiedTabs","value":false},"id":"UISettings"}}
{"session":"0761c1fc88ea","build":"183.6156.11","bucket":"-1","time":1581486154695,"group":{"id":"settings","version":"9"},"event":{"data":{"created":1581486154722,"name":"rightHorizontalSplit","value":false},"id":"UISettings"}}
{"session":"0761c1fc88ea","build":"183.6156.11","bucket":"-1","time":1581486154695,"group":{"id":"settings","version":"9"},"event":{"data":{"created":1581486154722,"name":"scrollTabLayoutInEditor","value":true},"id":"UISettings"}}
{"session":"0761c1fc88ea","build":"183.6156.11","bucket":"-1","time":1581486154695,"group":{"id":"settings","version":"9"},"event":{"data":{"created":1581486154723,"name":"showCloseButton","value":true},"id":"UISettings"}}
{"session":"0761c1fc88ea","build":"183.6156.11","bucket":"-1","time":1581486154695,"group":{"id":"settings","version":"9"},"event":{"data":{"created":1581486154723,"name":"showDirectoryForNonUniqueFilenames","value":true},"id":"UISettings"}}
{"session":"0761c1fc88ea","build":"183.6156.11","bucket":"-1","time":1581486154695,"group":{"id":"settings","version":"9"},"event":{"data":{"created":1581486154724,"name":"showEditorToolTip","value":true},"id":"UISettings"}}
{"session":"0761c1fc88ea","build":"183.6156.11","bucket":"-1","time":1581486154695,"group":{"id":"settings","version":"9"},"event":{"data":{"created":1581486154724,"name":"showIconInQuickNavigation","value":true},"id":"UISettings"}}
{"session":"0761c1fc88ea","build":"183.6156.11","bucket":"-1","time":1581486154695,"group":{"id":"settings","version":"9"},"event":{"data":{"created":1581486154724,"name":"showIconsInMenus","value":true},"id":"UISettings"}}
{"session":"0761c1fc88ea","build":"183.6156.11","bucket":"-1","time":1581486154695,"group":{"id":"settings","version":"9"},"event":{"data":{"created":1581486154725,"name":"showMainToolbar","value":false},"id":"UISettings"}}
{"session":"0761c1fc88ea","build":"183.6156.11","bucket":"-1","time":1581486154695,"group":{"id":"settings","version":"9"},"event":{"data":{"created":1581486154725,"name":"showMemoryIndicator","value":false},"id":"UISettings"}}
{"session":"0761c1fc88ea","build":"183.6156.11","bucket":"-1","time":1581486154695,"group":{"id":"settings","version":"9"},"event":{"data":{"created":1581486154725,"name":"showNavigationBar","value":true},"id":"UISettings"}}
{"session":"0761c1fc88ea","build":"183.6156.11","bucket":"-1","time":1581486154695,"group":{"id":"settings","version":"9"},"event":{"data":{"created":1581486154726,"name":"showStatusBar","value":true},"id":"UISettings"}}
{"session":"0761c1fc88ea","build":"183.6156.11","bucket":"-1","time":1581486154695,"group":{"id":"settings","version":"9"},"event":{"data":{"created":1581486154726,"name":"showTabsTooltips","value":true},"id":"UISettings"}}
{"session":"0761c1fc88ea","build":"183.6156.11","bucket":"-1","time":1581486154695,"group":{"id":"settings","version":"9"},"event":{"data":{"created":1581486154726,"name":"showToolWindowsNumbers","value":true},"id":"UISettings"}}
{"session":"0761c1fc88ea","build":"183.6156.11","bucket":"-1","time":1581486154695,"group":{"id":"settings","version":"9"},"event":{"data":{"created":1581486154726,"name":"smoothScrolling","value":true},"id":"UISettings"}}
{"session":"0761c1fc88ea","build":"183.6156.11","bucket":"-1","time":1581486154695,"group":{"id":"settings","version":"9"},"event":{"data":{"created":1581486154726,"name":"sortBookmarks","value":false},"id":"UISettings"}}
{"session":"0761c1fc88ea","build":"183.6156.11","bucket":"-1","time":1581486154695,"group":{"id":"settings","version":"9"},"event":{"data":{"created":1581486154727,"name":"sortLookupElementsLexicographically","value":false},"id":"UISettings"}}
{"session":"0761c1fc88ea","build":"183.6156.11","bucket":"-1","time":1581486154695,"group":{"id":"settings","version":"9"},"event":{"data":{"created":1581486154727,"name":"useSmallLabelsOnTabs","value":true},"id":"UISettings"}}
{"session":"0761c1fc88ea","build":"183.6156.11","bucket":"-1","time":1581486154695,"group":{"id":"settings","version":"9"},"event":{"data":{"created":1581486154727,"name":"wideScreenSupport","value":false},"id":"UISettings"}}
{"session":"0761c1fc88ea","build":"183.6156.11","bucket":"-1","time":1581486155394,"group":{"id":"settings","version":"9"},"event":{"data":{"created":1581486155395,"name":"autoSaveIfInactive","value":false},"id":"GeneralSettings"}}
{"session":"0761c1fc88ea","build":"183.6156.11","bucket":"-1","time":1581486155395,"group":{"id":"settings","version":"9"},"event":{"data":{"created":1581486155395,"name":"confirmExit","value":true},"id":"GeneralSettings"}}
{"session":"0761c1fc88ea","build":"183.6156.11","bucket":"-1","time":1581486155395,"group":{"id":"settings","version":"9"},"event":{"data":{"created":1581486155395,"name":"reopenLastProject","value":true},"id":"GeneralSettings"}}
{"session":"0761c1fc88ea","build":"183.6156.11","bucket":"-1","time":1581486155395,"group":{"id":"settings","version":"9"},"event":{"data":{"created":1581486155396,"name":"saveOnFrameDeactivation","value":true},"id":"GeneralSettings"}}
{"session":"0761c1fc88ea","build":"183.6156.11","bucket":"-1","time":1581486155395,"group":{"id":"settings","version":"9"},"event":{"data":{"created":1581486155396,"name":"searchInBackground","value":false},"id":"GeneralSettings"}}
{"session":"0761c1fc88ea","build":"183.6156.11","bucket":"-1","time":1581486155395,"group":{"id":"settings","version":"9"},"event":{"data":{"created":1581486155396,"name":"showTipsOnStartup","value":true},"id":"GeneralSettings"}}
{"session":"0761c1fc88ea","build":"183.6156.11","bucket":"-1","time":1581486155395,"group":{"id":"settings","version":"9"},"event":{"data":{"created":1581486155396,"name":"showWelcomeScreen","value":true},"id":"GeneralSettings"}}
{"session":"0761c1fc88ea","build":"183.6156.11","bucket":"-1","time":1581486155395,"group":{"id":"settings","version":"9"},"event":{"data":{"created":1581486155396,"name":"supportScreenReaders","value":false},"id":"GeneralSettings"}}
{"session":"0761c1fc88ea","build":"183.6156.11","bucket":"-1","time":1581486155395,"group":{"id":"settings","version":"9"},"event":{"data":{"created":1581486155397,"name":"syncOnFrameActivation","value":true},"id":"GeneralSettings"}}
{"session":"0761c1fc88ea","build":"183.6156.11","bucket":"-1","time":1581486155395,"group":{"id":"settings","version":"9"},"event":{"data":{"created":1581486155397,"name":"useDefaultBrowser","value":true},"id":"GeneralSettings"}}
{"session":"0761c1fc88ea","build":"183.6156.11","bucket":"-1","time":1581486155395,"group":{"id":"settings","version":"9"},"event":{"data":{"created":1581486155397,"name":"useSafeWrite","value":true},"id":"GeneralSettings"}}
{"session":"0761c1fc88ea","build":"183.6156.11","bucket":"-1","time":1581486157638,"group":{"id":"ui.dialogs","version":"9"},"event":{"count":1,"data":{"created":1581486157638,"type":"show"},"id":"com.intellij.openapi.progress.util.ProgressDialog$MyDialogWrapper"}}
{"session":"0761c1fc88ea","build":"183.6156.11","bucket":"-1","time":1581486159176,"group":{"id":"ui.dialogs","version":"9"},"event":{"count":1,"data":{"code":1,"created":1581486159177,"type":"close"},"id":"com.intellij.openapi.progress.util.ProgressDialog$MyDialogWrapper"}}
{"session":"0761c1fc88ea","build":"183.6156.11","bucket":"-1","time":1581486159207,"group":{"id":"statistics.lifecycle.project","version":"9"},"event":{"count":1,"data":{"created":1581486159207,"project":"-1867777320"},"id":"project.opened"}}
{"session":"0761c1fc88ea","build":"183.6156.11","bucket":"-1","time":1581486159208,"group":{"id":"lifecycle","version":"9"},"event":{"count":1,"data":{"created":1581486159208},"id":"project.opened"}}
{"session":"0761c1fc88ea","build":"183.6156.11","bucket":"-1","time":1581486159944,"group":{"id":"ui.dialogs","version":"9"},"event":{"count":1,"data":{"created":1581486159945,"type":"show"},"id":"com.intellij.openapi.progress.util.ProgressDialog$MyDialogWrapper"}}
{"session":"0761c1fc88ea","build":"183.6156.11","bucket":"-1","time":1581486161902,"group":{"id":"statistics.lifecycle.app","version":"9"},"event":{"count":1,"data":{"created":1581486161903},"id":"ide.start"}}
{"session":"0761c1fc88ea","build":"183.6156.11","bucket":"-1","time":1581486161903,"group":{"id":"lifecycle","version":"9"},"event":{"count":1,"data":{"created":1581486161904},"id":"app.started"}}
{"session":"0761c1fc88ea","build":"183.6156.11","bucket":"-1","time":1581486162308,"group":{"id":"statistics.ui.tips","version":"9"},"event":{"count":1,"data":{"created":1581486162308},"id":"shown.automatically"}}
{"session":"0761c1fc88ea","build":"183.6156.11","bucket":"-1","time":1581486162344,"group":{"id":"ui.dialogs","version":"9"},"event":{"count":1,"data":{"created":1581486162344,"type":"show"},"id":"com.intellij.ide.util.TipDialog"}}
{"session":"0761c1fc88ea","build":"183.6156.11","bucket":"-1","time":1581486163022,"group":{"id":"ui.dialogs","version":"9"},"event":{"count":1,"data":{"code":1,"created":1581486163022,"type":"close"},"id":"com.intellij.openapi.progress.util.ProgressDialog$MyDialogWrapper"}}
{"session":"0761c1fc88ea","build":"183.6156.11","bucket":"-1","time":1581486163071,"group":{"id":"statistics.lifecycle.project","version":"9"},"event":{"count":1,"data":{"created":1581486163071,"project":"-1867777320"},"id":"project.open.time.6"}}
{"session":"0761c1fc88ea","build":"183.6156.11","bucket":"-1","time":1581486163071,"group":{"id":"lifecycle","version":"9"},"event":{"count":1,"data":{"created":1581486163072,"time.ms":6016},"id":"project.opening.finished"}}
{"session":"0761c1fc88ea","build":"183.6156.11","bucket":"-1","time":1581486165697,"group":{"id":"ui.dialogs","version":"9"},"event":{"count":1,"data":{"code":1,"created":1581486165697,"type":"close"},"id":"com.intellij.ide.util.TipDialog"}}
{"session":"0761c1fc88ea","build":"183.6156.11","bucket":"-1","time":1581486183836,"group":{"id":"statistics.lifecycle.project","version":"9"},"event":{"count":1,"data":{"created":1581486183836,"project":"-1867777320"},"id":"project.closed"}}
