{"session":"c97afdb33f46","build":"183.6156.11","bucket":"-1","time":1581487963668,"group":{"id":"system.os.name","version":"9"},"event":{"data":{"created":1581487963668},"id":"Mac.OS.X"}}
{"session":"c97afdb33f46","build":"183.6156.11","bucket":"-1","time":1581487963668,"group":{"id":"system.os.version","version":"9"},"event":{"data":{"created":1581487963677},"id":"10.15.2"}}
{"session":"c97afdb33f46","build":"183.6156.11","bucket":"-1","time":1581487963668,"group":{"id":"system.jvm.vendor","version":"9"},"event":{"data":{"created":1581487963685},"id":"JetBrains_s.r.o"}}
{"session":"c97afdb33f46","build":"183.6156.11","bucket":"-1","time":1581487963668,"group":{"id":"system.jvm.version","version":"9"},"event":{"data":{"created":1581487963686},"id":"1.8"}}
{"session":"c97afdb33f46","build":"183.6156.11","bucket":"-1","time":1581487963675,"group":{"id":"settings","version":"9"},"event":{"data":{"created":1581487963687,"name":"activeMruEditorOnClose","value":false},"id":"UISettings"}}
{"session":"c97afdb33f46","build":"183.6156.11","bucket":"-1","time":1581487963675,"group":{"id":"settings","version":"9"},"event":{"data":{"created":1581487963688,"name":"activeRightEditorOnClose","value":false},"id":"UISettings"}}
{"session":"c97afdb33f46","build":"183.6156.11","bucket":"-1","time":1581487963675,"group":{"id":"settings","version":"9"},"event":{"data":{"created":1581487963688,"name":"allowMergeButtons","value":true},"id":"UISettings"}}
{"session":"c97afdb33f46","build":"183.6156.11","bucket":"-1","time":1581487963675,"group":{"id":"settings","version":"9"},"event":{"data":{"created":1581487963689,"name":"alwaysShowWindowsButton","value":false},"id":"UISettings"}}
{"session":"c97afdb33f46","build":"183.6156.11","bucket":"-1","time":1581487963675,"group":{"id":"settings","version":"9"},"event":{"data":{"created":1581487963690,"name":"animateWindows","value":true},"id":"UISettings"}}
{"session":"c97afdb33f46","build":"183.6156.11","bucket":"-1","time":1581487963675,"group":{"id":"settings","version":"9"},"event":{"data":{"created":1581487963690,"name":"closeNonModifiedFilesFirst","value":false},"id":"UISettings"}}
{"session":"c97afdb33f46","build":"183.6156.11","bucket":"-1","time":1581487963675,"group":{"id":"settings","version":"9"},"event":{"data":{"created":1581487963691,"name":"closeTabButtonOnTheRight","value":true},"id":"UISettings"}}
{"session":"c97afdb33f46","build":"183.6156.11","bucket":"-1","time":1581487963675,"group":{"id":"settings","version":"9"},"event":{"data":{"created":1581487963691,"name":"cycleScrolling","value":true},"id":"UISettings"}}
{"session":"c97afdb33f46","build":"183.6156.11","bucket":"-1","time":1581487963675,"group":{"id":"settings","version":"9"},"event":{"data":{"created":1581487963691,"name":"defaultAutoScrollToSource","value":false},"id":"UISettings"}}
{"session":"c97afdb33f46","build":"183.6156.11","bucket":"-1","time":1581487963675,"group":{"id":"settings","version":"9"},"event":{"data":{"created":1581487963692,"name":"disableMnemonics","value":true},"id":"UISettings"}}
{"session":"c97afdb33f46","build":"183.6156.11","bucket":"-1","time":1581487963675,"group":{"id":"settings","version":"9"},"event":{"data":{"created":1581487963692,"name":"disableMnemonicsInControls","value":false},"id":"UISettings"}}
{"session":"c97afdb33f46","build":"183.6156.11","bucket":"-1","time":1581487963675,"group":{"id":"settings","version":"9"},"event":{"data":{"created":1581487963693,"name":"dndWithPressedAltOnly","value":false},"id":"UISettings"}}
{"session":"c97afdb33f46","build":"183.6156.11","bucket":"-1","time":1581487963675,"group":{"id":"settings","version":"9"},"event":{"data":{"created":1581487963693,"name":"enableAlphaMode","value":false},"id":"UISettings"}}
{"session":"c97afdb33f46","build":"183.6156.11","bucket":"-1","time":1581487963675,"group":{"id":"settings","version":"9"},"event":{"data":{"created":1581487963694,"name":"hideKnownExtensionInTabs","value":false},"id":"UISettings"}}
{"session":"c97afdb33f46","build":"183.6156.11","bucket":"-1","time":1581487963676,"group":{"id":"settings","version":"9"},"event":{"data":{"created":1581487963694,"name":"hideNavigationOnFocusLoss","value":true},"id":"UISettings"}}
{"session":"c97afdb33f46","build":"183.6156.11","bucket":"-1","time":1581487963676,"group":{"id":"settings","version":"9"},"event":{"data":{"created":1581487963695,"name":"hideTabsIfNeed","value":true},"id":"UISettings"}}
{"session":"c97afdb33f46","build":"183.6156.11","bucket":"-1","time":1581487963676,"group":{"id":"settings","version":"9"},"event":{"data":{"created":1581487963695,"name":"hideToolStripes","value":false},"id":"UISettings"}}
{"session":"c97afdb33f46","build":"183.6156.11","bucket":"-1","time":1581487963676,"group":{"id":"settings","version":"9"},"event":{"data":{"created":1581487963696,"name":"leftHorizontalSplit","value":false},"id":"UISettings"}}
{"session":"c97afdb33f46","build":"183.6156.11","bucket":"-1","time":1581487963676,"group":{"id":"settings","version":"9"},"event":{"data":{"created":1581487963696,"name":"markModifiedTabsWithAsterisk","value":false},"id":"UISettings"}}
{"session":"c97afdb33f46","build":"183.6156.11","bucket":"-1","time":1581487963676,"group":{"id":"settings","version":"9"},"event":{"data":{"created":1581487963696,"name":"mergeEqualStackTraces","value":true},"id":"UISettings"}}
{"session":"c97afdb33f46","build":"183.6156.11","bucket":"-1","time":1581487963676,"group":{"id":"settings","version":"9"},"event":{"data":{"created":1581487963697,"name":"moveMouseOnDefaultButton","value":false},"id":"UISettings"}}
{"session":"c97afdb33f46","build":"183.6156.11","bucket":"-1","time":1581487963676,"group":{"id":"settings","version":"9"},"event":{"data":{"created":1581487963697,"name":"navigateToPreview","value":false},"id":"UISettings"}}
{"session":"c97afdb33f46","build":"183.6156.11","bucket":"-1","time":1581487963676,"group":{"id":"settings","version":"9"},"event":{"data":{"created":1581487963698,"name":"overrideConsoleCycleBufferSize","value":false},"id":"UISettings"}}
{"session":"c97afdb33f46","build":"183.6156.11","bucket":"-1","time":1581487963676,"group":{"id":"settings","version":"9"},"event":{"data":{"created":1581487963698,"name":"overrideLafFonts","value":false},"id":"UISettings"}}
{"session":"c97afdb33f46","build":"183.6156.11","bucket":"-1","time":1581487963676,"group":{"id":"settings","version":"9"},"event":{"data":{"created":1581487963698,"name":"pinFindInPath","value":false},"id":"UISettings"}}
{"session":"c97afdb33f46","build":"183.6156.11","bucket":"-1","time":1581487963676,"group":{"id":"settings","version":"9"},"event":{"data":{"created":1581487963699,"name":"presentationMode","value":false},"id":"UISettings"}}
{"session":"c97afdb33f46","build":"183.6156.11","bucket":"-1","time":1581487963676,"group":{"id":"settings","version":"9"},"event":{"data":{"created":1581487963699,"name":"reuseNotModifiedTabs","value":false},"id":"UISettings"}}
{"session":"c97afdb33f46","build":"183.6156.11","bucket":"-1","time":1581487963676,"group":{"id":"settings","version":"9"},"event":{"data":{"created":1581487963700,"name":"rightHorizontalSplit","value":false},"id":"UISettings"}}
{"session":"c97afdb33f46","build":"183.6156.11","bucket":"-1","time":1581487963676,"group":{"id":"settings","version":"9"},"event":{"data":{"created":1581487963700,"name":"scrollTabLayoutInEditor","value":true},"id":"UISettings"}}
{"session":"c97afdb33f46","build":"183.6156.11","bucket":"-1","time":1581487963676,"group":{"id":"settings","version":"9"},"event":{"data":{"created":1581487963700,"name":"showCloseButton","value":true},"id":"UISettings"}}
{"session":"c97afdb33f46","build":"183.6156.11","bucket":"-1","time":1581487963676,"group":{"id":"settings","version":"9"},"event":{"data":{"created":1581487963701,"name":"showDirectoryForNonUniqueFilenames","value":true},"id":"UISettings"}}
{"session":"c97afdb33f46","build":"183.6156.11","bucket":"-1","time":1581487963676,"group":{"id":"settings","version":"9"},"event":{"data":{"created":1581487963701,"name":"showEditorToolTip","value":true},"id":"UISettings"}}
{"session":"c97afdb33f46","build":"183.6156.11","bucket":"-1","time":1581487963676,"group":{"id":"settings","version":"9"},"event":{"data":{"created":1581487963701,"name":"showIconInQuickNavigation","value":true},"id":"UISettings"}}
{"session":"c97afdb33f46","build":"183.6156.11","bucket":"-1","time":1581487963676,"group":{"id":"settings","version":"9"},"event":{"data":{"created":1581487963702,"name":"showIconsInMenus","value":true},"id":"UISettings"}}
{"session":"c97afdb33f46","build":"183.6156.11","bucket":"-1","time":1581487963676,"group":{"id":"settings","version":"9"},"event":{"data":{"created":1581487963702,"name":"showMainToolbar","value":false},"id":"UISettings"}}
{"session":"c97afdb33f46","build":"183.6156.11","bucket":"-1","time":1581487963676,"group":{"id":"settings","version":"9"},"event":{"data":{"created":1581487963703,"name":"showMemoryIndicator","value":false},"id":"UISettings"}}
{"session":"c97afdb33f46","build":"183.6156.11","bucket":"-1","time":1581487963676,"group":{"id":"settings","version":"9"},"event":{"data":{"created":1581487963703,"name":"showNavigationBar","value":true},"id":"UISettings"}}
{"session":"c97afdb33f46","build":"183.6156.11","bucket":"-1","time":1581487963676,"group":{"id":"settings","version":"9"},"event":{"data":{"created":1581487963704,"name":"showStatusBar","value":true},"id":"UISettings"}}
{"session":"c97afdb33f46","build":"183.6156.11","bucket":"-1","time":1581487963676,"group":{"id":"settings","version":"9"},"event":{"data":{"created":1581487963704,"name":"showTabsTooltips","value":true},"id":"UISettings"}}
{"session":"c97afdb33f46","build":"183.6156.11","bucket":"-1","time":1581487963676,"group":{"id":"settings","version":"9"},"event":{"data":{"created":1581487963704,"name":"showToolWindowsNumbers","value":true},"id":"UISettings"}}
{"session":"c97afdb33f46","build":"183.6156.11","bucket":"-1","time":1581487963676,"group":{"id":"settings","version":"9"},"event":{"data":{"created":1581487963705,"name":"smoothScrolling","value":true},"id":"UISettings"}}
{"session":"c97afdb33f46","build":"183.6156.11","bucket":"-1","time":1581487963676,"group":{"id":"settings","version":"9"},"event":{"data":{"created":1581487963705,"name":"sortBookmarks","value":false},"id":"UISettings"}}
{"session":"c97afdb33f46","build":"183.6156.11","bucket":"-1","time":1581487963676,"group":{"id":"settings","version":"9"},"event":{"data":{"created":1581487963705,"name":"sortLookupElementsLexicographically","value":false},"id":"UISettings"}}
{"session":"c97afdb33f46","build":"183.6156.11","bucket":"-1","time":1581487963676,"group":{"id":"settings","version":"9"},"event":{"data":{"created":1581487963706,"name":"useSmallLabelsOnTabs","value":true},"id":"UISettings"}}
{"session":"c97afdb33f46","build":"183.6156.11","bucket":"-1","time":1581487963676,"group":{"id":"settings","version":"9"},"event":{"data":{"created":1581487963706,"name":"wideScreenSupport","value":false},"id":"UISettings"}}
{"session":"c97afdb33f46","build":"183.6156.11","bucket":"-1","time":1581487964375,"group":{"id":"settings","version":"9"},"event":{"data":{"created":1581487964375,"name":"autoSaveIfInactive","value":false},"id":"GeneralSettings"}}
{"session":"c97afdb33f46","build":"183.6156.11","bucket":"-1","time":1581487964375,"group":{"id":"settings","version":"9"},"event":{"data":{"created":1581487964376,"name":"confirmExit","value":true},"id":"GeneralSettings"}}
{"session":"c97afdb33f46","build":"183.6156.11","bucket":"-1","time":1581487964375,"group":{"id":"settings","version":"9"},"event":{"data":{"created":1581487964376,"name":"reopenLastProject","value":true},"id":"GeneralSettings"}}
{"session":"c97afdb33f46","build":"183.6156.11","bucket":"-1","time":1581487964375,"group":{"id":"settings","version":"9"},"event":{"data":{"created":1581487964377,"name":"saveOnFrameDeactivation","value":true},"id":"GeneralSettings"}}
{"session":"c97afdb33f46","build":"183.6156.11","bucket":"-1","time":1581487964375,"group":{"id":"settings","version":"9"},"event":{"data":{"created":1581487964377,"name":"searchInBackground","value":false},"id":"GeneralSettings"}}
{"session":"c97afdb33f46","build":"183.6156.11","bucket":"-1","time":1581487964375,"group":{"id":"settings","version":"9"},"event":{"data":{"created":1581487964377,"name":"showTipsOnStartup","value":true},"id":"GeneralSettings"}}
{"session":"c97afdb33f46","build":"183.6156.11","bucket":"-1","time":1581487964375,"group":{"id":"settings","version":"9"},"event":{"data":{"created":1581487964378,"name":"showWelcomeScreen","value":true},"id":"GeneralSettings"}}
{"session":"c97afdb33f46","build":"183.6156.11","bucket":"-1","time":1581487964375,"group":{"id":"settings","version":"9"},"event":{"data":{"created":1581487964378,"name":"supportScreenReaders","value":false},"id":"GeneralSettings"}}
{"session":"c97afdb33f46","build":"183.6156.11","bucket":"-1","time":1581487964375,"group":{"id":"settings","version":"9"},"event":{"data":{"created":1581487964379,"name":"syncOnFrameActivation","value":true},"id":"GeneralSettings"}}
{"session":"c97afdb33f46","build":"183.6156.11","bucket":"-1","time":1581487964375,"group":{"id":"settings","version":"9"},"event":{"data":{"created":1581487964379,"name":"useDefaultBrowser","value":true},"id":"GeneralSettings"}}
{"session":"c97afdb33f46","build":"183.6156.11","bucket":"-1","time":1581487964375,"group":{"id":"settings","version":"9"},"event":{"data":{"created":1581487964379,"name":"useSafeWrite","value":true},"id":"GeneralSettings"}}
{"session":"c97afdb33f46","build":"183.6156.11","bucket":"-1","time":1581487966427,"group":{"id":"ui.dialogs","version":"9"},"event":{"count":1,"data":{"created":1581487966427,"type":"show"},"id":"com.intellij.openapi.progress.util.ProgressDialog$MyDialogWrapper"}}
{"session":"c97afdb33f46","build":"183.6156.11","bucket":"-1","time":1581487967782,"group":{"id":"ui.dialogs","version":"9"},"event":{"count":1,"data":{"code":1,"created":1581487967782,"type":"close"},"id":"com.intellij.openapi.progress.util.ProgressDialog$MyDialogWrapper"}}
{"session":"c97afdb33f46","build":"183.6156.11","bucket":"-1","time":1581487967810,"group":{"id":"statistics.lifecycle.project","version":"9"},"event":{"count":1,"data":{"created":1581487967810,"project":"-1867777320"},"id":"project.opened"}}
{"session":"c97afdb33f46","build":"183.6156.11","bucket":"-1","time":1581487967811,"group":{"id":"lifecycle","version":"9"},"event":{"count":1,"data":{"created":1581487967811},"id":"project.opened"}}
{"session":"c97afdb33f46","build":"183.6156.11","bucket":"-1","time":1581487968464,"group":{"id":"ui.dialogs","version":"9"},"event":{"count":1,"data":{"created":1581487968464,"type":"show"},"id":"com.intellij.openapi.progress.util.ProgressDialog$MyDialogWrapper"}}
{"session":"c97afdb33f46","build":"183.6156.11","bucket":"-1","time":1581487970320,"group":{"id":"statistics.lifecycle.app","version":"9"},"event":{"count":1,"data":{"created":1581487970320},"id":"ide.start"}}
{"session":"c97afdb33f46","build":"183.6156.11","bucket":"-1","time":1581487970320,"group":{"id":"lifecycle","version":"9"},"event":{"count":1,"data":{"created":1581487970320},"id":"app.started"}}
{"session":"c97afdb33f46","build":"183.6156.11","bucket":"-1","time":1581487970730,"group":{"id":"statistics.ui.tips","version":"9"},"event":{"count":1,"data":{"created":1581487970730},"id":"shown.automatically"}}
{"session":"c97afdb33f46","build":"183.6156.11","bucket":"-1","time":1581487970788,"group":{"id":"ui.dialogs","version":"9"},"event":{"count":1,"data":{"created":1581487970788,"type":"show"},"id":"com.intellij.ide.util.TipDialog"}}
{"session":"c97afdb33f46","build":"183.6156.11","bucket":"-1","time":1581487971486,"group":{"id":"ui.dialogs","version":"9"},"event":{"count":1,"data":{"code":1,"created":1581487971486,"type":"close"},"id":"com.intellij.openapi.progress.util.ProgressDialog$MyDialogWrapper"}}
{"session":"c97afdb33f46","build":"183.6156.11","bucket":"-1","time":1581487971569,"group":{"id":"statistics.lifecycle.project","version":"9"},"event":{"count":1,"data":{"created":1581487971569,"project":"-1867777320"},"id":"project.open.time.5"}}
{"session":"c97afdb33f46","build":"183.6156.11","bucket":"-1","time":1581487971569,"group":{"id":"lifecycle","version":"9"},"event":{"count":1,"data":{"created":1581487971570,"time.ms":5687},"id":"project.opening.finished"}}
