{"session":"2744e4cd960a","build":"183.6156.11","bucket":"-1","time":1581485166322,"group":{"id":"system.os.name","version":"9"},"event":{"data":{"created":1581485166322},"id":"Mac.OS.X"}}
{"session":"2744e4cd960a","build":"183.6156.11","bucket":"-1","time":1581485166322,"group":{"id":"system.os.version","version":"9"},"event":{"data":{"created":1581485166331},"id":"10.15.2"}}
{"session":"2744e4cd960a","build":"183.6156.11","bucket":"-1","time":1581485166322,"group":{"id":"system.jvm.vendor","version":"9"},"event":{"data":{"created":1581485166341},"id":"JetBrains_s.r.o"}}
{"session":"2744e4cd960a","build":"183.6156.11","bucket":"-1","time":1581485166322,"group":{"id":"system.jvm.version","version":"9"},"event":{"data":{"created":1581485166342},"id":"1.8"}}
{"session":"2744e4cd960a","build":"183.6156.11","bucket":"-1","time":1581485166331,"group":{"id":"settings","version":"9"},"event":{"data":{"created":1581485166343,"name":"activeMruEditorOnClose","value":false},"id":"UISettings"}}
{"session":"2744e4cd960a","build":"183.6156.11","bucket":"-1","time":1581485166331,"group":{"id":"settings","version":"9"},"event":{"data":{"created":1581485166343,"name":"activeRightEditorOnClose","value":false},"id":"UISettings"}}
{"session":"2744e4cd960a","build":"183.6156.11","bucket":"-1","time":1581485166331,"group":{"id":"settings","version":"9"},"event":{"data":{"created":1581485166344,"name":"allowMergeButtons","value":true},"id":"UISettings"}}
{"session":"2744e4cd960a","build":"183.6156.11","bucket":"-1","time":1581485166331,"group":{"id":"settings","version":"9"},"event":{"data":{"created":1581485166345,"name":"alwaysShowWindowsButton","value":false},"id":"UISettings"}}
{"session":"2744e4cd960a","build":"183.6156.11","bucket":"-1","time":1581485166331,"group":{"id":"settings","version":"9"},"event":{"data":{"created":1581485166346,"name":"animateWindows","value":true},"id":"UISettings"}}
{"session":"2744e4cd960a","build":"183.6156.11","bucket":"-1","time":1581485166331,"group":{"id":"settings","version":"9"},"event":{"data":{"created":1581485166346,"name":"closeNonModifiedFilesFirst","value":false},"id":"UISettings"}}
{"session":"2744e4cd960a","build":"183.6156.11","bucket":"-1","time":1581485166331,"group":{"id":"settings","version":"9"},"event":{"data":{"created":1581485166347,"name":"closeTabButtonOnTheRight","value":true},"id":"UISettings"}}
{"session":"2744e4cd960a","build":"183.6156.11","bucket":"-1","time":1581485166331,"group":{"id":"settings","version":"9"},"event":{"data":{"created":1581485166348,"name":"cycleScrolling","value":true},"id":"UISettings"}}
{"session":"2744e4cd960a","build":"183.6156.11","bucket":"-1","time":1581485166331,"group":{"id":"settings","version":"9"},"event":{"data":{"created":1581485166348,"name":"defaultAutoScrollToSource","value":false},"id":"UISettings"}}
{"session":"2744e4cd960a","build":"183.6156.11","bucket":"-1","time":1581485166331,"group":{"id":"settings","version":"9"},"event":{"data":{"created":1581485166349,"name":"disableMnemonics","value":true},"id":"UISettings"}}
{"session":"2744e4cd960a","build":"183.6156.11","bucket":"-1","time":1581485166331,"group":{"id":"settings","version":"9"},"event":{"data":{"created":1581485166350,"name":"disableMnemonicsInControls","value":false},"id":"UISettings"}}
{"session":"2744e4cd960a","build":"183.6156.11","bucket":"-1","time":1581485166331,"group":{"id":"settings","version":"9"},"event":{"data":{"created":1581485166351,"name":"dndWithPressedAltOnly","value":false},"id":"UISettings"}}
{"session":"2744e4cd960a","build":"183.6156.11","bucket":"-1","time":1581485166331,"group":{"id":"settings","version":"9"},"event":{"data":{"created":1581485166351,"name":"enableAlphaMode","value":false},"id":"UISettings"}}
{"session":"2744e4cd960a","build":"183.6156.11","bucket":"-1","time":1581485166331,"group":{"id":"settings","version":"9"},"event":{"data":{"created":1581485166352,"name":"hideKnownExtensionInTabs","value":false},"id":"UISettings"}}
{"session":"2744e4cd960a","build":"183.6156.11","bucket":"-1","time":1581485166331,"group":{"id":"settings","version":"9"},"event":{"data":{"created":1581485166353,"name":"hideNavigationOnFocusLoss","value":true},"id":"UISettings"}}
{"session":"2744e4cd960a","build":"183.6156.11","bucket":"-1","time":1581485166331,"group":{"id":"settings","version":"9"},"event":{"data":{"created":1581485166354,"name":"hideTabsIfNeed","value":true},"id":"UISettings"}}
{"session":"2744e4cd960a","build":"183.6156.11","bucket":"-1","time":1581485166331,"group":{"id":"settings","version":"9"},"event":{"data":{"created":1581485166354,"name":"hideToolStripes","value":false},"id":"UISettings"}}
{"session":"2744e4cd960a","build":"183.6156.11","bucket":"-1","time":1581485166331,"group":{"id":"settings","version":"9"},"event":{"data":{"created":1581485166355,"name":"leftHorizontalSplit","value":false},"id":"UISettings"}}
{"session":"2744e4cd960a","build":"183.6156.11","bucket":"-1","time":1581485166331,"group":{"id":"settings","version":"9"},"event":{"data":{"created":1581485166355,"name":"markModifiedTabsWithAsterisk","value":false},"id":"UISettings"}}
{"session":"2744e4cd960a","build":"183.6156.11","bucket":"-1","time":1581485166331,"group":{"id":"settings","version":"9"},"event":{"data":{"created":1581485166355,"name":"mergeEqualStackTraces","value":true},"id":"UISettings"}}
{"session":"2744e4cd960a","build":"183.6156.11","bucket":"-1","time":1581485166331,"group":{"id":"settings","version":"9"},"event":{"data":{"created":1581485166356,"name":"moveMouseOnDefaultButton","value":false},"id":"UISettings"}}
{"session":"2744e4cd960a","build":"183.6156.11","bucket":"-1","time":1581485166331,"group":{"id":"settings","version":"9"},"event":{"data":{"created":1581485166356,"name":"navigateToPreview","value":false},"id":"UISettings"}}
{"session":"2744e4cd960a","build":"183.6156.11","bucket":"-1","time":1581485166331,"group":{"id":"settings","version":"9"},"event":{"data":{"created":1581485166357,"name":"overrideConsoleCycleBufferSize","value":false},"id":"UISettings"}}
{"session":"2744e4cd960a","build":"183.6156.11","bucket":"-1","time":1581485166331,"group":{"id":"settings","version":"9"},"event":{"data":{"created":1581485166357,"name":"overrideLafFonts","value":false},"id":"UISettings"}}
{"session":"2744e4cd960a","build":"183.6156.11","bucket":"-1","time":1581485166331,"group":{"id":"settings","version":"9"},"event":{"data":{"created":1581485166357,"name":"pinFindInPath","value":false},"id":"UISettings"}}
{"session":"2744e4cd960a","build":"183.6156.11","bucket":"-1","time":1581485166331,"group":{"id":"settings","version":"9"},"event":{"data":{"created":1581485166358,"name":"presentationMode","value":false},"id":"UISettings"}}
{"session":"2744e4cd960a","build":"183.6156.11","bucket":"-1","time":1581485166331,"group":{"id":"settings","version":"9"},"event":{"data":{"created":1581485166358,"name":"reuseNotModifiedTabs","value":false},"id":"UISettings"}}
{"session":"2744e4cd960a","build":"183.6156.11","bucket":"-1","time":1581485166331,"group":{"id":"settings","version":"9"},"event":{"data":{"created":1581485166358,"name":"rightHorizontalSplit","value":false},"id":"UISettings"}}
{"session":"2744e4cd960a","build":"183.6156.11","bucket":"-1","time":1581485166331,"group":{"id":"settings","version":"9"},"event":{"data":{"created":1581485166359,"name":"scrollTabLayoutInEditor","value":true},"id":"UISettings"}}
{"session":"2744e4cd960a","build":"183.6156.11","bucket":"-1","time":1581485166331,"group":{"id":"settings","version":"9"},"event":{"data":{"created":1581485166359,"name":"showCloseButton","value":true},"id":"UISettings"}}
{"session":"2744e4cd960a","build":"183.6156.11","bucket":"-1","time":1581485166331,"group":{"id":"settings","version":"9"},"event":{"data":{"created":1581485166360,"name":"showDirectoryForNonUniqueFilenames","value":true},"id":"UISettings"}}
{"session":"2744e4cd960a","build":"183.6156.11","bucket":"-1","time":1581485166331,"group":{"id":"settings","version":"9"},"event":{"data":{"created":1581485166360,"name":"showEditorToolTip","value":true},"id":"UISettings"}}
{"session":"2744e4cd960a","build":"183.6156.11","bucket":"-1","time":1581485166331,"group":{"id":"settings","version":"9"},"event":{"data":{"created":1581485166361,"name":"showIconInQuickNavigation","value":true},"id":"UISettings"}}
{"session":"2744e4cd960a","build":"183.6156.11","bucket":"-1","time":1581485166331,"group":{"id":"settings","version":"9"},"event":{"data":{"created":1581485166361,"name":"showIconsInMenus","value":true},"id":"UISettings"}}
{"session":"2744e4cd960a","build":"183.6156.11","bucket":"-1","time":1581485166331,"group":{"id":"settings","version":"9"},"event":{"data":{"created":1581485166362,"name":"showMainToolbar","value":false},"id":"UISettings"}}
{"session":"2744e4cd960a","build":"183.6156.11","bucket":"-1","time":1581485166331,"group":{"id":"settings","version":"9"},"event":{"data":{"created":1581485166362,"name":"showMemoryIndicator","value":false},"id":"UISettings"}}
{"session":"2744e4cd960a","build":"183.6156.11","bucket":"-1","time":1581485166331,"group":{"id":"settings","version":"9"},"event":{"data":{"created":1581485166362,"name":"showNavigationBar","value":true},"id":"UISettings"}}
{"session":"2744e4cd960a","build":"183.6156.11","bucket":"-1","time":1581485166331,"group":{"id":"settings","version":"9"},"event":{"data":{"created":1581485166363,"name":"showStatusBar","value":true},"id":"UISettings"}}
{"session":"2744e4cd960a","build":"183.6156.11","bucket":"-1","time":1581485166331,"group":{"id":"settings","version":"9"},"event":{"data":{"created":1581485166363,"name":"showTabsTooltips","value":true},"id":"UISettings"}}
{"session":"2744e4cd960a","build":"183.6156.11","bucket":"-1","time":1581485166331,"group":{"id":"settings","version":"9"},"event":{"data":{"created":1581485166363,"name":"showToolWindowsNumbers","value":true},"id":"UISettings"}}
{"session":"2744e4cd960a","build":"183.6156.11","bucket":"-1","time":1581485166331,"group":{"id":"settings","version":"9"},"event":{"data":{"created":1581485166364,"name":"smoothScrolling","value":true},"id":"UISettings"}}
{"session":"2744e4cd960a","build":"183.6156.11","bucket":"-1","time":1581485166331,"group":{"id":"settings","version":"9"},"event":{"data":{"created":1581485166364,"name":"sortBookmarks","value":false},"id":"UISettings"}}
{"session":"2744e4cd960a","build":"183.6156.11","bucket":"-1","time":1581485166331,"group":{"id":"settings","version":"9"},"event":{"data":{"created":1581485166364,"name":"sortLookupElementsLexicographically","value":false},"id":"UISettings"}}
{"session":"2744e4cd960a","build":"183.6156.11","bucket":"-1","time":1581485166331,"group":{"id":"settings","version":"9"},"event":{"data":{"created":1581485166365,"name":"useSmallLabelsOnTabs","value":true},"id":"UISettings"}}
{"session":"2744e4cd960a","build":"183.6156.11","bucket":"-1","time":1581485166331,"group":{"id":"settings","version":"9"},"event":{"data":{"created":1581485166365,"name":"wideScreenSupport","value":false},"id":"UISettings"}}
{"session":"2744e4cd960a","build":"183.6156.11","bucket":"-1","time":1581485167001,"group":{"id":"settings","version":"9"},"event":{"data":{"created":1581485167001,"name":"autoSaveIfInactive","value":false},"id":"GeneralSettings"}}
{"session":"2744e4cd960a","build":"183.6156.11","bucket":"-1","time":1581485167001,"group":{"id":"settings","version":"9"},"event":{"data":{"created":1581485167001,"name":"confirmExit","value":true},"id":"GeneralSettings"}}
{"session":"2744e4cd960a","build":"183.6156.11","bucket":"-1","time":1581485167001,"group":{"id":"settings","version":"9"},"event":{"data":{"created":1581485167002,"name":"reopenLastProject","value":true},"id":"GeneralSettings"}}
{"session":"2744e4cd960a","build":"183.6156.11","bucket":"-1","time":1581485167001,"group":{"id":"settings","version":"9"},"event":{"data":{"created":1581485167002,"name":"saveOnFrameDeactivation","value":true},"id":"GeneralSettings"}}
{"session":"2744e4cd960a","build":"183.6156.11","bucket":"-1","time":1581485167001,"group":{"id":"settings","version":"9"},"event":{"data":{"created":1581485167002,"name":"searchInBackground","value":false},"id":"GeneralSettings"}}
{"session":"2744e4cd960a","build":"183.6156.11","bucket":"-1","time":1581485167001,"group":{"id":"settings","version":"9"},"event":{"data":{"created":1581485167002,"name":"showTipsOnStartup","value":true},"id":"GeneralSettings"}}
{"session":"2744e4cd960a","build":"183.6156.11","bucket":"-1","time":1581485167001,"group":{"id":"settings","version":"9"},"event":{"data":{"created":1581485167002,"name":"showWelcomeScreen","value":true},"id":"GeneralSettings"}}
{"session":"2744e4cd960a","build":"183.6156.11","bucket":"-1","time":1581485167001,"group":{"id":"settings","version":"9"},"event":{"data":{"created":1581485167003,"name":"supportScreenReaders","value":false},"id":"GeneralSettings"}}
{"session":"2744e4cd960a","build":"183.6156.11","bucket":"-1","time":1581485167001,"group":{"id":"settings","version":"9"},"event":{"data":{"created":1581485167003,"name":"syncOnFrameActivation","value":true},"id":"GeneralSettings"}}
{"session":"2744e4cd960a","build":"183.6156.11","bucket":"-1","time":1581485167001,"group":{"id":"settings","version":"9"},"event":{"data":{"created":1581485167003,"name":"useDefaultBrowser","value":true},"id":"GeneralSettings"}}
{"session":"2744e4cd960a","build":"183.6156.11","bucket":"-1","time":1581485167001,"group":{"id":"settings","version":"9"},"event":{"data":{"created":1581485167003,"name":"useSafeWrite","value":true},"id":"GeneralSettings"}}
{"session":"2744e4cd960a","build":"183.6156.11","bucket":"-1","time":1581485169119,"group":{"id":"ui.dialogs","version":"9"},"event":{"count":1,"data":{"created":1581485169119,"type":"show"},"id":"com.intellij.openapi.progress.util.ProgressDialog$MyDialogWrapper"}}
{"session":"2744e4cd960a","build":"183.6156.11","bucket":"-1","time":1581485170636,"group":{"id":"ui.dialogs","version":"9"},"event":{"count":1,"data":{"code":1,"created":1581485170636,"type":"close"},"id":"com.intellij.openapi.progress.util.ProgressDialog$MyDialogWrapper"}}
{"session":"2744e4cd960a","build":"183.6156.11","bucket":"-1","time":1581485170665,"group":{"id":"statistics.lifecycle.project","version":"9"},"event":{"count":1,"data":{"created":1581485170665,"project":"-1867777320"},"id":"project.opened"}}
{"session":"2744e4cd960a","build":"183.6156.11","bucket":"-1","time":1581485170666,"group":{"id":"lifecycle","version":"9"},"event":{"count":1,"data":{"created":1581485170666},"id":"project.opened"}}
{"session":"2744e4cd960a","build":"183.6156.11","bucket":"-1","time":1581485171434,"group":{"id":"ui.dialogs","version":"9"},"event":{"count":1,"data":{"created":1581485171434,"type":"show"},"id":"com.intellij.openapi.progress.util.ProgressDialog$MyDialogWrapper"}}
{"session":"2744e4cd960a","build":"183.6156.11","bucket":"-1","time":1581485173442,"group":{"id":"statistics.lifecycle.app","version":"9"},"event":{"count":1,"data":{"created":1581485173442},"id":"ide.start"}}
{"session":"2744e4cd960a","build":"183.6156.11","bucket":"-1","time":1581485173442,"group":{"id":"lifecycle","version":"9"},"event":{"count":1,"data":{"created":1581485173442},"id":"app.started"}}
{"session":"2744e4cd960a","build":"183.6156.11","bucket":"-1","time":1581485173837,"group":{"id":"statistics.ui.tips","version":"9"},"event":{"count":1,"data":{"created":1581485173837},"id":"shown.automatically"}}
{"session":"2744e4cd960a","build":"183.6156.11","bucket":"-1","time":1581485173876,"group":{"id":"ui.dialogs","version":"9"},"event":{"count":1,"data":{"created":1581485173876,"type":"show"},"id":"com.intellij.ide.util.TipDialog"}}
{"session":"2744e4cd960a","build":"183.6156.11","bucket":"-1","time":1581485174519,"group":{"id":"ui.dialogs","version":"9"},"event":{"count":1,"data":{"code":1,"created":1581485174519,"type":"close"},"id":"com.intellij.openapi.progress.util.ProgressDialog$MyDialogWrapper"}}
{"session":"2744e4cd960a","build":"183.6156.11","bucket":"-1","time":1581485174568,"group":{"id":"statistics.lifecycle.project","version":"9"},"event":{"count":1,"data":{"created":1581485174568,"project":"-1867777320"},"id":"project.open.time.5"}}
{"session":"2744e4cd960a","build":"183.6156.11","bucket":"-1","time":1581485174568,"group":{"id":"lifecycle","version":"9"},"event":{"count":1,"data":{"created":1581485174568,"time.ms":5960},"id":"project.opening.finished"}}
