{"session":"f2f2c6a21501","build":"183.6156.11","bucket":"-1","time":1581474819469,"group":{"id":"system.os.name","version":"9"},"event":{"data":{"created":1581474819469},"id":"Mac.OS.X"}}
{"session":"f2f2c6a21501","build":"183.6156.11","bucket":"-1","time":1581474819469,"group":{"id":"system.os.version","version":"9"},"event":{"data":{"created":1581474819477},"id":"10.15.2"}}
{"session":"f2f2c6a21501","build":"183.6156.11","bucket":"-1","time":1581474819469,"group":{"id":"system.jvm.vendor","version":"9"},"event":{"data":{"created":1581474819487},"id":"JetBrains_s.r.o"}}
{"session":"f2f2c6a21501","build":"183.6156.11","bucket":"-1","time":1581474819469,"group":{"id":"system.jvm.version","version":"9"},"event":{"data":{"created":1581474819488},"id":"1.8"}}
{"session":"f2f2c6a21501","build":"183.6156.11","bucket":"-1","time":1581474819476,"group":{"id":"settings","version":"9"},"event":{"data":{"created":1581474819489,"name":"activeMruEditorOnClose","value":false},"id":"UISettings"}}
{"session":"f2f2c6a21501","build":"183.6156.11","bucket":"-1","time":1581474819477,"group":{"id":"settings","version":"9"},"event":{"data":{"created":1581474819489,"name":"activeRightEditorOnClose","value":false},"id":"UISettings"}}
{"session":"f2f2c6a21501","build":"183.6156.11","bucket":"-1","time":1581474819477,"group":{"id":"settings","version":"9"},"event":{"data":{"created":1581474819490,"name":"allowMergeButtons","value":true},"id":"UISettings"}}
{"session":"f2f2c6a21501","build":"183.6156.11","bucket":"-1","time":1581474819477,"group":{"id":"settings","version":"9"},"event":{"data":{"created":1581474819491,"name":"alwaysShowWindowsButton","value":false},"id":"UISettings"}}
{"session":"f2f2c6a21501","build":"183.6156.11","bucket":"-1","time":1581474819477,"group":{"id":"settings","version":"9"},"event":{"data":{"created":1581474819491,"name":"animateWindows","value":true},"id":"UISettings"}}
{"session":"f2f2c6a21501","build":"183.6156.11","bucket":"-1","time":1581474819477,"group":{"id":"settings","version":"9"},"event":{"data":{"created":1581474819492,"name":"closeNonModifiedFilesFirst","value":false},"id":"UISettings"}}
{"session":"f2f2c6a21501","build":"183.6156.11","bucket":"-1","time":1581474819477,"group":{"id":"settings","version":"9"},"event":{"data":{"created":1581474819493,"name":"closeTabButtonOnTheRight","value":true},"id":"UISettings"}}
{"session":"f2f2c6a21501","build":"183.6156.11","bucket":"-1","time":1581474819477,"group":{"id":"settings","version":"9"},"event":{"data":{"created":1581474819493,"name":"cycleScrolling","value":true},"id":"UISettings"}}
{"session":"f2f2c6a21501","build":"183.6156.11","bucket":"-1","time":1581474819477,"group":{"id":"settings","version":"9"},"event":{"data":{"created":1581474819494,"name":"defaultAutoScrollToSource","value":false},"id":"UISettings"}}
{"session":"f2f2c6a21501","build":"183.6156.11","bucket":"-1","time":1581474819477,"group":{"id":"settings","version":"9"},"event":{"data":{"created":1581474819495,"name":"disableMnemonics","value":true},"id":"UISettings"}}
{"session":"f2f2c6a21501","build":"183.6156.11","bucket":"-1","time":1581474819477,"group":{"id":"settings","version":"9"},"event":{"data":{"created":1581474819495,"name":"disableMnemonicsInControls","value":false},"id":"UISettings"}}
{"session":"f2f2c6a21501","build":"183.6156.11","bucket":"-1","time":1581474819477,"group":{"id":"settings","version":"9"},"event":{"data":{"created":1581474819495,"name":"dndWithPressedAltOnly","value":false},"id":"UISettings"}}
{"session":"f2f2c6a21501","build":"183.6156.11","bucket":"-1","time":1581474819477,"group":{"id":"settings","version":"9"},"event":{"data":{"created":1581474819496,"name":"enableAlphaMode","value":false},"id":"UISettings"}}
{"session":"f2f2c6a21501","build":"183.6156.11","bucket":"-1","time":1581474819477,"group":{"id":"settings","version":"9"},"event":{"data":{"created":1581474819496,"name":"hideKnownExtensionInTabs","value":false},"id":"UISettings"}}
{"session":"f2f2c6a21501","build":"183.6156.11","bucket":"-1","time":1581474819477,"group":{"id":"settings","version":"9"},"event":{"data":{"created":1581474819497,"name":"hideNavigationOnFocusLoss","value":true},"id":"UISettings"}}
{"session":"f2f2c6a21501","build":"183.6156.11","bucket":"-1","time":1581474819477,"group":{"id":"settings","version":"9"},"event":{"data":{"created":1581474819498,"name":"hideTabsIfNeed","value":true},"id":"UISettings"}}
{"session":"f2f2c6a21501","build":"183.6156.11","bucket":"-1","time":1581474819477,"group":{"id":"settings","version":"9"},"event":{"data":{"created":1581474819498,"name":"hideToolStripes","value":false},"id":"UISettings"}}
{"session":"f2f2c6a21501","build":"183.6156.11","bucket":"-1","time":1581474819477,"group":{"id":"settings","version":"9"},"event":{"data":{"created":1581474819499,"name":"leftHorizontalSplit","value":false},"id":"UISettings"}}
{"session":"f2f2c6a21501","build":"183.6156.11","bucket":"-1","time":1581474819477,"group":{"id":"settings","version":"9"},"event":{"data":{"created":1581474819499,"name":"markModifiedTabsWithAsterisk","value":false},"id":"UISettings"}}
{"session":"f2f2c6a21501","build":"183.6156.11","bucket":"-1","time":1581474819477,"group":{"id":"settings","version":"9"},"event":{"data":{"created":1581474819500,"name":"mergeEqualStackTraces","value":true},"id":"UISettings"}}
{"session":"f2f2c6a21501","build":"183.6156.11","bucket":"-1","time":1581474819477,"group":{"id":"settings","version":"9"},"event":{"data":{"created":1581474819500,"name":"moveMouseOnDefaultButton","value":false},"id":"UISettings"}}
{"session":"f2f2c6a21501","build":"183.6156.11","bucket":"-1","time":1581474819477,"group":{"id":"settings","version":"9"},"event":{"data":{"created":1581474819501,"name":"navigateToPreview","value":false},"id":"UISettings"}}
{"session":"f2f2c6a21501","build":"183.6156.11","bucket":"-1","time":1581474819477,"group":{"id":"settings","version":"9"},"event":{"data":{"created":1581474819501,"name":"overrideConsoleCycleBufferSize","value":false},"id":"UISettings"}}
{"session":"f2f2c6a21501","build":"183.6156.11","bucket":"-1","time":1581474819477,"group":{"id":"settings","version":"9"},"event":{"data":{"created":1581474819502,"name":"overrideLafFonts","value":false},"id":"UISettings"}}
{"session":"f2f2c6a21501","build":"183.6156.11","bucket":"-1","time":1581474819477,"group":{"id":"settings","version":"9"},"event":{"data":{"created":1581474819502,"name":"pinFindInPath","value":false},"id":"UISettings"}}
{"session":"f2f2c6a21501","build":"183.6156.11","bucket":"-1","time":1581474819477,"group":{"id":"settings","version":"9"},"event":{"data":{"created":1581474819503,"name":"presentationMode","value":false},"id":"UISettings"}}
{"session":"f2f2c6a21501","build":"183.6156.11","bucket":"-1","time":1581474819477,"group":{"id":"settings","version":"9"},"event":{"data":{"created":1581474819503,"name":"reuseNotModifiedTabs","value":false},"id":"UISettings"}}
{"session":"f2f2c6a21501","build":"183.6156.11","bucket":"-1","time":1581474819477,"group":{"id":"settings","version":"9"},"event":{"data":{"created":1581474819503,"name":"rightHorizontalSplit","value":false},"id":"UISettings"}}
{"session":"f2f2c6a21501","build":"183.6156.11","bucket":"-1","time":1581474819477,"group":{"id":"settings","version":"9"},"event":{"data":{"created":1581474819504,"name":"scrollTabLayoutInEditor","value":true},"id":"UISettings"}}
{"session":"f2f2c6a21501","build":"183.6156.11","bucket":"-1","time":1581474819477,"group":{"id":"settings","version":"9"},"event":{"data":{"created":1581474819504,"name":"showCloseButton","value":true},"id":"UISettings"}}
{"session":"f2f2c6a21501","build":"183.6156.11","bucket":"-1","time":1581474819477,"group":{"id":"settings","version":"9"},"event":{"data":{"created":1581474819505,"name":"showDirectoryForNonUniqueFilenames","value":true},"id":"UISettings"}}
{"session":"f2f2c6a21501","build":"183.6156.11","bucket":"-1","time":1581474819477,"group":{"id":"settings","version":"9"},"event":{"data":{"created":1581474819505,"name":"showEditorToolTip","value":true},"id":"UISettings"}}
{"session":"f2f2c6a21501","build":"183.6156.11","bucket":"-1","time":1581474819477,"group":{"id":"settings","version":"9"},"event":{"data":{"created":1581474819506,"name":"showIconInQuickNavigation","value":true},"id":"UISettings"}}
{"session":"f2f2c6a21501","build":"183.6156.11","bucket":"-1","time":1581474819477,"group":{"id":"settings","version":"9"},"event":{"data":{"created":1581474819507,"name":"showIconsInMenus","value":true},"id":"UISettings"}}
{"session":"f2f2c6a21501","build":"183.6156.11","bucket":"-1","time":1581474819477,"group":{"id":"settings","version":"9"},"event":{"data":{"created":1581474819507,"name":"showMainToolbar","value":false},"id":"UISettings"}}
{"session":"f2f2c6a21501","build":"183.6156.11","bucket":"-1","time":1581474819477,"group":{"id":"settings","version":"9"},"event":{"data":{"created":1581474819508,"name":"showMemoryIndicator","value":false},"id":"UISettings"}}
{"session":"f2f2c6a21501","build":"183.6156.11","bucket":"-1","time":1581474819477,"group":{"id":"settings","version":"9"},"event":{"data":{"created":1581474819508,"name":"showNavigationBar","value":true},"id":"UISettings"}}
{"session":"f2f2c6a21501","build":"183.6156.11","bucket":"-1","time":1581474819477,"group":{"id":"settings","version":"9"},"event":{"data":{"created":1581474819509,"name":"showStatusBar","value":true},"id":"UISettings"}}
{"session":"f2f2c6a21501","build":"183.6156.11","bucket":"-1","time":1581474819477,"group":{"id":"settings","version":"9"},"event":{"data":{"created":1581474819509,"name":"showTabsTooltips","value":true},"id":"UISettings"}}
{"session":"f2f2c6a21501","build":"183.6156.11","bucket":"-1","time":1581474819477,"group":{"id":"settings","version":"9"},"event":{"data":{"created":1581474819509,"name":"showToolWindowsNumbers","value":true},"id":"UISettings"}}
{"session":"f2f2c6a21501","build":"183.6156.11","bucket":"-1","time":1581474819477,"group":{"id":"settings","version":"9"},"event":{"data":{"created":1581474819510,"name":"smoothScrolling","value":true},"id":"UISettings"}}
{"session":"f2f2c6a21501","build":"183.6156.11","bucket":"-1","time":1581474819477,"group":{"id":"settings","version":"9"},"event":{"data":{"created":1581474819510,"name":"sortBookmarks","value":false},"id":"UISettings"}}
{"session":"f2f2c6a21501","build":"183.6156.11","bucket":"-1","time":1581474819477,"group":{"id":"settings","version":"9"},"event":{"data":{"created":1581474819510,"name":"sortLookupElementsLexicographically","value":false},"id":"UISettings"}}
{"session":"f2f2c6a21501","build":"183.6156.11","bucket":"-1","time":1581474819477,"group":{"id":"settings","version":"9"},"event":{"data":{"created":1581474819511,"name":"useSmallLabelsOnTabs","value":true},"id":"UISettings"}}
{"session":"f2f2c6a21501","build":"183.6156.11","bucket":"-1","time":1581474819477,"group":{"id":"settings","version":"9"},"event":{"data":{"created":1581474819511,"name":"wideScreenSupport","value":false},"id":"UISettings"}}
{"session":"f2f2c6a21501","build":"183.6156.11","bucket":"-1","time":1581474820283,"group":{"id":"settings","version":"9"},"event":{"data":{"created":1581474820283,"name":"autoSaveIfInactive","value":false},"id":"GeneralSettings"}}
{"session":"f2f2c6a21501","build":"183.6156.11","bucket":"-1","time":1581474820283,"group":{"id":"settings","version":"9"},"event":{"data":{"created":1581474820283,"name":"confirmExit","value":true},"id":"GeneralSettings"}}
{"session":"f2f2c6a21501","build":"183.6156.11","bucket":"-1","time":1581474820283,"group":{"id":"settings","version":"9"},"event":{"data":{"created":1581474820284,"name":"reopenLastProject","value":true},"id":"GeneralSettings"}}
{"session":"f2f2c6a21501","build":"183.6156.11","bucket":"-1","time":1581474820283,"group":{"id":"settings","version":"9"},"event":{"data":{"created":1581474820284,"name":"saveOnFrameDeactivation","value":true},"id":"GeneralSettings"}}
{"session":"f2f2c6a21501","build":"183.6156.11","bucket":"-1","time":1581474820283,"group":{"id":"settings","version":"9"},"event":{"data":{"created":1581474820284,"name":"searchInBackground","value":false},"id":"GeneralSettings"}}
{"session":"f2f2c6a21501","build":"183.6156.11","bucket":"-1","time":1581474820283,"group":{"id":"settings","version":"9"},"event":{"data":{"created":1581474820285,"name":"showTipsOnStartup","value":true},"id":"GeneralSettings"}}
{"session":"f2f2c6a21501","build":"183.6156.11","bucket":"-1","time":1581474820283,"group":{"id":"settings","version":"9"},"event":{"data":{"created":1581474820285,"name":"showWelcomeScreen","value":true},"id":"GeneralSettings"}}
{"session":"f2f2c6a21501","build":"183.6156.11","bucket":"-1","time":1581474820283,"group":{"id":"settings","version":"9"},"event":{"data":{"created":1581474820285,"name":"supportScreenReaders","value":false},"id":"GeneralSettings"}}
{"session":"f2f2c6a21501","build":"183.6156.11","bucket":"-1","time":1581474820283,"group":{"id":"settings","version":"9"},"event":{"data":{"created":1581474820285,"name":"syncOnFrameActivation","value":true},"id":"GeneralSettings"}}
{"session":"f2f2c6a21501","build":"183.6156.11","bucket":"-1","time":1581474820283,"group":{"id":"settings","version":"9"},"event":{"data":{"created":1581474820286,"name":"useDefaultBrowser","value":true},"id":"GeneralSettings"}}
{"session":"f2f2c6a21501","build":"183.6156.11","bucket":"-1","time":1581474820283,"group":{"id":"settings","version":"9"},"event":{"data":{"created":1581474820286,"name":"useSafeWrite","value":true},"id":"GeneralSettings"}}
{"session":"f2f2c6a21501","build":"183.6156.11","bucket":"-1","time":1581474821742,"group":{"id":"statistics.lifecycle.app","version":"9"},"event":{"count":1,"data":{"created":1581474821742},"id":"ide.start"}}
{"session":"f2f2c6a21501","build":"183.6156.11","bucket":"-1","time":1581474821743,"group":{"id":"lifecycle","version":"9"},"event":{"count":1,"data":{"created":1581474821744},"id":"app.started"}}
{"session":"f2f2c6a21501","build":"183.6156.11","bucket":"-1","time":1581475294571,"group":{"id":"ui.dialogs","version":"9"},"event":{"count":1,"data":{"created":1581475294571,"type":"show"},"id":"com.intellij.openapi.progress.util.ProgressDialog$MyDialogWrapper"}}
{"session":"f2f2c6a21501","build":"183.6156.11","bucket":"-1","time":1581475295723,"group":{"id":"ui.dialogs","version":"9"},"event":{"count":1,"data":{"code":1,"created":1581475295723,"type":"close"},"id":"com.intellij.openapi.progress.util.ProgressDialog$MyDialogWrapper"}}
{"session":"f2f2c6a21501","build":"183.6156.11","bucket":"-1","time":1581475295757,"group":{"id":"statistics.lifecycle.project","version":"9"},"event":{"count":1,"data":{"created":1581475295757,"project":"478683548"},"id":"project.opened"}}
{"session":"f2f2c6a21501","build":"183.6156.11","bucket":"-1","time":1581475295757,"group":{"id":"lifecycle","version":"9"},"event":{"count":1,"data":{"created":1581475295757},"id":"project.opened"}}
{"session":"f2f2c6a21501","build":"183.6156.11","bucket":"-1","time":1581475296860,"group":{"id":"ui.dialogs","version":"9"},"event":{"count":1,"data":{"created":1581475296860,"type":"show"},"id":"com.intellij.openapi.progress.util.ProgressDialog$MyDialogWrapper"}}
{"session":"f2f2c6a21501","build":"183.6156.11","bucket":"-1","time":1581475298370,"group":{"id":"toolwindow.v2","version":"9"},"event":{"count":1,"data":{"created":1581475298370,"data_1":"Mac"},"id":"Project_by_Activation"}}
{"session":"f2f2c6a21501","build":"183.6156.11","bucket":"-1","time":1581475299007,"group":{"id":"statistics.ui.tips","version":"9"},"event":{"count":1,"data":{"created":1581475299007},"id":"shown.automatically"}}
{"session":"f2f2c6a21501","build":"183.6156.11","bucket":"-1","time":1581475299059,"group":{"id":"ui.dialogs","version":"9"},"event":{"count":1,"data":{"created":1581475299059,"type":"show"},"id":"com.intellij.ide.util.TipDialog"}}
{"session":"f2f2c6a21501","build":"183.6156.11","bucket":"-1","time":1581475299263,"group":{"id":"ui.dialogs","version":"9"},"event":{"count":1,"data":{"code":1,"created":1581475299263,"type":"close"},"id":"com.intellij.openapi.progress.util.ProgressDialog$MyDialogWrapper"}}
{"session":"f2f2c6a21501","build":"183.6156.11","bucket":"-1","time":1581475299596,"group":{"id":"statistics.lifecycle.project","version":"9"},"event":{"count":1,"data":{"created":1581475299596,"project":"478683548"},"id":"project.open.time.5"}}
{"session":"f2f2c6a21501","build":"183.6156.11","bucket":"-1","time":1581475299596,"group":{"id":"lifecycle","version":"9"},"event":{"count":1,"data":{"created":1581475299596,"time.ms":5425},"id":"project.opening.finished"}}
{"session":"f2f2c6a21501","build":"183.6156.11","bucket":"-1","time":1581475300776,"group":{"id":"ui.dialogs","version":"9"},"event":{"count":1,"data":{"code":1,"created":1581475300776,"type":"close"},"id":"com.intellij.ide.util.TipDialog"}}
{"session":"f2f2c6a21501","build":"183.6156.11","bucket":"-1","time":1581475392128,"group":{"id":"ui.dialogs","version":"9"},"event":{"count":1,"data":{"created":1581475392128,"type":"show"},"id":"com.intellij.openapi.options.newEditor.SettingsDialog"}}
{"session":"f2f2c6a21501","build":"183.6156.11","bucket":"-1","time":1581475427099,"group":{"id":"ui.dialogs","version":"9"},"event":{"count":1,"data":{"code":1,"created":1581475427099,"type":"close"},"id":"com.intellij.openapi.options.newEditor.SettingsDialog"}}
{"session":"f2f2c6a21501","build":"183.6156.11","bucket":"-1","time":1581475474492,"group":{"id":"statistics.lifecycle.project","version":"9"},"event":{"count":1,"data":{"created":1581475474492,"project":"478683548"},"id":"project.closed"}}
