{"session":"32ca4a42b878","build":"183.6156.11","bucket":"-1","time":1581487673515,"group":{"id":"system.os.name","version":"9"},"event":{"data":{"created":1581487673516},"id":"Mac.OS.X"}}
{"session":"32ca4a42b878","build":"183.6156.11","bucket":"-1","time":1581487673516,"group":{"id":"system.os.version","version":"9"},"event":{"data":{"created":1581487673523},"id":"10.15.2"}}
{"session":"32ca4a42b878","build":"183.6156.11","bucket":"-1","time":1581487673516,"group":{"id":"system.jvm.vendor","version":"9"},"event":{"data":{"created":1581487673531},"id":"JetBrains_s.r.o"}}
{"session":"32ca4a42b878","build":"183.6156.11","bucket":"-1","time":1581487673516,"group":{"id":"system.jvm.version","version":"9"},"event":{"data":{"created":1581487673532},"id":"1.8"}}
{"session":"32ca4a42b878","build":"183.6156.11","bucket":"-1","time":1581487673522,"group":{"id":"settings","version":"9"},"event":{"data":{"created":1581487673532,"name":"activeMruEditorOnClose","value":false},"id":"UISettings"}}
{"session":"32ca4a42b878","build":"183.6156.11","bucket":"-1","time":1581487673522,"group":{"id":"settings","version":"9"},"event":{"data":{"created":1581487673532,"name":"activeRightEditorOnClose","value":false},"id":"UISettings"}}
{"session":"32ca4a42b878","build":"183.6156.11","bucket":"-1","time":1581487673522,"group":{"id":"settings","version":"9"},"event":{"data":{"created":1581487673533,"name":"allowMergeButtons","value":true},"id":"UISettings"}}
{"session":"32ca4a42b878","build":"183.6156.11","bucket":"-1","time":1581487673522,"group":{"id":"settings","version":"9"},"event":{"data":{"created":1581487673534,"name":"alwaysShowWindowsButton","value":false},"id":"UISettings"}}
{"session":"32ca4a42b878","build":"183.6156.11","bucket":"-1","time":1581487673522,"group":{"id":"settings","version":"9"},"event":{"data":{"created":1581487673534,"name":"animateWindows","value":true},"id":"UISettings"}}
{"session":"32ca4a42b878","build":"183.6156.11","bucket":"-1","time":1581487673522,"group":{"id":"settings","version":"9"},"event":{"data":{"created":1581487673535,"name":"closeNonModifiedFilesFirst","value":false},"id":"UISettings"}}
{"session":"32ca4a42b878","build":"183.6156.11","bucket":"-1","time":1581487673522,"group":{"id":"settings","version":"9"},"event":{"data":{"created":1581487673535,"name":"closeTabButtonOnTheRight","value":true},"id":"UISettings"}}
{"session":"32ca4a42b878","build":"183.6156.11","bucket":"-1","time":1581487673522,"group":{"id":"settings","version":"9"},"event":{"data":{"created":1581487673536,"name":"cycleScrolling","value":true},"id":"UISettings"}}
{"session":"32ca4a42b878","build":"183.6156.11","bucket":"-1","time":1581487673522,"group":{"id":"settings","version":"9"},"event":{"data":{"created":1581487673537,"name":"defaultAutoScrollToSource","value":false},"id":"UISettings"}}
{"session":"32ca4a42b878","build":"183.6156.11","bucket":"-1","time":1581487673522,"group":{"id":"settings","version":"9"},"event":{"data":{"created":1581487673538,"name":"disableMnemonics","value":true},"id":"UISettings"}}
{"session":"32ca4a42b878","build":"183.6156.11","bucket":"-1","time":1581487673522,"group":{"id":"settings","version":"9"},"event":{"data":{"created":1581487673538,"name":"disableMnemonicsInControls","value":false},"id":"UISettings"}}
{"session":"32ca4a42b878","build":"183.6156.11","bucket":"-1","time":1581487673522,"group":{"id":"settings","version":"9"},"event":{"data":{"created":1581487673539,"name":"dndWithPressedAltOnly","value":false},"id":"UISettings"}}
{"session":"32ca4a42b878","build":"183.6156.11","bucket":"-1","time":1581487673522,"group":{"id":"settings","version":"9"},"event":{"data":{"created":1581487673540,"name":"enableAlphaMode","value":false},"id":"UISettings"}}
{"session":"32ca4a42b878","build":"183.6156.11","bucket":"-1","time":1581487673522,"group":{"id":"settings","version":"9"},"event":{"data":{"created":1581487673540,"name":"hideKnownExtensionInTabs","value":false},"id":"UISettings"}}
{"session":"32ca4a42b878","build":"183.6156.11","bucket":"-1","time":1581487673522,"group":{"id":"settings","version":"9"},"event":{"data":{"created":1581487673541,"name":"hideNavigationOnFocusLoss","value":true},"id":"UISettings"}}
{"session":"32ca4a42b878","build":"183.6156.11","bucket":"-1","time":1581487673522,"group":{"id":"settings","version":"9"},"event":{"data":{"created":1581487673542,"name":"hideTabsIfNeed","value":true},"id":"UISettings"}}
{"session":"32ca4a42b878","build":"183.6156.11","bucket":"-1","time":1581487673522,"group":{"id":"settings","version":"9"},"event":{"data":{"created":1581487673543,"name":"hideToolStripes","value":false},"id":"UISettings"}}
{"session":"32ca4a42b878","build":"183.6156.11","bucket":"-1","time":1581487673522,"group":{"id":"settings","version":"9"},"event":{"data":{"created":1581487673543,"name":"leftHorizontalSplit","value":false},"id":"UISettings"}}
{"session":"32ca4a42b878","build":"183.6156.11","bucket":"-1","time":1581487673522,"group":{"id":"settings","version":"9"},"event":{"data":{"created":1581487673544,"name":"markModifiedTabsWithAsterisk","value":false},"id":"UISettings"}}
{"session":"32ca4a42b878","build":"183.6156.11","bucket":"-1","time":1581487673522,"group":{"id":"settings","version":"9"},"event":{"data":{"created":1581487673544,"name":"mergeEqualStackTraces","value":true},"id":"UISettings"}}
{"session":"32ca4a42b878","build":"183.6156.11","bucket":"-1","time":1581487673522,"group":{"id":"settings","version":"9"},"event":{"data":{"created":1581487673545,"name":"moveMouseOnDefaultButton","value":false},"id":"UISettings"}}
{"session":"32ca4a42b878","build":"183.6156.11","bucket":"-1","time":1581487673522,"group":{"id":"settings","version":"9"},"event":{"data":{"created":1581487673545,"name":"navigateToPreview","value":false},"id":"UISettings"}}
{"session":"32ca4a42b878","build":"183.6156.11","bucket":"-1","time":1581487673522,"group":{"id":"settings","version":"9"},"event":{"data":{"created":1581487673546,"name":"overrideConsoleCycleBufferSize","value":false},"id":"UISettings"}}
{"session":"32ca4a42b878","build":"183.6156.11","bucket":"-1","time":1581487673522,"group":{"id":"settings","version":"9"},"event":{"data":{"created":1581487673546,"name":"overrideLafFonts","value":false},"id":"UISettings"}}
{"session":"32ca4a42b878","build":"183.6156.11","bucket":"-1","time":1581487673522,"group":{"id":"settings","version":"9"},"event":{"data":{"created":1581487673546,"name":"pinFindInPath","value":false},"id":"UISettings"}}
{"session":"32ca4a42b878","build":"183.6156.11","bucket":"-1","time":1581487673522,"group":{"id":"settings","version":"9"},"event":{"data":{"created":1581487673547,"name":"presentationMode","value":false},"id":"UISettings"}}
{"session":"32ca4a42b878","build":"183.6156.11","bucket":"-1","time":1581487673522,"group":{"id":"settings","version":"9"},"event":{"data":{"created":1581487673547,"name":"reuseNotModifiedTabs","value":false},"id":"UISettings"}}
{"session":"32ca4a42b878","build":"183.6156.11","bucket":"-1","time":1581487673522,"group":{"id":"settings","version":"9"},"event":{"data":{"created":1581487673547,"name":"rightHorizontalSplit","value":false},"id":"UISettings"}}
{"session":"32ca4a42b878","build":"183.6156.11","bucket":"-1","time":1581487673522,"group":{"id":"settings","version":"9"},"event":{"data":{"created":1581487673548,"name":"scrollTabLayoutInEditor","value":true},"id":"UISettings"}}
{"session":"32ca4a42b878","build":"183.6156.11","bucket":"-1","time":1581487673522,"group":{"id":"settings","version":"9"},"event":{"data":{"created":1581487673549,"name":"showCloseButton","value":true},"id":"UISettings"}}
{"session":"32ca4a42b878","build":"183.6156.11","bucket":"-1","time":1581487673522,"group":{"id":"settings","version":"9"},"event":{"data":{"created":1581487673549,"name":"showDirectoryForNonUniqueFilenames","value":true},"id":"UISettings"}}
{"session":"32ca4a42b878","build":"183.6156.11","bucket":"-1","time":1581487673522,"group":{"id":"settings","version":"9"},"event":{"data":{"created":1581487673550,"name":"showEditorToolTip","value":true},"id":"UISettings"}}
{"session":"32ca4a42b878","build":"183.6156.11","bucket":"-1","time":1581487673522,"group":{"id":"settings","version":"9"},"event":{"data":{"created":1581487673550,"name":"showIconInQuickNavigation","value":true},"id":"UISettings"}}
{"session":"32ca4a42b878","build":"183.6156.11","bucket":"-1","time":1581487673522,"group":{"id":"settings","version":"9"},"event":{"data":{"created":1581487673551,"name":"showIconsInMenus","value":true},"id":"UISettings"}}
{"session":"32ca4a42b878","build":"183.6156.11","bucket":"-1","time":1581487673522,"group":{"id":"settings","version":"9"},"event":{"data":{"created":1581487673551,"name":"showMainToolbar","value":false},"id":"UISettings"}}
{"session":"32ca4a42b878","build":"183.6156.11","bucket":"-1","time":1581487673522,"group":{"id":"settings","version":"9"},"event":{"data":{"created":1581487673552,"name":"showMemoryIndicator","value":false},"id":"UISettings"}}
{"session":"32ca4a42b878","build":"183.6156.11","bucket":"-1","time":1581487673522,"group":{"id":"settings","version":"9"},"event":{"data":{"created":1581487673552,"name":"showNavigationBar","value":true},"id":"UISettings"}}
{"session":"32ca4a42b878","build":"183.6156.11","bucket":"-1","time":1581487673522,"group":{"id":"settings","version":"9"},"event":{"data":{"created":1581487673552,"name":"showStatusBar","value":true},"id":"UISettings"}}
{"session":"32ca4a42b878","build":"183.6156.11","bucket":"-1","time":1581487673522,"group":{"id":"settings","version":"9"},"event":{"data":{"created":1581487673553,"name":"showTabsTooltips","value":true},"id":"UISettings"}}
{"session":"32ca4a42b878","build":"183.6156.11","bucket":"-1","time":1581487673522,"group":{"id":"settings","version":"9"},"event":{"data":{"created":1581487673553,"name":"showToolWindowsNumbers","value":true},"id":"UISettings"}}
{"session":"32ca4a42b878","build":"183.6156.11","bucket":"-1","time":1581487673522,"group":{"id":"settings","version":"9"},"event":{"data":{"created":1581487673553,"name":"smoothScrolling","value":true},"id":"UISettings"}}
{"session":"32ca4a42b878","build":"183.6156.11","bucket":"-1","time":1581487673522,"group":{"id":"settings","version":"9"},"event":{"data":{"created":1581487673554,"name":"sortBookmarks","value":false},"id":"UISettings"}}
{"session":"32ca4a42b878","build":"183.6156.11","bucket":"-1","time":1581487673522,"group":{"id":"settings","version":"9"},"event":{"data":{"created":1581487673554,"name":"sortLookupElementsLexicographically","value":false},"id":"UISettings"}}
{"session":"32ca4a42b878","build":"183.6156.11","bucket":"-1","time":1581487673522,"group":{"id":"settings","version":"9"},"event":{"data":{"created":1581487673554,"name":"useSmallLabelsOnTabs","value":true},"id":"UISettings"}}
{"session":"32ca4a42b878","build":"183.6156.11","bucket":"-1","time":1581487673522,"group":{"id":"settings","version":"9"},"event":{"data":{"created":1581487673555,"name":"wideScreenSupport","value":false},"id":"UISettings"}}
{"session":"32ca4a42b878","build":"183.6156.11","bucket":"-1","time":1581487674183,"group":{"id":"settings","version":"9"},"event":{"data":{"created":1581487674183,"name":"autoSaveIfInactive","value":false},"id":"GeneralSettings"}}
{"session":"32ca4a42b878","build":"183.6156.11","bucket":"-1","time":1581487674183,"group":{"id":"settings","version":"9"},"event":{"data":{"created":1581487674184,"name":"confirmExit","value":true},"id":"GeneralSettings"}}
{"session":"32ca4a42b878","build":"183.6156.11","bucket":"-1","time":1581487674183,"group":{"id":"settings","version":"9"},"event":{"data":{"created":1581487674184,"name":"reopenLastProject","value":true},"id":"GeneralSettings"}}
{"session":"32ca4a42b878","build":"183.6156.11","bucket":"-1","time":1581487674183,"group":{"id":"settings","version":"9"},"event":{"data":{"created":1581487674185,"name":"saveOnFrameDeactivation","value":true},"id":"GeneralSettings"}}
{"session":"32ca4a42b878","build":"183.6156.11","bucket":"-1","time":1581487674183,"group":{"id":"settings","version":"9"},"event":{"data":{"created":1581487674185,"name":"searchInBackground","value":false},"id":"GeneralSettings"}}
{"session":"32ca4a42b878","build":"183.6156.11","bucket":"-1","time":1581487674183,"group":{"id":"settings","version":"9"},"event":{"data":{"created":1581487674185,"name":"showTipsOnStartup","value":true},"id":"GeneralSettings"}}
{"session":"32ca4a42b878","build":"183.6156.11","bucket":"-1","time":1581487674183,"group":{"id":"settings","version":"9"},"event":{"data":{"created":1581487674186,"name":"showWelcomeScreen","value":true},"id":"GeneralSettings"}}
{"session":"32ca4a42b878","build":"183.6156.11","bucket":"-1","time":1581487674183,"group":{"id":"settings","version":"9"},"event":{"data":{"created":1581487674186,"name":"supportScreenReaders","value":false},"id":"GeneralSettings"}}
{"session":"32ca4a42b878","build":"183.6156.11","bucket":"-1","time":1581487674183,"group":{"id":"settings","version":"9"},"event":{"data":{"created":1581487674187,"name":"syncOnFrameActivation","value":true},"id":"GeneralSettings"}}
{"session":"32ca4a42b878","build":"183.6156.11","bucket":"-1","time":1581487674183,"group":{"id":"settings","version":"9"},"event":{"data":{"created":1581487674187,"name":"useDefaultBrowser","value":true},"id":"GeneralSettings"}}
{"session":"32ca4a42b878","build":"183.6156.11","bucket":"-1","time":1581487674183,"group":{"id":"settings","version":"9"},"event":{"data":{"created":1581487674187,"name":"useSafeWrite","value":true},"id":"GeneralSettings"}}
{"session":"32ca4a42b878","build":"183.6156.11","bucket":"-1","time":1581487676314,"group":{"id":"ui.dialogs","version":"9"},"event":{"count":1,"data":{"created":1581487676314,"type":"show"},"id":"com.intellij.openapi.progress.util.ProgressDialog$MyDialogWrapper"}}
{"session":"32ca4a42b878","build":"183.6156.11","bucket":"-1","time":1581487677678,"group":{"id":"ui.dialogs","version":"9"},"event":{"count":1,"data":{"code":1,"created":1581487677678,"type":"close"},"id":"com.intellij.openapi.progress.util.ProgressDialog$MyDialogWrapper"}}
{"session":"32ca4a42b878","build":"183.6156.11","bucket":"-1","time":1581487677707,"group":{"id":"statistics.lifecycle.project","version":"9"},"event":{"count":1,"data":{"created":1581487677707,"project":"-1867777320"},"id":"project.opened"}}
{"session":"32ca4a42b878","build":"183.6156.11","bucket":"-1","time":1581487677708,"group":{"id":"lifecycle","version":"9"},"event":{"count":1,"data":{"created":1581487677708},"id":"project.opened"}}
{"session":"32ca4a42b878","build":"183.6156.11","bucket":"-1","time":1581487678397,"group":{"id":"ui.dialogs","version":"9"},"event":{"count":1,"data":{"created":1581487678397,"type":"show"},"id":"com.intellij.openapi.progress.util.ProgressDialog$MyDialogWrapper"}}
{"session":"32ca4a42b878","build":"183.6156.11","bucket":"-1","time":1581487680164,"group":{"id":"statistics.lifecycle.app","version":"9"},"event":{"count":1,"data":{"created":1581487680165},"id":"ide.start"}}
{"session":"32ca4a42b878","build":"183.6156.11","bucket":"-1","time":1581487680165,"group":{"id":"lifecycle","version":"9"},"event":{"count":1,"data":{"created":1581487680165},"id":"app.started"}}
{"session":"32ca4a42b878","build":"183.6156.11","bucket":"-1","time":1581487680580,"group":{"id":"statistics.ui.tips","version":"9"},"event":{"count":1,"data":{"created":1581487680580},"id":"shown.automatically"}}
{"session":"32ca4a42b878","build":"183.6156.11","bucket":"-1","time":1581487680610,"group":{"id":"ui.dialogs","version":"9"},"event":{"count":1,"data":{"created":1581487680611,"type":"show"},"id":"com.intellij.ide.util.TipDialog"}}
{"session":"32ca4a42b878","build":"183.6156.11","bucket":"-1","time":1581487681291,"group":{"id":"ui.dialogs","version":"9"},"event":{"count":1,"data":{"code":1,"created":1581487681291,"type":"close"},"id":"com.intellij.openapi.progress.util.ProgressDialog$MyDialogWrapper"}}
{"session":"32ca4a42b878","build":"183.6156.11","bucket":"-1","time":1581487681396,"group":{"id":"statistics.lifecycle.project","version":"9"},"event":{"count":1,"data":{"created":1581487681396,"project":"-1867777320"},"id":"project.open.time.5"}}
{"session":"32ca4a42b878","build":"183.6156.11","bucket":"-1","time":1581487681396,"group":{"id":"lifecycle","version":"9"},"event":{"count":1,"data":{"created":1581487681397,"time.ms":5586},"id":"project.opening.finished"}}
