{"session":"929d012b31f6","build":"183.6156.11","bucket":"-1","time":1581482170871,"group":{"id":"system.os.name","version":"9"},"event":{"data":{"created":1581482170871},"id":"Mac.OS.X"}}
{"session":"929d012b31f6","build":"183.6156.11","bucket":"-1","time":1581482170871,"group":{"id":"system.os.version","version":"9"},"event":{"data":{"created":1581482170880},"id":"10.15.2"}}
{"session":"929d012b31f6","build":"183.6156.11","bucket":"-1","time":1581482170871,"group":{"id":"system.jvm.vendor","version":"9"},"event":{"data":{"created":1581482170892},"id":"JetBrains_s.r.o"}}
{"session":"929d012b31f6","build":"183.6156.11","bucket":"-1","time":1581482170871,"group":{"id":"system.jvm.version","version":"9"},"event":{"data":{"created":1581482170893},"id":"1.8"}}
{"session":"929d012b31f6","build":"183.6156.11","bucket":"-1","time":1581482170880,"group":{"id":"settings","version":"9"},"event":{"data":{"created":1581482170893,"name":"activeMruEditorOnClose","value":false},"id":"UISettings"}}
{"session":"929d012b31f6","build":"183.6156.11","bucket":"-1","time":1581482170880,"group":{"id":"settings","version":"9"},"event":{"data":{"created":1581482170894,"name":"activeRightEditorOnClose","value":false},"id":"UISettings"}}
{"session":"929d012b31f6","build":"183.6156.11","bucket":"-1","time":1581482170880,"group":{"id":"settings","version":"9"},"event":{"data":{"created":1581482170895,"name":"allowMergeButtons","value":true},"id":"UISettings"}}
{"session":"929d012b31f6","build":"183.6156.11","bucket":"-1","time":1581482170880,"group":{"id":"settings","version":"9"},"event":{"data":{"created":1581482170896,"name":"alwaysShowWindowsButton","value":false},"id":"UISettings"}}
{"session":"929d012b31f6","build":"183.6156.11","bucket":"-1","time":1581482170880,"group":{"id":"settings","version":"9"},"event":{"data":{"created":1581482170896,"name":"animateWindows","value":true},"id":"UISettings"}}
{"session":"929d012b31f6","build":"183.6156.11","bucket":"-1","time":1581482170880,"group":{"id":"settings","version":"9"},"event":{"data":{"created":1581482170897,"name":"closeNonModifiedFilesFirst","value":false},"id":"UISettings"}}
{"session":"929d012b31f6","build":"183.6156.11","bucket":"-1","time":1581482170880,"group":{"id":"settings","version":"9"},"event":{"data":{"created":1581482170898,"name":"closeTabButtonOnTheRight","value":true},"id":"UISettings"}}
{"session":"929d012b31f6","build":"183.6156.11","bucket":"-1","time":1581482170880,"group":{"id":"settings","version":"9"},"event":{"data":{"created":1581482170898,"name":"cycleScrolling","value":true},"id":"UISettings"}}
{"session":"929d012b31f6","build":"183.6156.11","bucket":"-1","time":1581482170880,"group":{"id":"settings","version":"9"},"event":{"data":{"created":1581482170899,"name":"defaultAutoScrollToSource","value":false},"id":"UISettings"}}
{"session":"929d012b31f6","build":"183.6156.11","bucket":"-1","time":1581482170880,"group":{"id":"settings","version":"9"},"event":{"data":{"created":1581482170900,"name":"disableMnemonics","value":true},"id":"UISettings"}}
{"session":"929d012b31f6","build":"183.6156.11","bucket":"-1","time":1581482170880,"group":{"id":"settings","version":"9"},"event":{"data":{"created":1581482170900,"name":"disableMnemonicsInControls","value":false},"id":"UISettings"}}
{"session":"929d012b31f6","build":"183.6156.11","bucket":"-1","time":1581482170880,"group":{"id":"settings","version":"9"},"event":{"data":{"created":1581482170901,"name":"dndWithPressedAltOnly","value":false},"id":"UISettings"}}
{"session":"929d012b31f6","build":"183.6156.11","bucket":"-1","time":1581482170880,"group":{"id":"settings","version":"9"},"event":{"data":{"created":1581482170902,"name":"enableAlphaMode","value":false},"id":"UISettings"}}
{"session":"929d012b31f6","build":"183.6156.11","bucket":"-1","time":1581482170880,"group":{"id":"settings","version":"9"},"event":{"data":{"created":1581482170902,"name":"hideKnownExtensionInTabs","value":false},"id":"UISettings"}}
{"session":"929d012b31f6","build":"183.6156.11","bucket":"-1","time":1581482170880,"group":{"id":"settings","version":"9"},"event":{"data":{"created":1581482170903,"name":"hideNavigationOnFocusLoss","value":true},"id":"UISettings"}}
{"session":"929d012b31f6","build":"183.6156.11","bucket":"-1","time":1581482170880,"group":{"id":"settings","version":"9"},"event":{"data":{"created":1581482170904,"name":"hideTabsIfNeed","value":true},"id":"UISettings"}}
{"session":"929d012b31f6","build":"183.6156.11","bucket":"-1","time":1581482170880,"group":{"id":"settings","version":"9"},"event":{"data":{"created":1581482170905,"name":"hideToolStripes","value":false},"id":"UISettings"}}
{"session":"929d012b31f6","build":"183.6156.11","bucket":"-1","time":1581482170880,"group":{"id":"settings","version":"9"},"event":{"data":{"created":1581482170905,"name":"leftHorizontalSplit","value":false},"id":"UISettings"}}
{"session":"929d012b31f6","build":"183.6156.11","bucket":"-1","time":1581482170880,"group":{"id":"settings","version":"9"},"event":{"data":{"created":1581482170906,"name":"markModifiedTabsWithAsterisk","value":false},"id":"UISettings"}}
{"session":"929d012b31f6","build":"183.6156.11","bucket":"-1","time":1581482170880,"group":{"id":"settings","version":"9"},"event":{"data":{"created":1581482170907,"name":"mergeEqualStackTraces","value":true},"id":"UISettings"}}
{"session":"929d012b31f6","build":"183.6156.11","bucket":"-1","time":1581482170880,"group":{"id":"settings","version":"9"},"event":{"data":{"created":1581482170907,"name":"moveMouseOnDefaultButton","value":false},"id":"UISettings"}}
{"session":"929d012b31f6","build":"183.6156.11","bucket":"-1","time":1581482170880,"group":{"id":"settings","version":"9"},"event":{"data":{"created":1581482170908,"name":"navigateToPreview","value":false},"id":"UISettings"}}
{"session":"929d012b31f6","build":"183.6156.11","bucket":"-1","time":1581482170880,"group":{"id":"settings","version":"9"},"event":{"data":{"created":1581482170909,"name":"overrideConsoleCycleBufferSize","value":false},"id":"UISettings"}}
{"session":"929d012b31f6","build":"183.6156.11","bucket":"-1","time":1581482170880,"group":{"id":"settings","version":"9"},"event":{"data":{"created":1581482170909,"name":"overrideLafFonts","value":false},"id":"UISettings"}}
{"session":"929d012b31f6","build":"183.6156.11","bucket":"-1","time":1581482170880,"group":{"id":"settings","version":"9"},"event":{"data":{"created":1581482170910,"name":"pinFindInPath","value":false},"id":"UISettings"}}
{"session":"929d012b31f6","build":"183.6156.11","bucket":"-1","time":1581482170880,"group":{"id":"settings","version":"9"},"event":{"data":{"created":1581482170910,"name":"presentationMode","value":false},"id":"UISettings"}}
{"session":"929d012b31f6","build":"183.6156.11","bucket":"-1","time":1581482170880,"group":{"id":"settings","version":"9"},"event":{"data":{"created":1581482170911,"name":"reuseNotModifiedTabs","value":false},"id":"UISettings"}}
{"session":"929d012b31f6","build":"183.6156.11","bucket":"-1","time":1581482170880,"group":{"id":"settings","version":"9"},"event":{"data":{"created":1581482170911,"name":"rightHorizontalSplit","value":false},"id":"UISettings"}}
{"session":"929d012b31f6","build":"183.6156.11","bucket":"-1","time":1581482170880,"group":{"id":"settings","version":"9"},"event":{"data":{"created":1581482170912,"name":"scrollTabLayoutInEditor","value":true},"id":"UISettings"}}
{"session":"929d012b31f6","build":"183.6156.11","bucket":"-1","time":1581482170880,"group":{"id":"settings","version":"9"},"event":{"data":{"created":1581482170913,"name":"showCloseButton","value":true},"id":"UISettings"}}
{"session":"929d012b31f6","build":"183.6156.11","bucket":"-1","time":1581482170880,"group":{"id":"settings","version":"9"},"event":{"data":{"created":1581482170913,"name":"showDirectoryForNonUniqueFilenames","value":true},"id":"UISettings"}}
{"session":"929d012b31f6","build":"183.6156.11","bucket":"-1","time":1581482170880,"group":{"id":"settings","version":"9"},"event":{"data":{"created":1581482170914,"name":"showEditorToolTip","value":true},"id":"UISettings"}}
{"session":"929d012b31f6","build":"183.6156.11","bucket":"-1","time":1581482170880,"group":{"id":"settings","version":"9"},"event":{"data":{"created":1581482170914,"name":"showIconInQuickNavigation","value":true},"id":"UISettings"}}
{"session":"929d012b31f6","build":"183.6156.11","bucket":"-1","time":1581482170880,"group":{"id":"settings","version":"9"},"event":{"data":{"created":1581482170915,"name":"showIconsInMenus","value":true},"id":"UISettings"}}
{"session":"929d012b31f6","build":"183.6156.11","bucket":"-1","time":1581482170880,"group":{"id":"settings","version":"9"},"event":{"data":{"created":1581482170916,"name":"showMainToolbar","value":false},"id":"UISettings"}}
{"session":"929d012b31f6","build":"183.6156.11","bucket":"-1","time":1581482170880,"group":{"id":"settings","version":"9"},"event":{"data":{"created":1581482170916,"name":"showMemoryIndicator","value":false},"id":"UISettings"}}
{"session":"929d012b31f6","build":"183.6156.11","bucket":"-1","time":1581482170880,"group":{"id":"settings","version":"9"},"event":{"data":{"created":1581482170917,"name":"showNavigationBar","value":true},"id":"UISettings"}}
{"session":"929d012b31f6","build":"183.6156.11","bucket":"-1","time":1581482170880,"group":{"id":"settings","version":"9"},"event":{"data":{"created":1581482170917,"name":"showStatusBar","value":true},"id":"UISettings"}}
{"session":"929d012b31f6","build":"183.6156.11","bucket":"-1","time":1581482170880,"group":{"id":"settings","version":"9"},"event":{"data":{"created":1581482170917,"name":"showTabsTooltips","value":true},"id":"UISettings"}}
{"session":"929d012b31f6","build":"183.6156.11","bucket":"-1","time":1581482170880,"group":{"id":"settings","version":"9"},"event":{"data":{"created":1581482170918,"name":"showToolWindowsNumbers","value":true},"id":"UISettings"}}
{"session":"929d012b31f6","build":"183.6156.11","bucket":"-1","time":1581482170880,"group":{"id":"settings","version":"9"},"event":{"data":{"created":1581482170918,"name":"smoothScrolling","value":true},"id":"UISettings"}}
{"session":"929d012b31f6","build":"183.6156.11","bucket":"-1","time":1581482170880,"group":{"id":"settings","version":"9"},"event":{"data":{"created":1581482170918,"name":"sortBookmarks","value":false},"id":"UISettings"}}
{"session":"929d012b31f6","build":"183.6156.11","bucket":"-1","time":1581482170880,"group":{"id":"settings","version":"9"},"event":{"data":{"created":1581482170918,"name":"sortLookupElementsLexicographically","value":false},"id":"UISettings"}}
{"session":"929d012b31f6","build":"183.6156.11","bucket":"-1","time":1581482170880,"group":{"id":"settings","version":"9"},"event":{"data":{"created":1581482170919,"name":"useSmallLabelsOnTabs","value":true},"id":"UISettings"}}
{"session":"929d012b31f6","build":"183.6156.11","bucket":"-1","time":1581482170880,"group":{"id":"settings","version":"9"},"event":{"data":{"created":1581482170919,"name":"wideScreenSupport","value":false},"id":"UISettings"}}
{"session":"929d012b31f6","build":"183.6156.11","bucket":"-1","time":1581482171729,"group":{"id":"settings","version":"9"},"event":{"data":{"created":1581482171729,"name":"autoSaveIfInactive","value":false},"id":"GeneralSettings"}}
{"session":"929d012b31f6","build":"183.6156.11","bucket":"-1","time":1581482171729,"group":{"id":"settings","version":"9"},"event":{"data":{"created":1581482171730,"name":"confirmExit","value":true},"id":"GeneralSettings"}}
{"session":"929d012b31f6","build":"183.6156.11","bucket":"-1","time":1581482171729,"group":{"id":"settings","version":"9"},"event":{"data":{"created":1581482171730,"name":"reopenLastProject","value":true},"id":"GeneralSettings"}}
{"session":"929d012b31f6","build":"183.6156.11","bucket":"-1","time":1581482171729,"group":{"id":"settings","version":"9"},"event":{"data":{"created":1581482171731,"name":"saveOnFrameDeactivation","value":true},"id":"GeneralSettings"}}
{"session":"929d012b31f6","build":"183.6156.11","bucket":"-1","time":1581482171729,"group":{"id":"settings","version":"9"},"event":{"data":{"created":1581482171731,"name":"searchInBackground","value":false},"id":"GeneralSettings"}}
{"session":"929d012b31f6","build":"183.6156.11","bucket":"-1","time":1581482171729,"group":{"id":"settings","version":"9"},"event":{"data":{"created":1581482171731,"name":"showTipsOnStartup","value":true},"id":"GeneralSettings"}}
{"session":"929d012b31f6","build":"183.6156.11","bucket":"-1","time":1581482171729,"group":{"id":"settings","version":"9"},"event":{"data":{"created":1581482171732,"name":"showWelcomeScreen","value":true},"id":"GeneralSettings"}}
{"session":"929d012b31f6","build":"183.6156.11","bucket":"-1","time":1581482171729,"group":{"id":"settings","version":"9"},"event":{"data":{"created":1581482171732,"name":"supportScreenReaders","value":false},"id":"GeneralSettings"}}
{"session":"929d012b31f6","build":"183.6156.11","bucket":"-1","time":1581482171729,"group":{"id":"settings","version":"9"},"event":{"data":{"created":1581482171733,"name":"syncOnFrameActivation","value":true},"id":"GeneralSettings"}}
{"session":"929d012b31f6","build":"183.6156.11","bucket":"-1","time":1581482171729,"group":{"id":"settings","version":"9"},"event":{"data":{"created":1581482171733,"name":"useDefaultBrowser","value":true},"id":"GeneralSettings"}}
{"session":"929d012b31f6","build":"183.6156.11","bucket":"-1","time":1581482171729,"group":{"id":"settings","version":"9"},"event":{"data":{"created":1581482171733,"name":"useSafeWrite","value":true},"id":"GeneralSettings"}}
{"session":"929d012b31f6","build":"183.6156.11","bucket":"-1","time":1581482173974,"group":{"id":"ui.dialogs","version":"9"},"event":{"count":1,"data":{"created":1581482173974,"type":"show"},"id":"com.intellij.openapi.progress.util.ProgressDialog$MyDialogWrapper"}}
{"session":"929d012b31f6","build":"183.6156.11","bucket":"-1","time":1581482175497,"group":{"id":"ui.dialogs","version":"9"},"event":{"count":1,"data":{"code":1,"created":1581482175497,"type":"close"},"id":"com.intellij.openapi.progress.util.ProgressDialog$MyDialogWrapper"}}
{"session":"929d012b31f6","build":"183.6156.11","bucket":"-1","time":1581482175522,"group":{"id":"statistics.lifecycle.project","version":"9"},"event":{"count":1,"data":{"created":1581482175522,"project":"478683548"},"id":"project.opened"}}
{"session":"929d012b31f6","build":"183.6156.11","bucket":"-1","time":1581482175523,"group":{"id":"lifecycle","version":"9"},"event":{"count":1,"data":{"created":1581482175524},"id":"project.opened"}}
{"session":"929d012b31f6","build":"183.6156.11","bucket":"-1","time":1581482176208,"group":{"id":"ui.dialogs","version":"9"},"event":{"count":1,"data":{"created":1581482176208,"type":"show"},"id":"com.intellij.openapi.progress.util.ProgressDialog$MyDialogWrapper"}}
{"session":"929d012b31f6","build":"183.6156.11","bucket":"-1","time":1581482177738,"group":{"id":"toolwindow.v2","version":"9"},"event":{"count":1,"data":{"created":1581482177738,"data_1":"Mac"},"id":"Project_by_Activation"}}
{"session":"929d012b31f6","build":"183.6156.11","bucket":"-1","time":1581482178106,"group":{"id":"statistics.lifecycle.app","version":"9"},"event":{"count":1,"data":{"created":1581482178106},"id":"ide.start"}}
{"session":"929d012b31f6","build":"183.6156.11","bucket":"-1","time":1581482178106,"group":{"id":"lifecycle","version":"9"},"event":{"count":1,"data":{"created":1581482178106},"id":"app.started"}}
{"session":"929d012b31f6","build":"183.6156.11","bucket":"-1","time":1581482178595,"group":{"id":"statistics.ui.tips","version":"9"},"event":{"count":1,"data":{"created":1581482178595},"id":"shown.automatically"}}
{"session":"929d012b31f6","build":"183.6156.11","bucket":"-1","time":1581482178675,"group":{"id":"ui.dialogs","version":"9"},"event":{"count":1,"data":{"created":1581482178675,"type":"show"},"id":"com.intellij.ide.util.TipDialog"}}
{"session":"929d012b31f6","build":"183.6156.11","bucket":"-1","time":1581482179415,"group":{"id":"ui.dialogs","version":"9"},"event":{"count":1,"data":{"code":1,"created":1581482179415,"type":"close"},"id":"com.intellij.openapi.progress.util.ProgressDialog$MyDialogWrapper"}}
{"session":"929d012b31f6","build":"183.6156.11","bucket":"-1","time":1581482179523,"group":{"id":"statistics.lifecycle.project","version":"9"},"event":{"count":1,"data":{"created":1581482179523,"project":"478683548"},"id":"project.open.time.6"}}
{"session":"929d012b31f6","build":"183.6156.11","bucket":"-1","time":1581482179523,"group":{"id":"lifecycle","version":"9"},"event":{"count":1,"data":{"created":1581482179523,"time.ms":6050},"id":"project.opening.finished"}}
{"session":"929d012b31f6","build":"183.6156.11","bucket":"-1","time":1581482225788,"group":{"id":"ui.dialogs","version":"9"},"event":{"count":1,"data":{"code":1,"created":1581482225788,"type":"close"},"id":"com.intellij.ide.util.TipDialog"}}
{"session":"929d012b31f6","build":"183.6156.11","bucket":"-1","time":1581482228686,"group":{"id":"statistics.lifecycle.app","version":"9"},"event":{"count":2,"data":{"last":1581482230144,"created":1581482228686,"data_2":"mappingFailed:false","data_1":"OOM:false","data_3":"pluginId:unknown"},"id":"ide.error"}}
{"session":"929d012b31f6","build":"183.6156.11","bucket":"-1","time":1581482232162,"group":{"id":"ui.dialogs","version":"9"},"event":{"count":1,"data":{"created":1581482232162,"type":"show"},"id":"com.intellij.diagnostic.IdeMessagePanel$3"}}
{"session":"929d012b31f6","build":"183.6156.11","bucket":"-1","time":1581482263465,"group":{"id":"statistics.lifecycle.app","version":"9"},"event":{"count":2,"data":{"last":1581482263471,"created":1581482263465,"data_2":"mappingFailed:false","data_1":"OOM:false","data_3":"pluginId:unknown"},"id":"ide.error"}}
{"session":"929d012b31f6","build":"183.6156.11","bucket":"-1","time":1581482289949,"group":{"id":"ui.dialogs","version":"9"},"event":{"count":1,"data":{"code":1,"created":1581482289949,"type":"close"},"id":"com.intellij.diagnostic.IdeMessagePanel$3"}}
{"session":"929d012b31f6","build":"183.6156.11","bucket":"-1","time":1581482298500,"group":{"id":"statistics.lifecycle.project","version":"9"},"event":{"count":1,"data":{"created":1581482298500,"project":"478683548"},"id":"project.closed"}}
{"session":"929d012b31f6","build":"183.6156.11","bucket":"-1","time":1581482298665,"group":{"id":"lifecycle","version":"9"},"event":{"count":1,"data":{"created":1581482298666},"id":"project.closed"}}
{"session":"929d012b31f6","build":"183.6156.11","bucket":"-1","time":1581482301863,"group":{"id":"statistics.lifecycle.project","version":"9"},"event":{"count":1,"data":{"created":1581482301863,"project":"-1867777320"},"id":"project.opened"}}
{"session":"929d012b31f6","build":"183.6156.11","bucket":"-1","time":1581482301863,"group":{"id":"lifecycle","version":"9"},"event":{"count":1,"data":{"created":1581482301863},"id":"project.opened"}}
{"session":"929d012b31f6","build":"183.6156.11","bucket":"-1","time":1581482302216,"group":{"id":"ui.dialogs","version":"9"},"event":{"count":1,"data":{"created":1581482302216,"type":"show"},"id":"com.intellij.openapi.progress.util.ProgressDialog$MyDialogWrapper"}}
{"session":"929d012b31f6","build":"183.6156.11","bucket":"-1","time":1581482303164,"group":{"id":"ui.dialogs","version":"9"},"event":{"count":1,"data":{"code":1,"created":1581482303167,"type":"close"},"id":"com.intellij.openapi.progress.util.ProgressDialog$MyDialogWrapper"}}
{"session":"929d012b31f6","build":"183.6156.11","bucket":"-1","time":1581482303391,"group":{"id":"statistics.lifecycle.project","version":"9"},"event":{"count":1,"data":{"created":1581482303391,"project":"-1867777320"},"id":"project.open.time.1"}}
{"session":"929d012b31f6","build":"183.6156.11","bucket":"-1","time":1581482303391,"group":{"id":"lifecycle","version":"9"},"event":{"count":1,"data":{"created":1581482303392,"time.ms":1635},"id":"project.opening.finished"}}
{"session":"929d012b31f6","build":"183.6156.11","bucket":"-1","time":1581482309600,"group":{"id":"ui.dialogs","version":"9"},"event":{"count":1,"data":{"created":1581482309600,"type":"show"},"id":"com.intellij.diagnostic.IdeMessagePanel$3"}}
