{"session":"1ed9568f527e","build":"183.6156.11","bucket":"-1","time":1581482394096,"group":{"id":"system.os.name","version":"9"},"event":{"data":{"created":1581482394096},"id":"Mac.OS.X"}}
{"session":"1ed9568f527e","build":"183.6156.11","bucket":"-1","time":1581482394096,"group":{"id":"system.os.version","version":"9"},"event":{"data":{"created":1581482394105},"id":"10.15.2"}}
{"session":"1ed9568f527e","build":"183.6156.11","bucket":"-1","time":1581482394096,"group":{"id":"system.jvm.vendor","version":"9"},"event":{"data":{"created":1581482394115},"id":"JetBrains_s.r.o"}}
{"session":"1ed9568f527e","build":"183.6156.11","bucket":"-1","time":1581482394096,"group":{"id":"system.jvm.version","version":"9"},"event":{"data":{"created":1581482394116},"id":"1.8"}}
{"session":"1ed9568f527e","build":"183.6156.11","bucket":"-1","time":1581482394104,"group":{"id":"settings","version":"9"},"event":{"data":{"created":1581482394117,"name":"activeMruEditorOnClose","value":false},"id":"UISettings"}}
{"session":"1ed9568f527e","build":"183.6156.11","bucket":"-1","time":1581482394104,"group":{"id":"settings","version":"9"},"event":{"data":{"created":1581482394117,"name":"activeRightEditorOnClose","value":false},"id":"UISettings"}}
{"session":"1ed9568f527e","build":"183.6156.11","bucket":"-1","time":1581482394104,"group":{"id":"settings","version":"9"},"event":{"data":{"created":1581482394118,"name":"allowMergeButtons","value":true},"id":"UISettings"}}
{"session":"1ed9568f527e","build":"183.6156.11","bucket":"-1","time":1581482394104,"group":{"id":"settings","version":"9"},"event":{"data":{"created":1581482394119,"name":"alwaysShowWindowsButton","value":false},"id":"UISettings"}}
{"session":"1ed9568f527e","build":"183.6156.11","bucket":"-1","time":1581482394104,"group":{"id":"settings","version":"9"},"event":{"data":{"created":1581482394119,"name":"animateWindows","value":true},"id":"UISettings"}}
{"session":"1ed9568f527e","build":"183.6156.11","bucket":"-1","time":1581482394104,"group":{"id":"settings","version":"9"},"event":{"data":{"created":1581482394120,"name":"closeNonModifiedFilesFirst","value":false},"id":"UISettings"}}
{"session":"1ed9568f527e","build":"183.6156.11","bucket":"-1","time":1581482394104,"group":{"id":"settings","version":"9"},"event":{"data":{"created":1581482394120,"name":"closeTabButtonOnTheRight","value":true},"id":"UISettings"}}
{"session":"1ed9568f527e","build":"183.6156.11","bucket":"-1","time":1581482394104,"group":{"id":"settings","version":"9"},"event":{"data":{"created":1581482394121,"name":"cycleScrolling","value":true},"id":"UISettings"}}
{"session":"1ed9568f527e","build":"183.6156.11","bucket":"-1","time":1581482394104,"group":{"id":"settings","version":"9"},"event":{"data":{"created":1581482394122,"name":"defaultAutoScrollToSource","value":false},"id":"UISettings"}}
{"session":"1ed9568f527e","build":"183.6156.11","bucket":"-1","time":1581482394104,"group":{"id":"settings","version":"9"},"event":{"data":{"created":1581482394123,"name":"disableMnemonics","value":true},"id":"UISettings"}}
{"session":"1ed9568f527e","build":"183.6156.11","bucket":"-1","time":1581482394104,"group":{"id":"settings","version":"9"},"event":{"data":{"created":1581482394123,"name":"disableMnemonicsInControls","value":false},"id":"UISettings"}}
{"session":"1ed9568f527e","build":"183.6156.11","bucket":"-1","time":1581482394104,"group":{"id":"settings","version":"9"},"event":{"data":{"created":1581482394124,"name":"dndWithPressedAltOnly","value":false},"id":"UISettings"}}
{"session":"1ed9568f527e","build":"183.6156.11","bucket":"-1","time":1581482394104,"group":{"id":"settings","version":"9"},"event":{"data":{"created":1581482394125,"name":"enableAlphaMode","value":false},"id":"UISettings"}}
{"session":"1ed9568f527e","build":"183.6156.11","bucket":"-1","time":1581482394104,"group":{"id":"settings","version":"9"},"event":{"data":{"created":1581482394125,"name":"hideKnownExtensionInTabs","value":false},"id":"UISettings"}}
{"session":"1ed9568f527e","build":"183.6156.11","bucket":"-1","time":1581482394104,"group":{"id":"settings","version":"9"},"event":{"data":{"created":1581482394126,"name":"hideNavigationOnFocusLoss","value":true},"id":"UISettings"}}
{"session":"1ed9568f527e","build":"183.6156.11","bucket":"-1","time":1581482394104,"group":{"id":"settings","version":"9"},"event":{"data":{"created":1581482394127,"name":"hideTabsIfNeed","value":true},"id":"UISettings"}}
{"session":"1ed9568f527e","build":"183.6156.11","bucket":"-1","time":1581482394104,"group":{"id":"settings","version":"9"},"event":{"data":{"created":1581482394127,"name":"hideToolStripes","value":false},"id":"UISettings"}}
{"session":"1ed9568f527e","build":"183.6156.11","bucket":"-1","time":1581482394104,"group":{"id":"settings","version":"9"},"event":{"data":{"created":1581482394128,"name":"leftHorizontalSplit","value":false},"id":"UISettings"}}
{"session":"1ed9568f527e","build":"183.6156.11","bucket":"-1","time":1581482394104,"group":{"id":"settings","version":"9"},"event":{"data":{"created":1581482394128,"name":"markModifiedTabsWithAsterisk","value":false},"id":"UISettings"}}
{"session":"1ed9568f527e","build":"183.6156.11","bucket":"-1","time":1581482394104,"group":{"id":"settings","version":"9"},"event":{"data":{"created":1581482394129,"name":"mergeEqualStackTraces","value":true},"id":"UISettings"}}
{"session":"1ed9568f527e","build":"183.6156.11","bucket":"-1","time":1581482394104,"group":{"id":"settings","version":"9"},"event":{"data":{"created":1581482394129,"name":"moveMouseOnDefaultButton","value":false},"id":"UISettings"}}
{"session":"1ed9568f527e","build":"183.6156.11","bucket":"-1","time":1581482394104,"group":{"id":"settings","version":"9"},"event":{"data":{"created":1581482394130,"name":"navigateToPreview","value":false},"id":"UISettings"}}
{"session":"1ed9568f527e","build":"183.6156.11","bucket":"-1","time":1581482394104,"group":{"id":"settings","version":"9"},"event":{"data":{"created":1581482394131,"name":"overrideConsoleCycleBufferSize","value":false},"id":"UISettings"}}
{"session":"1ed9568f527e","build":"183.6156.11","bucket":"-1","time":1581482394104,"group":{"id":"settings","version":"9"},"event":{"data":{"created":1581482394131,"name":"overrideLafFonts","value":false},"id":"UISettings"}}
{"session":"1ed9568f527e","build":"183.6156.11","bucket":"-1","time":1581482394104,"group":{"id":"settings","version":"9"},"event":{"data":{"created":1581482394132,"name":"pinFindInPath","value":false},"id":"UISettings"}}
{"session":"1ed9568f527e","build":"183.6156.11","bucket":"-1","time":1581482394104,"group":{"id":"settings","version":"9"},"event":{"data":{"created":1581482394132,"name":"presentationMode","value":false},"id":"UISettings"}}
{"session":"1ed9568f527e","build":"183.6156.11","bucket":"-1","time":1581482394104,"group":{"id":"settings","version":"9"},"event":{"data":{"created":1581482394133,"name":"reuseNotModifiedTabs","value":false},"id":"UISettings"}}
{"session":"1ed9568f527e","build":"183.6156.11","bucket":"-1","time":1581482394104,"group":{"id":"settings","version":"9"},"event":{"data":{"created":1581482394133,"name":"rightHorizontalSplit","value":false},"id":"UISettings"}}
{"session":"1ed9568f527e","build":"183.6156.11","bucket":"-1","time":1581482394104,"group":{"id":"settings","version":"9"},"event":{"data":{"created":1581482394133,"name":"scrollTabLayoutInEditor","value":true},"id":"UISettings"}}
{"session":"1ed9568f527e","build":"183.6156.11","bucket":"-1","time":1581482394104,"group":{"id":"settings","version":"9"},"event":{"data":{"created":1581482394134,"name":"showCloseButton","value":true},"id":"UISettings"}}
{"session":"1ed9568f527e","build":"183.6156.11","bucket":"-1","time":1581482394104,"group":{"id":"settings","version":"9"},"event":{"data":{"created":1581482394135,"name":"showDirectoryForNonUniqueFilenames","value":true},"id":"UISettings"}}
{"session":"1ed9568f527e","build":"183.6156.11","bucket":"-1","time":1581482394104,"group":{"id":"settings","version":"9"},"event":{"data":{"created":1581482394135,"name":"showEditorToolTip","value":true},"id":"UISettings"}}
{"session":"1ed9568f527e","build":"183.6156.11","bucket":"-1","time":1581482394104,"group":{"id":"settings","version":"9"},"event":{"data":{"created":1581482394136,"name":"showIconInQuickNavigation","value":true},"id":"UISettings"}}
{"session":"1ed9568f527e","build":"183.6156.11","bucket":"-1","time":1581482394104,"group":{"id":"settings","version":"9"},"event":{"data":{"created":1581482394136,"name":"showIconsInMenus","value":true},"id":"UISettings"}}
{"session":"1ed9568f527e","build":"183.6156.11","bucket":"-1","time":1581482394104,"group":{"id":"settings","version":"9"},"event":{"data":{"created":1581482394137,"name":"showMainToolbar","value":false},"id":"UISettings"}}
{"session":"1ed9568f527e","build":"183.6156.11","bucket":"-1","time":1581482394104,"group":{"id":"settings","version":"9"},"event":{"data":{"created":1581482394138,"name":"showMemoryIndicator","value":false},"id":"UISettings"}}
{"session":"1ed9568f527e","build":"183.6156.11","bucket":"-1","time":1581482394104,"group":{"id":"settings","version":"9"},"event":{"data":{"created":1581482394138,"name":"showNavigationBar","value":true},"id":"UISettings"}}
{"session":"1ed9568f527e","build":"183.6156.11","bucket":"-1","time":1581482394104,"group":{"id":"settings","version":"9"},"event":{"data":{"created":1581482394139,"name":"showStatusBar","value":true},"id":"UISettings"}}
{"session":"1ed9568f527e","build":"183.6156.11","bucket":"-1","time":1581482394104,"group":{"id":"settings","version":"9"},"event":{"data":{"created":1581482394139,"name":"showTabsTooltips","value":true},"id":"UISettings"}}
{"session":"1ed9568f527e","build":"183.6156.11","bucket":"-1","time":1581482394104,"group":{"id":"settings","version":"9"},"event":{"data":{"created":1581482394140,"name":"showToolWindowsNumbers","value":true},"id":"UISettings"}}
{"session":"1ed9568f527e","build":"183.6156.11","bucket":"-1","time":1581482394104,"group":{"id":"settings","version":"9"},"event":{"data":{"created":1581482394141,"name":"smoothScrolling","value":true},"id":"UISettings"}}
{"session":"1ed9568f527e","build":"183.6156.11","bucket":"-1","time":1581482394104,"group":{"id":"settings","version":"9"},"event":{"data":{"created":1581482394141,"name":"sortBookmarks","value":false},"id":"UISettings"}}
{"session":"1ed9568f527e","build":"183.6156.11","bucket":"-1","time":1581482394104,"group":{"id":"settings","version":"9"},"event":{"data":{"created":1581482394142,"name":"sortLookupElementsLexicographically","value":false},"id":"UISettings"}}
{"session":"1ed9568f527e","build":"183.6156.11","bucket":"-1","time":1581482394104,"group":{"id":"settings","version":"9"},"event":{"data":{"created":1581482394142,"name":"useSmallLabelsOnTabs","value":true},"id":"UISettings"}}
{"session":"1ed9568f527e","build":"183.6156.11","bucket":"-1","time":1581482394104,"group":{"id":"settings","version":"9"},"event":{"data":{"created":1581482394142,"name":"wideScreenSupport","value":false},"id":"UISettings"}}
{"session":"1ed9568f527e","build":"183.6156.11","bucket":"-1","time":1581482394830,"group":{"id":"settings","version":"9"},"event":{"data":{"created":1581482394830,"name":"autoSaveIfInactive","value":false},"id":"GeneralSettings"}}
{"session":"1ed9568f527e","build":"183.6156.11","bucket":"-1","time":1581482394830,"group":{"id":"settings","version":"9"},"event":{"data":{"created":1581482394831,"name":"confirmExit","value":true},"id":"GeneralSettings"}}
{"session":"1ed9568f527e","build":"183.6156.11","bucket":"-1","time":1581482394830,"group":{"id":"settings","version":"9"},"event":{"data":{"created":1581482394831,"name":"reopenLastProject","value":true},"id":"GeneralSettings"}}
{"session":"1ed9568f527e","build":"183.6156.11","bucket":"-1","time":1581482394830,"group":{"id":"settings","version":"9"},"event":{"data":{"created":1581482394832,"name":"saveOnFrameDeactivation","value":true},"id":"GeneralSettings"}}
{"session":"1ed9568f527e","build":"183.6156.11","bucket":"-1","time":1581482394830,"group":{"id":"settings","version":"9"},"event":{"data":{"created":1581482394838,"name":"searchInBackground","value":false},"id":"GeneralSettings"}}
{"session":"1ed9568f527e","build":"183.6156.11","bucket":"-1","time":1581482394830,"group":{"id":"settings","version":"9"},"event":{"data":{"created":1581482394838,"name":"showTipsOnStartup","value":true},"id":"GeneralSettings"}}
{"session":"1ed9568f527e","build":"183.6156.11","bucket":"-1","time":1581482394830,"group":{"id":"settings","version":"9"},"event":{"data":{"created":1581482394839,"name":"showWelcomeScreen","value":true},"id":"GeneralSettings"}}
{"session":"1ed9568f527e","build":"183.6156.11","bucket":"-1","time":1581482394830,"group":{"id":"settings","version":"9"},"event":{"data":{"created":1581482394839,"name":"supportScreenReaders","value":false},"id":"GeneralSettings"}}
{"session":"1ed9568f527e","build":"183.6156.11","bucket":"-1","time":1581482394830,"group":{"id":"settings","version":"9"},"event":{"data":{"created":1581482394840,"name":"syncOnFrameActivation","value":true},"id":"GeneralSettings"}}
{"session":"1ed9568f527e","build":"183.6156.11","bucket":"-1","time":1581482394830,"group":{"id":"settings","version":"9"},"event":{"data":{"created":1581482394840,"name":"useDefaultBrowser","value":true},"id":"GeneralSettings"}}
{"session":"1ed9568f527e","build":"183.6156.11","bucket":"-1","time":1581482394830,"group":{"id":"settings","version":"9"},"event":{"data":{"created":1581482394840,"name":"useSafeWrite","value":true},"id":"GeneralSettings"}}
{"session":"1ed9568f527e","build":"183.6156.11","bucket":"-1","time":1581482397167,"group":{"id":"ui.dialogs","version":"9"},"event":{"count":1,"data":{"created":1581482397167,"type":"show"},"id":"com.intellij.openapi.progress.util.ProgressDialog$MyDialogWrapper"}}
{"session":"1ed9568f527e","build":"183.6156.11","bucket":"-1","time":1581482398606,"group":{"id":"ui.dialogs","version":"9"},"event":{"count":1,"data":{"code":1,"created":1581482398606,"type":"close"},"id":"com.intellij.openapi.progress.util.ProgressDialog$MyDialogWrapper"}}
{"session":"1ed9568f527e","build":"183.6156.11","bucket":"-1","time":1581482398633,"group":{"id":"statistics.lifecycle.project","version":"9"},"event":{"count":1,"data":{"created":1581482398633,"project":"478683548"},"id":"project.opened"}}
{"session":"1ed9568f527e","build":"183.6156.11","bucket":"-1","time":1581482398634,"group":{"id":"lifecycle","version":"9"},"event":{"count":1,"data":{"created":1581482398634},"id":"project.opened"}}
{"session":"1ed9568f527e","build":"183.6156.11","bucket":"-1","time":1581482399302,"group":{"id":"ui.dialogs","version":"9"},"event":{"count":1,"data":{"created":1581482399302,"type":"show"},"id":"com.intellij.openapi.progress.util.ProgressDialog$MyDialogWrapper"}}
{"session":"1ed9568f527e","build":"183.6156.11","bucket":"-1","time":1581482401225,"group":{"id":"toolwindow.v2","version":"9"},"event":{"count":1,"data":{"created":1581482401225,"data_1":"Mac"},"id":"Project_by_Activation"}}
{"session":"1ed9568f527e","build":"183.6156.11","bucket":"-1","time":1581482401576,"group":{"id":"statistics.lifecycle.app","version":"9"},"event":{"count":1,"data":{"created":1581482401576},"id":"ide.start"}}
{"session":"1ed9568f527e","build":"183.6156.11","bucket":"-1","time":1581482401576,"group":{"id":"lifecycle","version":"9"},"event":{"count":1,"data":{"created":1581482401577},"id":"app.started"}}
{"session":"1ed9568f527e","build":"183.6156.11","bucket":"-1","time":1581482402087,"group":{"id":"statistics.ui.tips","version":"9"},"event":{"count":1,"data":{"created":1581482402087},"id":"shown.automatically"}}
{"session":"1ed9568f527e","build":"183.6156.11","bucket":"-1","time":1581482402163,"group":{"id":"ui.dialogs","version":"9"},"event":{"count":1,"data":{"created":1581482402163,"type":"show"},"id":"com.intellij.ide.util.TipDialog"}}
{"session":"1ed9568f527e","build":"183.6156.11","bucket":"-1","time":1581482402839,"group":{"id":"statistics.actions.main.menu.v2","version":"9"},"event":{"count":1,"data":{"created":1581482402839,"data_1":"Mac"},"id":"File_->_Close_Project"}}
{"session":"1ed9568f527e","build":"183.6156.11","bucket":"-1","time":1581482402860,"group":{"id":"actions.v2","version":"9"},"event":{"count":1,"data":{"context_menu":true,"created":1581482402860,"place":"MainMenu","data_1":"Mac"},"id":"CloseProject"}}
{"session":"1ed9568f527e","build":"183.6156.11","bucket":"-1","time":1581482402864,"group":{"id":"statistics.lifecycle.project","version":"9"},"event":{"count":1,"data":{"created":1581482402864,"project":"478683548"},"id":"project.closed"}}
{"session":"1ed9568f527e","build":"183.6156.11","bucket":"-1","time":1581482403132,"group":{"id":"lifecycle","version":"9"},"event":{"count":1,"data":{"created":1581482403132},"id":"project.closed"}}
{"session":"1ed9568f527e","build":"183.6156.11","bucket":"-1","time":1581482403263,"group":{"id":"ui.dialogs","version":"9"},"event":{"count":1,"data":{"code":1,"created":1581482403263,"type":"close"},"id":"com.intellij.openapi.progress.util.ProgressDialog$MyDialogWrapper"}}
{"session":"1ed9568f527e","build":"183.6156.11","bucket":"-1","time":1581482403562,"group":{"id":"statistics.lifecycle.app","version":"9"},"event":{"count":1,"data":{"created":1581482403562,"data_2":"mappingFailed:false","data_1":"OOM:false","data_3":"pluginId:unknown"},"id":"ide.error"}}
{"session":"1ed9568f527e","build":"183.6156.11","bucket":"-1","time":1581482405503,"group":{"id":"statistics.lifecycle.project","version":"9"},"event":{"count":1,"data":{"created":1581482405503,"project":"-1867777320"},"id":"project.opened"}}
{"session":"1ed9568f527e","build":"183.6156.11","bucket":"-1","time":1581482405503,"group":{"id":"lifecycle","version":"9"},"event":{"count":1,"data":{"created":1581482405503},"id":"project.opened"}}
{"session":"1ed9568f527e","build":"183.6156.11","bucket":"-1","time":1581482405954,"group":{"id":"ui.dialogs","version":"9"},"event":{"count":1,"data":{"created":1581482405954,"type":"show"},"id":"com.intellij.openapi.progress.util.ProgressDialog$MyDialogWrapper"}}
{"session":"1ed9568f527e","build":"183.6156.11","bucket":"-1","time":1581482408096,"group":{"id":"ui.dialogs","version":"9"},"event":{"count":1,"data":{"code":1,"created":1581482408096,"type":"close"},"id":"com.intellij.openapi.progress.util.ProgressDialog$MyDialogWrapper"}}
{"session":"1ed9568f527e","build":"183.6156.11","bucket":"-1","time":1581482408453,"group":{"id":"statistics.lifecycle.project","version":"9"},"event":{"count":1,"data":{"created":1581482408453,"project":"-1867777320"},"id":"project.open.time.3"}}
{"session":"1ed9568f527e","build":"183.6156.11","bucket":"-1","time":1581482408453,"group":{"id":"lifecycle","version":"9"},"event":{"count":1,"data":{"created":1581482408453,"time.ms":3059},"id":"project.opening.finished"}}
{"session":"1ed9568f527e","build":"183.6156.11","bucket":"-1","time":1581482425153,"group":{"id":"actions.v2","version":"9"},"event":{"count":1,"data":{"context_menu":false,"created":1581482425153,"data_1":"Mac","input_event":"Enter"},"id":"EditorEnter"}}
{"session":"1ed9568f527e","build":"183.6156.11","bucket":"-1","time":1581482425156,"group":{"id":"statistics.file.types.edit","version":"9"},"event":{"count":1,"data":{"created":1581482425156,"project":"-1867777320"},"id":"JAVA"}}
{"session":"1ed9568f527e","build":"183.6156.11","bucket":"-1","time":1581482425972,"group":{"id":"actions.v2","version":"9"},"event":{"count":1,"data":{"context_menu":false,"created":1581482425972,"data_1":"Mac","input_event":"Enter"},"id":"EditorEnter"}}
{"session":"1ed9568f527e","build":"183.6156.11","bucket":"-1","time":1581482429540,"group":{"id":"actions.v2","version":"9"},"event":{"count":1,"data":{"context_menu":false,"created":1581482429540,"data_1":"Mac","input_event":"Backspace"},"id":"EditorBackSpace"}}
{"session":"1ed9568f527e","build":"183.6156.11","bucket":"-1","time":1581482432331,"group":{"id":"statistics.productivity","version":"9"},"event":{"count":9,"data":{"last":1581482435669,"created":1581482432331},"id":"editing.completion.variable.name"}}
{"session":"1ed9568f527e","build":"183.6156.11","bucket":"-1","time":1581482436511,"group":{"id":"statistics.lifecycle.app","version":"9"},"event":{"count":2,"data":{"last":1581482438320,"created":1581482436511,"data_2":"mappingFailed:false","data_1":"OOM:false","data_3":"pluginId:unknown"},"id":"ide.error"}}
{"session":"1ed9568f527e","build":"183.6156.11","bucket":"-1","time":1581482439744,"group":{"id":"statistics.productivity","version":"9"},"event":{"count":2,"data":{"last":1581482439874,"created":1581482439744},"id":"editing.completion.variable.name"}}
{"session":"1ed9568f527e","build":"183.6156.11","bucket":"-1","time":1581482440377,"group":{"id":"statistics.lifecycle.app","version":"9"},"event":{"count":1,"data":{"created":1581482440377,"data_2":"mappingFailed:false","data_1":"OOM:false","data_3":"pluginId:unknown"},"id":"ide.error"}}
{"session":"1ed9568f527e","build":"183.6156.11","bucket":"-1","time":1581482440514,"group":{"id":"actions.v2","version":"9"},"event":{"count":1,"data":{"context_menu":false,"created":1581482440514,"data_1":"Mac","input_event":"Right"},"id":"EditorRight"}}
{"session":"1ed9568f527e","build":"183.6156.11","bucket":"-1","time":1581482440844,"group":{"id":"statistics.lifecycle.app","version":"9"},"event":{"count":1,"data":{"created":1581482440844,"data_2":"mappingFailed:false","data_1":"OOM:false","data_3":"pluginId:unknown"},"id":"ide.error"}}
{"session":"1ed9568f527e","build":"183.6156.11","bucket":"-1","time":1581482441859,"group":{"id":"actions.v2","version":"9"},"event":{"count":1,"data":{"context_menu":false,"created":1581482441859,"data_1":"Mac","input_event":"Enter"},"id":"EditorEnter"}}
{"session":"1ed9568f527e","build":"183.6156.11","bucket":"-1","time":1581482454513,"group":{"id":"ui.dialogs","version":"9"},"event":{"count":1,"data":{"created":1581482454513,"type":"show"},"id":"com.intellij.diagnostic.IdeMessagePanel$3"}}
{"session":"1ed9568f527e","build":"183.6156.11","bucket":"-1","time":1581482477501,"group":{"id":"actions.v2","version":"9"},"event":{"count":1,"data":{"context_menu":false,"created":1581482477501,"data_1":"Mac","input_event":"Meta+C"},"id":"EditorCopy"}}
{"session":"1ed9568f527e","build":"183.6156.11","bucket":"-1","time":1581482532414,"group":{"id":"ui.dialogs","version":"9"},"event":{"count":1,"data":{"code":1,"created":1581482532414,"type":"close"},"id":"com.intellij.diagnostic.IdeMessagePanel$3"}}
{"session":"1ed9568f527e","build":"183.6156.11","bucket":"-1","time":1581482538927,"group":{"id":"actions.v2","version":"9"},"event":{"count":1,"data":{"context_menu":false,"created":1581482538927,"data_1":"Mac","input_event":"Backspace"},"id":"EditorBackSpace"}}
{"session":"1ed9568f527e","build":"183.6156.11","bucket":"-1","time":1581482541488,"group":{"id":"statistics.file.types.edit","version":"9"},"event":{"count":1,"data":{"created":1581482541488,"project":"-1867777320"},"id":"JAVA"}}
{"session":"1ed9568f527e","build":"183.6156.11","bucket":"-1","time":1581482543509,"group":{"id":"statistics.lifecycle.project","version":"9"},"event":{"count":1,"data":{"created":1581482543509,"project":"-1867777320"},"id":"project.closed"}}
