{"session":"3bd6aa6ad9c0","build":"183.6156.11","bucket":"-1","time":1581488442950,"group":{"id":"system.os.name","version":"9"},"event":{"data":{"created":1581488442951},"id":"Mac.OS.X"}}
{"session":"3bd6aa6ad9c0","build":"183.6156.11","bucket":"-1","time":1581488442951,"group":{"id":"system.os.version","version":"9"},"event":{"data":{"created":1581488442960},"id":"10.15.2"}}
{"session":"3bd6aa6ad9c0","build":"183.6156.11","bucket":"-1","time":1581488442951,"group":{"id":"system.jvm.vendor","version":"9"},"event":{"data":{"created":1581488442972},"id":"JetBrains_s.r.o"}}
{"session":"3bd6aa6ad9c0","build":"183.6156.11","bucket":"-1","time":1581488442951,"group":{"id":"system.jvm.version","version":"9"},"event":{"data":{"created":1581488442973},"id":"1.8"}}
{"session":"3bd6aa6ad9c0","build":"183.6156.11","bucket":"-1","time":1581488442960,"group":{"id":"settings","version":"9"},"event":{"data":{"created":1581488442973,"name":"activeMruEditorOnClose","value":false},"id":"UISettings"}}
{"session":"3bd6aa6ad9c0","build":"183.6156.11","bucket":"-1","time":1581488442960,"group":{"id":"settings","version":"9"},"event":{"data":{"created":1581488442974,"name":"activeRightEditorOnClose","value":false},"id":"UISettings"}}
{"session":"3bd6aa6ad9c0","build":"183.6156.11","bucket":"-1","time":1581488442960,"group":{"id":"settings","version":"9"},"event":{"data":{"created":1581488442975,"name":"allowMergeButtons","value":true},"id":"UISettings"}}
{"session":"3bd6aa6ad9c0","build":"183.6156.11","bucket":"-1","time":1581488442960,"group":{"id":"settings","version":"9"},"event":{"data":{"created":1581488442975,"name":"alwaysShowWindowsButton","value":false},"id":"UISettings"}}
{"session":"3bd6aa6ad9c0","build":"183.6156.11","bucket":"-1","time":1581488442960,"group":{"id":"settings","version":"9"},"event":{"data":{"created":1581488442976,"name":"animateWindows","value":true},"id":"UISettings"}}
{"session":"3bd6aa6ad9c0","build":"183.6156.11","bucket":"-1","time":1581488442960,"group":{"id":"settings","version":"9"},"event":{"data":{"created":1581488442976,"name":"closeNonModifiedFilesFirst","value":false},"id":"UISettings"}}
{"session":"3bd6aa6ad9c0","build":"183.6156.11","bucket":"-1","time":1581488442960,"group":{"id":"settings","version":"9"},"event":{"data":{"created":1581488442977,"name":"closeTabButtonOnTheRight","value":true},"id":"UISettings"}}
{"session":"3bd6aa6ad9c0","build":"183.6156.11","bucket":"-1","time":1581488442960,"group":{"id":"settings","version":"9"},"event":{"data":{"created":1581488442977,"name":"cycleScrolling","value":true},"id":"UISettings"}}
{"session":"3bd6aa6ad9c0","build":"183.6156.11","bucket":"-1","time":1581488442960,"group":{"id":"settings","version":"9"},"event":{"data":{"created":1581488442978,"name":"defaultAutoScrollToSource","value":false},"id":"UISettings"}}
{"session":"3bd6aa6ad9c0","build":"183.6156.11","bucket":"-1","time":1581488442960,"group":{"id":"settings","version":"9"},"event":{"data":{"created":1581488442978,"name":"disableMnemonics","value":true},"id":"UISettings"}}
{"session":"3bd6aa6ad9c0","build":"183.6156.11","bucket":"-1","time":1581488442960,"group":{"id":"settings","version":"9"},"event":{"data":{"created":1581488442979,"name":"disableMnemonicsInControls","value":false},"id":"UISettings"}}
{"session":"3bd6aa6ad9c0","build":"183.6156.11","bucket":"-1","time":1581488442960,"group":{"id":"settings","version":"9"},"event":{"data":{"created":1581488442979,"name":"dndWithPressedAltOnly","value":false},"id":"UISettings"}}
{"session":"3bd6aa6ad9c0","build":"183.6156.11","bucket":"-1","time":1581488442960,"group":{"id":"settings","version":"9"},"event":{"data":{"created":1581488442980,"name":"enableAlphaMode","value":false},"id":"UISettings"}}
{"session":"3bd6aa6ad9c0","build":"183.6156.11","bucket":"-1","time":1581488442960,"group":{"id":"settings","version":"9"},"event":{"data":{"created":1581488442980,"name":"hideKnownExtensionInTabs","value":false},"id":"UISettings"}}
{"session":"3bd6aa6ad9c0","build":"183.6156.11","bucket":"-1","time":1581488442960,"group":{"id":"settings","version":"9"},"event":{"data":{"created":1581488442981,"name":"hideNavigationOnFocusLoss","value":true},"id":"UISettings"}}
{"session":"3bd6aa6ad9c0","build":"183.6156.11","bucket":"-1","time":1581488442960,"group":{"id":"settings","version":"9"},"event":{"data":{"created":1581488442982,"name":"hideTabsIfNeed","value":true},"id":"UISettings"}}
{"session":"3bd6aa6ad9c0","build":"183.6156.11","bucket":"-1","time":1581488442960,"group":{"id":"settings","version":"9"},"event":{"data":{"created":1581488442982,"name":"hideToolStripes","value":false},"id":"UISettings"}}
{"session":"3bd6aa6ad9c0","build":"183.6156.11","bucket":"-1","time":1581488442960,"group":{"id":"settings","version":"9"},"event":{"data":{"created":1581488442983,"name":"leftHorizontalSplit","value":false},"id":"UISettings"}}
{"session":"3bd6aa6ad9c0","build":"183.6156.11","bucket":"-1","time":1581488442960,"group":{"id":"settings","version":"9"},"event":{"data":{"created":1581488442983,"name":"markModifiedTabsWithAsterisk","value":false},"id":"UISettings"}}
{"session":"3bd6aa6ad9c0","build":"183.6156.11","bucket":"-1","time":1581488442960,"group":{"id":"settings","version":"9"},"event":{"data":{"created":1581488442984,"name":"mergeEqualStackTraces","value":true},"id":"UISettings"}}
{"session":"3bd6aa6ad9c0","build":"183.6156.11","bucket":"-1","time":1581488442960,"group":{"id":"settings","version":"9"},"event":{"data":{"created":1581488442984,"name":"moveMouseOnDefaultButton","value":false},"id":"UISettings"}}
{"session":"3bd6aa6ad9c0","build":"183.6156.11","bucket":"-1","time":1581488442960,"group":{"id":"settings","version":"9"},"event":{"data":{"created":1581488442985,"name":"navigateToPreview","value":false},"id":"UISettings"}}
{"session":"3bd6aa6ad9c0","build":"183.6156.11","bucket":"-1","time":1581488442960,"group":{"id":"settings","version":"9"},"event":{"data":{"created":1581488442985,"name":"overrideConsoleCycleBufferSize","value":false},"id":"UISettings"}}
{"session":"3bd6aa6ad9c0","build":"183.6156.11","bucket":"-1","time":1581488442960,"group":{"id":"settings","version":"9"},"event":{"data":{"created":1581488442986,"name":"overrideLafFonts","value":false},"id":"UISettings"}}
{"session":"3bd6aa6ad9c0","build":"183.6156.11","bucket":"-1","time":1581488442960,"group":{"id":"settings","version":"9"},"event":{"data":{"created":1581488442986,"name":"pinFindInPath","value":false},"id":"UISettings"}}
{"session":"3bd6aa6ad9c0","build":"183.6156.11","bucket":"-1","time":1581488442960,"group":{"id":"settings","version":"9"},"event":{"data":{"created":1581488442987,"name":"presentationMode","value":false},"id":"UISettings"}}
{"session":"3bd6aa6ad9c0","build":"183.6156.11","bucket":"-1","time":1581488442960,"group":{"id":"settings","version":"9"},"event":{"data":{"created":1581488442987,"name":"reuseNotModifiedTabs","value":false},"id":"UISettings"}}
{"session":"3bd6aa6ad9c0","build":"183.6156.11","bucket":"-1","time":1581488442960,"group":{"id":"settings","version":"9"},"event":{"data":{"created":1581488442988,"name":"rightHorizontalSplit","value":false},"id":"UISettings"}}
{"session":"3bd6aa6ad9c0","build":"183.6156.11","bucket":"-1","time":1581488442960,"group":{"id":"settings","version":"9"},"event":{"data":{"created":1581488442988,"name":"scrollTabLayoutInEditor","value":true},"id":"UISettings"}}
{"session":"3bd6aa6ad9c0","build":"183.6156.11","bucket":"-1","time":1581488442960,"group":{"id":"settings","version":"9"},"event":{"data":{"created":1581488442989,"name":"showCloseButton","value":true},"id":"UISettings"}}
{"session":"3bd6aa6ad9c0","build":"183.6156.11","bucket":"-1","time":1581488442960,"group":{"id":"settings","version":"9"},"event":{"data":{"created":1581488442990,"name":"showDirectoryForNonUniqueFilenames","value":true},"id":"UISettings"}}
{"session":"3bd6aa6ad9c0","build":"183.6156.11","bucket":"-1","time":1581488442960,"group":{"id":"settings","version":"9"},"event":{"data":{"created":1581488442990,"name":"showEditorToolTip","value":true},"id":"UISettings"}}
{"session":"3bd6aa6ad9c0","build":"183.6156.11","bucket":"-1","time":1581488442960,"group":{"id":"settings","version":"9"},"event":{"data":{"created":1581488442991,"name":"showIconInQuickNavigation","value":true},"id":"UISettings"}}
{"session":"3bd6aa6ad9c0","build":"183.6156.11","bucket":"-1","time":1581488442960,"group":{"id":"settings","version":"9"},"event":{"data":{"created":1581488442991,"name":"showIconsInMenus","value":true},"id":"UISettings"}}
{"session":"3bd6aa6ad9c0","build":"183.6156.11","bucket":"-1","time":1581488442961,"group":{"id":"settings","version":"9"},"event":{"data":{"created":1581488442991,"name":"showMainToolbar","value":false},"id":"UISettings"}}
{"session":"3bd6aa6ad9c0","build":"183.6156.11","bucket":"-1","time":1581488442961,"group":{"id":"settings","version":"9"},"event":{"data":{"created":1581488442992,"name":"showMemoryIndicator","value":false},"id":"UISettings"}}
{"session":"3bd6aa6ad9c0","build":"183.6156.11","bucket":"-1","time":1581488442961,"group":{"id":"settings","version":"9"},"event":{"data":{"created":1581488442993,"name":"showNavigationBar","value":true},"id":"UISettings"}}
{"session":"3bd6aa6ad9c0","build":"183.6156.11","bucket":"-1","time":1581488442961,"group":{"id":"settings","version":"9"},"event":{"data":{"created":1581488442993,"name":"showStatusBar","value":true},"id":"UISettings"}}
{"session":"3bd6aa6ad9c0","build":"183.6156.11","bucket":"-1","time":1581488442961,"group":{"id":"settings","version":"9"},"event":{"data":{"created":1581488442993,"name":"showTabsTooltips","value":true},"id":"UISettings"}}
{"session":"3bd6aa6ad9c0","build":"183.6156.11","bucket":"-1","time":1581488442961,"group":{"id":"settings","version":"9"},"event":{"data":{"created":1581488442994,"name":"showToolWindowsNumbers","value":true},"id":"UISettings"}}
{"session":"3bd6aa6ad9c0","build":"183.6156.11","bucket":"-1","time":1581488442961,"group":{"id":"settings","version":"9"},"event":{"data":{"created":1581488442994,"name":"smoothScrolling","value":true},"id":"UISettings"}}
{"session":"3bd6aa6ad9c0","build":"183.6156.11","bucket":"-1","time":1581488442961,"group":{"id":"settings","version":"9"},"event":{"data":{"created":1581488442995,"name":"sortBookmarks","value":false},"id":"UISettings"}}
{"session":"3bd6aa6ad9c0","build":"183.6156.11","bucket":"-1","time":1581488442961,"group":{"id":"settings","version":"9"},"event":{"data":{"created":1581488442995,"name":"sortLookupElementsLexicographically","value":false},"id":"UISettings"}}
{"session":"3bd6aa6ad9c0","build":"183.6156.11","bucket":"-1","time":1581488442961,"group":{"id":"settings","version":"9"},"event":{"data":{"created":1581488442995,"name":"useSmallLabelsOnTabs","value":true},"id":"UISettings"}}
{"session":"3bd6aa6ad9c0","build":"183.6156.11","bucket":"-1","time":1581488442961,"group":{"id":"settings","version":"9"},"event":{"data":{"created":1581488442996,"name":"wideScreenSupport","value":false},"id":"UISettings"}}
{"session":"3bd6aa6ad9c0","build":"183.6156.11","bucket":"-1","time":1581488443667,"group":{"id":"settings","version":"9"},"event":{"data":{"created":1581488443667,"name":"autoSaveIfInactive","value":false},"id":"GeneralSettings"}}
{"session":"3bd6aa6ad9c0","build":"183.6156.11","bucket":"-1","time":1581488443667,"group":{"id":"settings","version":"9"},"event":{"data":{"created":1581488443667,"name":"confirmExit","value":true},"id":"GeneralSettings"}}
{"session":"3bd6aa6ad9c0","build":"183.6156.11","bucket":"-1","time":1581488443667,"group":{"id":"settings","version":"9"},"event":{"data":{"created":1581488443668,"name":"reopenLastProject","value":true},"id":"GeneralSettings"}}
{"session":"3bd6aa6ad9c0","build":"183.6156.11","bucket":"-1","time":1581488443667,"group":{"id":"settings","version":"9"},"event":{"data":{"created":1581488443668,"name":"saveOnFrameDeactivation","value":true},"id":"GeneralSettings"}}
{"session":"3bd6aa6ad9c0","build":"183.6156.11","bucket":"-1","time":1581488443667,"group":{"id":"settings","version":"9"},"event":{"data":{"created":1581488443669,"name":"searchInBackground","value":false},"id":"GeneralSettings"}}
{"session":"3bd6aa6ad9c0","build":"183.6156.11","bucket":"-1","time":1581488443667,"group":{"id":"settings","version":"9"},"event":{"data":{"created":1581488443669,"name":"showTipsOnStartup","value":true},"id":"GeneralSettings"}}
{"session":"3bd6aa6ad9c0","build":"183.6156.11","bucket":"-1","time":1581488443667,"group":{"id":"settings","version":"9"},"event":{"data":{"created":1581488443670,"name":"showWelcomeScreen","value":true},"id":"GeneralSettings"}}
{"session":"3bd6aa6ad9c0","build":"183.6156.11","bucket":"-1","time":1581488443667,"group":{"id":"settings","version":"9"},"event":{"data":{"created":1581488443670,"name":"supportScreenReaders","value":false},"id":"GeneralSettings"}}
{"session":"3bd6aa6ad9c0","build":"183.6156.11","bucket":"-1","time":1581488443667,"group":{"id":"settings","version":"9"},"event":{"data":{"created":1581488443670,"name":"syncOnFrameActivation","value":true},"id":"GeneralSettings"}}
{"session":"3bd6aa6ad9c0","build":"183.6156.11","bucket":"-1","time":1581488443667,"group":{"id":"settings","version":"9"},"event":{"data":{"created":1581488443670,"name":"useDefaultBrowser","value":true},"id":"GeneralSettings"}}
{"session":"3bd6aa6ad9c0","build":"183.6156.11","bucket":"-1","time":1581488443667,"group":{"id":"settings","version":"9"},"event":{"data":{"created":1581488443671,"name":"useSafeWrite","value":true},"id":"GeneralSettings"}}
{"session":"3bd6aa6ad9c0","build":"183.6156.11","bucket":"-1","time":1581488445912,"group":{"id":"ui.dialogs","version":"9"},"event":{"count":1,"data":{"created":1581488445912,"type":"show"},"id":"com.intellij.openapi.progress.util.ProgressDialog$MyDialogWrapper"}}
{"session":"3bd6aa6ad9c0","build":"183.6156.11","bucket":"-1","time":1581488447423,"group":{"id":"ui.dialogs","version":"9"},"event":{"count":1,"data":{"code":1,"created":1581488447424,"type":"close"},"id":"com.intellij.openapi.progress.util.ProgressDialog$MyDialogWrapper"}}
{"session":"3bd6aa6ad9c0","build":"183.6156.11","bucket":"-1","time":1581488447454,"group":{"id":"statistics.lifecycle.project","version":"9"},"event":{"count":1,"data":{"created":1581488447455,"project":"-1867777320"},"id":"project.opened"}}
{"session":"3bd6aa6ad9c0","build":"183.6156.11","bucket":"-1","time":1581488447456,"group":{"id":"lifecycle","version":"9"},"event":{"count":1,"data":{"created":1581488447456},"id":"project.opened"}}
{"session":"3bd6aa6ad9c0","build":"183.6156.11","bucket":"-1","time":1581488448181,"group":{"id":"ui.dialogs","version":"9"},"event":{"count":1,"data":{"created":1581488448181,"type":"show"},"id":"com.intellij.openapi.progress.util.ProgressDialog$MyDialogWrapper"}}
{"session":"3bd6aa6ad9c0","build":"183.6156.11","bucket":"-1","time":1581488449936,"group":{"id":"toolwindow.v2","version":"9"},"event":{"count":1,"data":{"created":1581488449936,"data_1":"Mac"},"id":"Project_by_Activation"}}
{"session":"3bd6aa6ad9c0","build":"183.6156.11","bucket":"-1","time":1581488450331,"group":{"id":"statistics.lifecycle.app","version":"9"},"event":{"count":1,"data":{"created":1581488450331},"id":"ide.start"}}
{"session":"3bd6aa6ad9c0","build":"183.6156.11","bucket":"-1","time":1581488450331,"group":{"id":"lifecycle","version":"9"},"event":{"count":1,"data":{"created":1581488450332},"id":"app.started"}}
{"session":"3bd6aa6ad9c0","build":"183.6156.11","bucket":"-1","time":1581488450693,"group":{"id":"statistics.ui.tips","version":"9"},"event":{"count":1,"data":{"created":1581488450693},"id":"shown.automatically"}}
{"session":"3bd6aa6ad9c0","build":"183.6156.11","bucket":"-1","time":1581488450729,"group":{"id":"ui.dialogs","version":"9"},"event":{"count":1,"data":{"created":1581488450729,"type":"show"},"id":"com.intellij.ide.util.TipDialog"}}
{"session":"3bd6aa6ad9c0","build":"183.6156.11","bucket":"-1","time":1581488451621,"group":{"id":"ui.dialogs","version":"9"},"event":{"count":1,"data":{"code":1,"created":1581488451621,"type":"close"},"id":"com.intellij.openapi.progress.util.ProgressDialog$MyDialogWrapper"}}
{"session":"3bd6aa6ad9c0","build":"183.6156.11","bucket":"-1","time":1581488451642,"group":{"id":"statistics.lifecycle.project","version":"9"},"event":{"count":1,"data":{"created":1581488451642,"project":"-1867777320"},"id":"project.open.time.6"}}
{"session":"3bd6aa6ad9c0","build":"183.6156.11","bucket":"-1","time":1581488451642,"group":{"id":"lifecycle","version":"9"},"event":{"count":1,"data":{"created":1581488451643,"time.ms":6374},"id":"project.opening.finished"}}
