{"session":"f3a8764174a8","build":"183.6156.11","bucket":"-1","time":1578392336620,"group":{"id":"system.os.name","version":"9"},"event":{"data":{"created":1578392336621},"id":"Mac.OS.X"}}
{"session":"f3a8764174a8","build":"183.6156.11","bucket":"-1","time":1578392336621,"group":{"id":"system.os.version","version":"9"},"event":{"data":{"created":1578392336628},"id":"10.15.2"}}
{"session":"f3a8764174a8","build":"183.6156.11","bucket":"-1","time":1578392336621,"group":{"id":"system.jvm.vendor","version":"9"},"event":{"data":{"created":1578392336641},"id":"JetBrains_s.r.o"}}
{"session":"f3a8764174a8","build":"183.6156.11","bucket":"-1","time":1578392336621,"group":{"id":"system.jvm.version","version":"9"},"event":{"data":{"created":1578392336642},"id":"1.8"}}
{"session":"f3a8764174a8","build":"183.6156.11","bucket":"-1","time":1578392336627,"group":{"id":"settings","version":"9"},"event":{"data":{"created":1578392336643,"name":"activeMruEditorOnClose","value":false},"id":"UISettings"}}
{"session":"f3a8764174a8","build":"183.6156.11","bucket":"-1","time":1578392336627,"group":{"id":"settings","version":"9"},"event":{"data":{"created":1578392336643,"name":"activeRightEditorOnClose","value":false},"id":"UISettings"}}
{"session":"f3a8764174a8","build":"183.6156.11","bucket":"-1","time":1578392336627,"group":{"id":"settings","version":"9"},"event":{"data":{"created":1578392336644,"name":"allowMergeButtons","value":true},"id":"UISettings"}}
{"session":"f3a8764174a8","build":"183.6156.11","bucket":"-1","time":1578392336627,"group":{"id":"settings","version":"9"},"event":{"data":{"created":1578392336645,"name":"alwaysShowWindowsButton","value":false},"id":"UISettings"}}
{"session":"f3a8764174a8","build":"183.6156.11","bucket":"-1","time":1578392336627,"group":{"id":"settings","version":"9"},"event":{"data":{"created":1578392336646,"name":"animateWindows","value":true},"id":"UISettings"}}
{"session":"f3a8764174a8","build":"183.6156.11","bucket":"-1","time":1578392336627,"group":{"id":"settings","version":"9"},"event":{"data":{"created":1578392336646,"name":"closeNonModifiedFilesFirst","value":false},"id":"UISettings"}}
{"session":"f3a8764174a8","build":"183.6156.11","bucket":"-1","time":1578392336627,"group":{"id":"settings","version":"9"},"event":{"data":{"created":1578392336647,"name":"closeTabButtonOnTheRight","value":true},"id":"UISettings"}}
{"session":"f3a8764174a8","build":"183.6156.11","bucket":"-1","time":1578392336627,"group":{"id":"settings","version":"9"},"event":{"data":{"created":1578392336648,"name":"cycleScrolling","value":true},"id":"UISettings"}}
{"session":"f3a8764174a8","build":"183.6156.11","bucket":"-1","time":1578392336627,"group":{"id":"settings","version":"9"},"event":{"data":{"created":1578392336648,"name":"defaultAutoScrollToSource","value":false},"id":"UISettings"}}
{"session":"f3a8764174a8","build":"183.6156.11","bucket":"-1","time":1578392336627,"group":{"id":"settings","version":"9"},"event":{"data":{"created":1578392336648,"name":"disableMnemonics","value":true},"id":"UISettings"}}
{"session":"f3a8764174a8","build":"183.6156.11","bucket":"-1","time":1578392336627,"group":{"id":"settings","version":"9"},"event":{"data":{"created":1578392336649,"name":"disableMnemonicsInControls","value":false},"id":"UISettings"}}
{"session":"f3a8764174a8","build":"183.6156.11","bucket":"-1","time":1578392336627,"group":{"id":"settings","version":"9"},"event":{"data":{"created":1578392336650,"name":"dndWithPressedAltOnly","value":false},"id":"UISettings"}}
{"session":"f3a8764174a8","build":"183.6156.11","bucket":"-1","time":1578392336627,"group":{"id":"settings","version":"9"},"event":{"data":{"created":1578392336650,"name":"enableAlphaMode","value":false},"id":"UISettings"}}
{"session":"f3a8764174a8","build":"183.6156.11","bucket":"-1","time":1578392336627,"group":{"id":"settings","version":"9"},"event":{"data":{"created":1578392336651,"name":"hideKnownExtensionInTabs","value":false},"id":"UISettings"}}
{"session":"f3a8764174a8","build":"183.6156.11","bucket":"-1","time":1578392336627,"group":{"id":"settings","version":"9"},"event":{"data":{"created":1578392336651,"name":"hideNavigationOnFocusLoss","value":true},"id":"UISettings"}}
{"session":"f3a8764174a8","build":"183.6156.11","bucket":"-1","time":1578392336627,"group":{"id":"settings","version":"9"},"event":{"data":{"created":1578392336652,"name":"hideTabsIfNeed","value":true},"id":"UISettings"}}
{"session":"f3a8764174a8","build":"183.6156.11","bucket":"-1","time":1578392336627,"group":{"id":"settings","version":"9"},"event":{"data":{"created":1578392336653,"name":"hideToolStripes","value":false},"id":"UISettings"}}
{"session":"f3a8764174a8","build":"183.6156.11","bucket":"-1","time":1578392336627,"group":{"id":"settings","version":"9"},"event":{"data":{"created":1578392336653,"name":"leftHorizontalSplit","value":false},"id":"UISettings"}}
{"session":"f3a8764174a8","build":"183.6156.11","bucket":"-1","time":1578392336627,"group":{"id":"settings","version":"9"},"event":{"data":{"created":1578392336654,"name":"markModifiedTabsWithAsterisk","value":false},"id":"UISettings"}}
{"session":"f3a8764174a8","build":"183.6156.11","bucket":"-1","time":1578392336627,"group":{"id":"settings","version":"9"},"event":{"data":{"created":1578392336654,"name":"mergeEqualStackTraces","value":true},"id":"UISettings"}}
{"session":"f3a8764174a8","build":"183.6156.11","bucket":"-1","time":1578392336627,"group":{"id":"settings","version":"9"},"event":{"data":{"created":1578392336655,"name":"moveMouseOnDefaultButton","value":false},"id":"UISettings"}}
{"session":"f3a8764174a8","build":"183.6156.11","bucket":"-1","time":1578392336627,"group":{"id":"settings","version":"9"},"event":{"data":{"created":1578392336655,"name":"navigateToPreview","value":false},"id":"UISettings"}}
{"session":"f3a8764174a8","build":"183.6156.11","bucket":"-1","time":1578392336627,"group":{"id":"settings","version":"9"},"event":{"data":{"created":1578392336656,"name":"overrideConsoleCycleBufferSize","value":false},"id":"UISettings"}}
{"session":"f3a8764174a8","build":"183.6156.11","bucket":"-1","time":1578392336627,"group":{"id":"settings","version":"9"},"event":{"data":{"created":1578392336656,"name":"overrideLafFonts","value":false},"id":"UISettings"}}
{"session":"f3a8764174a8","build":"183.6156.11","bucket":"-1","time":1578392336627,"group":{"id":"settings","version":"9"},"event":{"data":{"created":1578392336657,"name":"pinFindInPath","value":false},"id":"UISettings"}}
{"session":"f3a8764174a8","build":"183.6156.11","bucket":"-1","time":1578392336627,"group":{"id":"settings","version":"9"},"event":{"data":{"created":1578392336657,"name":"presentationMode","value":false},"id":"UISettings"}}
{"session":"f3a8764174a8","build":"183.6156.11","bucket":"-1","time":1578392336627,"group":{"id":"settings","version":"9"},"event":{"data":{"created":1578392336658,"name":"reuseNotModifiedTabs","value":false},"id":"UISettings"}}
{"session":"f3a8764174a8","build":"183.6156.11","bucket":"-1","time":1578392336627,"group":{"id":"settings","version":"9"},"event":{"data":{"created":1578392336659,"name":"rightHorizontalSplit","value":false},"id":"UISettings"}}
{"session":"f3a8764174a8","build":"183.6156.11","bucket":"-1","time":1578392336628,"group":{"id":"settings","version":"9"},"event":{"data":{"created":1578392336659,"name":"scrollTabLayoutInEditor","value":true},"id":"UISettings"}}
{"session":"f3a8764174a8","build":"183.6156.11","bucket":"-1","time":1578392336628,"group":{"id":"settings","version":"9"},"event":{"data":{"created":1578392336660,"name":"showCloseButton","value":true},"id":"UISettings"}}
{"session":"f3a8764174a8","build":"183.6156.11","bucket":"-1","time":1578392336628,"group":{"id":"settings","version":"9"},"event":{"data":{"created":1578392336660,"name":"showDirectoryForNonUniqueFilenames","value":true},"id":"UISettings"}}
{"session":"f3a8764174a8","build":"183.6156.11","bucket":"-1","time":1578392336628,"group":{"id":"settings","version":"9"},"event":{"data":{"created":1578392336660,"name":"showEditorToolTip","value":true},"id":"UISettings"}}
{"session":"f3a8764174a8","build":"183.6156.11","bucket":"-1","time":1578392336628,"group":{"id":"settings","version":"9"},"event":{"data":{"created":1578392336661,"name":"showIconInQuickNavigation","value":true},"id":"UISettings"}}
{"session":"f3a8764174a8","build":"183.6156.11","bucket":"-1","time":1578392336628,"group":{"id":"settings","version":"9"},"event":{"data":{"created":1578392336662,"name":"showIconsInMenus","value":true},"id":"UISettings"}}
{"session":"f3a8764174a8","build":"183.6156.11","bucket":"-1","time":1578392336628,"group":{"id":"settings","version":"9"},"event":{"data":{"created":1578392336662,"name":"showMainToolbar","value":false},"id":"UISettings"}}
{"session":"f3a8764174a8","build":"183.6156.11","bucket":"-1","time":1578392336628,"group":{"id":"settings","version":"9"},"event":{"data":{"created":1578392336663,"name":"showMemoryIndicator","value":false},"id":"UISettings"}}
{"session":"f3a8764174a8","build":"183.6156.11","bucket":"-1","time":1578392336628,"group":{"id":"settings","version":"9"},"event":{"data":{"created":1578392336663,"name":"showNavigationBar","value":true},"id":"UISettings"}}
{"session":"f3a8764174a8","build":"183.6156.11","bucket":"-1","time":1578392336628,"group":{"id":"settings","version":"9"},"event":{"data":{"created":1578392336663,"name":"showStatusBar","value":true},"id":"UISettings"}}
{"session":"f3a8764174a8","build":"183.6156.11","bucket":"-1","time":1578392336628,"group":{"id":"settings","version":"9"},"event":{"data":{"created":1578392336663,"name":"showTabsTooltips","value":true},"id":"UISettings"}}
{"session":"f3a8764174a8","build":"183.6156.11","bucket":"-1","time":1578392336628,"group":{"id":"settings","version":"9"},"event":{"data":{"created":1578392336664,"name":"showToolWindowsNumbers","value":true},"id":"UISettings"}}
{"session":"f3a8764174a8","build":"183.6156.11","bucket":"-1","time":1578392336628,"group":{"id":"settings","version":"9"},"event":{"data":{"created":1578392336664,"name":"smoothScrolling","value":true},"id":"UISettings"}}
{"session":"f3a8764174a8","build":"183.6156.11","bucket":"-1","time":1578392336628,"group":{"id":"settings","version":"9"},"event":{"data":{"created":1578392336664,"name":"sortBookmarks","value":false},"id":"UISettings"}}
{"session":"f3a8764174a8","build":"183.6156.11","bucket":"-1","time":1578392336628,"group":{"id":"settings","version":"9"},"event":{"data":{"created":1578392336664,"name":"sortLookupElementsLexicographically","value":false},"id":"UISettings"}}
{"session":"f3a8764174a8","build":"183.6156.11","bucket":"-1","time":1578392336628,"group":{"id":"settings","version":"9"},"event":{"data":{"created":1578392336664,"name":"useSmallLabelsOnTabs","value":true},"id":"UISettings"}}
{"session":"f3a8764174a8","build":"183.6156.11","bucket":"-1","time":1578392336628,"group":{"id":"settings","version":"9"},"event":{"data":{"created":1578392336664,"name":"wideScreenSupport","value":false},"id":"UISettings"}}
{"session":"f3a8764174a8","build":"183.6156.11","bucket":"-1","time":1578392337445,"group":{"id":"settings","version":"9"},"event":{"data":{"created":1578392337445,"name":"autoSaveIfInactive","value":false},"id":"GeneralSettings"}}
{"session":"f3a8764174a8","build":"183.6156.11","bucket":"-1","time":1578392337445,"group":{"id":"settings","version":"9"},"event":{"data":{"created":1578392337445,"name":"confirmExit","value":true},"id":"GeneralSettings"}}
{"session":"f3a8764174a8","build":"183.6156.11","bucket":"-1","time":1578392337445,"group":{"id":"settings","version":"9"},"event":{"data":{"created":1578392337446,"name":"reopenLastProject","value":true},"id":"GeneralSettings"}}
{"session":"f3a8764174a8","build":"183.6156.11","bucket":"-1","time":1578392337445,"group":{"id":"settings","version":"9"},"event":{"data":{"created":1578392337446,"name":"saveOnFrameDeactivation","value":true},"id":"GeneralSettings"}}
{"session":"f3a8764174a8","build":"183.6156.11","bucket":"-1","time":1578392337445,"group":{"id":"settings","version":"9"},"event":{"data":{"created":1578392337446,"name":"searchInBackground","value":false},"id":"GeneralSettings"}}
{"session":"f3a8764174a8","build":"183.6156.11","bucket":"-1","time":1578392337445,"group":{"id":"settings","version":"9"},"event":{"data":{"created":1578392337446,"name":"showTipsOnStartup","value":true},"id":"GeneralSettings"}}
{"session":"f3a8764174a8","build":"183.6156.11","bucket":"-1","time":1578392337445,"group":{"id":"settings","version":"9"},"event":{"data":{"created":1578392337447,"name":"showWelcomeScreen","value":true},"id":"GeneralSettings"}}
{"session":"f3a8764174a8","build":"183.6156.11","bucket":"-1","time":1578392337445,"group":{"id":"settings","version":"9"},"event":{"data":{"created":1578392337447,"name":"supportScreenReaders","value":false},"id":"GeneralSettings"}}
{"session":"f3a8764174a8","build":"183.6156.11","bucket":"-1","time":1578392337445,"group":{"id":"settings","version":"9"},"event":{"data":{"created":1578392337447,"name":"syncOnFrameActivation","value":true},"id":"GeneralSettings"}}
{"session":"f3a8764174a8","build":"183.6156.11","bucket":"-1","time":1578392337445,"group":{"id":"settings","version":"9"},"event":{"data":{"created":1578392337448,"name":"useDefaultBrowser","value":true},"id":"GeneralSettings"}}
{"session":"f3a8764174a8","build":"183.6156.11","bucket":"-1","time":1578392337445,"group":{"id":"settings","version":"9"},"event":{"data":{"created":1578392337448,"name":"useSafeWrite","value":true},"id":"GeneralSettings"}}
{"session":"f3a8764174a8","build":"183.6156.11","bucket":"-1","time":1578392339471,"group":{"id":"statistics.lifecycle.app","version":"9"},"event":{"count":1,"data":{"created":1578392339471},"id":"ide.start"}}
{"session":"f3a8764174a8","build":"183.6156.11","bucket":"-1","time":1578392339472,"group":{"id":"lifecycle","version":"9"},"event":{"count":1,"data":{"created":1578392339472},"id":"app.started"}}
{"session":"f3a8764174a8","build":"183.6156.11","bucket":"-1","time":1578392355810,"group":{"id":"actions.v2","version":"9"},"event":{"count":1,"data":{"context_menu":false,"created":1578392355810,"data_1":"Mac"},"id":"WelcomeScreen.CreateNewProject"}}
{"session":"f3a8764174a8","build":"183.6156.11","bucket":"-1","time":1578392356633,"group":{"id":"ui.dialogs","version":"9"},"event":{"count":1,"data":{"created":1578392356633,"type":"show"},"id":"com.intellij.ide.projectWizard.NewProjectWizard"}}
{"session":"f3a8764174a8","build":"183.6156.11","bucket":"-1","time":1578392357391,"group":{"id":"ui.dialogs","version":"9"},"event":{"count":1,"data":{"created":1578392357391,"type":"show"},"id":"com.intellij.openapi.progress.util.ProgressDialog$MyDialogWrapper"}}
{"session":"f3a8764174a8","build":"183.6156.11","bucket":"-1","time":1578392358535,"group":{"id":"ui.dialogs","version":"9"},"event":{"count":1,"data":{"code":1,"created":1578392358535,"type":"close"},"id":"com.intellij.openapi.progress.util.ProgressDialog$MyDialogWrapper"}}
{"session":"f3a8764174a8","build":"183.6156.11","bucket":"-1","time":1578392359768,"group":{"id":"ui.dialogs","version":"9"},"event":{"count":1,"data":{"code":1,"created":1578392359768,"type":"close"},"id":"com.intellij.ide.projectWizard.NewProjectWizard"}}
{"session":"f3a8764174a8","build":"183.6156.11","bucket":"-1","time":1578392361521,"group":{"id":"actions.v2","version":"9"},"event":{"count":1,"data":{"context_menu":false,"created":1578392361521,"data_1":"Mac"},"id":"WelcomeScreen.OpenProject"}}
{"session":"f3a8764174a8","build":"183.6156.11","bucket":"-1","time":1578392829581,"group":{"id":"ui.dialogs","version":"9"},"event":{"count":1,"data":{"created":1578392829581,"type":"show"},"id":"com.intellij.openapi.progress.util.ProgressDialog$MyDialogWrapper"}}
{"session":"f3a8764174a8","build":"183.6156.11","bucket":"-1","time":1578392830360,"group":{"id":"statistics.lifecycle.project","version":"9"},"event":{"count":1,"data":{"created":1578392830361,"project":"478683548"},"id":"project.opened"}}
{"session":"f3a8764174a8","build":"183.6156.11","bucket":"-1","time":1578392830361,"group":{"id":"lifecycle","version":"9"},"event":{"count":1,"data":{"created":1578392830361},"id":"project.opened"}}
{"session":"f3a8764174a8","build":"183.6156.11","bucket":"-1","time":1578392831423,"group":{"id":"toolwindow.v2","version":"9"},"event":{"count":1,"data":{"created":1578392831423,"data_1":"Mac"},"id":"Project_by_Activation"}}
{"session":"f3a8764174a8","build":"183.6156.11","bucket":"-1","time":1578392831975,"group":{"id":"statistics.ui.tips","version":"9"},"event":{"count":1,"data":{"created":1578392831975},"id":"shown.automatically"}}
{"session":"f3a8764174a8","build":"183.6156.11","bucket":"-1","time":1578392832002,"group":{"id":"ui.dialogs","version":"9"},"event":{"count":1,"data":{"created":1578392832002,"type":"show"},"id":"com.intellij.ide.util.TipDialog"}}
{"session":"f3a8764174a8","build":"183.6156.11","bucket":"-1","time":1578392832437,"group":{"id":"ui.dialogs","version":"9"},"event":{"count":1,"data":{"code":1,"created":1578392832437,"type":"close"},"id":"com.intellij.openapi.progress.util.ProgressDialog$MyDialogWrapper"}}
{"session":"f3a8764174a8","build":"183.6156.11","bucket":"-1","time":1578392832529,"group":{"id":"statistics.lifecycle.project","version":"9"},"event":{"count":1,"data":{"created":1578392832529,"project":"478683548"},"id":"project.open.time.3"}}
{"session":"f3a8764174a8","build":"183.6156.11","bucket":"-1","time":1578392832529,"group":{"id":"lifecycle","version":"9"},"event":{"count":1,"data":{"created":1578392832529,"time.ms":3327},"id":"project.opening.finished"}}
{"session":"f3a8764174a8","build":"183.6156.11","bucket":"-1","time":1578392833648,"group":{"id":"ui.dialogs","version":"9"},"event":{"count":1,"data":{"code":1,"created":1578392833649,"type":"close"},"id":"com.intellij.ide.util.TipDialog"}}
{"session":"f3a8764174a8","build":"183.6156.11","bucket":"-1","time":1578392843021,"group":{"id":"actions.v2","version":"9"},"event":{"count":2,"data":{"context_menu":false,"last":1578392843143,"created":1578392843021,"data_1":"Mac","input_event":"Enter"},"id":"EditorEnter"}}
{"session":"f3a8764174a8","build":"183.6156.11","bucket":"-1","time":1578392846674,"group":{"id":"ui.dialogs","version":"9"},"event":{"count":1,"data":{"created":1578392846675,"type":"show"},"id":"com.intellij.openapi.options.newEditor.SettingsDialog"}}
{"session":"f3a8764174a8","build":"183.6156.11","bucket":"-1","time":1578392864281,"group":{"id":"ui.dialogs","version":"9"},"event":{"count":1,"data":{"code":0,"created":1578392864281,"type":"close"},"id":"com.intellij.openapi.options.newEditor.SettingsDialog"}}
{"session":"f3a8764174a8","build":"183.6156.11","bucket":"-1","time":1578392866736,"group":{"id":"statistics.file.types.edit","version":"9"},"event":{"count":1,"data":{"created":1578392866736,"project":"478683548"},"id":"JAVA"}}
{"session":"f3a8764174a8","build":"183.6156.11","bucket":"-1","time":1578392868493,"group":{"id":"actions.v2","version":"9"},"event":{"count":1,"data":{"context_menu":false,"created":1578392868493,"data_1":"Mac","input_event":"Backspace"},"id":"EditorBackSpace"}}
{"session":"f3a8764174a8","build":"183.6156.11","bucket":"-1","time":1578392873857,"group":{"id":"actions.v2","version":"9"},"event":{"count":1,"data":{"context_menu":false,"created":1578392873857,"data_1":"Mac","input_event":"Meta+Slash"},"id":"CommentByLineComment"}}
{"session":"f3a8764174a8","build":"183.6156.11","bucket":"-1","time":1578392873873,"group":{"id":"statistics.productivity","version":"9"},"event":{"count":1,"data":{"created":1578392873874},"id":"codeassists.comment.line"}}
{"session":"f3a8764174a8","build":"183.6156.11","bucket":"-1","time":1578392877496,"group":{"id":"statistics.productivity","version":"9"},"event":{"count":17,"data":{"last":1578392882168,"created":1578392877496},"id":"editing.completion.variable.name"}}
{"session":"f3a8764174a8","build":"183.6156.11","bucket":"-1","time":1578392882435,"group":{"id":"actions.v2","version":"9"},"event":{"count":1,"data":{"context_menu":false,"created":1578392882435,"data_1":"Mac","input_event":"Right"},"id":"EditorRight"}}
{"session":"f3a8764174a8","build":"183.6156.11","bucket":"-1","time":1578392883293,"group":{"id":"actions.v2","version":"9"},"event":{"count":1,"data":{"context_menu":false,"created":1578392883293,"data_1":"Mac","input_event":"Enter"},"id":"EditorEnter"}}
{"session":"f3a8764174a8","build":"183.6156.11","bucket":"-1","time":1578392886311,"group":{"id":"actions.v2","version":"9"},"event":{"count":1,"data":{"context_menu":false,"created":1578392886311,"data_1":"Mac","input_event":"Right"},"id":"EditorRight"}}
{"session":"f3a8764174a8","build":"183.6156.11","bucket":"-1","time":1578392887686,"group":{"id":"actions.v2","version":"9"},"event":{"count":1,"data":{"context_menu":false,"created":1578392887686,"data_1":"Mac","input_event":"Enter"},"id":"EditorEnter"}}
{"session":"f3a8764174a8","build":"183.6156.11","bucket":"-1","time":1578392890188,"group":{"id":"actions.v2","version":"9"},"event":{"count":2,"data":{"context_menu":false,"last":1578392890804,"created":1578392890188,"data_1":"Mac","input_event":"Backspace"},"id":"EditorBackSpace"}}
{"session":"f3a8764174a8","build":"183.6156.11","bucket":"-1","time":1578392891804,"group":{"id":"actions.v2","version":"9"},"event":{"count":1,"data":{"context_menu":false,"created":1578392891804,"data_1":"Mac","input_event":"Enter"},"id":"EditorChooseLookupItem"}}
{"session":"f3a8764174a8","build":"183.6156.11","bucket":"-1","time":1578392891826,"group":{"id":"statistics.productivity","version":"9"},"event":{"count":1,"data":{"created":1578392891826},"id":"editing.completion.basic"}}
{"session":"f3a8764174a8","build":"183.6156.11","bucket":"-1","time":1578392901725,"group":{"id":"statistics.actions.intentions","version":"9"},"event":{"count":1,"data":{"created":1578392901725,"data_1":"Mac"},"id":"JAVA_NOT_LISTED"}}
{"session":"f3a8764174a8","build":"183.6156.11","bucket":"-1","time":1578392914936,"group":{"id":"statistics.lifecycle.app","version":"9"},"event":{"count":1,"data":{"created":1578392914936},"id":"ide.close"}}
{"session":"f3a8764174a8","build":"183.6156.11","bucket":"-1","time":1578392914936,"group":{"id":"lifecycle","version":"9"},"event":{"count":1,"data":{"restart":false,"created":1578392914936},"id":"app.closed"}}
{"session":"f3a8764174a8","build":"183.6156.11","bucket":"-1","time":1578392914984,"group":{"id":"statistics.lifecycle.project","version":"9"},"event":{"count":1,"data":{"created":1578392914984,"project":"478683548"},"id":"project.closed"}}
{"session":"f3a8764174a8","build":"183.6156.11","bucket":"-1","time":1578392915136,"group":{"id":"lifecycle","version":"9"},"event":{"count":1,"data":{"created":1578392915136},"id":"project.closed"}}
